model_probs: torch.Size([100000, 60]) torch.float64
min/max: 1.1502172098890734e-13 2.2181589603424072
<=0 fraction: 0.0
w_i_init_torch: tensor([ 0.0326,  0.0043,  0.0260,  0.0044,  0.0280,  0.0150,  0.0207,  0.0142,
         0.0240,  0.0248,  0.0218,  0.0111,  0.0061,  0.0267,  0.0097,  0.0145,
         0.0097,  0.0090,  0.0252,  0.0111,  0.0119,  0.0185,  0.0208, -0.0026,
         0.0334,  0.0014,  0.0224,  0.0263,  0.0344,  0.0295,  0.0145,  0.0370,
         0.0277,  0.0156,  0.0097,  0.0102,  0.0105,  0.0162,  0.0131,  0.0244,
         0.0084,  0.0281,  0.0091,  0.0169,  0.0318,  0.0206,  0.0197,  0.0231,
         0.0178,  0.0135,  0.0178,  0.0082,  0.0044,  0.0123,  0.0306,  0.0218,
         0.0253,  0.0212,  0.0164,  0.0156], dtype=torch.float64,
       requires_grad=True)
Attempt 1: Starting optimization (loss = 580.0344)
Optimization succeeded on attempt 0
Final loss (NLL): 1.4768374928944137
Final weights: tensor([ 2.2068e-02,  6.3603e-02, -8.7684e-03, -2.9909e-02,  3.6987e-02,
         2.7426e-03,  4.0368e-02,  4.8860e-02,  2.7126e-02,  3.0340e-02,
        -1.9069e-03,  3.4117e-02, -2.4924e-02,  8.7285e-03,  3.4173e-02,
        -1.3950e-03,  7.3948e-02,  1.6603e-02, -3.3686e-03,  5.8172e-02,
         2.4813e-02,  1.5629e-02,  4.3558e-02,  6.8302e-02,  1.3319e-02,
         1.8319e-02,  1.1674e-02,  4.9993e-02, -2.6181e-02, -2.0797e-03,
         1.7001e-02, -7.9843e-03, -7.7905e-02,  1.6270e-02,  3.0848e-02,
         6.9405e-03,  1.0474e-02,  3.1314e-02, -1.2177e-02,  7.6029e-02,
         4.1835e-03,  1.3556e-02, -8.6962e-02,  1.2233e-01, -8.8250e-03,
        -2.2523e-03,  1.8699e-02,  3.4024e-02, -1.4909e-02,  5.5323e-05,
         5.2831e-02,  4.2858e-02,  1.2277e-02, -1.8628e-02,  7.0532e-02,
         8.8732e-02, -5.4220e-02, -5.9260e-02,  3.1784e-02,  1.7477e-02],
       dtype=torch.float64)
Sum of weights: 1.0000049997239733
Final weights sum: 1.000004999723973 min: -0.086961870499037 max: 0.12232626502934929
H eig min/max: 0.020128065352408825 12000060.230209628
Cov_w diag mean: 0.0003917154299956743
Cov_w eig min/max: 1.0842021702579367e-18 0.0037764490642028647
[feat 0] f_binned min/max: 1.3650196713893448e-06 1.585581896178615
[feat 0] f_err min/max: 2.2107553194133622e-05 0.009233402195462656
[feat 1] f_binned min/max: -3.343743629816786e-05 1.002806147323853
[feat 1] f_err min/max: 2.359222346440702e-05 0.0061512590901840565
[feat 2] f_binned min/max: -2.77069718626314e-06 1.315547368969088
[feat 2] f_err min/max: 3.380658570706366e-05 0.007841191753548468
[feat 3] f_binned min/max: 9.026779813460078e-05 0.8016275910497023
[feat 3] f_err min/max: 1.5475909374894326e-05 0.0036875495824199834
