CUDA version detected: 11.8
Output directory set to: /work/gbadarac/MonoJet_NPLM/MonoJet_NPLM_analysis/NPLM/NPLM_gaussians_outputs/comparison/best_model_NR100000_NG20000_M1400_lam1e-6_iter1000000_job362616/
Load data
Best model loaded successfully.
flk_sigma 3.1
Start running toys
Plotting iteration 0
Iteration 0 - penalty 1.000000e-06 - sub-iterations 1000000
toy 3483300657
---LRT = 120.98352170135499
---Time = 2.97 sec
	
Iteration 0 - penalty 1.000000e-06 - sub-iterations 1000000
Iteration 0 - penalty 1.000000e-06 - sub-iterations 1000000
Iteration 0 - penalty 1.000000e-06 - sub-iterations 1000000
Iteration 0 - penalty 1.000000e-06 - sub-iterations 1000000
Iteration 0 - penalty 1.000000e-06 - sub-iterations 1000000
Iteration 0 - penalty 1.000000e-06 - sub-iterations 1000000
Iteration 0 - penalty 1.000000e-06 - sub-iterations 1000000
Iteration 0 - penalty 1.000000e-06 - sub-iterations 1000000
Iteration 0 - penalty 1.000000e-06 - sub-iterations 1000000
Iteration 0 - penalty 1.000000e-06 - sub-iterations 1000000
Iteration 0 - penalty 1.000000e-06 - sub-iterations 1000000
Iteration 0 - penalty 1.000000e-06 - sub-iterations 1000000
Iteration 0 - penalty 1.000000e-06 - sub-iterations 1000000
Iteration 0 - penalty 1.000000e-06 - sub-iterations 1000000
Iteration 0 - penalty 1.000000e-06 - sub-iterations 1000000
Iteration 0 - penalty 1.000000e-06 - sub-iterations 1000000
Iteration 0 - penalty 1.000000e-06 - sub-iterations 1000000
Iteration 0 - penalty 1.000000e-06 - sub-iterations 1000000
Iteration 0 - penalty 1.000000e-06 - sub-iterations 1000000
Plotting iteration 20
Iteration 0 - penalty 1.000000e-06 - sub-iterations 1000000
toy 3483300677
---LRT = 92.11427293945313
---Time = 0.54 sec
	
Iteration 0 - penalty 1.000000e-06 - sub-iterations 1000000
Iteration 0 - penalty 1.000000e-06 - sub-iterations 1000000
Iteration 0 - penalty 1.000000e-06 - sub-iterations 1000000
Iteration 0 - penalty 1.000000e-06 - sub-iterations 1000000
Iteration 0 - penalty 1.000000e-06 - sub-iterations 1000000
Iteration 0 - penalty 1.000000e-06 - sub-iterations 1000000
Iteration 0 - penalty 1.000000e-06 - sub-iterations 1000000
Iteration 0 - penalty 1.000000e-06 - sub-iterations 1000000
Iteration 0 - penalty 1.000000e-06 - sub-iterations 1000000
Iteration 0 - penalty 1.000000e-06 - sub-iterations 1000000
Iteration 0 - penalty 1.000000e-06 - sub-iterations 1000000
Iteration 0 - penalty 1.000000e-06 - sub-iterations 1000000
Iteration 0 - penalty 1.000000e-06 - sub-iterations 1000000
Iteration 0 - penalty 1.000000e-06 - sub-iterations 1000000
Iteration 0 - penalty 1.000000e-06 - sub-iterations 1000000
Iteration 0 - penalty 1.000000e-06 - sub-iterations 1000000
Iteration 0 - penalty 1.000000e-06 - sub-iterations 1000000
Iteration 0 - penalty 1.000000e-06 - sub-iterations 1000000
Iteration 0 - penalty 1.000000e-06 - sub-iterations 1000000
Plotting iteration 40
Iteration 0 - penalty 1.000000e-06 - sub-iterations 1000000
toy 3483300697
---LRT = 108.49627278533936
---Time = 0.62 sec
	
Iteration 0 - penalty 1.000000e-06 - sub-iterations 1000000
Iteration 0 - penalty 1.000000e-06 - sub-iterations 1000000
Iteration 0 - penalty 1.000000e-06 - sub-iterations 1000000
Iteration 0 - penalty 1.000000e-06 - sub-iterations 1000000
Iteration 0 - penalty 1.000000e-06 - sub-iterations 1000000
Iteration 0 - penalty 1.000000e-06 - sub-iterations 1000000
Iteration 0 - penalty 1.000000e-06 - sub-iterations 1000000
Iteration 0 - penalty 1.000000e-06 - sub-iterations 1000000
Iteration 0 - penalty 1.000000e-06 - sub-iterations 1000000
Iteration 0 - penalty 1.000000e-06 - sub-iterations 1000000
Iteration 0 - penalty 1.000000e-06 - sub-iterations 1000000
Iteration 0 - penalty 1.000000e-06 - sub-iterations 1000000
Iteration 0 - penalty 1.000000e-06 - sub-iterations 1000000
Iteration 0 - penalty 1.000000e-06 - sub-iterations 1000000
Iteration 0 - penalty 1.000000e-06 - sub-iterations 1000000
Iteration 0 - penalty 1.000000e-06 - sub-iterations 1000000
Iteration 0 - penalty 1.000000e-06 - sub-iterations 1000000
Iteration 0 - penalty 1.000000e-06 - sub-iterations 1000000
Iteration 0 - penalty 1.000000e-06 - sub-iterations 1000000
Plotting iteration 60
Iteration 0 - penalty 1.000000e-06 - sub-iterations 1000000
toy 3483300717
---LRT = 61.80562030456543
---Time = 0.48 sec
	
Iteration 0 - penalty 1.000000e-06 - sub-iterations 1000000
Iteration 0 - penalty 1.000000e-06 - sub-iterations 1000000
Iteration 0 - penalty 1.000000e-06 - sub-iterations 1000000
Iteration 0 - penalty 1.000000e-06 - sub-iterations 1000000
Iteration 0 - penalty 1.000000e-06 - sub-iterations 1000000
Iteration 0 - penalty 1.000000e-06 - sub-iterations 1000000
Iteration 0 - penalty 1.000000e-06 - sub-iterations 1000000
Iteration 0 - penalty 1.000000e-06 - sub-iterations 1000000
Iteration 0 - penalty 1.000000e-06 - sub-iterations 1000000
Iteration 0 - penalty 1.000000e-06 - sub-iterations 1000000
Iteration 0 - penalty 1.000000e-06 - sub-iterations 1000000
Iteration 0 - penalty 1.000000e-06 - sub-iterations 1000000
Iteration 0 - penalty 1.000000e-06 - sub-iterations 1000000
Iteration 0 - penalty 1.000000e-06 - sub-iterations 1000000
Iteration 0 - penalty 1.000000e-06 - sub-iterations 1000000
Iteration 0 - penalty 1.000000e-06 - sub-iterations 1000000
Iteration 0 - penalty 1.000000e-06 - sub-iterations 1000000
Iteration 0 - penalty 1.000000e-06 - sub-iterations 1000000
Iteration 0 - penalty 1.000000e-06 - sub-iterations 1000000
Plotting iteration 80
Iteration 0 - penalty 1.000000e-06 - sub-iterations 1000000
toy 3483300737
---LRT = 105.07262265014649
---Time = 0.62 sec
	
Iteration 0 - penalty 1.000000e-06 - sub-iterations 1000000
Iteration 0 - penalty 1.000000e-06 - sub-iterations 1000000
Iteration 0 - penalty 1.000000e-06 - sub-iterations 1000000
Iteration 0 - penalty 1.000000e-06 - sub-iterations 1000000
Iteration 0 - penalty 1.000000e-06 - sub-iterations 1000000
Iteration 0 - penalty 1.000000e-06 - sub-iterations 1000000
Iteration 0 - penalty 1.000000e-06 - sub-iterations 1000000
Iteration 0 - penalty 1.000000e-06 - sub-iterations 1000000
Iteration 0 - penalty 1.000000e-06 - sub-iterations 1000000
Iteration 0 - penalty 1.000000e-06 - sub-iterations 1000000
Iteration 0 - penalty 1.000000e-06 - sub-iterations 1000000
Iteration 0 - penalty 1.000000e-06 - sub-iterations 1000000
Iteration 0 - penalty 1.000000e-06 - sub-iterations 1000000
Iteration 0 - penalty 1.000000e-06 - sub-iterations 1000000
Iteration 0 - penalty 1.000000e-06 - sub-iterations 1000000
Iteration 0 - penalty 1.000000e-06 - sub-iterations 1000000
Iteration 0 - penalty 1.000000e-06 - sub-iterations 1000000
Iteration 0 - penalty 1.000000e-06 - sub-iterations 1000000
Iteration 0 - penalty 1.000000e-06 - sub-iterations 1000000
Extracted SLURM_OUTPUT_DIR: /work/gbadarac/MonoJet_NPLM/MonoJet_NPLM_analysis/NPLM/NPLM_gaussians_outputs/comparison/best_model_NR100000_NG20000_M1400_lam1e-6_iter1000000_job362616/
Job completed. Outputs stored in /work/gbadarac/MonoJet_NPLM/MonoJet_NPLM_analysis/NPLM/NPLM_gaussians_outputs/comparison/best_model_NR100000_NG20000_M1400_lam1e-6_iter1000000_job362616/
