CUDA version detected: 11.8
Output directory set to: /work/gbadarac/MonoJet_NPLM/MonoJet_NPLM_analysis/NPLM/NPLM_gaussians_outputs/comparison/best_model_NR75000_NG15000_M1200_lam1e-6_iter1000000_job303204/
Load data
Best model loaded successfully.
flk_sigma 3.0
Start running toys
Plotting iteration 0
Iteration 0 - penalty 1.000000e-06 - sub-iterations 1000000
toy 1258598538
---LRT = 47.05894646179199
---Time = 3.23 sec
	
Iteration 0 - penalty 1.000000e-06 - sub-iterations 1000000
Iteration 0 - penalty 1.000000e-06 - sub-iterations 1000000
Iteration 0 - penalty 1.000000e-06 - sub-iterations 1000000
Iteration 0 - penalty 1.000000e-06 - sub-iterations 1000000
Iteration 0 - penalty 1.000000e-06 - sub-iterations 1000000
Iteration 0 - penalty 1.000000e-06 - sub-iterations 1000000
Iteration 0 - penalty 1.000000e-06 - sub-iterations 1000000
Iteration 0 - penalty 1.000000e-06 - sub-iterations 1000000
Iteration 0 - penalty 1.000000e-06 - sub-iterations 1000000
Iteration 0 - penalty 1.000000e-06 - sub-iterations 1000000
Iteration 0 - penalty 1.000000e-06 - sub-iterations 1000000
Iteration 0 - penalty 1.000000e-06 - sub-iterations 1000000
Iteration 0 - penalty 1.000000e-06 - sub-iterations 1000000
Iteration 0 - penalty 1.000000e-06 - sub-iterations 1000000
Iteration 0 - penalty 1.000000e-06 - sub-iterations 1000000
Iteration 0 - penalty 1.000000e-06 - sub-iterations 1000000
Iteration 0 - penalty 1.000000e-06 - sub-iterations 1000000
Iteration 0 - penalty 1.000000e-06 - sub-iterations 1000000
Iteration 0 - penalty 1.000000e-06 - sub-iterations 1000000
Plotting iteration 20
Iteration 0 - penalty 1.000000e-06 - sub-iterations 1000000
toy 1258598558
---LRT = 52.02822085571289
---Time = 0.4 sec
	
Iteration 0 - penalty 1.000000e-06 - sub-iterations 1000000
Iteration 0 - penalty 1.000000e-06 - sub-iterations 1000000
Iteration 0 - penalty 1.000000e-06 - sub-iterations 1000000
Iteration 0 - penalty 1.000000e-06 - sub-iterations 1000000
Iteration 0 - penalty 1.000000e-06 - sub-iterations 1000000
Iteration 0 - penalty 1.000000e-06 - sub-iterations 1000000
Iteration 0 - penalty 1.000000e-06 - sub-iterations 1000000
Iteration 0 - penalty 1.000000e-06 - sub-iterations 1000000
Iteration 0 - penalty 1.000000e-06 - sub-iterations 1000000
Iteration 0 - penalty 1.000000e-06 - sub-iterations 1000000
Iteration 0 - penalty 1.000000e-06 - sub-iterations 1000000
Iteration 0 - penalty 1.000000e-06 - sub-iterations 1000000
Iteration 0 - penalty 1.000000e-06 - sub-iterations 1000000
Iteration 0 - penalty 1.000000e-06 - sub-iterations 1000000
Iteration 0 - penalty 1.000000e-06 - sub-iterations 1000000
Iteration 0 - penalty 1.000000e-06 - sub-iterations 1000000
Iteration 0 - penalty 1.000000e-06 - sub-iterations 1000000
Iteration 0 - penalty 1.000000e-06 - sub-iterations 1000000
Iteration 0 - penalty 1.000000e-06 - sub-iterations 1000000
Plotting iteration 40
Iteration 0 - penalty 1.000000e-06 - sub-iterations 1000000
toy 1258598578
---LRT = 49.014314908280376
---Time = 0.35 sec
	
Iteration 0 - penalty 1.000000e-06 - sub-iterations 1000000
Iteration 0 - penalty 1.000000e-06 - sub-iterations 1000000
Iteration 0 - penalty 1.000000e-06 - sub-iterations 1000000
Iteration 0 - penalty 1.000000e-06 - sub-iterations 1000000
Iteration 0 - penalty 1.000000e-06 - sub-iterations 1000000
Iteration 0 - penalty 1.000000e-06 - sub-iterations 1000000
Iteration 0 - penalty 1.000000e-06 - sub-iterations 1000000
Iteration 0 - penalty 1.000000e-06 - sub-iterations 1000000
Iteration 0 - penalty 1.000000e-06 - sub-iterations 1000000
Iteration 0 - penalty 1.000000e-06 - sub-iterations 1000000
Iteration 0 - penalty 1.000000e-06 - sub-iterations 1000000
Iteration 0 - penalty 1.000000e-06 - sub-iterations 1000000
Iteration 0 - penalty 1.000000e-06 - sub-iterations 1000000
Iteration 0 - penalty 1.000000e-06 - sub-iterations 1000000
Iteration 0 - penalty 1.000000e-06 - sub-iterations 1000000
Iteration 0 - penalty 1.000000e-06 - sub-iterations 1000000
Iteration 0 - penalty 1.000000e-06 - sub-iterations 1000000
Iteration 0 - penalty 1.000000e-06 - sub-iterations 1000000
Iteration 0 - penalty 1.000000e-06 - sub-iterations 1000000
Plotting iteration 60
Iteration 0 - penalty 1.000000e-06 - sub-iterations 1000000
toy 1258598598
---LRT = 52.59756145477295
---Time = 0.45 sec
	
Iteration 0 - penalty 1.000000e-06 - sub-iterations 1000000
Iteration 0 - penalty 1.000000e-06 - sub-iterations 1000000
Iteration 0 - penalty 1.000000e-06 - sub-iterations 1000000
Iteration 0 - penalty 1.000000e-06 - sub-iterations 1000000
Iteration 0 - penalty 1.000000e-06 - sub-iterations 1000000
Iteration 0 - penalty 1.000000e-06 - sub-iterations 1000000
Iteration 0 - penalty 1.000000e-06 - sub-iterations 1000000
Iteration 0 - penalty 1.000000e-06 - sub-iterations 1000000
Iteration 0 - penalty 1.000000e-06 - sub-iterations 1000000
Iteration 0 - penalty 1.000000e-06 - sub-iterations 1000000
Iteration 0 - penalty 1.000000e-06 - sub-iterations 1000000
Iteration 0 - penalty 1.000000e-06 - sub-iterations 1000000
Iteration 0 - penalty 1.000000e-06 - sub-iterations 1000000
Iteration 0 - penalty 1.000000e-06 - sub-iterations 1000000
Iteration 0 - penalty 1.000000e-06 - sub-iterations 1000000
Iteration 0 - penalty 1.000000e-06 - sub-iterations 1000000
Iteration 0 - penalty 1.000000e-06 - sub-iterations 1000000
Iteration 0 - penalty 1.000000e-06 - sub-iterations 1000000
Iteration 0 - penalty 1.000000e-06 - sub-iterations 1000000
Plotting iteration 80
Iteration 0 - penalty 1.000000e-06 - sub-iterations 1000000
toy 1258598618
---LRT = 71.6767170737966
---Time = 0.4 sec
	
Iteration 0 - penalty 1.000000e-06 - sub-iterations 1000000
Iteration 0 - penalty 1.000000e-06 - sub-iterations 1000000
Iteration 0 - penalty 1.000000e-06 - sub-iterations 1000000
Iteration 0 - penalty 1.000000e-06 - sub-iterations 1000000
Iteration 0 - penalty 1.000000e-06 - sub-iterations 1000000
Iteration 0 - penalty 1.000000e-06 - sub-iterations 1000000
Iteration 0 - penalty 1.000000e-06 - sub-iterations 1000000
Iteration 0 - penalty 1.000000e-06 - sub-iterations 1000000
Iteration 0 - penalty 1.000000e-06 - sub-iterations 1000000
Iteration 0 - penalty 1.000000e-06 - sub-iterations 1000000
Iteration 0 - penalty 1.000000e-06 - sub-iterations 1000000
Iteration 0 - penalty 1.000000e-06 - sub-iterations 1000000
Iteration 0 - penalty 1.000000e-06 - sub-iterations 1000000
Iteration 0 - penalty 1.000000e-06 - sub-iterations 1000000
Iteration 0 - penalty 1.000000e-06 - sub-iterations 1000000
Iteration 0 - penalty 1.000000e-06 - sub-iterations 1000000
Iteration 0 - penalty 1.000000e-06 - sub-iterations 1000000
Iteration 0 - penalty 1.000000e-06 - sub-iterations 1000000
Iteration 0 - penalty 1.000000e-06 - sub-iterations 1000000
Extracted SLURM_OUTPUT_DIR: /work/gbadarac/MonoJet_NPLM/MonoJet_NPLM_analysis/NPLM/NPLM_gaussians_outputs/comparison/best_model_NR75000_NG15000_M1200_lam1e-6_iter1000000_job303204/
Job completed. Outputs stored in /work/gbadarac/MonoJet_NPLM/MonoJet_NPLM_analysis/NPLM/NPLM_gaussians_outputs/comparison/best_model_NR75000_NG15000_M1200_lam1e-6_iter1000000_job303204/
