CUDA version detected: 11.8
Output directory set to: /work/gbadarac/MonoJet_NPLM/MonoJet_NPLM_analysis/NPLM/NPLM_gaussians_outputs/calibration/best_model_NR10000_NG2000_M500_lam1e-6_iter1000000_job303196/
Load data
Best model loaded successfully.
flk_sigma 3.0
Start running toys
Plotting iteration 0
Iteration 0 - penalty 1.000000e-06 - sub-iterations 1000000
toy 600957245
---LRT = 15.123343291664124
---Time = 35.55 sec
	
Iteration 0 - penalty 1.000000e-06 - sub-iterations 1000000
Iteration 0 - penalty 1.000000e-06 - sub-iterations 1000000
Iteration 0 - penalty 1.000000e-06 - sub-iterations 1000000
Iteration 0 - penalty 1.000000e-06 - sub-iterations 1000000
Iteration 0 - penalty 1.000000e-06 - sub-iterations 1000000
Iteration 0 - penalty 1.000000e-06 - sub-iterations 1000000
Iteration 0 - penalty 1.000000e-06 - sub-iterations 1000000
Iteration 0 - penalty 1.000000e-06 - sub-iterations 1000000
Iteration 0 - penalty 1.000000e-06 - sub-iterations 1000000
Iteration 0 - penalty 1.000000e-06 - sub-iterations 1000000
Iteration 0 - penalty 1.000000e-06 - sub-iterations 1000000
Iteration 0 - penalty 1.000000e-06 - sub-iterations 1000000
Iteration 0 - penalty 1.000000e-06 - sub-iterations 1000000
Iteration 0 - penalty 1.000000e-06 - sub-iterations 1000000
Iteration 0 - penalty 1.000000e-06 - sub-iterations 1000000
Iteration 0 - penalty 1.000000e-06 - sub-iterations 1000000
Iteration 0 - penalty 1.000000e-06 - sub-iterations 1000000
Iteration 0 - penalty 1.000000e-06 - sub-iterations 1000000
Iteration 0 - penalty 1.000000e-06 - sub-iterations 1000000
Plotting iteration 20
Iteration 0 - penalty 1.000000e-06 - sub-iterations 1000000
toy 600957265
---LRT = 15.564362919616698
---Time = 0.09 sec
	
Iteration 0 - penalty 1.000000e-06 - sub-iterations 1000000
Iteration 0 - penalty 1.000000e-06 - sub-iterations 1000000
Iteration 0 - penalty 1.000000e-06 - sub-iterations 1000000
Iteration 0 - penalty 1.000000e-06 - sub-iterations 1000000
Iteration 0 - penalty 1.000000e-06 - sub-iterations 1000000
Iteration 0 - penalty 1.000000e-06 - sub-iterations 1000000
Iteration 0 - penalty 1.000000e-06 - sub-iterations 1000000
Iteration 0 - penalty 1.000000e-06 - sub-iterations 1000000
Iteration 0 - penalty 1.000000e-06 - sub-iterations 1000000
Iteration 0 - penalty 1.000000e-06 - sub-iterations 1000000
Iteration 0 - penalty 1.000000e-06 - sub-iterations 1000000
Iteration 0 - penalty 1.000000e-06 - sub-iterations 1000000
Iteration 0 - penalty 1.000000e-06 - sub-iterations 1000000
Iteration 0 - penalty 1.000000e-06 - sub-iterations 1000000
Iteration 0 - penalty 1.000000e-06 - sub-iterations 1000000
Iteration 0 - penalty 1.000000e-06 - sub-iterations 1000000
Iteration 0 - penalty 1.000000e-06 - sub-iterations 1000000
Iteration 0 - penalty 1.000000e-06 - sub-iterations 1000000
Iteration 0 - penalty 1.000000e-06 - sub-iterations 1000000
Plotting iteration 40
Iteration 0 - penalty 1.000000e-06 - sub-iterations 1000000
toy 600957285
---LRT = 21.865256925964356
---Time = 0.1 sec
	
Iteration 0 - penalty 1.000000e-06 - sub-iterations 1000000
Iteration 0 - penalty 1.000000e-06 - sub-iterations 1000000
Iteration 0 - penalty 1.000000e-06 - sub-iterations 1000000
Iteration 0 - penalty 1.000000e-06 - sub-iterations 1000000
Iteration 0 - penalty 1.000000e-06 - sub-iterations 1000000
Iteration 0 - penalty 1.000000e-06 - sub-iterations 1000000
Iteration 0 - penalty 1.000000e-06 - sub-iterations 1000000
Iteration 0 - penalty 1.000000e-06 - sub-iterations 1000000
Iteration 0 - penalty 1.000000e-06 - sub-iterations 1000000
Iteration 0 - penalty 1.000000e-06 - sub-iterations 1000000
Iteration 0 - penalty 1.000000e-06 - sub-iterations 1000000
Iteration 0 - penalty 1.000000e-06 - sub-iterations 1000000
Iteration 0 - penalty 1.000000e-06 - sub-iterations 1000000
Iteration 0 - penalty 1.000000e-06 - sub-iterations 1000000
Iteration 0 - penalty 1.000000e-06 - sub-iterations 1000000
Iteration 0 - penalty 1.000000e-06 - sub-iterations 1000000
Iteration 0 - penalty 1.000000e-06 - sub-iterations 1000000
Iteration 0 - penalty 1.000000e-06 - sub-iterations 1000000
Iteration 0 - penalty 1.000000e-06 - sub-iterations 1000000
Plotting iteration 60
Iteration 0 - penalty 1.000000e-06 - sub-iterations 1000000
toy 600957305
---LRT = 12.865829287528992
---Time = 0.09 sec
	
Iteration 0 - penalty 1.000000e-06 - sub-iterations 1000000
Iteration 0 - penalty 1.000000e-06 - sub-iterations 1000000
Iteration 0 - penalty 1.000000e-06 - sub-iterations 1000000
Iteration 0 - penalty 1.000000e-06 - sub-iterations 1000000
Iteration 0 - penalty 1.000000e-06 - sub-iterations 1000000
Iteration 0 - penalty 1.000000e-06 - sub-iterations 1000000
Iteration 0 - penalty 1.000000e-06 - sub-iterations 1000000
Iteration 0 - penalty 1.000000e-06 - sub-iterations 1000000
Iteration 0 - penalty 1.000000e-06 - sub-iterations 1000000
Iteration 0 - penalty 1.000000e-06 - sub-iterations 1000000
Iteration 0 - penalty 1.000000e-06 - sub-iterations 1000000
Iteration 0 - penalty 1.000000e-06 - sub-iterations 1000000
Iteration 0 - penalty 1.000000e-06 - sub-iterations 1000000
Iteration 0 - penalty 1.000000e-06 - sub-iterations 1000000
Iteration 0 - penalty 1.000000e-06 - sub-iterations 1000000
Iteration 0 - penalty 1.000000e-06 - sub-iterations 1000000
Iteration 0 - penalty 1.000000e-06 - sub-iterations 1000000
Iteration 0 - penalty 1.000000e-06 - sub-iterations 1000000
Iteration 0 - penalty 1.000000e-06 - sub-iterations 1000000
Plotting iteration 80
Iteration 0 - penalty 1.000000e-06 - sub-iterations 1000000
toy 600957325
---LRT = 15.599713421201706
---Time = 0.1 sec
	
Iteration 0 - penalty 1.000000e-06 - sub-iterations 1000000
Iteration 0 - penalty 1.000000e-06 - sub-iterations 1000000
Iteration 0 - penalty 1.000000e-06 - sub-iterations 1000000
Iteration 0 - penalty 1.000000e-06 - sub-iterations 1000000
Iteration 0 - penalty 1.000000e-06 - sub-iterations 1000000
Iteration 0 - penalty 1.000000e-06 - sub-iterations 1000000
Iteration 0 - penalty 1.000000e-06 - sub-iterations 1000000
Iteration 0 - penalty 1.000000e-06 - sub-iterations 1000000
Iteration 0 - penalty 1.000000e-06 - sub-iterations 1000000
Iteration 0 - penalty 1.000000e-06 - sub-iterations 1000000
Iteration 0 - penalty 1.000000e-06 - sub-iterations 1000000
Iteration 0 - penalty 1.000000e-06 - sub-iterations 1000000
Iteration 0 - penalty 1.000000e-06 - sub-iterations 1000000
Iteration 0 - penalty 1.000000e-06 - sub-iterations 1000000
Iteration 0 - penalty 1.000000e-06 - sub-iterations 1000000
Iteration 0 - penalty 1.000000e-06 - sub-iterations 1000000
Iteration 0 - penalty 1.000000e-06 - sub-iterations 1000000
Iteration 0 - penalty 1.000000e-06 - sub-iterations 1000000
Iteration 0 - penalty 1.000000e-06 - sub-iterations 1000000
Extracted SLURM_OUTPUT_DIR: /work/gbadarac/MonoJet_NPLM/MonoJet_NPLM_analysis/NPLM/NPLM_gaussians_outputs/calibration/best_model_NR10000_NG2000_M500_lam1e-6_iter1000000_job303196/
Job completed. Outputs stored in /work/gbadarac/MonoJet_NPLM/MonoJet_NPLM_analysis/NPLM/NPLM_gaussians_outputs/calibration/best_model_NR10000_NG2000_M500_lam1e-6_iter1000000_job303196/
