CUDA version detected: 11.8
Output directory set to: /work/gbadarac/MonoJet_NPLM/MonoJet_NPLM_analysis/NPLM/NPLM_outputs/comparison/best_model_NR10000_NG2000_M500_lam1e-6_iter1000000_job832712/
Load data
Best model loaded successfully.
flk_sigma 3.0
Start running toys
Plotting iteration 0
Iteration 0 - penalty 1.000000e-06 - sub-iterations 1000000
toy 192042
---LRT = 8.979164136630846
---Time = 28.98 sec
	
Iteration 0 - penalty 1.000000e-06 - sub-iterations 1000000
Iteration 0 - penalty 1.000000e-06 - sub-iterations 1000000
Iteration 0 - penalty 1.000000e-06 - sub-iterations 1000000
Iteration 0 - penalty 1.000000e-06 - sub-iterations 1000000
Iteration 0 - penalty 1.000000e-06 - sub-iterations 1000000
Iteration 0 - penalty 1.000000e-06 - sub-iterations 1000000
Iteration 0 - penalty 1.000000e-06 - sub-iterations 1000000
Iteration 0 - penalty 1.000000e-06 - sub-iterations 1000000
Iteration 0 - penalty 1.000000e-06 - sub-iterations 1000000
Iteration 0 - penalty 1.000000e-06 - sub-iterations 1000000
Iteration 0 - penalty 1.000000e-06 - sub-iterations 1000000
Iteration 0 - penalty 1.000000e-06 - sub-iterations 1000000
Iteration 0 - penalty 1.000000e-06 - sub-iterations 1000000
Iteration 0 - penalty 1.000000e-06 - sub-iterations 1000000
Iteration 0 - penalty 1.000000e-06 - sub-iterations 1000000
Iteration 0 - penalty 1.000000e-06 - sub-iterations 1000000
Iteration 0 - penalty 1.000000e-06 - sub-iterations 1000000
Iteration 0 - penalty 1.000000e-06 - sub-iterations 1000000
Iteration 0 - penalty 1.000000e-06 - sub-iterations 1000000
Plotting iteration 20
Iteration 0 - penalty 1.000000e-06 - sub-iterations 1000000
toy 192062
---LRT = 30.388030130465964
---Time = 0.13 sec
	
Iteration 0 - penalty 1.000000e-06 - sub-iterations 1000000
Iteration 0 - penalty 1.000000e-06 - sub-iterations 1000000
Iteration 0 - penalty 1.000000e-06 - sub-iterations 1000000
Iteration 0 - penalty 1.000000e-06 - sub-iterations 1000000
Iteration 0 - penalty 1.000000e-06 - sub-iterations 1000000
Iteration 0 - penalty 1.000000e-06 - sub-iterations 1000000
Iteration 0 - penalty 1.000000e-06 - sub-iterations 1000000
Iteration 0 - penalty 1.000000e-06 - sub-iterations 1000000
Iteration 0 - penalty 1.000000e-06 - sub-iterations 1000000
Iteration 0 - penalty 1.000000e-06 - sub-iterations 1000000
Iteration 0 - penalty 1.000000e-06 - sub-iterations 1000000
Iteration 0 - penalty 1.000000e-06 - sub-iterations 1000000
Iteration 0 - penalty 1.000000e-06 - sub-iterations 1000000
Iteration 0 - penalty 1.000000e-06 - sub-iterations 1000000
Iteration 0 - penalty 1.000000e-06 - sub-iterations 1000000
Iteration 0 - penalty 1.000000e-06 - sub-iterations 1000000
Iteration 0 - penalty 1.000000e-06 - sub-iterations 1000000
Iteration 0 - penalty 1.000000e-06 - sub-iterations 1000000
Iteration 0 - penalty 1.000000e-06 - sub-iterations 1000000
Plotting iteration 40
Iteration 0 - penalty 1.000000e-06 - sub-iterations 1000000
toy 192082
---LRT = 18.689865196234226
---Time = 0.11 sec
	
Iteration 0 - penalty 1.000000e-06 - sub-iterations 1000000
Iteration 0 - penalty 1.000000e-06 - sub-iterations 1000000
Iteration 0 - penalty 1.000000e-06 - sub-iterations 1000000
Iteration 0 - penalty 1.000000e-06 - sub-iterations 1000000
Iteration 0 - penalty 1.000000e-06 - sub-iterations 1000000
Iteration 0 - penalty 1.000000e-06 - sub-iterations 1000000
Iteration 0 - penalty 1.000000e-06 - sub-iterations 1000000
Iteration 0 - penalty 1.000000e-06 - sub-iterations 1000000
Iteration 0 - penalty 1.000000e-06 - sub-iterations 1000000
Iteration 0 - penalty 1.000000e-06 - sub-iterations 1000000
Iteration 0 - penalty 1.000000e-06 - sub-iterations 1000000
Iteration 0 - penalty 1.000000e-06 - sub-iterations 1000000
Iteration 0 - penalty 1.000000e-06 - sub-iterations 1000000
Iteration 0 - penalty 1.000000e-06 - sub-iterations 1000000
Iteration 0 - penalty 1.000000e-06 - sub-iterations 1000000
Iteration 0 - penalty 1.000000e-06 - sub-iterations 1000000
Iteration 0 - penalty 1.000000e-06 - sub-iterations 1000000
Iteration 0 - penalty 1.000000e-06 - sub-iterations 1000000
Iteration 0 - penalty 1.000000e-06 - sub-iterations 1000000
Plotting iteration 60
Iteration 0 - penalty 1.000000e-06 - sub-iterations 1000000
toy 192102
---LRT = 9.62431321702562
---Time = 0.1 sec
	
Iteration 0 - penalty 1.000000e-06 - sub-iterations 1000000
Iteration 0 - penalty 1.000000e-06 - sub-iterations 1000000
Iteration 0 - penalty 1.000000e-06 - sub-iterations 1000000
Iteration 0 - penalty 1.000000e-06 - sub-iterations 1000000
Iteration 0 - penalty 1.000000e-06 - sub-iterations 1000000
Iteration 0 - penalty 1.000000e-06 - sub-iterations 1000000
Iteration 0 - penalty 1.000000e-06 - sub-iterations 1000000
Iteration 0 - penalty 1.000000e-06 - sub-iterations 1000000
Iteration 0 - penalty 1.000000e-06 - sub-iterations 1000000
Iteration 0 - penalty 1.000000e-06 - sub-iterations 1000000
Iteration 0 - penalty 1.000000e-06 - sub-iterations 1000000
Iteration 0 - penalty 1.000000e-06 - sub-iterations 1000000
Iteration 0 - penalty 1.000000e-06 - sub-iterations 1000000
Iteration 0 - penalty 1.000000e-06 - sub-iterations 1000000
Iteration 0 - penalty 1.000000e-06 - sub-iterations 1000000
Iteration 0 - penalty 1.000000e-06 - sub-iterations 1000000
Iteration 0 - penalty 1.000000e-06 - sub-iterations 1000000
Iteration 0 - penalty 1.000000e-06 - sub-iterations 1000000
Iteration 0 - penalty 1.000000e-06 - sub-iterations 1000000
Plotting iteration 80
Iteration 0 - penalty 1.000000e-06 - sub-iterations 1000000
toy 192122
---LRT = 6.021355695454144
---Time = 0.11 sec
	
Iteration 0 - penalty 1.000000e-06 - sub-iterations 1000000
Iteration 0 - penalty 1.000000e-06 - sub-iterations 1000000
Iteration 0 - penalty 1.000000e-06 - sub-iterations 1000000
Iteration 0 - penalty 1.000000e-06 - sub-iterations 1000000
Iteration 0 - penalty 1.000000e-06 - sub-iterations 1000000
Iteration 0 - penalty 1.000000e-06 - sub-iterations 1000000
Iteration 0 - penalty 1.000000e-06 - sub-iterations 1000000
Iteration 0 - penalty 1.000000e-06 - sub-iterations 1000000
Iteration 0 - penalty 1.000000e-06 - sub-iterations 1000000
Iteration 0 - penalty 1.000000e-06 - sub-iterations 1000000
Iteration 0 - penalty 1.000000e-06 - sub-iterations 1000000
Iteration 0 - penalty 1.000000e-06 - sub-iterations 1000000
Iteration 0 - penalty 1.000000e-06 - sub-iterations 1000000
Iteration 0 - penalty 1.000000e-06 - sub-iterations 1000000
Iteration 0 - penalty 1.000000e-06 - sub-iterations 1000000
Iteration 0 - penalty 1.000000e-06 - sub-iterations 1000000
Iteration 0 - penalty 1.000000e-06 - sub-iterations 1000000
Iteration 0 - penalty 1.000000e-06 - sub-iterations 1000000
Iteration 0 - penalty 1.000000e-06 - sub-iterations 1000000
Extracted SLURM_OUTPUT_DIR: /work/gbadarac/MonoJet_NPLM/MonoJet_NPLM_analysis/NPLM/NPLM_outputs/comparison/best_model_NR10000_NG2000_M500_lam1e-6_iter1000000_job832712/
Job completed. Outputs stored in /work/gbadarac/MonoJet_NPLM/MonoJet_NPLM_analysis/NPLM/NPLM_outputs/comparison/best_model_NR10000_NG2000_M500_lam1e-6_iter1000000_job832712/
