Initial weights: [0.01666667 0.01666667 0.01666667 0.01666667 0.01666667 0.01666667
 0.01666667 0.01666667 0.01666667 0.01666667 0.01666667 0.01666667
 0.01666667 0.01666667 0.01666667 0.01666667 0.01666667 0.01666667
 0.01666667 0.01666667 0.01666667 0.01666667 0.01666667 0.01666667
 0.01666667 0.01666667 0.01666667 0.01666667 0.01666667 0.01666667
 0.01666667 0.01666667 0.01666667 0.01666667 0.01666667 0.01666667
 0.01666667 0.01666667 0.01666667 0.01666667 0.01666667 0.01666667
 0.01666667 0.01666667 0.01666667 0.01666667 0.01666667 0.01666667
 0.01666667 0.01666667 0.01666667 0.01666667 0.01666667 0.01666667
 0.01666667 0.01666667 0.01666667 0.01666667 0.01666667 0.01666667]
w_i_init_torch: tensor([-0.0558,  0.0799,  0.0194, -0.0505, -0.0054, -0.0566, -0.0065, -0.0650,
         0.0217,  0.0456,  0.0443, -0.0043, -0.0004,  0.0114, -0.0048, -0.0120,
        -0.0335, -0.0254,  0.0294, -0.0966, -0.0621, -0.0066, -0.0043,  0.0171,
         0.0473,  0.0239, -0.0263, -0.0568,  0.0109,  0.0512, -0.0711, -0.0818,
         0.0545,  0.0461,  0.0165,  0.0505, -0.0391, -0.0211, -0.0365, -0.0355,
        -0.0195, -0.0024, -0.0359, -0.0127, -0.0202,  0.0027, -0.0172,  0.0640,
         0.0375,  0.0489, -0.0278,  0.0236,  0.0486,  0.0472,  0.0350, -0.0347,
        -0.0065, -0.0278, -0.0725, -0.0361], dtype=torch.float64,
       requires_grad=True)
Attempt 1 skipped due to non-finite loss: inf
w_i_init_torch: tensor([-0.0624,  0.0390,  0.0343, -0.0465, -0.0183,  0.0562, -0.0022,  0.0777,
         0.0147,  0.0329, -0.0312, -0.0006,  0.0019, -0.0091, -0.0197, -0.0038,
        -0.0353,  0.0236,  0.0215, -0.1169, -0.0670, -0.0371, -0.0086, -0.0028,
        -0.0256, -0.0325,  0.0339,  0.0679,  0.0130,  0.0476, -0.0391, -0.0714,
        -0.0657, -0.0356, -0.0291, -0.0389,  0.0340, -0.0137,  0.0428,  0.0488,
        -0.0247, -0.0177, -0.0233,  0.0023, -0.0241, -0.0183,  0.0347,  0.0791,
        -0.0399,  0.0674, -0.0352,  0.0167,  0.0337,  0.0313,  0.0285, -0.0392,
        -0.0155, -0.0039,  0.0454, -0.0386], dtype=torch.float64,
       requires_grad=True)
Attempt 2 skipped due to non-finite loss: inf
w_i_init_torch: tensor([ 0.0426,  0.0563, -0.0119,  0.0329,  0.0130, -0.0507, -0.0001,  0.0935,
        -0.0184,  0.0539,  0.0494, -0.0092,  0.0252,  0.0036, -0.0275, -0.0151,
         0.0409, -0.0296,  0.0167,  0.1107, -0.0690, -0.0037, -0.0027,  0.0271,
         0.0455,  0.0079,  0.0432, -0.0801, -0.0090, -0.0498, -0.0648,  0.0632,
        -0.0647, -0.0221, -0.0421, -0.0491,  0.0122, -0.0021, -0.0421, -0.0723,
         0.0350, -0.0021, -0.0356, -0.0120,  0.0502,  0.0189,  0.0109,  0.0762,
        -0.0241,  0.0419, -0.0450,  0.0042, -0.0622,  0.0525,  0.0177,  0.0210,
         0.0058,  0.0022, -0.0726, -0.0347], dtype=torch.float64,
       requires_grad=True)
Attempt 3 skipped due to non-finite loss: inf
w_i_init_torch: tensor([ 0.0563,  0.0462, -0.0090, -0.0352, -0.0100, -0.0658,  0.0120, -0.0914,
        -0.0105,  0.0503,  0.0307,  0.0121,  0.0010,  0.0153,  0.0228, -0.0083,
        -0.0243, -0.0340, -0.0284, -0.1171, -0.1157,  0.0330, -0.0201,  0.0042,
         0.0321, -0.0386, -0.0395,  0.0485,  0.0026, -0.0499,  0.0605,  0.0678,
         0.0534, -0.0326, -0.0312,  0.0402, -0.0106,  0.0070, -0.0437, -0.0786,
        -0.0243, -0.0039, -0.0108,  0.0117, -0.0445,  0.0145, -0.0204, -0.0973,
        -0.0648,  0.0437, -0.0120,  0.0018,  0.0379, -0.0327, -0.0225, -0.0206,
         0.0143, -0.0099,  0.0676, -0.0239], dtype=torch.float64,
       requires_grad=True)
Attempt 4 skipped due to non-finite loss: inf
w_i_init_torch: tensor([ 0.0564,  0.0414, -0.0099, -0.0451,  0.0139, -0.0527, -0.0127,  0.0713,
        -0.0132,  0.0186, -0.0373, -0.0071, -0.0205, -0.0170, -0.0262,  0.0152,
        -0.0136, -0.0211, -0.0150, -0.1040,  0.0750, -0.0230, -0.0025,  0.0173,
         0.0500,  0.0139, -0.0423, -0.0508,  0.0096, -0.0525,  0.0537, -0.0484,
         0.0752,  0.0419,  0.0099, -0.0329, -0.0228,  0.0321, -0.0440,  0.0727,
         0.0271, -0.0113, -0.0192,  0.0104, -0.0237,  0.0166,  0.0025, -0.0676,
         0.0304, -0.0645,  0.0435,  0.0076, -0.0429, -0.0265, -0.0253,  0.0140,
        -0.0131, -0.0178, -0.0428,  0.0544], dtype=torch.float64,
       requires_grad=True)
Attempt 5 skipped due to non-finite loss: inf
w_i_init_torch: tensor([ 0.0504, -0.0477, -0.0294, -0.0292, -0.0228,  0.0675,  0.0215, -0.0779,
         0.0191,  0.0378,  0.0689,  0.0128, -0.0009, -0.0151,  0.0099, -0.0037,
         0.0284, -0.0185,  0.0507,  0.1094, -0.0568,  0.0338,  0.0057,  0.0154,
        -0.0321, -0.0181,  0.0206,  0.0499, -0.0067,  0.0530, -0.0505,  0.0470,
         0.0549, -0.0201,  0.0163, -0.0328, -0.0223,  0.0168, -0.0452, -0.0579,
         0.0401,  0.0130, -0.0318,  0.0121,  0.0298, -0.0056, -0.0248,  0.0744,
        -0.0383, -0.0599, -0.0145,  0.0291, -0.0573, -0.0257,  0.0049, -0.0370,
        -0.0110, -0.0044,  0.0552,  0.0392], dtype=torch.float64,
       requires_grad=True)
Attempt 6 skipped due to non-finite loss: inf
w_i_init_torch: tensor([ 3.5364e-02,  6.9602e-02,  1.4729e-02, -3.7301e-02, -8.8987e-03,
        -6.6197e-02, -1.5723e-02,  6.9798e-02, -4.6628e-02, -2.3322e-02,
         5.5684e-02,  7.6962e-03,  1.8486e-03,  2.8207e-02, -2.0099e-02,
        -2.3657e-03,  2.7708e-02, -3.5118e-02,  3.1635e-02,  1.1421e-01,
         6.8703e-02,  2.1862e-02, -1.1387e-03,  2.0712e-02,  4.0138e-02,
         3.2487e-02, -1.0343e-02, -6.0042e-02, -9.9032e-05, -3.2830e-02,
         5.9800e-02,  5.5884e-02,  5.1939e-02, -8.5685e-03,  2.2103e-02,
        -2.7377e-02,  2.9629e-02,  3.5525e-02,  2.5220e-02, -5.2905e-02,
         3.0291e-02, -2.6410e-02,  2.7300e-02, -1.1521e-02,  4.7739e-02,
         1.5214e-03,  2.9966e-02,  5.3162e-02, -4.3113e-02,  5.3099e-02,
         4.4236e-02, -9.8363e-03, -2.0856e-02, -2.8013e-02,  2.4088e-02,
        -3.2596e-02, -1.0691e-02, -2.3468e-02,  3.2753e-02, -1.3833e-02],
       dtype=torch.float64, requires_grad=True)
Final loss (NLL): 0.5388943706699666
Final weights: tensor([ 0.0215, -0.0046,  0.0137,  0.0529, -0.0136,  0.0256,  0.0321,  0.0028,
         0.0204, -0.0011,  0.0243,  0.0077, -0.0153, -0.0093, -0.0202,  0.0439,
         0.0574,  0.0570,  0.0030,  0.0066,  0.0562, -0.0074, -0.0659, -0.0010,
        -0.0193,  0.0243,  0.0121,  0.0701,  0.0456, -0.0124,  0.0415,  0.0345,
         0.0566,  0.0450,  0.0043,  0.0105,  0.0392, -0.0049, -0.0073,  0.0012,
         0.0275, -0.0401,  0.0021,  0.0239, -0.0342, -0.0336,  0.0379,  0.0896,
        -0.0099,  0.0422,  0.0198,  0.0489, -0.0175,  0.0601,  0.0183,  0.0108,
         0.0147,  0.0307,  0.0095,  0.0718], dtype=torch.float64)
Sum of weights: 0.9999999457638283
