/work/gbadarac/MonoJet_NPLM/MonoJet_NPLM_analysis/Normalizing_Flows/EstimationNF_outputs/job_8_4_50_15_81292
Epoch 0, Avg Train Loss: 5.2349, Avg Validation Loss: 4.1500
Epoch 1, Avg Train Loss: 3.8195, Avg Validation Loss: 3.6087
Epoch 2, Avg Train Loss: 3.5038, Avg Validation Loss: 3.3903
Epoch 3, Avg Train Loss: 3.3207, Avg Validation Loss: 3.2244
Epoch 4, Avg Train Loss: 3.1868, Avg Validation Loss: 3.1109
Epoch 5, Avg Train Loss: 3.0875, Avg Validation Loss: 3.0125
Epoch 6, Avg Train Loss: 3.0033, Avg Validation Loss: 2.9409
Epoch 7, Avg Train Loss: 2.9369, Avg Validation Loss: 2.8755
Epoch 8, Avg Train Loss: 2.8738, Avg Validation Loss: 2.8202
Epoch 9, Avg Train Loss: 2.8142, Avg Validation Loss: 2.7636
Epoch 10, Avg Train Loss: 2.7618, Avg Validation Loss: 2.7153
Epoch 11, Avg Train Loss: 2.7183, Avg Validation Loss: 2.6764
Epoch 12, Avg Train Loss: 2.6790, Avg Validation Loss: 2.6444
Epoch 13, Avg Train Loss: 2.6436, Avg Validation Loss: 2.6129
Epoch 14, Avg Train Loss: 2.6143, Avg Validation Loss: 2.5870
Epoch 15, Avg Train Loss: 2.5871, Avg Validation Loss: 2.5634
Epoch 16, Avg Train Loss: 2.5653, Avg Validation Loss: 2.5425
Epoch 17, Avg Train Loss: 2.5459, Avg Validation Loss: 2.5247
Epoch 18, Avg Train Loss: 2.5298, Avg Validation Loss: 2.5082
Epoch 19, Avg Train Loss: 2.5131, Avg Validation Loss: 2.4934
Epoch 20, Avg Train Loss: 2.4982, Avg Validation Loss: 2.4811
Epoch 21, Avg Train Loss: 2.4861, Avg Validation Loss: 2.4717
Epoch 22, Avg Train Loss: 2.4756, Avg Validation Loss: 2.4602
Epoch 23, Avg Train Loss: 2.4647, Avg Validation Loss: 2.4503
Epoch 24, Avg Train Loss: 2.4570, Avg Validation Loss: 2.4437
Epoch 25, Avg Train Loss: 2.4492, Avg Validation Loss: 2.4361
Epoch 26, Avg Train Loss: 2.4422, Avg Validation Loss: 2.4306
Epoch 27, Avg Train Loss: 2.4367, Avg Validation Loss: 2.4224
Epoch 28, Avg Train Loss: 2.4287, Avg Validation Loss: 2.4182
Epoch 29, Avg Train Loss: 2.4209, Avg Validation Loss: 2.4115
Epoch 30, Avg Train Loss: 2.4171, Avg Validation Loss: 2.4152
Epoch 31, Avg Train Loss: 2.4151, Avg Validation Loss: 2.4027
Epoch 32, Avg Train Loss: 2.4063, Avg Validation Loss: 2.3969
Epoch 33, Avg Train Loss: 2.4018, Avg Validation Loss: 2.4025
Epoch 34, Avg Train Loss: 2.3963, Avg Validation Loss: 2.3908
Epoch 35, Avg Train Loss: 2.3938, Avg Validation Loss: 2.3840
Epoch 36, Avg Train Loss: 2.3899, Avg Validation Loss: 2.3812
Epoch 37, Avg Train Loss: 2.3858, Avg Validation Loss: 2.3813
Epoch 38, Avg Train Loss: 2.3817, Avg Validation Loss: 2.3755
Epoch 39, Avg Train Loss: 2.3775, Avg Validation Loss: 2.3711
Epoch 40, Avg Train Loss: 2.3745, Avg Validation Loss: 2.3713
Epoch 41, Avg Train Loss: 2.3716, Avg Validation Loss: 2.3647
Epoch 42, Avg Train Loss: 2.3700, Avg Validation Loss: 2.3612
Epoch 43, Avg Train Loss: 2.3664, Avg Validation Loss: 2.3595
Epoch 44, Avg Train Loss: 2.3628, Avg Validation Loss: 2.3554
Epoch 45, Avg Train Loss: 2.3604, Avg Validation Loss: 2.3533
Epoch 46, Avg Train Loss: 2.3590, Avg Validation Loss: 2.3581
Epoch 47, Avg Train Loss: 2.3566, Avg Validation Loss: 2.3476
Epoch 48, Avg Train Loss: 2.3551, Avg Validation Loss: 2.3476
Epoch 49, Avg Train Loss: 2.3518, Avg Validation Loss: 2.3488
Epoch 50, Avg Train Loss: 2.3502, Avg Validation Loss: 2.3435
Epoch 51, Avg Train Loss: 2.3476, Avg Validation Loss: 2.3401
Epoch 52, Avg Train Loss: 2.3449, Avg Validation Loss: 2.3420
Epoch 53, Avg Train Loss: 2.3426, Avg Validation Loss: 2.3409
Epoch 54, Avg Train Loss: 2.3410, Avg Validation Loss: 2.3371
Epoch 55, Avg Train Loss: 2.3407, Avg Validation Loss: 2.3334
Epoch 56, Avg Train Loss: 2.3374, Avg Validation Loss: 2.3315
Epoch 57, Avg Train Loss: 2.3370, Avg Validation Loss: 2.3389
Epoch 58, Avg Train Loss: 2.3337, Avg Validation Loss: 2.3345
Epoch 59, Avg Train Loss: 2.3329, Avg Validation Loss: 2.3304
Epoch 60, Avg Train Loss: 2.3319, Avg Validation Loss: 2.3291
Epoch 61, Avg Train Loss: 2.3310, Avg Validation Loss: 2.3281
Epoch 62, Avg Train Loss: 2.3285, Avg Validation Loss: 2.3275
Epoch 63, Avg Train Loss: 2.3274, Avg Validation Loss: 2.3263
Epoch 64, Avg Train Loss: 2.3260, Avg Validation Loss: 2.3217
Epoch 65, Avg Train Loss: 2.3243, Avg Validation Loss: 2.3190
Epoch 66, Avg Train Loss: 2.3216, Avg Validation Loss: 2.3248
Epoch 67, Avg Train Loss: 2.3213, Avg Validation Loss: 2.3178
Epoch 68, Avg Train Loss: 2.3223, Avg Validation Loss: 2.3187
Epoch 69, Avg Train Loss: 2.3198, Avg Validation Loss: 2.3185
Epoch 70, Avg Train Loss: 2.3218, Avg Validation Loss: 2.3140
Epoch 71, Avg Train Loss: 2.3181, Avg Validation Loss: 2.3159
Epoch 72, Avg Train Loss: 2.3176, Avg Validation Loss: 2.3280
Epoch 73, Avg Train Loss: 2.3195, Avg Validation Loss: 2.3160
Epoch 74, Avg Train Loss: 2.3170, Avg Validation Loss: 2.3128
Epoch 75, Avg Train Loss: 2.3153, Avg Validation Loss: 2.3100
Epoch 76, Avg Train Loss: 2.3139, Avg Validation Loss: 2.3091
Epoch 77, Avg Train Loss: 2.3125, Avg Validation Loss: 2.3102
Epoch 78, Avg Train Loss: 2.3110, Avg Validation Loss: 2.3140
Epoch 79, Avg Train Loss: 2.3120, Avg Validation Loss: 2.3162
Epoch 80, Avg Train Loss: 2.3100, Avg Validation Loss: 2.3073
Epoch 81, Avg Train Loss: 2.3117, Avg Validation Loss: 2.3127
Epoch 82, Avg Train Loss: 2.3144, Avg Validation Loss: 2.3163
Epoch 83, Avg Train Loss: 2.3121, Avg Validation Loss: 2.3050
Epoch 84, Avg Train Loss: 2.3101, Avg Validation Loss: 2.3103
Epoch 85, Avg Train Loss: 2.3076, Avg Validation Loss: 2.3109
Epoch 86, Avg Train Loss: 2.3074, Avg Validation Loss: 2.3029
Epoch 87, Avg Train Loss: 2.3050, Avg Validation Loss: 2.3125
Epoch 88, Avg Train Loss: 2.3084, Avg Validation Loss: 2.3006
Epoch 89, Avg Train Loss: 2.3045, Avg Validation Loss: 2.3039
Epoch 90, Avg Train Loss: 2.3048, Avg Validation Loss: 2.2999
Epoch 91, Avg Train Loss: 2.3035, Avg Validation Loss: 2.3002
Epoch 92, Avg Train Loss: 2.3061, Avg Validation Loss: 2.3014
Epoch 93, Avg Train Loss: 2.3058, Avg Validation Loss: 2.2994
Epoch 94, Avg Train Loss: 2.3024, Avg Validation Loss: 2.3085
Epoch 95, Avg Train Loss: 2.3025, Avg Validation Loss: 2.2968
Epoch 96, Avg Train Loss: 2.3007, Avg Validation Loss: 2.2964
Epoch 97, Avg Train Loss: 2.3008, Avg Validation Loss: 2.3104
Epoch 98, Avg Train Loss: 2.3016, Avg Validation Loss: 2.2983
Epoch 99, Avg Train Loss: 2.3009, Avg Validation Loss: 2.3129
Epoch 100, Avg Train Loss: 2.2996, Avg Validation Loss: 2.2991
Epoch 101, Avg Train Loss: 2.3003, Avg Validation Loss: 2.3053
Epoch 102, Avg Train Loss: 2.3029, Avg Validation Loss: 2.2959
Epoch 103, Avg Train Loss: 2.2968, Avg Validation Loss: 2.3084
Epoch 104, Avg Train Loss: 2.3088, Avg Validation Loss: 2.3033
Epoch 105, Avg Train Loss: 2.3003, Avg Validation Loss: 2.3022
Epoch 106, Avg Train Loss: 2.2991, Avg Validation Loss: 2.2938
Epoch 107, Avg Train Loss: 2.2960, Avg Validation Loss: 2.2936
Epoch 108, Avg Train Loss: 2.2961, Avg Validation Loss: 2.2926
Epoch 109, Avg Train Loss: 2.2925, Avg Validation Loss: 2.2894
Epoch 110, Avg Train Loss: 2.2956, Avg Validation Loss: 2.2949
Epoch 111, Avg Train Loss: 2.2990, Avg Validation Loss: 2.3300
Epoch 112, Avg Train Loss: 2.2954, Avg Validation Loss: 2.2914
Epoch 113, Avg Train Loss: 2.2919, Avg Validation Loss: 2.2871
Epoch 114, Avg Train Loss: 2.2939, Avg Validation Loss: 2.3046
Epoch 115, Avg Train Loss: 2.2925, Avg Validation Loss: 2.2858
Epoch 116, Avg Train Loss: 2.2898, Avg Validation Loss: 2.2847
Epoch 117, Avg Train Loss: 2.2901, Avg Validation Loss: 2.2934
Epoch 118, Avg Train Loss: 2.2920, Avg Validation Loss: 2.3027
Epoch 119, Avg Train Loss: 2.2899, Avg Validation Loss: 2.2945
Epoch 120, Avg Train Loss: 2.2893, Avg Validation Loss: 2.2829
Epoch 121, Avg Train Loss: 2.2904, Avg Validation Loss: 2.2912
Epoch 122, Avg Train Loss: 2.2886, Avg Validation Loss: 2.2958
Epoch 123, Avg Train Loss: 2.2886, Avg Validation Loss: 2.2955
Epoch 124, Avg Train Loss: 2.2912, Avg Validation Loss: 2.2912
Epoch 125, Avg Train Loss: 2.2901, Avg Validation Loss: 2.2860
Epoch 126, Avg Train Loss: 2.2885, Avg Validation Loss: 2.2878
Epoch 127, Avg Train Loss: 2.2904, Avg Validation Loss: 2.2865
Epoch 128, Avg Train Loss: 2.2888, Avg Validation Loss: 2.2855
Epoch 129, Avg Train Loss: 2.2865, Avg Validation Loss: 2.2824
Epoch 130, Avg Train Loss: 2.2842, Avg Validation Loss: 2.3112
Epoch 131, Avg Train Loss: 2.2907, Avg Validation Loss: 2.2835
Epoch 132, Avg Train Loss: 2.2855, Avg Validation Loss: 2.2961
Epoch 133, Avg Train Loss: 2.2888, Avg Validation Loss: 2.2979
Epoch 134, Avg Train Loss: 2.2831, Avg Validation Loss: 2.2791
Epoch 135, Avg Train Loss: 2.2861, Avg Validation Loss: 2.2931
Epoch 136, Avg Train Loss: 2.2853, Avg Validation Loss: 2.2943
Epoch 137, Avg Train Loss: 2.2867, Avg Validation Loss: 2.2818
Epoch 138, Avg Train Loss: 2.2856, Avg Validation Loss: 2.2894
Epoch 139, Avg Train Loss: 2.2888, Avg Validation Loss: 2.2930
Epoch 140, Avg Train Loss: 2.2806, Avg Validation Loss: 2.2780
Epoch 141, Avg Train Loss: 2.2824, Avg Validation Loss: 2.2964
Epoch 142, Avg Train Loss: 2.2855, Avg Validation Loss: 2.2754
Epoch 143, Avg Train Loss: 2.2825, Avg Validation Loss: 2.2790
Epoch 144, Avg Train Loss: 2.2812, Avg Validation Loss: 2.2909
Epoch 145, Avg Train Loss: 2.2826, Avg Validation Loss: 2.3015
Epoch 146, Avg Train Loss: 2.2822, Avg Validation Loss: 2.3031
Epoch 147, Avg Train Loss: 2.2803, Avg Validation Loss: 2.2889
Epoch 148, Avg Train Loss: 2.2837, Avg Validation Loss: 2.2899
Epoch 149, Avg Train Loss: 2.2815, Avg Validation Loss: 2.3026
Epoch 150, Avg Train Loss: 2.2829, Avg Validation Loss: 2.2849
Epoch 151, Avg Train Loss: 2.2840, Avg Validation Loss: 2.2986
Early stopping triggered
Best model loaded successfully.
KL divergence saved successfully.
KL divergence saved successfully.
