Initial weights: [0.01666667 0.01666667 0.01666667 0.01666667 0.01666667 0.01666667
 0.01666667 0.01666667 0.01666667 0.01666667 0.01666667 0.01666667
 0.01666667 0.01666667 0.01666667 0.01666667 0.01666667 0.01666667
 0.01666667 0.01666667 0.01666667 0.01666667 0.01666667 0.01666667
 0.01666667 0.01666667 0.01666667 0.01666667 0.01666667 0.01666667
 0.01666667 0.01666667 0.01666667 0.01666667 0.01666667 0.01666667
 0.01666667 0.01666667 0.01666667 0.01666667 0.01666667 0.01666667
 0.01666667 0.01666667 0.01666667 0.01666667 0.01666667 0.01666667
 0.01666667 0.01666667 0.01666667 0.01666667 0.01666667 0.01666667
 0.01666667 0.01666667 0.01666667 0.01666667 0.01666667 0.01666667]
w_i_init_torch: tensor([-0.0188, -0.0271, -0.0033, -0.0210, -0.0126,  0.0083,  0.0300, -0.0235,
         0.0511,  0.0381, -0.0388,  0.0010,  0.0339, -0.0237,  0.0223,  0.0202,
         0.0235,  0.0133,  0.0159, -0.0232,  0.0067,  0.0240, -0.0046,  0.0197,
        -0.0194, -0.0160, -0.0292,  0.0127,  0.0298, -0.0157,  0.0205,  0.0317,
         0.0189, -0.0124,  0.0151, -0.0151, -0.0368,  0.0120, -0.0073, -0.0032,
        -0.0140, -0.0266, -0.0253,  0.0247,  0.0037, -0.0026,  0.0248, -0.0236,
        -0.0189,  0.0040,  0.0266, -0.0125, -0.0314, -0.0145,  0.0152, -0.0044,
         0.0085, -0.0351,  0.0120,  0.0063], dtype=torch.float64,
       requires_grad=True)
Attempt 1: Optimization failed with error: list index out of range
w_i_init_torch: tensor([ 0.0167, -0.0112, -0.0366, -0.0178,  0.0057, -0.0414,  0.0156,  0.0217,
        -0.0320,  0.0204,  0.0092,  0.0106,  0.0153, -0.0004, -0.0287, -0.0153,
        -0.0084, -0.0106, -0.0294, -0.0172,  0.0163,  0.0176,  0.0172, -0.0323,
         0.0159,  0.0180,  0.0272, -0.0169, -0.0216, -0.0376, -0.0214, -0.0060,
         0.0049, -0.0206, -0.0100,  0.0175, -0.0217, -0.0182, -0.0156,  0.0146,
        -0.0213, -0.0021,  0.0246,  0.0030, -0.0005,  0.0106, -0.0250, -0.0236,
        -0.0090,  0.0114,  0.0057, -0.0312,  0.0287, -0.0154, -0.0263, -0.0064,
         0.0182, -0.0162,  0.0246,  0.0211], dtype=torch.float64,
       requires_grad=True)
Attempt 2: Optimization failed with error: list index out of range
w_i_init_torch: tensor([ 0.0227,  0.0400,  0.0247,  0.0271,  0.0235, -0.0110, -0.0180, -0.0309,
         0.0145,  0.0047,  0.0255, -0.0075, -0.0003,  0.0212, -0.0109, -0.0455,
        -0.0164, -0.0245, -0.0162, -0.0218,  0.0397,  0.0327, -0.0049,  0.0043,
         0.0169,  0.0352,  0.0227, -0.0409,  0.0329,  0.0160,  0.0139,  0.0008,
        -0.0252, -0.0266, -0.0284, -0.0230, -0.0087,  0.0171,  0.0294, -0.0285,
         0.0102, -0.0141,  0.0082, -0.0101, -0.0182, -0.0033, -0.0220,  0.0087,
         0.0057,  0.0212, -0.0276,  0.0210, -0.0249,  0.0065, -0.0083,  0.0225,
         0.0037,  0.0218, -0.0202, -0.0119], dtype=torch.float64,
       requires_grad=True)
Attempt 3: Optimization failed with error: list index out of range
w_i_init_torch: tensor([ 0.0265,  0.0302,  0.0430, -0.0083, -0.0076, -0.0239, -0.0202, -0.0147,
        -0.0100,  0.0083, -0.0199, -0.0206, -0.0218,  0.0446,  0.0059,  0.0106,
        -0.0310, -0.0047, -0.0011, -0.0125,  0.0131, -0.0072,  0.0245,  0.0023,
        -0.0119,  0.0127, -0.0065, -0.0120,  0.0135, -0.0109, -0.0271, -0.0233,
         0.0056, -0.0264, -0.0113,  0.0252,  0.0107, -0.0139,  0.0127,  0.0289,
        -0.0159, -0.0224,  0.0253,  0.0110,  0.0183, -0.0291,  0.0065,  0.0141,
         0.0325, -0.0097,  0.0247, -0.0130,  0.0447, -0.0156, -0.0190,  0.0185,
         0.0097, -0.0192,  0.0248, -0.0363], dtype=torch.float64,
       requires_grad=True)
Attempt 4: Optimization failed with error: list index out of range
w_i_init_torch: tensor([-0.0217,  0.0328,  0.0028, -0.0150,  0.0189, -0.0381, -0.0141, -0.0041,
         0.0115, -0.0190, -0.0169,  0.0088,  0.0099, -0.0235, -0.0046,  0.0407,
        -0.0234,  0.0107, -0.0223, -0.0067, -0.0300, -0.0078,  0.0264,  0.0165,
        -0.0154, -0.0046, -0.0225, -0.0169, -0.0192,  0.0146, -0.0265,  0.0106,
        -0.0172,  0.0199,  0.0171,  0.0163, -0.0336,  0.0026,  0.0023,  0.0179,
        -0.0184, -0.0208, -0.0111, -0.0054, -0.0191,  0.0068,  0.0207,  0.0128,
        -0.0185, -0.0161,  0.0178,  0.0016,  0.0243,  0.0209,  0.0084, -0.0144,
         0.0062,  0.0262,  0.0224,  0.0360], dtype=torch.float64,
       requires_grad=True)
Attempt 5: Optimization failed with error: list index out of range
w_i_init_torch: tensor([ 0.0230, -0.0141,  0.0236,  0.0140,  0.0132, -0.0246, -0.0124, -0.0140,
        -0.0127, -0.0273,  0.0359, -0.0235, -0.0144,  0.0087, -0.0097, -0.0106,
         0.0043,  0.0172,  0.0410,  0.0082,  0.0177, -0.0029, -0.0052, -0.0069,
        -0.0174,  0.0274,  0.0158, -0.0138, -0.0010,  0.0085, -0.0149, -0.0067,
         0.0163, -0.0255, -0.0171, -0.0304,  0.0431,  0.0098, -0.0106,  0.0147,
         0.0083, -0.0129,  0.0045,  0.0204,  0.0168,  0.0174, -0.0212,  0.0229,
        -0.0144, -0.0196, -0.0178,  0.0178, -0.0163,  0.0016,  0.0185,  0.0181,
        -0.0247,  0.0276,  0.0128,  0.0024], dtype=torch.float64,
       requires_grad=True)
Attempt 6: Optimization failed with error: list index out of range
w_i_init_torch: tensor([ 0.0067, -0.0237, -0.0177, -0.0112,  0.0225,  0.0076,  0.0297, -0.0116,
         0.0269, -0.0068,  0.0239, -0.0249, -0.0231, -0.0122, -0.0160, -0.0191,
        -0.0158,  0.0247, -0.0242,  0.0114,  0.0064,  0.0181, -0.0158, -0.0183,
        -0.0102, -0.0222,  0.0129,  0.0221, -0.0277, -0.0127, -0.0170, -0.0162,
         0.0099, -0.0213, -0.0149,  0.0207, -0.0132, -0.0286, -0.0128, -0.0162,
         0.0175, -0.0206,  0.0229, -0.0150,  0.0132, -0.0130,  0.0217,  0.0087,
         0.0226, -0.0220,  0.0196, -0.0027,  0.0175, -0.0270,  0.0154,  0.0041,
        -0.0149, -0.0171, -0.0117,  0.0048], dtype=torch.float64,
       requires_grad=True)
Attempt 7: Optimization failed with error: list index out of range
w_i_init_torch: tensor([ 1.4331e-02, -1.4782e-02,  5.4150e-03, -1.8627e-03,  6.0113e-03,
         1.0897e-02, -2.3139e-02,  1.3177e-02,  1.2441e-02,  2.0356e-02,
        -1.1246e-02, -2.1859e-02,  1.5787e-02, -1.9818e-02, -2.7435e-03,
         9.3607e-03, -2.9433e-02, -1.5622e-03, -3.2381e-03, -3.2327e-02,
         9.2314e-04,  1.0151e-02,  3.4071e-03, -7.9300e-03,  2.0078e-02,
        -1.6800e-02,  1.6055e-02,  1.3095e-03,  1.8962e-02, -2.5203e-02,
         2.5792e-02, -1.1774e-02, -1.5121e-02, -5.9896e-03,  2.7093e-02,
         2.5986e-02,  1.5478e-02,  3.9430e-02,  9.6784e-03, -7.9553e-03,
        -9.2969e-03, -1.8655e-02, -1.8735e-02,  3.4517e-02,  1.8235e-02,
        -2.4233e-02,  2.9421e-02, -4.4628e-03, -8.7784e-03, -1.1707e-02,
        -1.8915e-02,  2.6103e-02, -1.7594e-02, -2.4881e-02, -2.1851e-02,
         1.3585e-02,  1.9078e-02,  1.6231e-02, -3.1822e-02,  8.4893e-06],
       dtype=torch.float64, requires_grad=True)
Attempt 8: Optimization failed with error: list index out of range
w_i_init_torch: tensor([ 0.0153, -0.0089, -0.0340, -0.0201, -0.0077, -0.0243, -0.0233,  0.0087,
        -0.0147, -0.0219,  0.0210, -0.0089, -0.0258, -0.0266, -0.0102,  0.0337,
        -0.0052,  0.0082, -0.0234,  0.0203,  0.0172, -0.0086,  0.0046,  0.0182,
         0.0261,  0.0151, -0.0046,  0.0297,  0.0157,  0.0153, -0.0171,  0.0131,
         0.0048,  0.0400,  0.0111, -0.0269,  0.0207,  0.0181, -0.0110,  0.0119,
         0.0272,  0.0163,  0.0197, -0.0130, -0.0166,  0.0255, -0.0158, -0.0135,
        -0.0350, -0.0275, -0.0203,  0.0049,  0.0097,  0.0112,  0.0247,  0.0115,
        -0.0046,  0.0401,  0.0176, -0.0128], dtype=torch.float64,
       requires_grad=True)
Attempt 9: Optimization failed with error: list index out of range
w_i_init_torch: tensor([ 0.0261,  0.0096, -0.0182,  0.0139, -0.0049,  0.0194, -0.0140, -0.0221,
         0.0154, -0.0201,  0.0363, -0.0167,  0.0404, -0.0047,  0.0060, -0.0103,
        -0.0167, -0.0203,  0.0156, -0.0089,  0.0401, -0.0159,  0.0187,  0.0257,
         0.0089,  0.0145, -0.0014,  0.0211,  0.0218, -0.0188, -0.0244,  0.0214,
        -0.0197, -0.0057,  0.0225, -0.0067,  0.0232, -0.0232,  0.0037, -0.0182,
         0.0194, -0.0293, -0.0041, -0.0137,  0.0171, -0.0159, -0.0102,  0.0149,
        -0.0086,  0.0255,  0.0161, -0.0095, -0.0093, -0.0182, -0.0305, -0.0171,
        -0.0172, -0.0080,  0.0292,  0.0079], dtype=torch.float64,
       requires_grad=True)
Attempt 10: Optimization failed with error: list index out of range
w_i_init_torch: tensor([-0.0206, -0.0113, -0.0096,  0.0067, -0.0172,  0.0070,  0.0056, -0.0017,
        -0.0217, -0.0127,  0.0211,  0.0249,  0.0255, -0.0153,  0.0283,  0.0167,
         0.0187,  0.0099,  0.0187, -0.0046, -0.0097,  0.0146,  0.0106,  0.0258,
         0.0004, -0.0145, -0.0191, -0.0299,  0.0006,  0.0150,  0.0210,  0.0096,
        -0.0264, -0.0234,  0.0277, -0.0105,  0.0185, -0.0129, -0.0081,  0.0269,
         0.0178, -0.0182, -0.0208,  0.0208, -0.0323, -0.0299, -0.0088, -0.0130,
        -0.0092,  0.0081, -0.0117,  0.0092,  0.0202, -0.0177,  0.0010,  0.0228,
        -0.0172, -0.0086, -0.0042,  0.0245], dtype=torch.float64,
       requires_grad=True)
Attempt 11: Optimization failed with error: list index out of range
w_i_init_torch: tensor([ 0.0166, -0.0127,  0.0326,  0.0157, -0.0157, -0.0292,  0.0165, -0.0350,
         0.0421, -0.0203,  0.0146,  0.0224,  0.0087,  0.0152,  0.0103,  0.0259,
        -0.0095, -0.0037, -0.0101, -0.0084,  0.0341, -0.0123,  0.0202,  0.0099,
         0.0006,  0.0024,  0.0264,  0.0308,  0.0348, -0.0173, -0.0267,  0.0115,
        -0.0236, -0.0203, -0.0146,  0.0152, -0.0166,  0.0053,  0.0128,  0.0162,
        -0.0101, -0.0114,  0.0090,  0.0036,  0.0273, -0.0088, -0.0253, -0.0029,
         0.0129, -0.0084,  0.0114,  0.0168,  0.0159,  0.0135,  0.0211, -0.0231,
         0.0132,  0.0233,  0.0142,  0.0214], dtype=torch.float64,
       requires_grad=True)
Attempt 12: Optimization failed with error: list index out of range
w_i_init_torch: tensor([-2.6299e-02, -1.5821e-02,  2.2368e-02, -3.5349e-04, -1.0688e-02,
         1.4709e-02, -8.6700e-05, -4.7249e-03,  2.9562e-02, -1.8875e-02,
        -1.2212e-02, -1.1560e-02,  1.2689e-02,  1.7385e-02,  3.6959e-02,
        -1.3493e-02,  2.0349e-02,  1.2047e-02, -1.5889e-02, -1.2065e-02,
        -1.6375e-02,  1.7538e-02, -9.3726e-03, -3.2892e-02, -2.4598e-02,
        -6.4288e-03,  2.5540e-02, -1.2420e-02, -2.1199e-02, -2.3147e-02,
        -2.6753e-02,  1.8302e-02,  1.5615e-02, -1.4919e-03,  2.3820e-02,
        -3.8226e-03,  1.6826e-02,  2.5236e-02, -1.4854e-03, -1.4788e-02,
        -1.2772e-03,  3.5935e-03, -7.5849e-03,  3.5300e-03, -1.6815e-02,
        -1.8663e-02, -2.4115e-02,  2.9518e-02,  7.8362e-03, -1.5296e-02,
        -2.2941e-02,  2.2424e-02,  3.4012e-02,  2.2108e-02,  1.3164e-02,
         1.0157e-02,  3.6577e-02,  2.0372e-02,  9.2232e-05,  2.6098e-03],
       dtype=torch.float64, requires_grad=True)
Attempt 13: Optimization failed with error: list index out of range
w_i_init_torch: tensor([-0.0201,  0.0244,  0.0229, -0.0115,  0.0072,  0.0116,  0.0088, -0.0035,
        -0.0063,  0.0248, -0.0124,  0.0018, -0.0218, -0.0250, -0.0173, -0.0109,
         0.0029, -0.0149, -0.0020, -0.0359,  0.0062, -0.0017,  0.0089,  0.0167,
        -0.0100, -0.0406,  0.0260,  0.0055, -0.0265, -0.0261, -0.0132,  0.0208,
         0.0246,  0.0218, -0.0082, -0.0252, -0.0064,  0.0233,  0.0211, -0.0145,
        -0.0097, -0.0108,  0.0005, -0.0234,  0.0177, -0.0127, -0.0008, -0.0130,
        -0.0375,  0.0179,  0.0021,  0.0237,  0.0261, -0.0122,  0.0280,  0.0279,
         0.0199,  0.0135,  0.0306, -0.0122], dtype=torch.float64,
       requires_grad=True)
Attempt 14: Optimization failed with error: list index out of range
w_i_init_torch: tensor([ 0.0140, -0.0136, -0.0008, -0.0249, -0.0194,  0.0238,  0.0167,  0.0239,
         0.0162, -0.0181, -0.0180, -0.0298, -0.0295, -0.0099,  0.0022,  0.0137,
        -0.0227,  0.0205,  0.0089,  0.0237, -0.0313,  0.0220,  0.0171, -0.0265,
         0.0219,  0.0216, -0.0110, -0.0160, -0.0114,  0.0104,  0.0254, -0.0225,
         0.0211,  0.0076, -0.0251,  0.0035, -0.0128,  0.0291, -0.0312,  0.0116,
        -0.0068, -0.0308,  0.0095, -0.0068,  0.0221,  0.0143,  0.0301,  0.0368,
         0.0100,  0.0119,  0.0246, -0.0002, -0.0279, -0.0288,  0.0375, -0.0138,
         0.0294, -0.0003,  0.0056, -0.0049], dtype=torch.float64,
       requires_grad=True)
Attempt 15: Optimization failed with error: list index out of range
w_i_init_torch: tensor([ 0.0241, -0.0192,  0.0084, -0.0228, -0.0340, -0.0251,  0.0167,  0.0025,
        -0.0102, -0.0252, -0.0252, -0.0219, -0.0148,  0.0365,  0.0162, -0.0174,
        -0.0144, -0.0037, -0.0205,  0.0139, -0.0196,  0.0052, -0.0356,  0.0145,
         0.0216, -0.0024,  0.0094, -0.0116, -0.0163, -0.0110,  0.0166, -0.0095,
         0.0072, -0.0181, -0.0002,  0.0189, -0.0120,  0.0144, -0.0145,  0.0030,
         0.0207,  0.0170, -0.0334, -0.0069,  0.0241, -0.0062,  0.0254,  0.0016,
         0.0011, -0.0151,  0.0106,  0.0229, -0.0250,  0.0076, -0.0005, -0.0011,
         0.0202,  0.0198,  0.0044, -0.0174], dtype=torch.float64,
       requires_grad=True)
Attempt 16: Optimization failed with error: list index out of range
w_i_init_torch: tensor([ 0.0314, -0.0107, -0.0019, -0.0164, -0.0277, -0.0219, -0.0154, -0.0099,
         0.0182, -0.0151, -0.0130,  0.0065,  0.0246, -0.0252,  0.0185,  0.0148,
         0.0063, -0.0086,  0.0059,  0.0166, -0.0237,  0.0224, -0.0134,  0.0376,
        -0.0246, -0.0062, -0.0119,  0.0167,  0.0242, -0.0137, -0.0297, -0.0089,
        -0.0136, -0.0267,  0.0162,  0.0033,  0.0264, -0.0269,  0.0037, -0.0146,
        -0.0033,  0.0162,  0.0201,  0.0171,  0.0146, -0.0022, -0.0162, -0.0088,
         0.0293,  0.0027, -0.0298,  0.0156, -0.0114,  0.0033,  0.0113, -0.0241,
         0.0444, -0.0124,  0.0348, -0.0002], dtype=torch.float64,
       requires_grad=True)
Attempt 17: Optimization failed with error: list index out of range
w_i_init_torch: tensor([ 0.0027, -0.0227, -0.0272, -0.0373,  0.0227, -0.0142,  0.0340, -0.0256,
         0.0012,  0.0079, -0.0259, -0.0114,  0.0144, -0.0155,  0.0225,  0.0117,
        -0.0275, -0.0213, -0.0219,  0.0278, -0.0214, -0.0011, -0.0251, -0.0104,
        -0.0176,  0.0176,  0.0109,  0.0017, -0.0087, -0.0216, -0.0150, -0.0180,
        -0.0026,  0.0242, -0.0165,  0.0253, -0.0191, -0.0140,  0.0176, -0.0023,
        -0.0043, -0.0256, -0.0075,  0.0033,  0.0129,  0.0197, -0.0083,  0.0103,
        -0.0015, -0.0057,  0.0015, -0.0086, -0.0033, -0.0124, -0.0127, -0.0096,
         0.0126, -0.0276, -0.0281,  0.0046], dtype=torch.float64,
       requires_grad=True)
Attempt 18: Optimization failed with error: list index out of range
w_i_init_torch: tensor([ 0.0056,  0.0058,  0.0096,  0.0143,  0.0197, -0.0265, -0.0322, -0.0173,
         0.0270,  0.0188, -0.0106,  0.0153,  0.0119,  0.0090,  0.0125,  0.0110,
         0.0409,  0.0103,  0.0161,  0.0125, -0.0061, -0.0148, -0.0112,  0.0197,
        -0.0089, -0.0419, -0.0216,  0.0132,  0.0233, -0.0129,  0.0199, -0.0099,
         0.0080, -0.0002,  0.0276,  0.0281, -0.0031, -0.0192,  0.0083,  0.0046,
        -0.0149,  0.0121, -0.0013, -0.0303, -0.0027, -0.0084, -0.0154, -0.0296,
         0.0055,  0.0288,  0.0245, -0.0211,  0.0243,  0.0084, -0.0168, -0.0072,
        -0.0040,  0.0279,  0.0163,  0.0104], dtype=torch.float64,
       requires_grad=True)
Attempt 19: Optimization failed with error: list index out of range
w_i_init_torch: tensor([-0.0081, -0.0220, -0.0164,  0.0005,  0.0121, -0.0160,  0.0160, -0.0226,
         0.0088,  0.0133, -0.0141,  0.0065,  0.0042,  0.0220,  0.0118,  0.0188,
         0.0102,  0.0170,  0.0068, -0.0145, -0.0251, -0.0130,  0.0235,  0.0345,
        -0.0028, -0.0324,  0.0152, -0.0207, -0.0040, -0.0162,  0.0235,  0.0308,
        -0.0421,  0.0078, -0.0211,  0.0215,  0.0069, -0.0227, -0.0204, -0.0267,
         0.0037, -0.0098,  0.0262, -0.0069, -0.0091, -0.0049,  0.0022, -0.0168,
        -0.0228, -0.0105,  0.0307, -0.0140, -0.0230,  0.0364,  0.0308, -0.0191,
         0.0139,  0.0039,  0.0220,  0.0325], dtype=torch.float64,
       requires_grad=True)
Attempt 20: Optimization failed with error: list index out of range
w_i_init_torch: tensor([-0.0251,  0.0138,  0.0231,  0.0201, -0.0347,  0.0196, -0.0222,  0.0301,
        -0.0027,  0.0109, -0.0398, -0.0090, -0.0133,  0.0188, -0.0197, -0.0261,
        -0.0185, -0.0155,  0.0318,  0.0382,  0.0058, -0.0073,  0.0041,  0.0317,
         0.0216, -0.0182, -0.0147, -0.0027,  0.0135, -0.0049,  0.0231, -0.0178,
        -0.0120,  0.0098, -0.0185,  0.0213, -0.0260,  0.0230,  0.0005,  0.0260,
        -0.0028,  0.0093, -0.0035,  0.0188,  0.0341, -0.0169, -0.0125, -0.0194,
         0.0334,  0.0012,  0.0170, -0.0182,  0.0234, -0.0140, -0.0178,  0.0058,
        -0.0218,  0.0119,  0.0261,  0.0445], dtype=torch.float64,
       requires_grad=True)
Attempt 21: Optimization failed with error: list index out of range
w_i_init_torch: tensor([ 0.0109, -0.0105, -0.0233,  0.0346, -0.0190,  0.0155, -0.0227, -0.0310,
         0.0174,  0.0126,  0.0168,  0.0108,  0.0188, -0.0182,  0.0310,  0.0264,
        -0.0064, -0.0218, -0.0278, -0.0087,  0.0032,  0.0130, -0.0153,  0.0077,
        -0.0151, -0.0161,  0.0246, -0.0068,  0.0076,  0.0214,  0.0074, -0.0160,
         0.0215, -0.0048, -0.0095, -0.0020,  0.0226,  0.0126,  0.0095, -0.0040,
        -0.0100,  0.0193,  0.0217, -0.0085,  0.0155, -0.0084,  0.0017,  0.0061,
         0.0185, -0.0105,  0.0177,  0.0126,  0.0124,  0.0069, -0.0118, -0.0381,
        -0.0049, -0.0244,  0.0209, -0.0019], dtype=torch.float64,
       requires_grad=True)
Attempt 22: Optimization failed with error: list index out of range
w_i_init_torch: tensor([-0.0224, -0.0098, -0.0176, -0.0104, -0.0195, -0.0047,  0.0188, -0.0060,
         0.0010,  0.0113, -0.0257,  0.0152,  0.0096, -0.0051,  0.0276, -0.0002,
         0.0212, -0.0155,  0.0034,  0.0118, -0.0213, -0.0141, -0.0230,  0.0154,
         0.0098, -0.0119,  0.0173,  0.0093,  0.0365, -0.0100, -0.0176,  0.0255,
         0.0091, -0.0123,  0.0034,  0.0152, -0.0123, -0.0275, -0.0279, -0.0088,
        -0.0015, -0.0187, -0.0142,  0.0007,  0.0208,  0.0165, -0.0040, -0.0356,
         0.0204, -0.0092,  0.0105,  0.0385, -0.0243,  0.0060,  0.0067, -0.0161,
        -0.0034,  0.0141,  0.0109, -0.0217], dtype=torch.float64,
       requires_grad=True)
Attempt 23: Optimization failed with error: list index out of range
w_i_init_torch: tensor([ 0.0279, -0.0004, -0.0211,  0.0279, -0.0250, -0.0029,  0.0103,  0.0387,
        -0.0209,  0.0131,  0.0095,  0.0118,  0.0102, -0.0272, -0.0175,  0.0334,
        -0.0179,  0.0314, -0.0067,  0.0155, -0.0240,  0.0110, -0.0099, -0.0186,
         0.0201,  0.0047, -0.0301,  0.0014,  0.0219, -0.0109, -0.0143,  0.0030,
        -0.0321,  0.0087,  0.0107, -0.0182,  0.0101,  0.0327,  0.0218, -0.0355,
         0.0235, -0.0043, -0.0079,  0.0209, -0.0262,  0.0362, -0.0011,  0.0152,
        -0.0015,  0.0086, -0.0037, -0.0075,  0.0153, -0.0144, -0.0043, -0.0177,
         0.0415, -0.0384, -0.0128,  0.0019], dtype=torch.float64,
       requires_grad=True)
Attempt 24: Optimization failed with error: list index out of range
w_i_init_torch: tensor([ 0.0203, -0.0164,  0.0103, -0.0123, -0.0246,  0.0188,  0.0097, -0.0110,
        -0.0222,  0.0071, -0.0331, -0.0203,  0.0067,  0.0106, -0.0163,  0.0050,
        -0.0127,  0.0346,  0.0091,  0.0204, -0.0183,  0.0245,  0.0090,  0.0216,
        -0.0068,  0.0127,  0.0091,  0.0129, -0.0189, -0.0190,  0.0104, -0.0254,
         0.0178,  0.0013, -0.0032,  0.0039,  0.0141, -0.0265, -0.0284, -0.0220,
        -0.0439,  0.0013, -0.0294,  0.0271,  0.0170, -0.0095, -0.0008,  0.0246,
        -0.0232, -0.0240, -0.0061, -0.0180, -0.0247, -0.0091,  0.0196,  0.0365,
        -0.0115, -0.0367, -0.0227, -0.0219], dtype=torch.float64,
       requires_grad=True)
Attempt 25: Optimization failed with error: list index out of range
w_i_init_torch: tensor([-0.0154, -0.0211, -0.0312,  0.0281,  0.0155,  0.0049,  0.0366,  0.0286,
        -0.0207,  0.0166,  0.0211, -0.0068, -0.0034,  0.0171, -0.0112, -0.0152,
        -0.0071,  0.0039, -0.0289, -0.0117,  0.0050,  0.0220, -0.0216, -0.0158,
        -0.0300,  0.0272, -0.0022, -0.0003, -0.0328,  0.0052, -0.0100, -0.0157,
         0.0134,  0.0056,  0.0116, -0.0159, -0.0329, -0.0039, -0.0248,  0.0336,
        -0.0139,  0.0081, -0.0104, -0.0282,  0.0157,  0.0162,  0.0202,  0.0120,
        -0.0140,  0.0191, -0.0267, -0.0180, -0.0121,  0.0010, -0.0206, -0.0058,
         0.0283, -0.0025, -0.0362, -0.0420], dtype=torch.float64,
       requires_grad=True)
Attempt 26: Optimization failed with error: list index out of range
w_i_init_torch: tensor([ 0.0198, -0.0260, -0.0119,  0.0124,  0.0200,  0.0354, -0.0187, -0.0313,
        -0.0101, -0.0222, -0.0141,  0.0243, -0.0115, -0.0172, -0.0043, -0.0110,
        -0.0306, -0.0258,  0.0202, -0.0172,  0.0306,  0.0128, -0.0151,  0.0085,
         0.0011, -0.0142, -0.0081, -0.0090,  0.0095, -0.0107, -0.0042,  0.0225,
        -0.0127, -0.0203, -0.0045, -0.0187, -0.0196,  0.0243,  0.0407,  0.0207,
        -0.0214,  0.0144,  0.0106,  0.0074,  0.0086,  0.0139, -0.0008, -0.0127,
        -0.0209,  0.0045, -0.0295, -0.0230,  0.0230, -0.0262,  0.0173,  0.0153,
        -0.0296, -0.0288, -0.0252,  0.0151], dtype=torch.float64,
       requires_grad=True)
Attempt 27: Optimization failed with error: list index out of range
w_i_init_torch: tensor([ 0.0108,  0.0164, -0.0080,  0.0312, -0.0436, -0.0220,  0.0124, -0.0461,
        -0.0345,  0.0038, -0.0143,  0.0262, -0.0257,  0.0120, -0.0111,  0.0073,
         0.0333,  0.0155, -0.0247, -0.0176,  0.0313, -0.0157, -0.0197, -0.0128,
        -0.0124,  0.0186,  0.0257,  0.0192, -0.0072, -0.0201, -0.0102, -0.0011,
         0.0138, -0.0254, -0.0154,  0.0174, -0.0266, -0.0257, -0.0097, -0.0246,
         0.0248, -0.0321,  0.0080, -0.0130,  0.0215, -0.0023, -0.0039,  0.0147,
         0.0211,  0.0164, -0.0041, -0.0271,  0.0141, -0.0036, -0.0151, -0.0084,
         0.0250,  0.0032,  0.0244, -0.0167], dtype=torch.float64,
       requires_grad=True)
Attempt 28: Optimization failed with error: list index out of range
w_i_init_torch: tensor([ 7.0854e-03, -1.4004e-02, -8.2531e-03,  5.4591e-03, -1.2388e-02,
         1.5248e-02, -2.6722e-02, -1.2290e-02,  1.1912e-02, -1.0651e-02,
         1.8959e-02,  2.1547e-02, -2.0392e-02,  8.6496e-03, -1.1310e-02,
         1.1092e-02,  1.3214e-02, -2.5800e-02, -2.0508e-02,  1.7644e-02,
        -1.5177e-02, -2.3255e-02,  3.6036e-03,  1.8022e-02, -1.7013e-02,
         3.6676e-02, -1.9139e-02,  2.4218e-02,  2.7925e-05, -1.3837e-02,
        -2.3441e-02, -3.0531e-03,  2.4440e-02,  8.1744e-03, -9.4856e-03,
        -4.7973e-04, -2.7643e-02,  2.9907e-02,  2.6423e-02,  1.9064e-02,
        -1.7802e-02,  1.5533e-02,  2.2055e-03,  1.4182e-02,  2.1061e-03,
         1.6062e-02, -1.5522e-02,  1.8220e-02,  2.1053e-02,  2.3768e-02,
        -1.7907e-02, -2.5160e-02, -1.4841e-02, -1.8012e-02, -1.1815e-02,
         1.5169e-02,  2.0595e-02,  1.3187e-02, -2.3310e-02,  1.4117e-02],
       dtype=torch.float64, requires_grad=True)
Attempt 29: Optimization failed with error: list index out of range
w_i_init_torch: tensor([-1.3303e-02,  2.3710e-02, -1.1575e-02, -2.2368e-02, -2.8637e-02,
        -1.3860e-02, -1.8472e-02,  3.6796e-02, -3.6285e-02, -2.1408e-02,
         3.3501e-02, -2.0439e-02, -1.3737e-02, -7.6794e-03, -4.8988e-03,
         2.2935e-02, -3.3481e-02, -3.8126e-03, -2.5009e-02,  6.9598e-06,
         1.0697e-02,  2.7873e-02,  2.0009e-04, -8.9289e-03,  1.7931e-02,
        -1.0989e-02,  6.1532e-03, -2.4591e-02,  2.3786e-02,  2.4033e-02,
        -1.3176e-02,  1.9914e-02, -1.6818e-02, -2.3108e-02, -1.0716e-02,
        -1.8713e-02, -1.9722e-03, -9.1029e-03,  4.4486e-03,  2.3394e-02,
        -1.7382e-02, -1.2471e-02, -2.7997e-02, -1.2430e-02, -2.2591e-02,
        -1.2014e-02, -1.4237e-02,  9.1986e-03, -2.1035e-02,  3.4224e-02,
        -2.5211e-02, -1.8724e-02, -1.5040e-02, -2.9633e-03, -2.4831e-02,
        -1.6808e-02,  1.8536e-02, -1.9042e-02,  2.0065e-02, -4.3326e-03],
       dtype=torch.float64, requires_grad=True)
Attempt 30: Optimization failed with error: list index out of range
w_i_init_torch: tensor([-2.9835e-02, -2.6801e-02,  1.5580e-02, -9.3502e-04, -5.4696e-06,
        -3.1376e-02,  4.6526e-03,  1.3730e-02,  9.6237e-03,  7.0429e-04,
        -2.3448e-02, -7.5402e-03, -1.2661e-02,  1.3038e-02, -1.5161e-02,
         1.2185e-02,  2.8373e-02,  2.3417e-02, -1.3506e-02, -2.5529e-03,
         1.8860e-02, -9.8660e-03,  1.5686e-02,  1.4767e-02, -3.5270e-02,
         2.4788e-02,  1.4054e-02, -7.7068e-03,  2.1578e-02,  2.1077e-02,
         1.9771e-02, -3.2631e-02, -1.0345e-02, -6.9157e-03,  2.5573e-03,
         2.6070e-02,  1.8882e-02,  1.8693e-02, -2.1665e-02, -6.3662e-03,
        -2.5419e-02, -1.5144e-02,  1.7345e-03,  1.0892e-02, -1.0430e-02,
        -1.9175e-02, -1.4856e-02,  2.3141e-02,  1.5088e-02, -1.6562e-02,
         2.1808e-02,  1.9963e-02,  3.5165e-02,  2.1786e-02,  9.8896e-03,
        -1.5208e-02,  8.0931e-03, -8.0238e-03,  2.3020e-03, -1.5635e-02],
       dtype=torch.float64, requires_grad=True)
Attempt 31: Optimization failed with error: list index out of range
w_i_init_torch: tensor([-0.0140,  0.0251, -0.0233, -0.0253,  0.0142, -0.0206,  0.0271,  0.0112,
        -0.0187,  0.0277,  0.0259, -0.0122, -0.0392,  0.0299, -0.0191,  0.0173,
         0.0017, -0.0172,  0.0172, -0.0313,  0.0371,  0.0054, -0.0131,  0.0107,
         0.0323,  0.0286,  0.0233, -0.0166,  0.0056, -0.0230,  0.0155,  0.0020,
         0.0077, -0.0132,  0.0110,  0.0016, -0.0177, -0.0085,  0.0227,  0.0070,
         0.0234,  0.0060, -0.0302,  0.0229,  0.0094,  0.0303,  0.0115,  0.0169,
        -0.0201, -0.0237,  0.0243, -0.0202, -0.0118, -0.0184,  0.0050,  0.0159,
         0.0224,  0.0180, -0.0029,  0.0262], dtype=torch.float64,
       requires_grad=True)
Attempt 32: Optimization failed with error: list index out of range
w_i_init_torch: tensor([ 0.0204, -0.0265, -0.0135,  0.0044, -0.0173,  0.0044, -0.0104,  0.0142,
         0.0390,  0.0166, -0.0202, -0.0206,  0.0257,  0.0257,  0.0125, -0.0111,
        -0.0273, -0.0072, -0.0058,  0.0164,  0.0073, -0.0218,  0.0038,  0.0201,
         0.0029, -0.0222,  0.0110, -0.0281, -0.0190,  0.0195, -0.0309,  0.0160,
        -0.0351, -0.0172, -0.0080,  0.0062, -0.0136,  0.0021,  0.0135, -0.0319,
        -0.0216, -0.0049, -0.0079, -0.0310,  0.0532, -0.0016,  0.0355,  0.0095,
         0.0030,  0.0040, -0.0073, -0.0208,  0.0039,  0.0085, -0.0270, -0.0200,
        -0.0235, -0.0095, -0.0053, -0.0134], dtype=torch.float64,
       requires_grad=True)
Attempt 33: Optimization failed with error: list index out of range
w_i_init_torch: tensor([ 0.0042, -0.0180,  0.0196, -0.0153, -0.0569, -0.0088, -0.0278,  0.0288,
         0.0017,  0.0020, -0.0031,  0.0194, -0.0018, -0.0193, -0.0229, -0.0091,
        -0.0149, -0.0227,  0.0317,  0.0121, -0.0165,  0.0181,  0.0303, -0.0178,
        -0.0044,  0.0293, -0.0163,  0.0045,  0.0280,  0.0079,  0.0126,  0.0352,
        -0.0083, -0.0050, -0.0045, -0.0162, -0.0031, -0.0129, -0.0185,  0.0120,
        -0.0132, -0.0168,  0.0094,  0.0218, -0.0190, -0.0137,  0.0136, -0.0136,
        -0.0239, -0.0119,  0.0212,  0.0145, -0.0201, -0.0218,  0.0240,  0.0016,
         0.0325,  0.0095,  0.0314, -0.0210], dtype=torch.float64,
       requires_grad=True)
Attempt 34: Optimization failed with error: list index out of range
w_i_init_torch: tensor([ 0.0043, -0.0170,  0.0248,  0.0242,  0.0047, -0.0194, -0.0402,  0.0228,
         0.0015, -0.0024, -0.0094,  0.0106, -0.0065,  0.0252, -0.0019,  0.0276,
         0.0289, -0.0147,  0.0186,  0.0182, -0.0178,  0.0227, -0.0274, -0.0053,
         0.0163,  0.0241, -0.0343, -0.0090,  0.0233,  0.0127,  0.0344, -0.0238,
        -0.0208,  0.0188, -0.0302, -0.0350,  0.0063, -0.0298, -0.0274,  0.0062,
        -0.0215, -0.0231,  0.0230,  0.0184, -0.0151,  0.0094, -0.0076, -0.0225,
        -0.0069,  0.0176,  0.0092,  0.0244, -0.0090, -0.0163,  0.0116,  0.0273,
         0.0064, -0.0088, -0.0316, -0.0204], dtype=torch.float64,
       requires_grad=True)
Attempt 35: Optimization failed with error: list index out of range
w_i_init_torch: tensor([ 0.0206, -0.0194, -0.0123, -0.0346,  0.0130,  0.0025, -0.0201, -0.0119,
        -0.0239, -0.0165, -0.0123,  0.0126, -0.0063, -0.0251, -0.0124, -0.0187,
         0.0146, -0.0190, -0.0072,  0.0351, -0.0205, -0.0329,  0.0213, -0.0209,
        -0.0302,  0.0280,  0.0233, -0.0187,  0.0067,  0.0100,  0.0193, -0.0030,
        -0.0205,  0.0166,  0.0398,  0.0100,  0.0052, -0.0125,  0.0129,  0.0034,
         0.0134, -0.0039,  0.0070, -0.0055,  0.0103,  0.0061,  0.0207, -0.0177,
         0.0107, -0.0117, -0.0179, -0.0041,  0.0275,  0.0161,  0.0255, -0.0267,
        -0.0342, -0.0194, -0.0062,  0.0043], dtype=torch.float64,
       requires_grad=True)
Attempt 36: Optimization failed with error: list index out of range
w_i_init_torch: tensor([-0.0211,  0.0073,  0.0166, -0.0140,  0.0318, -0.0096, -0.0131, -0.0022,
        -0.0219, -0.0108,  0.0129, -0.0076, -0.0255,  0.0239,  0.0262,  0.0161,
        -0.0210,  0.0336, -0.0011, -0.0122,  0.0104, -0.0076,  0.0174,  0.0142,
         0.0258,  0.0208,  0.0184, -0.0095, -0.0022, -0.0133,  0.0325, -0.0479,
         0.0078,  0.0208,  0.0040,  0.0250,  0.0288, -0.0242, -0.0057, -0.0174,
        -0.0207,  0.0213, -0.0016, -0.0256, -0.0263,  0.0080, -0.0089,  0.0283,
         0.0231, -0.0160,  0.0177, -0.0148,  0.0144, -0.0064,  0.0141, -0.0265,
         0.0122, -0.0294, -0.0249, -0.0201], dtype=torch.float64,
       requires_grad=True)
Attempt 37: Optimization failed with error: list index out of range
w_i_init_torch: tensor([ 0.0149, -0.0250, -0.0191,  0.0183, -0.0086, -0.0064,  0.0247,  0.0124,
        -0.0318,  0.0046, -0.0021, -0.0400,  0.0174,  0.0197,  0.0353,  0.0305,
         0.0213, -0.0068, -0.0232,  0.0146,  0.0220, -0.0134, -0.0197,  0.0188,
         0.0374, -0.0367,  0.0179, -0.0023,  0.0273, -0.0246, -0.0070, -0.0022,
         0.0307, -0.0158,  0.0071,  0.0171,  0.0199, -0.0168, -0.0271,  0.0326,
        -0.0191,  0.0004, -0.0142, -0.0202,  0.0101,  0.0303, -0.0097, -0.0133,
        -0.0229, -0.0054, -0.0088,  0.0258, -0.0115, -0.0042, -0.0096,  0.0276,
         0.0117, -0.0247, -0.0252, -0.0149], dtype=torch.float64,
       requires_grad=True)
Attempt 38: Optimization failed with error: list index out of range
w_i_init_torch: tensor([ 0.0107, -0.0169,  0.0133,  0.0050, -0.0185,  0.0119, -0.0039,  0.0198,
         0.0145,  0.0051, -0.0137, -0.0368, -0.0094, -0.0327, -0.0023,  0.0338,
         0.0145,  0.0242, -0.0134,  0.0340,  0.0063, -0.0184, -0.0069, -0.0045,
         0.0183, -0.0286,  0.0307, -0.0171, -0.0237,  0.0121,  0.0191, -0.0074,
         0.0287, -0.0102,  0.0158,  0.0210,  0.0135, -0.0496,  0.0476,  0.0151,
         0.0317,  0.0160,  0.0120, -0.0018,  0.0218, -0.0189, -0.0169,  0.0128,
        -0.0193, -0.0125,  0.0279, -0.0125,  0.0133, -0.0140, -0.0199,  0.0040,
         0.0026, -0.0155,  0.0134, -0.0298], dtype=torch.float64,
       requires_grad=True)
Attempt 39: Optimization failed with error: list index out of range
w_i_init_torch: tensor([-0.0152, -0.0294,  0.0151, -0.0352,  0.0143, -0.0167, -0.0047,  0.0264,
         0.0030, -0.0166,  0.0068, -0.0023,  0.0136,  0.0294, -0.0108, -0.0236,
         0.0207,  0.0050, -0.0231, -0.0240, -0.0042,  0.0132,  0.0322,  0.0180,
        -0.0203, -0.0190,  0.0162, -0.0183,  0.0022,  0.0322, -0.0021,  0.0182,
         0.0237,  0.0104, -0.0152,  0.0242,  0.0135, -0.0162,  0.0191,  0.0181,
        -0.0144,  0.0133, -0.0230,  0.0165,  0.0278,  0.0202,  0.0030,  0.0187,
        -0.0134, -0.0350,  0.0070, -0.0214,  0.0150,  0.0265, -0.0139, -0.0134,
        -0.0042, -0.0086, -0.0316,  0.0259], dtype=torch.float64,
       requires_grad=True)
Attempt 40: Optimization failed with error: list index out of range
w_i_init_torch: tensor([-0.0186,  0.0331, -0.0161,  0.0213, -0.0340,  0.0239, -0.0228, -0.0148,
         0.0219, -0.0035,  0.0347, -0.0060, -0.0261,  0.0268, -0.0221,  0.0194,
        -0.0201, -0.0119,  0.0077,  0.0273,  0.0213,  0.0233, -0.0164, -0.0126,
        -0.0195,  0.0090, -0.0275,  0.0009, -0.0218, -0.0036,  0.0244, -0.0207,
         0.0252,  0.0311,  0.0038, -0.0408, -0.0254,  0.0323, -0.0127, -0.0100,
        -0.0112,  0.0130,  0.0050, -0.0146, -0.0181, -0.0005, -0.0234,  0.0017,
        -0.0263, -0.0042, -0.0104,  0.0152, -0.0056, -0.0202, -0.0123,  0.0286,
         0.0197,  0.0134,  0.0242, -0.0216], dtype=torch.float64,
       requires_grad=True)
Attempt 41: Optimization failed with error: list index out of range
w_i_init_torch: tensor([ 0.0070, -0.0167, -0.0092,  0.0150,  0.0102,  0.0206,  0.0156, -0.0270,
        -0.0183, -0.0129,  0.0219,  0.0157,  0.0192,  0.0120,  0.0161, -0.0119,
         0.0086,  0.0155,  0.0188, -0.0178,  0.0082,  0.0120,  0.0222,  0.0097,
        -0.0143,  0.0106,  0.0309,  0.0171, -0.0054, -0.0119,  0.0203,  0.0314,
        -0.0290,  0.0190,  0.0298,  0.0392,  0.0278, -0.0133, -0.0174, -0.0089,
        -0.0261,  0.0239,  0.0216, -0.0387, -0.0174, -0.0073,  0.0280,  0.0151,
         0.0102, -0.0339,  0.0210, -0.0346, -0.0063,  0.0145,  0.0245,  0.0301,
        -0.0006,  0.0132, -0.0098,  0.0139], dtype=torch.float64,
       requires_grad=True)
Attempt 42: Optimization failed with error: list index out of range
w_i_init_torch: tensor([-0.0318,  0.0208,  0.0136,  0.0205,  0.0046,  0.0151,  0.0067,  0.0197,
         0.0229, -0.0411,  0.0267,  0.0302, -0.0112,  0.0377, -0.0209,  0.0060,
        -0.0139,  0.0161,  0.0160, -0.0178, -0.0176, -0.0007,  0.0255, -0.0038,
         0.0218, -0.0078,  0.0044,  0.0053,  0.0275,  0.0184, -0.0154,  0.0086,
         0.0011, -0.0168,  0.0248,  0.0233,  0.0218,  0.0418, -0.0057,  0.0169,
         0.0322,  0.0281, -0.0104,  0.0089, -0.0322,  0.0163, -0.0057,  0.0161,
         0.0027, -0.0144, -0.0106, -0.0002, -0.0213, -0.0021, -0.0112,  0.0057,
         0.0030, -0.0123, -0.0167,  0.0008], dtype=torch.float64,
       requires_grad=True)
Attempt 43: Optimization failed with error: list index out of range
w_i_init_torch: tensor([ 0.0150, -0.0281,  0.0122,  0.0175, -0.0021, -0.0123, -0.0187,  0.0161,
        -0.0231, -0.0048,  0.0174, -0.0204,  0.0049, -0.0219,  0.0070,  0.0053,
         0.0058, -0.0220,  0.0412,  0.0016,  0.0309, -0.0141,  0.0181,  0.0286,
        -0.0285,  0.0011, -0.0185, -0.0034, -0.0096,  0.0135,  0.0127, -0.0155,
        -0.0038,  0.0350, -0.0243,  0.0216, -0.0197,  0.0187, -0.0194,  0.0147,
        -0.0259,  0.0125,  0.0241, -0.0087, -0.0220,  0.0045, -0.0137,  0.0101,
        -0.0124,  0.0145, -0.0192, -0.0111,  0.0291, -0.0407, -0.0237, -0.0145,
        -0.0160, -0.0184, -0.0230,  0.0020], dtype=torch.float64,
       requires_grad=True)
Attempt 44: Optimization failed with error: list index out of range
w_i_init_torch: tensor([ 0.0115, -0.0129,  0.0068,  0.0217,  0.0121,  0.0060, -0.0186, -0.0251,
         0.0095, -0.0077,  0.0232,  0.0031,  0.0184,  0.0290,  0.0128, -0.0298,
        -0.0206, -0.0169,  0.0220, -0.0173,  0.0254, -0.0076,  0.0322, -0.0060,
        -0.0126,  0.0306, -0.0036,  0.0053,  0.0413,  0.0048, -0.0214, -0.0301,
         0.0138, -0.0080, -0.0162,  0.0097, -0.0169,  0.0154, -0.0086,  0.0232,
         0.0010,  0.0152, -0.0047, -0.0150, -0.0142,  0.0142,  0.0018,  0.0151,
        -0.0381,  0.0290,  0.0189,  0.0249, -0.0259,  0.0194,  0.0254, -0.0235,
         0.0164, -0.0250,  0.0367, -0.0025], dtype=torch.float64,
       requires_grad=True)
Attempt 45: Optimization failed with error: list index out of range
w_i_init_torch: tensor([-0.0029,  0.0410, -0.0211, -0.0186, -0.0231,  0.0227,  0.0163, -0.0192,
         0.0192, -0.0126, -0.0230,  0.0173, -0.0267,  0.0242, -0.0235, -0.0070,
        -0.0297,  0.0207, -0.0211, -0.0109, -0.0132,  0.0164,  0.0031,  0.0153,
         0.0276, -0.0072, -0.0001,  0.0387, -0.0239,  0.0078,  0.0126, -0.0162,
        -0.0266,  0.0087, -0.0067, -0.0223,  0.0198,  0.0086,  0.0096, -0.0030,
         0.0098, -0.0223, -0.0127, -0.0298, -0.0112,  0.0239, -0.0311, -0.0342,
         0.0097,  0.0160,  0.0251,  0.0054,  0.0093, -0.0134,  0.0037,  0.0244,
         0.0032,  0.0190,  0.0355,  0.0332], dtype=torch.float64,
       requires_grad=True)
Attempt 46: Optimization failed with error: list index out of range
w_i_init_torch: tensor([ 0.0111, -0.0189,  0.0091, -0.0177, -0.0018, -0.0064, -0.0178,  0.0199,
        -0.0179,  0.0226,  0.0175, -0.0181, -0.0259, -0.0116,  0.0055, -0.0239,
        -0.0169,  0.0123, -0.0182,  0.0292,  0.0248, -0.0279, -0.0247,  0.0270,
         0.0156, -0.0215, -0.0087,  0.0136,  0.0249,  0.0072, -0.0212, -0.0217,
         0.0096, -0.0147, -0.0091,  0.0148, -0.0156, -0.0256,  0.0156,  0.0093,
         0.0192,  0.0171,  0.0202, -0.0158,  0.0113,  0.0075,  0.0107, -0.0168,
        -0.0102, -0.0252,  0.0140,  0.0172, -0.0128, -0.0283, -0.0223, -0.0270,
        -0.0178,  0.0036,  0.0391,  0.0194], dtype=torch.float64,
       requires_grad=True)
Attempt 47: Optimization failed with error: list index out of range
w_i_init_torch: tensor([ 0.0262,  0.0176,  0.0221,  0.0089, -0.0230, -0.0145,  0.0129,  0.0009,
        -0.0316,  0.0127,  0.0300,  0.0151, -0.0175,  0.0083,  0.0127,  0.0222,
        -0.0185, -0.0299,  0.0098, -0.0301, -0.0290,  0.0089, -0.0100,  0.0259,
        -0.0210, -0.0339, -0.0233,  0.0155,  0.0178, -0.0121, -0.0251,  0.0168,
         0.0155, -0.0253,  0.0363, -0.0105, -0.0217,  0.0176, -0.0125, -0.0324,
         0.0145,  0.0007, -0.0460, -0.0371,  0.0130,  0.0238, -0.0214,  0.0072,
        -0.0045, -0.0174, -0.0187,  0.0318,  0.0293, -0.0440, -0.0140, -0.0103,
         0.0008,  0.0142,  0.0264,  0.0055], dtype=torch.float64,
       requires_grad=True)
Attempt 48: Optimization failed with error: list index out of range
w_i_init_torch: tensor([-0.0288, -0.0116,  0.0175,  0.0270,  0.0090,  0.0133,  0.0003,  0.0131,
         0.0172,  0.0342,  0.0053, -0.0295,  0.0006,  0.0128, -0.0076, -0.0085,
         0.0181, -0.0045, -0.0292, -0.0114,  0.0157,  0.0140, -0.0067, -0.0380,
        -0.0212, -0.0205, -0.0133,  0.0024, -0.0092,  0.0107, -0.0182,  0.0211,
         0.0085, -0.0107,  0.0124, -0.0135, -0.0229, -0.0266, -0.0097,  0.0242,
        -0.0095, -0.0258, -0.0238, -0.0088,  0.0191,  0.0370, -0.0212, -0.0089,
        -0.0111,  0.0211, -0.0227, -0.0155, -0.0119, -0.0103,  0.0240,  0.0137,
        -0.0364, -0.0146,  0.0301, -0.0159], dtype=torch.float64,
       requires_grad=True)
Attempt 49: Optimization failed with error: list index out of range
w_i_init_torch: tensor([ 0.0274,  0.0122,  0.0266,  0.0281, -0.0183, -0.0049, -0.0264, -0.0220,
         0.0025, -0.0280, -0.0256,  0.0254,  0.0095,  0.0018, -0.0176, -0.0245,
        -0.0124, -0.0369, -0.0168,  0.0134, -0.0064, -0.0060, -0.0075,  0.0255,
        -0.0188, -0.0278,  0.0104,  0.0235, -0.0230, -0.0068, -0.0255,  0.0158,
        -0.0241, -0.0233,  0.0467, -0.0219, -0.0238, -0.0220,  0.0249,  0.0157,
        -0.0004,  0.0242,  0.0240,  0.0183,  0.0007,  0.0017,  0.0149,  0.0263,
         0.0105,  0.0340,  0.0103,  0.0064, -0.0058,  0.0072, -0.0156, -0.0046,
        -0.0205, -0.0049, -0.0187, -0.0249], dtype=torch.float64,
       requires_grad=True)
Attempt 50: Optimization failed with error: list index out of range
