Initial weights: [0.03333333 0.03333333 0.03333333 0.03333333 0.03333333 0.03333333
 0.03333333 0.03333333 0.03333333 0.03333333 0.03333333 0.03333333
 0.03333333 0.03333333 0.03333333 0.03333333 0.03333333 0.03333333
 0.03333333 0.03333333 0.03333333 0.03333333 0.03333333 0.03333333
 0.03333333 0.03333333 0.03333333 0.03333333 0.03333333 0.03333333]
w_i_init_torch: tensor([-0.0148,  0.0411, -0.0390,  0.0260,  0.0270,  0.0277,  0.0445,  0.0357,
        -0.0353,  0.0424,  0.0404, -0.0365,  0.0245,  0.0435,  0.0359,  0.0273,
        -0.0126, -0.0275,  0.0537,  0.0293, -0.0263,  0.0207,  0.0268,  0.0319,
         0.0389,  0.0261,  0.0423,  0.0364,  0.0269, -0.0367],
       dtype=torch.float64, requires_grad=True)
Final loss (NLL): 0.5175703745564525
Final weights: tensor([-0.0409, -0.0420,  0.1275,  0.0114, -0.0392,  0.0973, -0.0519,  0.1822,
         0.0596,  0.1346,  0.1341,  0.0109,  0.0556, -0.1576, -0.0436, -0.0629,
         0.0243,  0.0806,  0.0929,  0.1870,  0.0309,  0.0915, -0.0046,  0.0696,
        -0.0817,  0.0895,  0.0855,  0.0563, -0.0736, -0.0231],
       dtype=torch.float64)
Sum of weights: 0.9999999475450572
Skipping w_7 due to NaN or Inf in NLL values.
Skipping w_10 due to NaN or Inf in NLL values.
Skipping w_19 due to NaN or Inf in NLL values.
Skipping w_26 due to NaN or Inf in NLL values.
