Initial weights: [0.0625 0.0625 0.0625 0.0625 0.0625 0.0625 0.0625 0.0625 0.0625 0.0625
 0.0625 0.0625 0.0625 0.0625 0.0625 0.0625]
Optimization terminated successfully.
         Current function value: 0.551067
         Iterations: 8
         Function evaluations: 56
Final weights (softmax): [0.06342408 0.06291725 0.05573951 0.06118908 0.06404107 0.06538627
 0.06155207 0.06344476 0.06221839 0.0623549  0.06365492 0.06359357
 0.06283664 0.06211485 0.0632365  0.06229622]
Sum of weights: 1.0000001
Max asymmetry of Hessian: 7.136123e-10
Max delta from small input perturbation: 6.5510903e-09
Hessian eigenvalues: [-4.8800146e-05 -1.8363715e-05 -1.0857065e-05 -8.0932532e-06
 -2.0753687e-06 -4.7356920e-07 -5.6228395e-09  7.7671921e-06
  1.0195027e-05  1.8265160e-05  2.2079241e-05  2.9535435e-05
  3.0910433e-05  4.4882818e-05  5.1340750e-05  3.3349104e-04]
Min eigenvalue: -4.8800146e-05 Max eigenvalue: 0.00033349104 Condition number: -6.833812
Jacobian eigenvalues: [-5.4424163e-09  5.6133993e-02  6.1272800e-02  6.1652731e-02
  6.2147651e-02  6.2251188e-02  6.2328454e-02  6.2590167e-02
  6.2874883e-02  6.3071869e-02  6.3305877e-02  6.3434415e-02
  6.3539132e-02  6.3631378e-02  6.3973993e-02  6.5227121e-02]
Weight covariance matrix:
 [[ 2.83517184e+09 -2.21772774e+09 -1.20531690e+07 -4.79311360e+08
   1.48051213e+09  4.42994464e+08 -1.99987264e+08  2.68103040e+09
  -3.42722432e+08 -1.45480512e+09  1.20414541e+09  7.36029440e+08
  -1.97988080e+08 -9.93249664e+08 -4.87986227e+09 -9.06433840e+07]
 [-2.05363494e+09  1.66610867e+09  1.63524640e+07  3.56813696e+08
  -9.65484160e+08 -3.40075104e+08  1.36973904e+08 -2.04034470e+09
   2.40211888e+08  1.06550221e+09 -9.18036928e+08 -5.36409216e+08
   1.23965888e+08  7.33650496e+08  3.52204006e+09  7.70321200e+07]
 [ 6.23110320e+07 -4.22818720e+07  1.44196088e+06 -9.19875100e+06
   6.23367880e+07  6.70674400e+06 -6.48762450e+06  4.33253480e+07
  -9.82767400e+06 -3.19890840e+07  1.80781640e+07  1.78014680e+07
  -8.86435700e+06 -2.03358120e+07 -1.16527264e+08  6.21606000e+05]
 [-3.69204832e+08  2.97878464e+08  3.08646625e+06  6.59421000e+07
  -1.69712912e+08 -6.16239920e+07  2.38704420e+07 -3.69461440e+08
   4.27035800e+07  1.91595328e+08 -1.66306976e+08 -9.71786240e+07
   2.04519940e+07  1.31838880e+08  6.36489600e+08  1.43144160e+07]
 [ 1.53443482e+09 -1.09219482e+09  2.73787160e+07 -2.35664400e+08
   1.43698304e+09  1.84347824e+08 -1.54696720e+08  1.15843290e+09
  -2.38998064e+08 -8.02100096e+08  4.88530176e+08  4.27611040e+08
  -1.86584048e+08 -5.18392032e+08 -2.84211507e+09  1.19480225e+06]
 [ 5.28499936e+08 -4.33735328e+08 -5.85353400e+06 -9.36609840e+07
   2.19670656e+08  9.32382080e+07 -3.28763960e+07  5.46876800e+08
  -5.88758240e+07 -2.75968768e+08  2.45859408e+08  1.34252752e+08
  -2.95862820e+07 -1.90288208e+08 -9.02883904e+08 -2.38220880e+07]
 [-1.08181632e+08  7.67096480e+07 -1.76758362e+06  1.61458480e+07
  -1.00765016e+08 -1.26355510e+07  1.40426310e+07 -7.66436560e+07
   1.76113560e+07  5.63841920e+07 -3.42118680e+07 -3.10254320e+07
   1.53959680e+07  3.67170680e+07  1.89511008e+08  7.39940250e+05]
 [ 2.68626099e+09 -2.20069299e+09 -2.93108960e+07 -4.75377312e+08
   1.11285107e+09  4.65326688e+08 -1.63188352e+08  2.79202355e+09
  -2.94699328e+08 -1.39847974e+09  1.24409165e+09  6.75233472e+08
  -1.40123536e+08 -9.64974080e+08 -4.60345293e+09 -1.20299048e+08]
 [-2.45272064e+08  1.83733728e+08 -1.41253812e+06  3.95730480e+07
  -1.79655504e+08 -3.34096840e+07  2.19044660e+07 -2.02339808e+08
   4.13450720e+07  1.27238152e+08 -9.09945600e+07 -7.06869200e+07
   1.98094960e+07  8.56825200e+07  4.30766432e+08  4.18569075e+06]
 [-1.30723456e+09  1.03396198e+09  5.70437750e+06  2.23299984e+08
  -6.96413952e+08 -2.08599584e+08  9.31427040e+07 -1.25569139e+09
   1.59428896e+08  6.85067584e+08 -5.60822016e+08 -3.37714432e+08
   9.32521120e+07  4.60512032e+08  2.26006374e+09  4.15018120e+07]
 [ 1.25606438e+09 -1.02935110e+09 -1.50747500e+07 -2.22444944e+08
   4.93839904e+08  2.16986880e+08 -7.66817840e+07  1.29137830e+09
  -1.38593760e+08 -6.50589696e+08  5.97466880e+08  3.22583200e+08
  -6.95144320e+07 -4.51643904e+08 -2.13116429e+09 -5.63861120e+07]
 [ 7.98734784e+08 -6.29381184e+08 -2.12829225e+06 -1.37138208e+08
   4.46118016e+08  1.21478640e+08 -6.00681400e+07  7.33188800e+08
  -1.04456104e+08 -4.09175520e+08  3.35519872e+08  2.53416544e+08
  -6.41072600e+07 -2.82162592e+08 -1.40533018e+09 -2.41987180e+07]
 [-1.08162432e+08  6.56156560e+07 -4.18744550e+06  1.32686890e+07
  -1.33859240e+08 -9.44105500e+06  1.60136600e+07 -5.51031440e+07
   1.61594880e+07  5.79675400e+07 -2.75543060e+07 -3.53675960e+07
   6.04562520e+07  2.76934340e+07  1.87268464e+08 -7.11504100e+06]
 [-8.63489664e+08  6.89046720e+08  5.35283250e+06  1.48464096e+08
  -4.31873920e+08 -1.39718544e+08  5.96214680e+07 -8.39754624e+08
   1.04012992e+08  4.45423392e+08 -3.77846240e+08 -2.25670544e+08
   4.96510400e+07  3.12654752e+08  1.48515507e+09  3.28670880e+07]
 [-4.64099635e+09  3.61723341e+09  9.52546300e+06  7.85887040e+08
  -2.62099712e+09 -7.18203264e+08  3.30878656e+08 -4.36824986e+09
   5.69827264e+08  2.39166669e+09 -1.93994483e+09 -1.23340147e+09
   3.24343488e+08  1.62517926e+09  8.17306368e+09  1.36371808e+08]
 [-5.30072450e+06  1.50763970e+07  2.94593200e+06  3.40149425e+06
   4.64502560e+07 -7.37251650e+06 -2.46173075e+06 -3.86680360e+07
  -3.12727625e+06  2.26296250e+06 -1.79736560e+07  5.26543375e+05
  -1.05583000e+07  7.11786150e+06 -3.02326725e+06  1.36350920e+07]]
