Initial weights: [0.0625 0.0625 0.0625 0.0625 0.0625 0.0625 0.0625 0.0625 0.0625 0.0625
 0.0625 0.0625 0.0625 0.0625 0.0625 0.0625]
Optimization terminated successfully.
         Current function value: 0.551067
         Iterations: 8
         Function evaluations: 56
Final weights (softmax): [0.06342408 0.06291725 0.05573951 0.06118908 0.06404107 0.06538627
 0.06155207 0.06344476 0.06221839 0.0623549  0.06365492 0.06359357
 0.06283664 0.06211485 0.0632365  0.06229622]
Condition number: 61451.727
Weight covariance matrix:
 [[-1.56602177e+03  9.16186571e+02 -3.27183417e+01  1.67245444e+02
  -5.77213667e+02 -2.15791662e+02  2.99195179e+01 -1.19715421e+03
   1.05174123e+02  5.99101817e+02 -5.63985957e+02 -3.59622932e+02
  -1.86810955e+01  4.00282905e+02  2.36755208e+03 -5.42728736e+01]
 [ 9.16067557e+02 -6.22768315e+02  8.80944687e+00 -1.58234635e+02
   2.09316848e+02  2.34685288e+02 -1.09101468e+00  1.19249197e+03
  -5.07657868e+01 -4.53167099e+02  4.96582649e+02  3.43884549e+02
  -2.99116158e+01 -3.00713110e+02 -1.71585672e+03 -6.93299842e+01]
 [-3.27261447e+01  8.81716980e+00  5.36253482e+00  1.07546098e+00
  -7.72635084e+01  2.88282774e+00  6.72206773e+00  6.33344431e+00
   9.52954037e+00  1.36609375e+01  6.42682857e+00 -1.36923861e+01
   1.54834270e+00  6.58403685e+00  6.27568387e+01 -8.01799381e+00]
 [ 1.67230547e+02 -1.58243201e+02  1.07394818e+00  4.29831329e+01
   3.51564501e+01  4.07574725e+01 -5.26102774e+00  2.05775764e+02
  -1.31808076e+01 -8.00049347e+01  1.02664045e+02  5.24542626e+01
  -1.77615982e+01 -6.14770462e+01 -2.96346697e+02 -1.58203050e+01]
 [-5.77261429e+02  2.09418401e+02 -7.72591201e+01  3.51742429e+01
  -1.67044034e+03 -6.76306620e+00  8.93625915e+01 -1.11748145e+02
   1.32501266e+02  3.23709748e+02  5.32063063e+01 -1.91259984e+02
   1.44175477e+02  1.31913174e+02  1.62307100e+03 -1.07800188e+02]
 [-2.15771057e+02  2.34695617e+02  2.88492591e+00  4.07570369e+01
  -6.73639446e+00 -1.42674680e+02 -7.87620381e+00 -3.24033742e+02
   3.07387532e+00  1.09963604e+02 -1.42654263e+02 -5.21421451e+01
  -2.76595126e+01  8.88969515e+01  4.23287391e+02  1.59885945e+01]
 [ 2.99131526e+01 -1.09869835e+00  6.72123051e+00 -5.26221593e+00
   8.93520413e+01 -7.87394456e+00  8.24608087e+01 -1.97343551e+01
  -1.35263923e+01 -1.20723883e+01 -1.66069477e+01  1.72776994e+01
  -1.08281747e+01 -5.12550685e+00 -1.54767098e+02  2.11707950e+01]
 [-1.19706507e+03  1.19254531e+03  6.34278663e+00  2.05772338e+02
  -1.11634961e+02 -3.24034422e+02 -1.97413852e+01 -1.82211502e+03
   2.13623201e+01  6.42892801e+02 -7.10329332e+02 -2.49953007e+02
  -1.40354876e+02  4.30273383e+02  2.00079846e+03  7.52406501e+01]
 [ 1.05141868e+02 -5.07537024e+01  9.52747020e+00 -1.31781670e+01
   1.32466655e+02  3.07011678e+00 -1.35254150e+01  2.13439168e+01
   1.26287333e+02 -3.53683738e+01  2.42728050e+01  4.62588679e+01
  -6.99154596e+01 -2.27322406e+01 -2.75026378e+02  1.21307126e+01]
 [ 5.99065661e+02 -4.53200013e+02  1.36555433e+01 -8.00055226e+01
   3.23646460e+02  1.09967770e+02 -1.20706695e+01  6.42908790e+02
  -3.53819799e+01 -1.37562760e+02  2.66277568e+02  1.20434730e+02
   2.03295917e+01 -2.08981707e+02 -1.13867686e+03 -3.04065828e+01]
 [-5.63959795e+02  4.96620067e+02  6.43052523e+00  1.02665747e+02
   5.32407258e+01 -1.42657880e+02 -1.66124104e+01 -7.10350731e+02
   2.42824872e+01  2.66276137e+02 -5.47163706e+02 -1.72070363e+02
  -6.76372642e+01  2.30579714e+02  9.98051251e+02  4.23054879e+01]
 [-3.59538028e+02  3.43852204e+02 -1.36896798e+01  5.24486857e+01
  -1.91226105e+02 -5.21293373e+01  1.72733523e+01 -2.49892522e+02
   4.62678730e+01  1.20411739e+02 -1.72029697e+02 -4.56574347e+02
   1.79667440e+02  8.50320634e+01  6.86213271e+02 -3.60869287e+01]
 [-1.85408627e+01 -3.00228748e+01  1.54988091e+00 -1.77824249e+01
   1.44228620e+02 -2.76297359e+01 -1.08288511e+01 -1.40213681e+02
  -6.99330101e+01  2.02670551e+01 -6.75663807e+01  1.79720953e+02
   3.07623651e+02 -4.99379462e+01 -2.07675997e+02 -1.32583863e+01]
 [ 4.00239153e+02 -3.00719021e+02  6.58141863e+00 -6.14749712e+01
   1.31889773e+02  8.88943647e+01 -5.12600599e+00  4.30256028e+02
  -2.27393066e+01 -2.08973546e+02  2.30563781e+02  8.50504659e+01
  -4.98944350e+01  1.14395599e+01 -7.44832274e+02  8.84503056e+00]
 [ 2.36753022e+03 -1.71601235e+03  6.27460549e+01 -2.96365983e+02
   1.62303108e+03  4.23309955e+02 -1.54778773e+02  2.00090554e+03
  -2.75084468e+02 -1.13873906e+03  9.98046231e+02  6.86318597e+02
  -2.07446171e+02 -7.44885965e+02 -3.63833039e+03  9.75555150e+00]
 [-5.43040506e+01 -6.93171406e+01 -8.01862760e+00 -1.58181637e+01
  -1.07813749e+02  1.59869308e+01  2.11734240e+01  7.52269297e+01
   1.21329425e+01 -3.03956561e+01  4.22960631e+01 -3.60849753e+01
  -1.32542909e+01  8.85174821e+00  9.78219512e+00  1.49556419e+02]]
