Initial weights: [0.01666667 0.01666667 0.01666667 0.01666667 0.01666667 0.01666667
 0.01666667 0.01666667 0.01666667 0.01666667 0.01666667 0.01666667
 0.01666667 0.01666667 0.01666667 0.01666667 0.01666667 0.01666667
 0.01666667 0.01666667 0.01666667 0.01666667 0.01666667 0.01666667
 0.01666667 0.01666667 0.01666667 0.01666667 0.01666667 0.01666667
 0.01666667 0.01666667 0.01666667 0.01666667 0.01666667 0.01666667
 0.01666667 0.01666667 0.01666667 0.01666667 0.01666667 0.01666667
 0.01666667 0.01666667 0.01666667 0.01666667 0.01666667 0.01666667
 0.01666667 0.01666667 0.01666667 0.01666667 0.01666667 0.01666667
 0.01666667 0.01666667 0.01666667 0.01666667 0.01666667 0.01666667]
w_i_init_torch: tensor([ 2.1826e-02,  9.5755e-03,  4.1589e-02,  6.4644e-02,  2.2338e-02,
         1.1071e-01,  2.4722e-04,  4.5209e-03, -1.9821e-02, -3.0378e-02,
        -8.7898e-02,  3.8045e-02, -3.4847e-02,  9.7328e-03,  1.2178e-02,
        -3.5501e-03,  5.4093e-03, -2.8835e-02,  9.0891e-03, -1.0482e-02,
         6.7030e-02, -6.5133e-02,  3.6741e-02, -4.1811e-02, -1.8881e-02,
        -3.5670e-02,  4.1843e-02,  3.8999e-02, -8.2003e-03, -5.4426e-02,
        -1.1495e-03, -8.1638e-02,  7.5778e-02, -5.0819e-02, -7.8203e-03,
         1.0038e-02,  6.8326e-02,  2.6191e-02, -1.1688e-02,  1.9551e-02,
        -5.0700e-02,  1.0290e-02, -3.6040e-02, -8.9020e-02, -1.9722e-02,
        -4.3618e-05,  5.5579e-04,  7.2017e-03,  3.0341e-02,  1.5553e-02,
        -4.0518e-02, -2.0957e-02, -1.4249e-03,  6.0659e-03,  1.0654e-01,
         4.0884e-02,  4.1227e-02, -2.2235e-03, -7.9752e-02, -3.7669e-02],
       dtype=torch.float64, requires_grad=True)
Attempt 1: Optimization failed with error: list index out of range
w_i_init_torch: tensor([ 0.0313, -0.0374,  0.0193,  0.0426,  0.0281,  0.0839, -0.0018, -0.0081,
         0.0089,  0.0320,  0.0965, -0.0251, -0.0248, -0.0117, -0.0063, -0.0179,
        -0.0208,  0.0051, -0.0268,  0.0119, -0.0588,  0.0510, -0.0328, -0.0353,
        -0.0049,  0.0096,  0.0591, -0.0414, -0.0157, -0.0335,  0.0011, -0.0762,
        -0.0687,  0.0398,  0.0034, -0.0009, -0.0711, -0.0322, -0.0057,  0.0012,
        -0.0545, -0.0045, -0.0186, -0.1029, -0.0279,  0.0217, -0.0107,  0.0159,
         0.0318, -0.0279, -0.0766, -0.0233,  0.0137,  0.0084,  0.0738, -0.0449,
        -0.0530,  0.0010, -0.0794, -0.0457], dtype=torch.float64,
       requires_grad=True)
Attempt 2: Optimization failed with error: list index out of range
w_i_init_torch: tensor([ 3.3811e-02,  3.3053e-02,  1.4311e-02, -6.0717e-02,  1.3909e-02,
         8.4490e-02, -3.1032e-03,  4.4596e-04,  3.5381e-02, -2.3762e-02,
        -7.6856e-02,  2.8340e-02,  1.8686e-02, -8.7642e-03, -2.4982e-02,
         8.8914e-03,  3.9726e-05, -1.8598e-02, -1.2336e-02, -5.4362e-03,
         4.4205e-02, -6.6153e-02,  5.0947e-02,  3.5975e-02, -1.3598e-02,
        -4.0563e-02, -4.6783e-02, -2.1541e-02,  4.1080e-03,  5.0372e-02,
         2.3742e-02, -7.1213e-02,  6.3947e-02,  3.3131e-02, -2.2544e-03,
         2.2164e-02, -8.1517e-02,  3.7441e-02,  2.5899e-02, -7.5101e-04,
         3.6197e-02,  1.6639e-02,  4.4167e-02,  1.0183e-01, -1.0451e-02,
         5.6209e-03, -1.1566e-03,  1.0676e-02, -3.6296e-02, -2.1927e-02,
        -7.5782e-02,  2.2435e-02, -1.6242e-02,  1.8234e-02, -7.9653e-02,
         2.5503e-02, -5.8991e-02, -1.1482e-03, -7.3621e-02, -4.0210e-02],
       dtype=torch.float64, requires_grad=True)
Attempt 3: Optimization failed with error: list index out of range
w_i_init_torch: tensor([ 0.0318, -0.0319, -0.0353,  0.0693,  0.0104, -0.0869, -0.0014,  0.0162,
        -0.0438, -0.0432,  0.0795, -0.0210, -0.0332,  0.0026,  0.0141, -0.0153,
        -0.0276, -0.0120,  0.0248, -0.0120,  0.0588,  0.0407, -0.0701, -0.0131,
        -0.0236, -0.0275, -0.0442,  0.0159, -0.0062, -0.0516, -0.0016, -0.0949,
         0.0654,  0.0422, -0.0078,  0.0194,  0.0526,  0.0136,  0.0092, -0.0231,
        -0.0455,  0.0017,  0.0276, -0.0947,  0.0282,  0.0016, -0.0079,  0.0102,
        -0.0181, -0.0154,  0.0713, -0.0291,  0.0108,  0.0302,  0.0891, -0.0201,
         0.0391,  0.0095,  0.0923, -0.0715], dtype=torch.float64,
       requires_grad=True)
Attempt 4: Optimization failed with error: list index out of range
w_i_init_torch: tensor([-0.0178, -0.0243,  0.0505, -0.0501, -0.0120,  0.0931, -0.0099, -0.0032,
        -0.0231,  0.0476,  0.0713,  0.0134, -0.0235,  0.0156, -0.0040, -0.0031,
        -0.0114,  0.0293,  0.0009, -0.0028,  0.0404, -0.0531,  0.0464,  0.0377,
        -0.0228, -0.0259, -0.0555, -0.0247, -0.0249,  0.0557,  0.0050, -0.0708,
         0.0525, -0.0391,  0.0034, -0.0160, -0.0643, -0.0301,  0.0208,  0.0341,
        -0.0544, -0.0052,  0.0577,  0.1030,  0.0119,  0.0069, -0.0072, -0.0047,
        -0.0380, -0.0242,  0.0718, -0.0120,  0.0050, -0.0242, -0.0950,  0.0230,
        -0.0298, -0.0161,  0.0739, -0.0598], dtype=torch.float64,
       requires_grad=True)
Attempt 5: Optimization failed with error: list index out of range
w_i_init_torch: tensor([-0.0103, -0.0261, -0.0177, -0.0600, -0.0132,  0.1009,  0.0018, -0.0247,
        -0.0207,  0.0148, -0.0965,  0.0161, -0.0230, -0.0108,  0.0289, -0.0023,
         0.0148,  0.0213,  0.0323,  0.0013,  0.0179, -0.0505,  0.0444, -0.0488,
        -0.0264, -0.0244,  0.0458,  0.0246,  0.0016,  0.0248, -0.0193,  0.0815,
        -0.0526,  0.0552,  0.0183,  0.0164, -0.0698, -0.0117,  0.0155, -0.0027,
         0.0666,  0.0121, -0.0401,  0.0950,  0.0194,  0.0141,  0.0015,  0.0143,
        -0.0232, -0.0308, -0.0794, -0.0067, -0.0050,  0.0104, -0.0690,  0.0209,
        -0.0375, -0.0054,  0.0723, -0.0448], dtype=torch.float64,
       requires_grad=True)
Attempt 6: Optimization failed with error: list index out of range
w_i_init_torch: tensor([-4.0785e-02, -3.8137e-02, -3.1615e-02,  6.6759e-02,  1.5613e-02,
        -8.2903e-02,  4.3439e-03, -1.3347e-02, -2.4417e-02, -2.5334e-02,
         8.8405e-02, -4.5170e-02, -1.4774e-02,  2.4374e-02, -2.9637e-03,
         2.9164e-03,  2.1453e-02, -1.5215e-02,  2.5624e-02, -6.3029e-03,
        -4.8251e-02, -6.3884e-02, -3.7465e-02, -5.0656e-03,  1.9733e-02,
        -3.0490e-02,  5.8274e-02,  2.5232e-02, -5.4395e-03,  2.9023e-02,
        -8.9503e-03, -8.2987e-02,  7.3216e-02, -5.5092e-02,  1.1380e-02,
         2.2615e-02,  5.9447e-02,  4.1369e-03, -2.5925e-02,  3.7782e-02,
        -3.9268e-02, -8.4250e-03, -2.4542e-02, -9.3550e-02,  2.3200e-02,
         1.5022e-02,  1.5414e-02,  7.5649e-03, -1.8721e-02, -1.5757e-02,
         7.0731e-02, -3.1949e-05, -7.7356e-03,  1.5709e-02, -8.7749e-02,
        -3.7598e-02,  5.4379e-02, -7.5590e-03,  7.9237e-02,  5.1236e-02],
       dtype=torch.float64, requires_grad=True)
Attempt 7: Optimization failed with error: list index out of range
w_i_init_torch: tensor([-0.0360, -0.0361,  0.0262,  0.0592,  0.0194,  0.0822,  0.0070,  0.0187,
         0.0324,  0.0320, -0.0815, -0.0310, -0.0325, -0.0220,  0.0051,  0.0159,
         0.0040, -0.0220, -0.0364, -0.0163,  0.0403, -0.0536,  0.0707,  0.0304,
         0.0144,  0.0209,  0.0599, -0.0309, -0.0061, -0.0299, -0.0103,  0.0750,
         0.0625,  0.0350, -0.0050, -0.0289,  0.0621, -0.0316,  0.0038, -0.0161,
         0.0372, -0.0189, -0.0235, -0.0969, -0.0018,  0.0092, -0.0077, -0.0235,
         0.0339, -0.0028, -0.0703,  0.0226, -0.0063, -0.0176, -0.0876, -0.0421,
        -0.0501, -0.0061, -0.0959, -0.0479], dtype=torch.float64,
       requires_grad=True)
Attempt 8: Optimization failed with error: list index out of range
w_i_init_torch: tensor([-0.0325,  0.0401,  0.0135,  0.0525, -0.0141,  0.0980,  0.0115,  0.0047,
         0.0303,  0.0348,  0.0862, -0.0294, -0.0320,  0.0093,  0.0023, -0.0146,
         0.0233, -0.0246, -0.0180, -0.0005,  0.0669, -0.0529,  0.0583,  0.0277,
         0.0285,  0.0175,  0.0564, -0.0450,  0.0004, -0.0513,  0.0084, -0.0834,
        -0.0479,  0.0641, -0.0108, -0.0221, -0.0624,  0.0176,  0.0150, -0.0194,
        -0.0579,  0.0093,  0.0398,  0.0943, -0.0184, -0.0140,  0.0003,  0.0113,
        -0.0295, -0.0191, -0.0792, -0.0089, -0.0049,  0.0336, -0.0768, -0.0254,
        -0.0485,  0.0251, -0.1037, -0.0664], dtype=torch.float64,
       requires_grad=True)
Attempt 9: Optimization failed with error: list index out of range
w_i_init_torch: tensor([ 0.0309, -0.0374,  0.0240, -0.0488, -0.0117,  0.0999, -0.0061,  0.0131,
        -0.0259,  0.0114,  0.0773, -0.0091, -0.0247,  0.0229, -0.0100,  0.0163,
         0.0157,  0.0309,  0.0318, -0.0028, -0.0485, -0.0611, -0.0370, -0.0186,
        -0.0181, -0.0181,  0.0689,  0.0394,  0.0037,  0.0501,  0.0169,  0.0764,
        -0.0567,  0.0618, -0.0036, -0.0109, -0.0637, -0.0183, -0.0150,  0.0089,
         0.0455, -0.0137,  0.0404,  0.0760,  0.0156,  0.0027,  0.0206, -0.0154,
        -0.0143,  0.0140,  0.0816, -0.0307, -0.0042, -0.0143,  0.1057,  0.0273,
        -0.0495, -0.0033,  0.0880,  0.0247], dtype=torch.float64,
       requires_grad=True)
Attempt 10: Optimization failed with error: list index out of range
w_i_init_torch: tensor([-0.0291,  0.0279, -0.0385, -0.0638, -0.0052,  0.0783, -0.0304, -0.0006,
         0.0247, -0.0386, -0.1098,  0.0066, -0.0231, -0.0110, -0.0194,  0.0296,
         0.0021, -0.0420, -0.0164,  0.0040,  0.0358,  0.0630,  0.0517,  0.0357,
        -0.0126, -0.0226, -0.0570,  0.0513, -0.0002,  0.0412, -0.0133, -0.0762,
         0.0545,  0.0478,  0.0097,  0.0226, -0.0742,  0.0309,  0.0104, -0.0231,
         0.0616, -0.0201,  0.0240,  0.1191,  0.0090, -0.0044, -0.0095,  0.0035,
         0.0429,  0.0304, -0.0810,  0.0118, -0.0057,  0.0218, -0.0879, -0.0341,
         0.0653, -0.0054, -0.0907,  0.0597], dtype=torch.float64,
       requires_grad=True)
Attempt 11: Optimization failed with error: list index out of range
w_i_init_torch: tensor([ 0.0230,  0.0540, -0.0436, -0.0557,  0.0261, -0.0699, -0.0028,  0.0033,
        -0.0188, -0.0247,  0.0789, -0.0296, -0.0149,  0.0187,  0.0166, -0.0299,
         0.0061,  0.0386, -0.0281,  0.0041,  0.0429,  0.0595,  0.0679, -0.0351,
         0.0039, -0.0416,  0.0587,  0.0407,  0.0147, -0.0407, -0.0274, -0.0749,
         0.0588,  0.0622, -0.0171, -0.0227,  0.0843, -0.0161,  0.0037,  0.0155,
         0.0393,  0.0168, -0.0280,  0.1040,  0.0214,  0.0076,  0.0232,  0.0128,
        -0.0220,  0.0224, -0.0720, -0.0187, -0.0167,  0.0347, -0.1112,  0.0501,
         0.0298,  0.0007, -0.0815,  0.0439], dtype=torch.float64,
       requires_grad=True)
Attempt 12: Optimization failed with error: list index out of range
w_i_init_torch: tensor([-0.0416,  0.0383,  0.0356,  0.0500, -0.0091,  0.0810,  0.0160, -0.0092,
         0.0386, -0.0163, -0.0762, -0.0365,  0.0347, -0.0144,  0.0093,  0.0218,
        -0.0129, -0.0127, -0.0261,  0.0015, -0.0501, -0.0466, -0.0468,  0.0445,
         0.0355, -0.0373,  0.0688, -0.0173, -0.0217,  0.0497,  0.0021, -0.0714,
        -0.0635,  0.0487,  0.0053,  0.0269, -0.0631,  0.0107,  0.0145, -0.0226,
        -0.0354, -0.0022,  0.0443, -0.0966, -0.0044,  0.0201,  0.0004,  0.0035,
        -0.0523,  0.0174,  0.0756, -0.0331, -0.0278, -0.0247, -0.0885,  0.0341,
        -0.0616,  0.0074,  0.0691,  0.0618], dtype=torch.float64,
       requires_grad=True)
Attempt 13: Optimization failed with error: list index out of range
w_i_init_torch: tensor([ 0.0146, -0.0412, -0.0416, -0.0492,  0.0293, -0.0935,  0.0171, -0.0083,
         0.0234, -0.0479, -0.0734,  0.0147, -0.0300,  0.0238,  0.0176, -0.0010,
         0.0205,  0.0282,  0.0172, -0.0091, -0.0563, -0.0585,  0.0424, -0.0285,
         0.0135, -0.0281, -0.0514,  0.0399,  0.0162, -0.0402,  0.0140, -0.0875,
         0.0527, -0.0568, -0.0113, -0.0184, -0.0757, -0.0154, -0.0085,  0.0156,
        -0.0427,  0.0110,  0.0398,  0.0903, -0.0347,  0.0056,  0.0166, -0.0182,
         0.0249,  0.0094, -0.0767,  0.0093, -0.0085, -0.0161, -0.0853,  0.0413,
        -0.0345, -0.0085,  0.0863,  0.0480], dtype=torch.float64,
       requires_grad=True)
Attempt 14: Optimization failed with error: list index out of range
w_i_init_torch: tensor([ 1.7023e-02,  4.3074e-02, -1.8748e-02,  5.6842e-02,  2.7819e-02,
         8.2394e-02,  1.2953e-03,  1.1282e-02, -2.7818e-02,  9.4781e-03,
         7.8302e-02,  1.4446e-02,  3.7253e-02,  9.0169e-03, -7.9246e-03,
        -7.8723e-03, -2.0567e-02, -1.5008e-02,  3.1169e-02,  1.6241e-02,
         4.7754e-02, -5.9826e-02, -3.9440e-02, -1.6037e-02,  7.3614e-03,
        -1.1909e-02,  3.8841e-02, -3.5446e-02, -1.3485e-03, -4.9240e-02,
        -2.8271e-03,  6.3501e-02,  7.3651e-02,  5.0542e-02, -6.9791e-05,
        -2.6181e-02,  5.6775e-02, -3.0825e-02,  2.4700e-02,  2.3768e-02,
        -5.0237e-02, -9.6922e-03, -4.1323e-02, -9.2162e-02, -9.4700e-03,
         1.5298e-02,  8.1732e-03,  4.9237e-03,  4.2759e-02, -2.1970e-02,
        -5.6068e-02, -1.8063e-02,  6.9865e-03, -3.1558e-02,  8.7906e-02,
         3.2641e-02, -4.9993e-02,  2.4208e-04, -7.9441e-02,  4.8367e-02],
       dtype=torch.float64, requires_grad=True)
Attempt 15: Optimization failed with error: list index out of range
w_i_init_torch: tensor([-0.0330,  0.0324,  0.0384,  0.0577, -0.0170, -0.0906, -0.0039,  0.0114,
         0.0243, -0.0296,  0.0766,  0.0260, -0.0219, -0.0049,  0.0184,  0.0214,
        -0.0013,  0.0321,  0.0223, -0.0088,  0.0484,  0.0631,  0.0368,  0.0140,
        -0.0056, -0.0341, -0.0493, -0.0419, -0.0102,  0.0546,  0.0087,  0.0850,
        -0.0557, -0.0465, -0.0064,  0.0290,  0.0732,  0.0240,  0.0218,  0.0121,
         0.0455, -0.0021,  0.0291,  0.1086, -0.0107, -0.0025,  0.0096,  0.0105,
         0.0137,  0.0031,  0.0736,  0.0245,  0.0301,  0.0252, -0.0889, -0.0232,
         0.0494,  0.0037,  0.0695,  0.0342], dtype=torch.float64,
       requires_grad=True)
Final loss (NLL): 0.5386672049748117
Final weights: tensor([ 2.7465e-02,  3.9775e-02,  2.9415e-02,  6.0815e-02,  1.6158e-02,
         8.9291e-02,  5.7799e-03, -1.1811e-02,  2.4000e-02,  3.1447e-02,
         8.1284e-02, -2.3717e-02,  2.6356e-02, -1.7371e-02, -1.0964e-02,
         8.3690e-03, -8.1378e-03, -2.3745e-02,  2.1039e-02, -2.9559e-04,
        -4.8600e-02,  6.1569e-02, -4.8001e-02, -3.0407e-02, -1.4790e-02,
        -2.3764e-02,  5.1739e-02,  3.5346e-02,  8.6797e-03,  4.0055e-02,
        -8.1824e-03, -7.8225e-02,  5.8031e-02,  5.0158e-02, -5.7191e-03,
         1.7794e-02,  6.6486e-02,  1.7646e-02, -1.0253e-02,  1.3935e-02,
        -4.6986e-02,  3.5882e-03,  3.0478e-02,  9.8500e-02,  1.6057e-02,
        -4.4616e-03,  5.2506e-03, -4.2853e-03,  2.5735e-02,  1.7025e-02,
         7.2026e-02,  1.9939e-02, -1.0673e-02,  2.1200e-02,  9.2340e-02,
        -3.0226e-02,  4.8697e-02,  7.0628e-05,  7.8944e-02,  4.8129e-02],
       dtype=torch.float64)
Sum of weights: 0.9999999451459143
Weight covariance matrix:
 tensor([[ 8.1615e-04, -6.8426e-05, -7.7953e-05,  ...,  8.9818e-06,
         -7.3245e-05, -1.4490e-05],
        [-6.8426e-05,  9.8217e-04, -5.2060e-06,  ...,  3.7837e-05,
         -1.8546e-05, -4.7887e-05],
        [-7.7953e-05, -5.2060e-06,  9.2570e-04,  ...,  2.9831e-05,
         -3.3909e-05, -8.6052e-05],
        ...,
        [ 8.9818e-06,  3.7837e-05,  2.9831e-05,  ...,  1.0751e-03,
         -9.9704e-05, -6.1254e-05],
        [-7.3245e-05, -1.8546e-05, -3.3909e-05,  ..., -9.9704e-05,
          7.7688e-04,  5.5271e-05],
        [-1.4490e-05, -4.7887e-05, -8.6052e-05,  ..., -6.1254e-05,
          5.5271e-05,  6.1242e-04]], dtype=torch.float64,
       grad_fn=<DivBackward0>)
