Initial weights: [0.01 0.01 0.01 0.01 0.01 0.01 0.01 0.01 0.01 0.01 0.01 0.01 0.01 0.01
 0.01 0.01 0.01 0.01 0.01 0.01 0.01 0.01 0.01 0.01 0.01 0.01 0.01 0.01
 0.01 0.01 0.01 0.01 0.01 0.01 0.01 0.01 0.01 0.01 0.01 0.01 0.01 0.01
 0.01 0.01 0.01 0.01 0.01 0.01 0.01 0.01 0.01 0.01 0.01 0.01 0.01 0.01
 0.01 0.01 0.01 0.01 0.01 0.01 0.01 0.01 0.01 0.01 0.01 0.01 0.01 0.01
 0.01 0.01 0.01 0.01 0.01 0.01 0.01 0.01 0.01 0.01 0.01 0.01 0.01 0.01
 0.01 0.01 0.01 0.01 0.01 0.01 0.01 0.01 0.01 0.01 0.01 0.01 0.01 0.01
 0.01 0.01]
w_i_init_torch: tensor([ 0.0136,  0.0169,  0.0274, -0.0081, -0.0109,  0.0104,  0.0107, -0.0133,
        -0.0083,  0.0024,  0.0082,  0.0106, -0.0215, -0.0201,  0.0232, -0.0079,
         0.0087,  0.0004,  0.0155,  0.0091,  0.0107, -0.0090, -0.0197,  0.0113,
         0.0055,  0.0186,  0.0141,  0.0192,  0.0068, -0.0129, -0.0126,  0.0024,
         0.0072,  0.0238, -0.0077, -0.0138,  0.0057, -0.0302, -0.0371,  0.0099,
        -0.0102,  0.0151,  0.0004, -0.0257, -0.0069, -0.0099,  0.0012,  0.0138,
         0.0018, -0.0128,  0.0110, -0.0165, -0.0227, -0.0083,  0.0044,  0.0017,
         0.0026,  0.0143,  0.0009,  0.0127,  0.0132, -0.0005, -0.0057,  0.0169,
         0.0193, -0.0003, -0.0077,  0.0086,  0.0067, -0.0257,  0.0062, -0.0332,
         0.0069,  0.0104,  0.0056,  0.0184, -0.0054,  0.0033,  0.0066,  0.0223,
         0.0073, -0.0218,  0.0119, -0.0135, -0.0121, -0.0008,  0.0167,  0.0197,
        -0.0151, -0.0062,  0.0055,  0.0011,  0.0045, -0.0249,  0.0012, -0.0092,
        -0.0087,  0.0260, -0.0096,  0.0254], dtype=torch.float64,
       requires_grad=True)
Attempt 1: Optimization failed with error: list index out of range
w_i_init_torch: tensor([ 0.0006, -0.0175,  0.0068,  0.0231, -0.0042, -0.0036,  0.0121,  0.0182,
        -0.0005,  0.0081, -0.0062,  0.0299,  0.0212,  0.0325,  0.0006, -0.0119,
        -0.0065,  0.0105, -0.0063,  0.0100, -0.0322, -0.0194,  0.0015, -0.0278,
         0.0198,  0.0196,  0.0107, -0.0237,  0.0112,  0.0256, -0.0135,  0.0162,
         0.0207,  0.0133, -0.0177, -0.0082, -0.0125, -0.0068,  0.0109, -0.0268,
        -0.0092,  0.0085, -0.0098,  0.0088,  0.0169, -0.0006,  0.0192, -0.0090,
        -0.0151,  0.0173, -0.0176, -0.0146, -0.0127,  0.0186,  0.0218,  0.0112,
         0.0051, -0.0071, -0.0225,  0.0218,  0.0266,  0.0111,  0.0050, -0.0122,
         0.0036,  0.0173, -0.0040, -0.0083,  0.0179,  0.0132, -0.0196, -0.0095,
         0.0039,  0.0069, -0.0132,  0.0128,  0.0094, -0.0077, -0.0029, -0.0110,
        -0.0102, -0.0126, -0.0004, -0.0257, -0.0083, -0.0270,  0.0035, -0.0062,
        -0.0150, -0.0050, -0.0040, -0.0047, -0.0228,  0.0013,  0.0069,  0.0108,
        -0.0191,  0.0232,  0.0272, -0.0029], dtype=torch.float64,
       requires_grad=True)
Attempt 2: Optimization failed with error: list index out of range
w_i_init_torch: tensor([ 0.0094,  0.0215, -0.0022,  0.0101, -0.0027, -0.0029, -0.0114, -0.0150,
         0.0068,  0.0101, -0.0049, -0.0006, -0.0005, -0.0111,  0.0008,  0.0066,
         0.0066, -0.0214,  0.0140, -0.0118, -0.0174,  0.0011,  0.0186, -0.0288,
        -0.0078,  0.0223, -0.0018,  0.0146,  0.0017, -0.0251, -0.0166, -0.0281,
         0.0029, -0.0281,  0.0012,  0.0059, -0.0060,  0.0086, -0.0100,  0.0132,
         0.0112,  0.0010, -0.0096, -0.0229, -0.0088,  0.0115, -0.0074,  0.0056,
         0.0176, -0.0026, -0.0042,  0.0146,  0.0066,  0.0083, -0.0018,  0.0112,
        -0.0227,  0.0009,  0.0006,  0.0147,  0.0021,  0.0091, -0.0166, -0.0025,
        -0.0113,  0.0145, -0.0223, -0.0027, -0.0006, -0.0094, -0.0076,  0.0139,
         0.0138, -0.0193,  0.0194, -0.0214, -0.0017, -0.0102,  0.0113,  0.0050,
         0.0062,  0.0090,  0.0117, -0.0231,  0.0143, -0.0062, -0.0092, -0.0074,
         0.0054,  0.0131, -0.0056,  0.0112,  0.0064,  0.0084, -0.0124,  0.0187,
         0.0315,  0.0110, -0.0150,  0.0124], dtype=torch.float64,
       requires_grad=True)
Attempt 3: Optimization failed with error: list index out of range
w_i_init_torch: tensor([ 3.6132e-05, -1.8977e-02, -1.9455e-02, -1.6938e-02,  4.8916e-03,
         2.3739e-03, -1.1732e-02,  1.3222e-02, -6.2804e-03, -1.9581e-02,
        -4.7316e-03, -1.2557e-02, -6.1321e-04,  2.4983e-02,  8.7766e-03,
         1.7505e-02, -5.2472e-03,  9.8220e-04,  2.4956e-02, -1.5386e-03,
        -8.2470e-03, -4.0866e-03, -1.5809e-03,  3.7156e-03,  1.7976e-02,
         2.8821e-03, -4.4660e-03,  1.7296e-02,  1.1897e-02, -4.0490e-02,
        -3.7984e-02,  1.4338e-02,  3.0147e-03,  6.9173e-03,  1.0146e-02,
         4.2830e-04,  8.7275e-03, -1.0460e-02, -1.6533e-02,  2.8416e-04,
        -2.2814e-03,  2.3564e-03, -4.1398e-03,  2.9178e-02, -4.9654e-03,
        -1.9817e-02, -1.9311e-02, -7.8250e-03, -2.0863e-02,  4.8622e-04,
         1.2263e-02, -2.2529e-04, -7.0640e-03,  9.2856e-03, -5.0630e-03,
        -8.1455e-04, -5.2889e-03,  1.9796e-02,  2.1605e-02, -2.7264e-03,
        -5.5244e-03,  2.7266e-02,  6.1330e-03,  2.9495e-02,  5.5014e-03,
        -1.3955e-02,  2.3326e-02,  1.3342e-02,  5.3148e-03,  9.2060e-03,
        -1.3093e-02,  2.6418e-02,  8.3352e-03, -8.1769e-03, -2.5098e-03,
        -2.8245e-02,  6.9557e-03,  2.7811e-03, -1.7545e-02,  2.6065e-02,
         1.3086e-02,  1.0695e-02, -4.2480e-03,  4.4486e-03, -4.2373e-02,
         8.0606e-03, -1.9934e-03, -1.3454e-02, -1.7556e-03,  1.0318e-02,
         4.0741e-03,  8.1754e-03,  1.9495e-02, -9.9704e-03, -2.1027e-03,
         7.0503e-03,  9.2925e-03,  1.0976e-02, -2.2440e-03, -2.9860e-03],
       dtype=torch.float64, requires_grad=True)
Attempt 4: Optimization failed with error: list index out of range
w_i_init_torch: tensor([ 0.0100,  0.0075, -0.0362,  0.0220, -0.0011, -0.0122,  0.0175,  0.0119,
        -0.0156,  0.0050,  0.0172,  0.0032,  0.0184, -0.0035, -0.0028,  0.0116,
         0.0126, -0.0054, -0.0082,  0.0106, -0.0109, -0.0120, -0.0054,  0.0191,
         0.0270, -0.0203,  0.0052, -0.0158, -0.0044, -0.0237, -0.0209, -0.0199,
         0.0183, -0.0038, -0.0060,  0.0113, -0.0197, -0.0230,  0.0031, -0.0045,
        -0.0028, -0.0114, -0.0294, -0.0061, -0.0148, -0.0007, -0.0037,  0.0120,
         0.0159,  0.0262, -0.0231, -0.0281, -0.0185,  0.0093, -0.0209, -0.0175,
        -0.0325, -0.0271, -0.0186,  0.0126, -0.0025, -0.0144,  0.0071, -0.0070,
        -0.0057, -0.0159, -0.0251, -0.0170, -0.0068, -0.0079, -0.0064,  0.0235,
         0.0149,  0.0078, -0.0289,  0.0020,  0.0098,  0.0122,  0.0190, -0.0197,
        -0.0131,  0.0214, -0.0071, -0.0012,  0.0223, -0.0091, -0.0068,  0.0029,
         0.0030, -0.0145, -0.0123,  0.0065,  0.0024,  0.0001, -0.0366, -0.0053,
         0.0178, -0.0064,  0.0186, -0.0185], dtype=torch.float64,
       requires_grad=True)
Attempt 5: Optimization failed with error: list index out of range
w_i_init_torch: tensor([ 0.0113,  0.0082, -0.0153, -0.0049, -0.0168,  0.0249,  0.0090, -0.0044,
        -0.0037, -0.0043,  0.0041, -0.0107,  0.0062, -0.0207,  0.0004, -0.0066,
        -0.0190, -0.0027,  0.0124,  0.0107, -0.0090,  0.0052,  0.0121,  0.0061,
        -0.0140,  0.0026, -0.0150, -0.0032, -0.0120,  0.0117, -0.0164,  0.0004,
         0.0142, -0.0243,  0.0098, -0.0231, -0.0214,  0.0040, -0.0004,  0.0097,
         0.0251,  0.0097, -0.0186, -0.0205,  0.0116,  0.0107, -0.0077,  0.0393,
        -0.0026,  0.0060, -0.0067, -0.0081,  0.0158,  0.0132,  0.0033, -0.0228,
         0.0228, -0.0131,  0.0028, -0.0226,  0.0107, -0.0106, -0.0031,  0.0131,
        -0.0093,  0.0217,  0.0046,  0.0139, -0.0101,  0.0094,  0.0135,  0.0152,
         0.0170, -0.0013,  0.0018, -0.0135, -0.0176,  0.0107, -0.0029, -0.0146,
        -0.0159, -0.0247,  0.0186,  0.0012, -0.0170, -0.0099, -0.0062, -0.0193,
         0.0069,  0.0275,  0.0223, -0.0114,  0.0006,  0.0286, -0.0138,  0.0079,
         0.0053,  0.0077,  0.0046,  0.0242], dtype=torch.float64,
       requires_grad=True)
Attempt 6: Optimization failed with error: list index out of range
w_i_init_torch: tensor([-3.4218e-03,  1.4457e-02,  1.6206e-02, -5.7352e-03, -6.8052e-03,
         3.2393e-03, -5.0589e-03,  2.3603e-02,  2.3433e-03, -6.9732e-03,
         1.6834e-02,  8.5276e-03, -9.1496e-03, -6.8447e-03,  2.0060e-03,
        -8.8623e-03, -3.4529e-03,  3.7003e-03,  6.7417e-03,  7.9233e-03,
        -1.5011e-02, -9.2695e-03,  1.0225e-02,  3.1709e-02,  1.4927e-02,
        -1.4889e-02,  1.0352e-02, -1.3159e-02, -2.4508e-02,  2.6466e-02,
        -6.3095e-03, -3.7229e-03,  4.4321e-03, -5.3996e-03, -9.7725e-03,
        -4.1458e-03,  4.8819e-03, -6.8219e-03, -5.9124e-03, -7.2276e-03,
         2.3042e-03, -2.5588e-03,  2.1241e-02,  9.9154e-03,  1.4961e-03,
         1.3525e-02,  1.3232e-02,  1.8668e-04, -2.1389e-02, -3.7960e-03,
        -7.6590e-03, -3.0750e-03, -6.8797e-03, -1.5478e-02,  6.5398e-04,
        -2.2914e-02,  4.3363e-03, -4.3903e-03, -7.7382e-03,  1.5574e-02,
        -2.5404e-02, -1.6006e-02, -1.8670e-02, -8.2383e-03, -1.1633e-03,
        -4.0725e-04, -6.3246e-03, -1.1551e-02, -2.3624e-02,  1.0991e-02,
        -1.0892e-02, -1.0832e-02,  1.4318e-02,  2.8181e-02,  2.6530e-02,
         2.0506e-02, -1.9867e-02,  1.2135e-02, -1.1567e-02,  5.5968e-03,
         9.6581e-03,  5.2029e-03, -1.3757e-02, -1.7803e-02, -2.2102e-02,
        -1.8031e-03, -2.2881e-02,  5.1013e-03,  2.7125e-03,  1.3513e-02,
        -2.6266e-05,  1.3176e-02,  3.0805e-03, -1.3766e-02,  6.4363e-03,
        -2.4469e-02,  3.4815e-03, -2.8736e-03, -1.2705e-02,  1.2069e-02],
       dtype=torch.float64, requires_grad=True)
Attempt 7: Optimization failed with error: list index out of range
w_i_init_torch: tensor([-4.6916e-03,  1.8941e-02, -4.9738e-03,  3.4922e-03,  2.3487e-02,
        -4.7282e-03, -1.6383e-02, -7.0370e-03, -7.7313e-03, -2.0704e-02,
         9.6983e-03,  8.6201e-03,  6.8334e-03, -2.5647e-02, -1.4591e-02,
         3.0985e-03,  7.7798e-03, -4.2137e-04,  5.6264e-03, -9.4427e-03,
         1.5619e-03, -1.9570e-02, -1.9957e-02,  1.5027e-02, -2.2692e-02,
        -6.9755e-03, -2.6957e-02,  1.0699e-02,  1.6197e-02,  1.5634e-02,
         2.7054e-02, -1.8962e-02, -6.6026e-03, -2.2985e-02,  1.7291e-02,
         1.8699e-04,  6.3715e-03, -1.1619e-04,  1.6971e-03,  9.6679e-03,
         8.1519e-03,  1.0625e-02, -4.9820e-03, -1.6699e-02, -1.0187e-02,
         1.7117e-02, -9.8741e-03,  2.4748e-02, -4.0072e-02,  7.5892e-03,
         9.2156e-03,  2.7680e-03,  3.6191e-02, -2.3584e-03, -4.2282e-03,
        -1.4532e-02, -2.7861e-02,  4.0005e-03,  9.6025e-03,  1.7905e-02,
         2.1750e-02,  2.3294e-02, -1.1245e-02,  1.6009e-02, -7.3284e-03,
         3.6378e-03, -1.3022e-02, -1.7846e-02,  1.0593e-02,  1.6725e-02,
         7.2218e-03, -5.9091e-03, -5.5443e-03,  1.3246e-02,  1.9728e-03,
        -2.1853e-02, -1.0347e-02,  7.3227e-05,  6.2617e-03, -4.1710e-03,
        -1.2633e-02,  2.1681e-02, -2.5747e-02, -1.5494e-02, -4.1588e-03,
        -1.2943e-02,  2.4671e-02,  6.5973e-03, -1.1612e-02, -7.6311e-03,
         3.9575e-03, -7.0253e-03,  2.3839e-02, -9.2130e-04,  1.1832e-02,
         2.4540e-02, -2.2173e-02, -9.5702e-03,  4.3176e-03,  1.3933e-02],
       dtype=torch.float64, requires_grad=True)
Attempt 8: Optimization failed with error: list index out of range
w_i_init_torch: tensor([-0.0016,  0.0073,  0.0146,  0.0119,  0.0008, -0.0186, -0.0247, -0.0084,
         0.0006,  0.0120, -0.0051,  0.0130,  0.0061, -0.0049,  0.0100, -0.0232,
         0.0302, -0.0172, -0.0034, -0.0087,  0.0056, -0.0202, -0.0046,  0.0145,
         0.0143, -0.0021,  0.0250, -0.0025, -0.0078,  0.0158,  0.0027, -0.0108,
         0.0062,  0.0098, -0.0190,  0.0061, -0.0010, -0.0171, -0.0203, -0.0056,
         0.0048,  0.0160,  0.0145,  0.0234,  0.0096,  0.0133,  0.0142, -0.0196,
        -0.0112, -0.0085,  0.0145, -0.0278,  0.0150,  0.0242, -0.0096,  0.0027,
        -0.0090, -0.0064,  0.0104,  0.0130, -0.0123, -0.0090,  0.0231,  0.0165,
        -0.0231, -0.0047,  0.0098,  0.0365,  0.0102,  0.0261, -0.0161,  0.0069,
         0.0115, -0.0233,  0.0150,  0.0162, -0.0040,  0.0054,  0.0128, -0.0151,
         0.0189, -0.0203,  0.0155,  0.0033, -0.0070,  0.0020,  0.0156,  0.0188,
        -0.0086,  0.0076,  0.0019, -0.0190, -0.0213, -0.0089, -0.0069, -0.0104,
        -0.0117, -0.0041, -0.0067,  0.0060], dtype=torch.float64,
       requires_grad=True)
Attempt 9: Optimization failed with error: list index out of range
w_i_init_torch: tensor([ 7.8037e-03, -1.5474e-02, -2.0112e-02, -8.4771e-04,  5.8452e-03,
         1.0208e-02,  1.2282e-02, -1.4496e-02,  1.0221e-02,  6.9141e-03,
        -9.4314e-03,  2.0866e-02,  5.2360e-03,  2.0109e-02, -4.1528e-03,
        -1.6103e-02,  9.8978e-03,  2.6445e-03,  1.3165e-02,  1.0858e-02,
        -1.6021e-02, -6.2898e-03, -1.1821e-03,  9.1399e-03,  2.2104e-02,
        -9.9483e-03, -1.8382e-02, -2.8972e-02, -2.4813e-02, -2.7800e-04,
         1.5196e-02, -2.5661e-02,  9.2522e-03,  9.3677e-03,  2.4624e-02,
         3.6090e-03,  7.6275e-03, -8.8334e-03,  1.4021e-02,  1.8413e-02,
        -7.9230e-05, -1.2552e-02,  1.3047e-02, -5.7913e-03,  1.6326e-02,
        -1.9150e-02,  1.5657e-02,  2.3612e-02,  1.1053e-03,  1.0049e-03,
        -1.2544e-02, -1.1710e-03,  1.5247e-02, -7.0732e-03, -9.1896e-03,
        -1.1228e-02,  1.0860e-02,  4.7803e-03, -4.2945e-04, -7.8105e-03,
         3.9710e-03, -6.0402e-03,  2.9240e-03,  1.1609e-02, -1.9432e-02,
         8.8652e-03, -1.4735e-02,  3.9239e-03,  2.6929e-02,  1.9057e-02,
         7.0529e-03,  8.6825e-03, -2.0494e-02,  4.0890e-03, -3.0947e-03,
         1.4202e-02,  1.3779e-03, -5.4428e-04,  1.6985e-02,  2.3776e-03,
         2.4241e-03, -2.0493e-02, -5.2850e-05, -1.2516e-02,  1.0692e-02,
        -7.8942e-03, -2.4710e-02,  1.2359e-02,  4.8372e-04, -1.3662e-02,
        -3.5069e-03, -8.9334e-03,  1.0379e-02, -8.8287e-03,  5.9329e-03,
         9.8300e-03,  2.0716e-03,  5.1574e-04,  1.9447e-02, -2.7317e-03],
       dtype=torch.float64, requires_grad=True)
Attempt 10: Optimization failed with error: list index out of range
w_i_init_torch: tensor([-0.0113, -0.0066, -0.0199,  0.0056,  0.0179,  0.0092,  0.0036,  0.0062,
        -0.0183,  0.0133, -0.0119,  0.0238,  0.0005,  0.0143, -0.0127,  0.0042,
        -0.0095, -0.0194,  0.0008, -0.0193, -0.0019,  0.0155, -0.0102,  0.0031,
         0.0092, -0.0066, -0.0117, -0.0004, -0.0013,  0.0240, -0.0016, -0.0181,
        -0.0046, -0.0031,  0.0074,  0.0028, -0.0013, -0.0134,  0.0107,  0.0058,
        -0.0160,  0.0091,  0.0017,  0.0096, -0.0043,  0.0022, -0.0060, -0.0177,
         0.0170, -0.0083, -0.0032, -0.0145,  0.0161,  0.0172,  0.0231, -0.0021,
         0.0011,  0.0006,  0.0156, -0.0176,  0.0048,  0.0317, -0.0179,  0.0049,
         0.0098, -0.0117,  0.0092, -0.0030,  0.0099,  0.0018, -0.0168, -0.0025,
        -0.0036, -0.0146,  0.0187, -0.0112,  0.0175,  0.0112, -0.0035,  0.0078,
        -0.0063, -0.0046,  0.0039,  0.0018,  0.0179, -0.0320, -0.0238,  0.0113,
         0.0010,  0.0021, -0.0145,  0.0171,  0.0090,  0.0135, -0.0256,  0.0094,
         0.0289, -0.0145, -0.0112, -0.0104], dtype=torch.float64,
       requires_grad=True)
Attempt 11: Optimization failed with error: list index out of range
w_i_init_torch: tensor([-1.3062e-02, -1.1199e-02,  2.6932e-02,  1.7774e-02,  1.7161e-02,
        -1.8526e-02, -1.0986e-03, -1.7720e-02, -3.6960e-03,  2.1113e-02,
         7.9306e-06,  5.7975e-03, -9.4999e-03, -3.4986e-03, -7.0094e-03,
        -1.5851e-02, -2.2060e-02,  1.5104e-03,  2.5400e-03,  6.6653e-03,
        -8.1519e-04, -1.0515e-02, -8.3050e-03, -2.3093e-02, -4.4722e-03,
        -1.0925e-02, -9.5062e-03,  3.5846e-03,  2.4761e-03, -1.8197e-04,
         1.7716e-03, -1.0699e-02,  1.2788e-02, -2.4064e-02,  1.1873e-02,
        -1.6156e-03, -7.4259e-03,  1.7658e-04, -2.5804e-02,  2.8821e-02,
        -3.9085e-03, -1.5092e-02,  2.9352e-02, -2.7381e-02,  2.1837e-02,
        -2.4092e-02,  3.8090e-03,  1.0946e-02, -1.5365e-02,  3.3720e-02,
         9.2504e-03, -4.7314e-03, -1.0559e-02, -1.6154e-02,  1.2577e-02,
         1.2781e-02,  2.9676e-02,  1.0833e-02,  2.2171e-03, -3.7343e-03,
        -4.5863e-03,  1.0585e-02, -8.0718e-04,  1.1424e-02,  1.3443e-02,
        -9.5976e-03, -1.4965e-02, -3.1260e-03, -4.2388e-03,  1.2669e-03,
         1.5733e-02,  8.3981e-03, -2.3459e-02, -2.1974e-02, -5.1878e-04,
         2.8614e-03, -1.5493e-02,  1.6719e-02,  2.3667e-02,  8.6546e-03,
         8.1684e-03,  1.5361e-02, -2.3947e-02, -1.6322e-02,  1.8363e-02,
        -7.1677e-03,  9.7948e-03, -3.0602e-03, -1.2807e-03, -2.4404e-02,
        -1.5952e-02, -1.2740e-02,  1.1994e-02, -1.2631e-02, -2.5092e-03,
         7.7066e-04,  2.6791e-02,  1.3979e-02, -1.3726e-02, -6.2565e-03],
       dtype=torch.float64, requires_grad=True)
Attempt 12: Optimization failed with error: list index out of range
w_i_init_torch: tensor([-1.5147e-02, -3.8323e-05,  8.1532e-03, -1.0152e-02,  6.2386e-03,
        -3.6785e-03, -9.8281e-03,  6.9404e-03, -1.1744e-02,  1.7718e-02,
         1.3846e-02, -1.1437e-02,  2.0265e-02, -2.7993e-02,  1.1787e-02,
        -3.7407e-03,  6.9818e-03,  1.6295e-03, -2.3227e-02, -2.4033e-03,
         5.7133e-03, -9.6308e-04, -8.0105e-03, -1.0524e-02,  1.0096e-02,
         1.5193e-02, -2.4594e-02,  2.0626e-02,  1.3443e-02, -4.8096e-04,
         4.2668e-03,  2.0394e-02, -2.6242e-02,  5.3009e-03,  2.3043e-02,
        -2.4573e-03, -2.5431e-02,  8.9563e-03, -1.5407e-02,  8.9601e-03,
         1.3936e-02,  1.0536e-02,  3.4662e-02, -3.0819e-02,  1.1833e-02,
        -1.4391e-02, -1.4518e-02, -3.0862e-02,  2.3703e-02,  1.8813e-02,
         1.1159e-03,  8.4645e-03,  2.1285e-02, -7.0408e-03, -3.1193e-03,
         3.5898e-04,  1.0260e-02, -4.0095e-03,  3.0605e-02,  2.0796e-02,
        -1.1620e-02,  1.5233e-02,  1.9991e-02,  1.5690e-02, -2.6417e-02,
         1.1564e-02,  6.5876e-03,  1.7354e-04,  3.2032e-03, -1.6497e-02,
         1.0777e-02, -3.0421e-03,  1.4539e-02,  5.4958e-03, -3.2222e-03,
        -9.0473e-03,  6.4274e-03, -7.4798e-03, -8.7982e-03,  3.6478e-03,
         2.1461e-02,  9.2183e-04, -2.7420e-03,  2.0141e-03, -9.1003e-05,
        -2.0413e-03, -1.4382e-02, -5.9770e-03,  3.6226e-03,  7.1098e-03,
         2.7436e-02,  7.3694e-05, -2.0379e-02, -1.2260e-02,  4.7885e-03,
         8.1353e-03, -6.5454e-03,  6.7068e-03, -9.6643e-03,  1.4582e-03],
       dtype=torch.float64, requires_grad=True)
Attempt 13: Optimization failed with error: list index out of range
w_i_init_torch: tensor([-0.0038, -0.0179,  0.0039,  0.0137,  0.0214,  0.0128,  0.0184, -0.0134,
        -0.0070,  0.0174,  0.0100,  0.0033, -0.0223, -0.0103, -0.0041, -0.0086,
        -0.0287, -0.0124,  0.0066, -0.0069,  0.0090,  0.0123,  0.0147,  0.0046,
         0.0178, -0.0014, -0.0057,  0.0032,  0.0018,  0.0075, -0.0097, -0.0045,
        -0.0023, -0.0147, -0.0033,  0.0100, -0.0022,  0.0024,  0.0223,  0.0093,
         0.0088, -0.0105, -0.0328, -0.0261, -0.0105,  0.0200,  0.0171,  0.0240,
        -0.0099, -0.0110, -0.0083,  0.0064,  0.0143, -0.0132,  0.0074, -0.0055,
         0.0027, -0.0107,  0.0064, -0.0249, -0.0067, -0.0246,  0.0183,  0.0033,
         0.0169,  0.0098,  0.0032, -0.0258, -0.0297, -0.0100, -0.0066,  0.0156,
         0.0044,  0.0204, -0.0035,  0.0106, -0.0120,  0.0076, -0.0178, -0.0013,
         0.0009,  0.0253, -0.0104,  0.0281,  0.0023,  0.0201, -0.0099,  0.0082,
        -0.0001, -0.0151,  0.0133, -0.0091,  0.0097,  0.0179,  0.0207, -0.0211,
        -0.0171,  0.0092, -0.0114,  0.0226], dtype=torch.float64,
       requires_grad=True)
Attempt 14: Optimization failed with error: list index out of range
w_i_init_torch: tensor([ 0.0033,  0.0216, -0.0213,  0.0108, -0.0216,  0.0161, -0.0182, -0.0184,
         0.0061, -0.0256, -0.0054,  0.0123, -0.0134, -0.0214, -0.0021,  0.0016,
        -0.0101, -0.0228,  0.0004,  0.0203, -0.0140,  0.0217,  0.0018,  0.0201,
        -0.0115,  0.0113, -0.0157, -0.0106,  0.0035, -0.0049, -0.0032, -0.0117,
        -0.0338, -0.0174,  0.0107,  0.0020,  0.0307,  0.0194,  0.0252,  0.0158,
        -0.0127, -0.0185,  0.0230,  0.0181,  0.0032,  0.0122,  0.0268,  0.0135,
         0.0277,  0.0184, -0.0102, -0.0204, -0.0025,  0.0026, -0.0075,  0.0090,
        -0.0001, -0.0248, -0.0085, -0.0241, -0.0226,  0.0055, -0.0144, -0.0008,
         0.0096, -0.0120,  0.0100,  0.0004,  0.0230,  0.0075, -0.0084, -0.0186,
        -0.0151,  0.0019,  0.0016, -0.0160,  0.0163,  0.0204, -0.0101, -0.0100,
         0.0125, -0.0129,  0.0118, -0.0109, -0.0057,  0.0158, -0.0021, -0.0075,
         0.0043, -0.0170, -0.0032,  0.0194, -0.0139,  0.0099, -0.0094, -0.0216,
        -0.0064,  0.0064,  0.0130, -0.0059], dtype=torch.float64,
       requires_grad=True)
Attempt 15: Optimization failed with error: list index out of range
w_i_init_torch: tensor([ 0.0055,  0.0062,  0.0006, -0.0069,  0.0068,  0.0310,  0.0181,  0.0116,
        -0.0142, -0.0276, -0.0027, -0.0051,  0.0155, -0.0084,  0.0127, -0.0248,
         0.0158, -0.0008, -0.0076, -0.0332,  0.0201,  0.0094,  0.0056, -0.0232,
        -0.0064, -0.0131, -0.0207,  0.0015,  0.0046,  0.0022, -0.0026,  0.0102,
        -0.0138,  0.0186, -0.0094, -0.0009,  0.0050,  0.0080, -0.0059,  0.0231,
        -0.0044, -0.0105,  0.0014,  0.0018, -0.0040,  0.0204, -0.0022, -0.0064,
        -0.0198, -0.0183,  0.0109,  0.0143,  0.0066,  0.0003,  0.0087,  0.0160,
        -0.0045, -0.0271, -0.0003, -0.0170, -0.0031,  0.0241,  0.0184,  0.0190,
        -0.0166, -0.0165, -0.0230,  0.0183,  0.0054,  0.0013, -0.0170, -0.0025,
         0.0052,  0.0152,  0.0202, -0.0108, -0.0003, -0.0166,  0.0135, -0.0021,
         0.0172,  0.0082,  0.0058,  0.0140,  0.0062, -0.0114,  0.0005, -0.0134,
        -0.0074, -0.0007, -0.0137, -0.0081, -0.0035, -0.0140, -0.0182, -0.0059,
        -0.0114,  0.0140, -0.0140, -0.0047], dtype=torch.float64,
       requires_grad=True)
Attempt 16: Optimization failed with error: list index out of range
w_i_init_torch: tensor([ 0.0135, -0.0009,  0.0033,  0.0025, -0.0019, -0.0132,  0.0044, -0.0221,
         0.0037,  0.0075, -0.0218,  0.0068, -0.0107,  0.0029, -0.0151,  0.0141,
         0.0107,  0.0005,  0.0002, -0.0187, -0.0003, -0.0099, -0.0007,  0.0060,
        -0.0125,  0.0064, -0.0092, -0.0030, -0.0056, -0.0002, -0.0025, -0.0151,
         0.0094, -0.0034,  0.0128, -0.0344, -0.0046, -0.0179, -0.0135,  0.0280,
        -0.0093,  0.0272, -0.0099, -0.0010,  0.0130,  0.0049,  0.0197, -0.0176,
         0.0056, -0.0010,  0.0016, -0.0036,  0.0041,  0.0098,  0.0172, -0.0077,
        -0.0180,  0.0058,  0.0158, -0.0003, -0.0189,  0.0085, -0.0203,  0.0072,
        -0.0109,  0.0155,  0.0009,  0.0012,  0.0148,  0.0193, -0.0083, -0.0142,
         0.0035,  0.0083, -0.0241, -0.0133, -0.0116, -0.0016, -0.0132,  0.0144,
        -0.0054, -0.0284, -0.0116, -0.0124, -0.0110,  0.0054,  0.0002,  0.0199,
        -0.0212, -0.0220,  0.0177,  0.0059,  0.0087, -0.0014, -0.0128,  0.0049,
        -0.0261,  0.0060, -0.0163, -0.0144], dtype=torch.float64,
       requires_grad=True)
Attempt 17: Optimization failed with error: list index out of range
w_i_init_torch: tensor([-0.0022, -0.0076, -0.0199, -0.0059,  0.0110,  0.0129, -0.0092, -0.0039,
         0.0053,  0.0142, -0.0111,  0.0193, -0.0159,  0.0038, -0.0150, -0.0136,
         0.0127,  0.0074,  0.0122, -0.0019,  0.0029, -0.0141,  0.0049,  0.0251,
        -0.0218, -0.0026,  0.0118, -0.0121, -0.0069, -0.0225,  0.0083, -0.0225,
         0.0042,  0.0097,  0.0202, -0.0131, -0.0141,  0.0162, -0.0105,  0.0183,
        -0.0150, -0.0061,  0.0005,  0.0149,  0.0112,  0.0110,  0.0024, -0.0220,
        -0.0168,  0.0148, -0.0063, -0.0170, -0.0170,  0.0030, -0.0118,  0.0012,
        -0.0046,  0.0117,  0.0187, -0.0040,  0.0204,  0.0118, -0.0158,  0.0146,
        -0.0016, -0.0128, -0.0009, -0.0265,  0.0173, -0.0053,  0.0183,  0.0141,
        -0.0298,  0.0167,  0.0002,  0.0276, -0.0216, -0.0030,  0.0014, -0.0079,
        -0.0193, -0.0211, -0.0093,  0.0007, -0.0346, -0.0093,  0.0068,  0.0143,
        -0.0035,  0.0115,  0.0032, -0.0062, -0.0066,  0.0234, -0.0015, -0.0211,
        -0.0253,  0.0157,  0.0031, -0.0048], dtype=torch.float64,
       requires_grad=True)
Attempt 18: Optimization failed with error: list index out of range
w_i_init_torch: tensor([ 0.0100, -0.0032,  0.0017,  0.0156, -0.0249, -0.0156,  0.0101, -0.0115,
         0.0136, -0.0074,  0.0187,  0.0171, -0.0152, -0.0092, -0.0080, -0.0115,
         0.0191, -0.0172,  0.0059,  0.0252, -0.0160,  0.0011, -0.0126,  0.0156,
         0.0140,  0.0178, -0.0093,  0.0028,  0.0054, -0.0004,  0.0141, -0.0014,
        -0.0211, -0.0106,  0.0066,  0.0142, -0.0087,  0.0058,  0.0064,  0.0222,
        -0.0199, -0.0247,  0.0061,  0.0118,  0.0125,  0.0150,  0.0294,  0.0122,
         0.0273, -0.0119, -0.0039,  0.0046,  0.0065, -0.0009,  0.0088, -0.0166,
         0.0139,  0.0167,  0.0126,  0.0051,  0.0007,  0.0267,  0.0222, -0.0132,
         0.0129,  0.0031, -0.0300, -0.0026,  0.0046, -0.0048,  0.0003, -0.0065,
        -0.0250, -0.0029,  0.0021,  0.0127, -0.0018, -0.0016, -0.0114,  0.0149,
        -0.0166, -0.0127, -0.0074,  0.0128,  0.0169, -0.0045, -0.0273,  0.0034,
         0.0072,  0.0078,  0.0202, -0.0077,  0.0270, -0.0041,  0.0165, -0.0016,
         0.0012, -0.0004,  0.0010, -0.0071], dtype=torch.float64,
       requires_grad=True)
Attempt 19: Optimization failed with error: list index out of range
w_i_init_torch: tensor([ 0.0080,  0.0175,  0.0074, -0.0079,  0.0076, -0.0243, -0.0006,  0.0185,
         0.0148, -0.0046,  0.0006, -0.0016, -0.0177, -0.0166, -0.0015,  0.0127,
        -0.0036,  0.0106, -0.0077, -0.0068,  0.0011,  0.0113,  0.0246, -0.0132,
        -0.0153,  0.0083, -0.0033,  0.0134, -0.0035, -0.0078, -0.0017, -0.0034,
         0.0093,  0.0044,  0.0140,  0.0214, -0.0097, -0.0040,  0.0266, -0.0134,
        -0.0179, -0.0063, -0.0042, -0.0012, -0.0078,  0.0147,  0.0073, -0.0114,
        -0.0071, -0.0017, -0.0050,  0.0151,  0.0069,  0.0130,  0.0100,  0.0074,
        -0.0196, -0.0076,  0.0139, -0.0071,  0.0012, -0.0038,  0.0061, -0.0088,
         0.0053, -0.0036, -0.0125,  0.0055, -0.0034,  0.0004,  0.0222,  0.0174,
         0.0042,  0.0131, -0.0096, -0.0012,  0.0004, -0.0276,  0.0090,  0.0046,
         0.0307,  0.0264,  0.0080,  0.0091,  0.0053, -0.0248,  0.0052, -0.0075,
        -0.0020,  0.0183, -0.0073,  0.0049,  0.0221, -0.0138, -0.0156, -0.0205,
         0.0072,  0.0162,  0.0098, -0.0091], dtype=torch.float64,
       requires_grad=True)
Attempt 20: Optimization failed with error: list index out of range
w_i_init_torch: tensor([-0.0002,  0.0163,  0.0329, -0.0205,  0.0042, -0.0151, -0.0121, -0.0205,
         0.0060,  0.0095, -0.0058,  0.0185, -0.0031, -0.0180,  0.0059, -0.0050,
         0.0149, -0.0007,  0.0255,  0.0215, -0.0012,  0.0023, -0.0010,  0.0221,
        -0.0103,  0.0053,  0.0025, -0.0014,  0.0045, -0.0037, -0.0198, -0.0091,
         0.0320, -0.0041, -0.0143,  0.0132, -0.0090, -0.0155, -0.0104,  0.0167,
        -0.0034, -0.0051, -0.0108, -0.0023,  0.0075,  0.0049,  0.0042,  0.0167,
        -0.0176, -0.0152, -0.0080, -0.0067,  0.0190, -0.0017, -0.0013,  0.0176,
        -0.0120, -0.0128,  0.0009, -0.0170, -0.0113,  0.0047,  0.0124,  0.0085,
        -0.0061,  0.0114, -0.0077, -0.0109, -0.0204,  0.0235,  0.0005, -0.0312,
        -0.0183,  0.0015,  0.0028, -0.0155,  0.0059, -0.0124,  0.0088, -0.0121,
         0.0192, -0.0185, -0.0275,  0.0042,  0.0057,  0.0118,  0.0007,  0.0095,
        -0.0075, -0.0033, -0.0414, -0.0123, -0.0089, -0.0148, -0.0320,  0.0123,
        -0.0091,  0.0033,  0.0087,  0.0128], dtype=torch.float64,
       requires_grad=True)
Attempt 21: Optimization failed with error: list index out of range
w_i_init_torch: tensor([-0.0353,  0.0176,  0.0031, -0.0108,  0.0149,  0.0164,  0.0092,  0.0094,
        -0.0166,  0.0041,  0.0132, -0.0126,  0.0123,  0.0040,  0.0084,  0.0156,
        -0.0094, -0.0104, -0.0103,  0.0058,  0.0219,  0.0022, -0.0207, -0.0048,
         0.0147, -0.0011, -0.0264, -0.0093, -0.0165, -0.0154,  0.0232,  0.0082,
         0.0053, -0.0016, -0.0217, -0.0104,  0.0050, -0.0164, -0.0157,  0.0179,
         0.0036, -0.0148, -0.0022,  0.0036,  0.0149,  0.0054,  0.0013, -0.0100,
         0.0050, -0.0100,  0.0065, -0.0195, -0.0161, -0.0089, -0.0290,  0.0059,
         0.0082, -0.0149,  0.0069, -0.0170,  0.0137, -0.0086,  0.0098,  0.0246,
        -0.0248,  0.0216,  0.0024, -0.0179, -0.0274, -0.0046, -0.0261,  0.0092,
         0.0111,  0.0093, -0.0213,  0.0184,  0.0089, -0.0025,  0.0023,  0.0076,
         0.0027,  0.0222, -0.0013, -0.0058,  0.0008, -0.0165, -0.0067, -0.0032,
        -0.0134,  0.0174, -0.0246, -0.0231, -0.0188, -0.0286, -0.0094,  0.0034,
        -0.0208,  0.0106,  0.0043,  0.0011], dtype=torch.float64,
       requires_grad=True)
Attempt 22: Optimization failed with error: list index out of range
w_i_init_torch: tensor([-0.0274,  0.0103,  0.0096,  0.0195, -0.0041, -0.0067, -0.0023,  0.0070,
         0.0143, -0.0102,  0.0157,  0.0095,  0.0181,  0.0124, -0.0082, -0.0195,
         0.0116, -0.0077, -0.0103, -0.0344,  0.0446,  0.0038,  0.0035,  0.0271,
         0.0052,  0.0115,  0.0126,  0.0174, -0.0081, -0.0008,  0.0034,  0.0287,
        -0.0028,  0.0084, -0.0085,  0.0063,  0.0031, -0.0089, -0.0232, -0.0092,
        -0.0075, -0.0161,  0.0085,  0.0222,  0.0126,  0.0177,  0.0266, -0.0092,
         0.0110,  0.0078,  0.0084,  0.0037,  0.0105, -0.0144, -0.0246, -0.0147,
        -0.0090,  0.0134, -0.0215, -0.0102, -0.0051, -0.0063, -0.0006,  0.0051,
        -0.0030, -0.0152, -0.0130,  0.0080,  0.0335,  0.0257,  0.0018, -0.0134,
        -0.0046, -0.0143, -0.0158,  0.0098, -0.0118,  0.0007,  0.0200,  0.0094,
         0.0199,  0.0141, -0.0074,  0.0069, -0.0296, -0.0231,  0.0038, -0.0156,
        -0.0054, -0.0077,  0.0252,  0.0034, -0.0092,  0.0002,  0.0005, -0.0163,
        -0.0019,  0.0020,  0.0196, -0.0180], dtype=torch.float64,
       requires_grad=True)
Attempt 23: Optimization failed with error: list index out of range
w_i_init_torch: tensor([ 0.0200,  0.0079,  0.0002, -0.0154, -0.0142, -0.0050, -0.0129, -0.0195,
        -0.0088, -0.0269,  0.0026,  0.0182, -0.0036,  0.0072,  0.0203, -0.0075,
         0.0248, -0.0252,  0.0081,  0.0123,  0.0205, -0.0215,  0.0016, -0.0163,
        -0.0129, -0.0079,  0.0171,  0.0036, -0.0012, -0.0313,  0.0230,  0.0252,
         0.0115, -0.0101, -0.0141, -0.0082,  0.0233,  0.0197,  0.0251, -0.0133,
         0.0154, -0.0044, -0.0023,  0.0178, -0.0083, -0.0064,  0.0164,  0.0047,
        -0.0020, -0.0029, -0.0097,  0.0223,  0.0028, -0.0026, -0.0046,  0.0152,
         0.0129, -0.0204, -0.0075, -0.0082,  0.0314,  0.0090,  0.0035, -0.0044,
         0.0029,  0.0115, -0.0013, -0.0176,  0.0029,  0.0142, -0.0175,  0.0153,
        -0.0003, -0.0172, -0.0012,  0.0330,  0.0143,  0.0091,  0.0009, -0.0183,
         0.0073, -0.0072,  0.0117, -0.0199, -0.0168,  0.0172,  0.0175,  0.0038,
         0.0028,  0.0169,  0.0123, -0.0136, -0.0142, -0.0011, -0.0045,  0.0054,
        -0.0193, -0.0160, -0.0170, -0.0047], dtype=torch.float64,
       requires_grad=True)
Attempt 24: Optimization failed with error: list index out of range
w_i_init_torch: tensor([-0.0265, -0.0033,  0.0031, -0.0186,  0.0026, -0.0131, -0.0241,  0.0040,
         0.0011,  0.0074, -0.0307,  0.0199, -0.0166, -0.0054, -0.0009,  0.0175,
        -0.0004,  0.0033,  0.0063,  0.0084,  0.0248, -0.0093, -0.0330, -0.0300,
         0.0111,  0.0193,  0.0135, -0.0183, -0.0093, -0.0210,  0.0167,  0.0186,
         0.0091, -0.0080,  0.0081,  0.0175,  0.0074, -0.0001,  0.0109, -0.0164,
         0.0014, -0.0186, -0.0105,  0.0127,  0.0025, -0.0237,  0.0133,  0.0021,
        -0.0032, -0.0120,  0.0231,  0.0058,  0.0225,  0.0060, -0.0122, -0.0042,
         0.0176, -0.0106,  0.0213, -0.0177,  0.0197, -0.0073,  0.0328,  0.0061,
         0.0200,  0.0046,  0.0018, -0.0241, -0.0072, -0.0024,  0.0102,  0.0171,
        -0.0216,  0.0284,  0.0112,  0.0081,  0.0053,  0.0196, -0.0276,  0.0258,
        -0.0138,  0.0187, -0.0012, -0.0251,  0.0026, -0.0022, -0.0101,  0.0116,
        -0.0022,  0.0119, -0.0076, -0.0023, -0.0107,  0.0107, -0.0059,  0.0310,
        -0.0224, -0.0006, -0.0230,  0.0137], dtype=torch.float64,
       requires_grad=True)
Attempt 25: Optimization failed with error: list index out of range
w_i_init_torch: tensor([ 2.5271e-02,  1.6118e-02,  1.8330e-02, -3.9246e-03,  7.2110e-03,
        -2.9856e-02, -2.0137e-02, -4.6326e-03,  5.0579e-03, -2.7629e-02,
         1.4167e-02, -2.4426e-02,  4.9462e-04, -3.7833e-02,  5.6284e-03,
        -6.2152e-03, -1.7694e-02, -1.0910e-02, -4.3973e-03,  3.4426e-03,
        -1.5709e-02, -1.8631e-02, -1.2179e-02, -1.8080e-02,  5.7598e-03,
        -2.3000e-02,  1.1411e-02, -2.5946e-03, -2.8885e-03, -1.6989e-02,
        -6.0609e-03, -1.8807e-02, -8.4209e-03,  1.4613e-02,  8.2293e-03,
         1.1201e-02, -9.1671e-03,  6.3361e-03, -6.3144e-03,  6.5667e-03,
        -8.4516e-03,  7.1063e-04,  7.5869e-03, -1.3898e-02, -1.3209e-02,
         2.2139e-02, -1.0173e-02,  1.4084e-02, -8.5282e-03, -5.7541e-03,
        -1.9940e-02,  3.6994e-03, -5.4479e-03, -1.4795e-02,  9.3157e-03,
        -3.2816e-02, -1.1283e-02,  7.3444e-05,  1.8019e-03, -2.5696e-02,
         2.0210e-02,  1.2199e-02,  2.9842e-03, -5.9949e-03, -1.5829e-02,
        -1.2399e-02,  6.9962e-03,  1.8222e-02, -4.4638e-03,  1.4207e-03,
        -1.1267e-02,  1.9092e-02,  7.2052e-06,  8.2071e-03,  5.0992e-03,
        -3.3164e-03,  8.0784e-03,  1.5064e-02,  1.2523e-02, -1.4429e-02,
        -3.1275e-02,  1.2748e-03,  1.2172e-02, -1.8359e-02, -1.2915e-02,
         2.8402e-02, -1.2792e-02,  1.3922e-02, -1.1869e-02,  9.2922e-03,
        -1.0624e-02,  4.8133e-03,  5.2969e-03,  4.1845e-03, -2.1923e-02,
         6.5742e-03, -5.5445e-03,  5.6399e-03, -3.7185e-03, -1.5964e-02],
       dtype=torch.float64, requires_grad=True)
Attempt 26: Optimization failed with error: list index out of range
w_i_init_torch: tensor([-8.2713e-05,  2.0532e-02,  1.2787e-02,  1.6186e-02, -1.2402e-02,
         9.0657e-03,  2.4196e-02,  4.7646e-03, -1.3691e-02,  1.4409e-02,
         2.6517e-02, -2.6886e-02, -3.6617e-03,  6.6041e-03, -2.3702e-02,
         2.0823e-03, -2.7645e-03, -7.5645e-03,  4.3980e-03,  7.0526e-03,
        -2.0741e-02, -7.7334e-03,  1.5809e-02, -9.7971e-04,  1.7886e-02,
        -1.4137e-02,  1.9127e-02,  6.3602e-03,  9.5372e-04,  2.3501e-02,
        -2.0191e-02,  1.9405e-02,  2.2094e-02, -1.2774e-02,  7.0489e-04,
        -3.1939e-03,  7.8311e-06,  1.3018e-03,  1.5517e-03,  8.3769e-03,
         1.7442e-02, -1.9334e-03,  1.5568e-02, -1.3351e-03,  8.0853e-03,
         1.7259e-02,  3.3732e-02,  7.1168e-03,  1.1252e-02, -1.6255e-02,
         2.1502e-02, -2.5168e-02,  1.0885e-02, -1.9433e-02, -2.9066e-02,
         2.2817e-02,  1.2571e-02,  3.6100e-02, -1.8861e-02, -4.3259e-03,
        -2.5228e-02,  1.7011e-02,  3.8732e-03,  1.5258e-02, -1.3078e-02,
         1.2941e-02, -4.2240e-03, -1.2638e-02,  1.7012e-02, -4.8834e-03,
        -1.3066e-02, -5.6237e-03, -6.0601e-03,  1.4265e-02, -8.6646e-03,
        -6.3905e-03, -9.8434e-03,  1.1332e-02, -2.0875e-02, -1.0134e-02,
         5.1075e-03, -5.1104e-03, -1.1313e-02, -4.8268e-03, -3.6996e-03,
        -1.3092e-02,  1.2915e-02, -2.2978e-02,  1.3277e-02, -1.3665e-02,
        -2.5420e-02, -6.3032e-03,  9.9244e-03,  1.5477e-02, -1.4145e-02,
        -1.9881e-02, -1.1732e-02, -1.9730e-02, -9.9017e-03,  1.1314e-02],
       dtype=torch.float64, requires_grad=True)
Attempt 27: Optimization failed with error: list index out of range
w_i_init_torch: tensor([ 0.0016,  0.0122, -0.0148,  0.0159,  0.0053, -0.0160, -0.0082, -0.0062,
        -0.0168, -0.0063,  0.0052,  0.0158,  0.0017,  0.0157,  0.0186, -0.0036,
         0.0308,  0.0126,  0.0156, -0.0054, -0.0009,  0.0175, -0.0051,  0.0002,
         0.0103,  0.0020, -0.0158, -0.0239,  0.0130, -0.0034,  0.0012,  0.0255,
         0.0072,  0.0003,  0.0091,  0.0185, -0.0034,  0.0222, -0.0005,  0.0250,
        -0.0068,  0.0036,  0.0154, -0.0085, -0.0267, -0.0147, -0.0164, -0.0278,
        -0.0121, -0.0219,  0.0224,  0.0119, -0.0198, -0.0052,  0.0020, -0.0058,
         0.0027,  0.0031, -0.0265, -0.0126, -0.0129, -0.0018,  0.0141, -0.0060,
         0.0229,  0.0064, -0.0112, -0.0052, -0.0077, -0.0082,  0.0128,  0.0021,
        -0.0029,  0.0266, -0.0142,  0.0185,  0.0117, -0.0307,  0.0123,  0.0114,
        -0.0141,  0.0085, -0.0084, -0.0049,  0.0075, -0.0153, -0.0029, -0.0382,
        -0.0138,  0.0107,  0.0225,  0.0075,  0.0028,  0.0251, -0.0215, -0.0069,
         0.0178,  0.0156,  0.0199,  0.0050], dtype=torch.float64,
       requires_grad=True)
Attempt 28: Optimization failed with error: list index out of range
w_i_init_torch: tensor([-0.0064, -0.0095, -0.0049,  0.0010, -0.0083,  0.0035, -0.0056,  0.0093,
        -0.0024,  0.0309, -0.0008, -0.0011, -0.0214, -0.0061, -0.0114, -0.0022,
         0.0223,  0.0062, -0.0089,  0.0084, -0.0114,  0.0036,  0.0179, -0.0085,
         0.0095, -0.0146,  0.0107,  0.0201, -0.0057, -0.0017, -0.0104,  0.0019,
        -0.0042,  0.0058, -0.0060,  0.0333,  0.0164, -0.0005, -0.0070,  0.0080,
         0.0084,  0.0168, -0.0004,  0.0074,  0.0033,  0.0030, -0.0043,  0.0042,
         0.0034, -0.0310, -0.0109, -0.0151, -0.0004,  0.0055,  0.0065, -0.0160,
         0.0021,  0.0067,  0.0074,  0.0065,  0.0113, -0.0017, -0.0137,  0.0138,
         0.0057, -0.0339, -0.0218, -0.0209,  0.0108, -0.0089, -0.0233, -0.0113,
         0.0192, -0.0172, -0.0100,  0.0027, -0.0023, -0.0116, -0.0145,  0.0183,
         0.0268, -0.0085,  0.0245,  0.0144,  0.0226, -0.0011,  0.0021, -0.0075,
        -0.0042,  0.0241, -0.0001, -0.0075,  0.0040, -0.0217, -0.0214,  0.0090,
        -0.0084, -0.0219,  0.0192, -0.0209], dtype=torch.float64,
       requires_grad=True)
Attempt 29: Optimization failed with error: list index out of range
w_i_init_torch: tensor([ 3.1787e-04, -1.9097e-02,  3.0869e-02, -1.6995e-02, -8.1189e-04,
        -4.7428e-03,  2.7063e-02,  2.9273e-03,  2.8468e-02,  2.7324e-02,
        -1.4818e-02,  2.2985e-02,  6.5202e-03,  6.9922e-03, -1.3887e-02,
         1.9321e-03,  9.2507e-03, -1.0825e-02, -3.3040e-03,  5.9046e-03,
         1.2349e-02, -1.5783e-02, -1.2300e-02,  1.0907e-02,  2.9417e-03,
         1.5996e-02, -1.1869e-02,  1.1833e-02, -5.7119e-03, -9.9738e-03,
         2.8569e-03, -1.0052e-02, -1.4537e-04,  2.3533e-04, -4.7638e-03,
         9.7891e-03, -7.4154e-03,  4.5865e-03,  1.3553e-02, -8.5178e-03,
        -2.5678e-02,  1.1613e-02,  9.0900e-03,  2.2314e-02, -1.4713e-02,
        -7.3258e-05,  2.2624e-02,  2.4728e-03,  7.4153e-03,  3.9445e-03,
        -6.2043e-03, -3.7077e-03,  8.0465e-03,  4.0279e-03,  2.3004e-02,
        -5.5967e-03,  5.5462e-03, -1.4052e-02,  1.9675e-03, -4.8130e-03,
        -1.0236e-02, -2.0873e-02, -1.0962e-02,  1.9618e-03,  1.1701e-02,
        -9.2112e-03,  4.6940e-04,  3.0936e-03, -6.9630e-03,  7.3664e-04,
         1.3203e-03, -1.3851e-02,  6.3205e-03, -1.7009e-02, -8.7432e-03,
        -1.0980e-02, -2.0468e-02, -7.5985e-03, -3.8637e-03, -2.4736e-02,
         2.4818e-02,  2.2839e-02, -1.8760e-02,  1.7825e-02,  2.5668e-03,
         1.4634e-02, -9.2916e-03,  8.1335e-03,  1.5758e-02,  6.9494e-03,
        -9.2285e-03,  2.6177e-02, -6.5758e-03, -3.5829e-03,  1.2471e-02,
         1.2290e-02,  5.2354e-03, -1.5516e-02,  9.8261e-03,  1.2417e-02],
       dtype=torch.float64, requires_grad=True)
Attempt 30: Optimization failed with error: list index out of range
