Initial weights: [0.0625 0.0625 0.0625 0.0625 0.0625 0.0625 0.0625 0.0625 0.0625 0.0625
 0.0625 0.0625 0.0625 0.0625 0.0625 0.0625]
Optimization terminated successfully.
         Current function value: 0.551067
         Iterations: 8
         Function evaluations: 56
Final weights (softmax): [0.06342408 0.06291725 0.05573951 0.06118908 0.06404107 0.06538627
 0.06155207 0.06344476 0.06221839 0.0623549  0.06365492 0.06359357
 0.06283664 0.06211485 0.0632365  0.06229622]
Sum of weights: 1.0000001
Weight covariance matrix:
 [[-1.56596533e+03  9.16032776e+02 -3.27236137e+01  1.67220963e+02
  -5.77237427e+02 -2.15765686e+02  2.99074154e+01 -1.19701538e+03
   1.05140175e+02  5.99040344e+02 -5.63934082e+02 -3.59515533e+02
  -1.85419006e+01  4.00222290e+02  2.36743335e+03 -5.42981377e+01]
 [ 9.16149963e+02 -6.22750000e+02  8.81643867e+00 -1.58237808e+02
   2.09401306e+02  2.34692810e+02 -1.09926605e+00  1.19251868e+03
  -5.07497711e+01 -4.53188568e+02  4.96602875e+02  3.43839569e+02
  -3.00231190e+01 -3.00706726e+02 -1.71594910e+03 -6.93171844e+01]
 [-3.27152138e+01  8.80617142e+00  5.36642408e+00  1.07436371e+00
  -7.72578354e+01  2.88283849e+00  6.72044563e+00  6.34419632e+00
   9.52691746e+00  1.36534996e+01  6.43483448e+00 -1.36907845e+01
   1.55100322e+00  6.58584118e+00  6.27362595e+01 -8.01896572e+00]
 [ 1.67236954e+02 -1.58231415e+02  1.07781029e+00  4.29791603e+01
   3.51780968e+01  4.07535667e+01 -5.26122379e+00  2.05770706e+02
  -1.31771374e+01 -8.00056839e+01  1.02662994e+02  5.24503326e+01
  -1.77812576e+01 -6.14747391e+01 -2.96360291e+02 -1.58178511e+01]
 [-5.77126282e+02  2.09256073e+02 -7.72643738e+01  3.51389732e+01
  -1.67040405e+03 -6.72334290e+00  8.93593597e+01 -1.11552536e+02
   1.32462189e+02  3.23611359e+02  5.32803650e+01 -1.91186951e+02
   1.44232864e+02  1.31857391e+02  1.62287317e+03 -1.07814133e+02]
 [-2.15780975e+02  2.34677017e+02  2.88244271e+00  4.07592087e+01
  -6.76272011e+00 -1.42671173e+02 -7.87133598e+00 -3.24028625e+02
   3.06972051e+00  1.09960541e+02 -1.42655029e+02 -5.21252518e+01
  -2.76288586e+01  8.88898544e+01  4.23296875e+02  1.59883461e+01]
 [ 2.99184513e+01 -1.09192860e+00  6.72295427e+00 -5.26233959e+00
   8.93630753e+01 -7.87648344e+00  8.24607239e+01 -1.97421246e+01
  -1.35249138e+01 -1.20671206e+01 -1.66181068e+01  1.72696762e+01
  -1.08288546e+01 -5.12665558e+00 -1.54770538e+02  2.11741982e+01]
 [-1.19712573e+03  1.19247290e+03  6.33549261e+00  2.05772415e+02
  -1.11739540e+02 -3.24027863e+02 -1.97340145e+01 -1.82209338e+03
   2.13413029e+01  6.42898071e+02 -7.10340149e+02 -2.49882614e+02
  -1.40212311e+02  4.30244324e+02  2.00086243e+03  7.52288895e+01]
 [ 1.05168518e+02 -5.07592392e+01  9.52796650e+00 -1.31810398e+01
   1.32498535e+02  3.07154894e+00 -1.35262041e+01  2.13549538e+01
   1.26291542e+02 -3.53808975e+01  2.42787170e+01  4.62666512e+01
  -6.99328232e+01 -2.27400112e+01 -2.75070709e+02  1.21324825e+01]
 [ 5.99074402e+02 -4.53145172e+02  1.36577759e+01 -8.00036087e+01
   3.23698029e+02  1.09961258e+02 -1.20698957e+01  6.42870117e+02
  -3.53678017e+01 -1.37550156e+02  2.66265045e+02  1.20404091e+02
   2.02639294e+01 -2.08964966e+02 -1.13869482e+03 -3.03982677e+01]
 [-5.63965332e+02  4.96571045e+02  6.42809677e+00  1.02662659e+02
   5.32111931e+01 -1.42652420e+02 -1.66052113e+01 -7.10313538e+02
   2.42730808e+01  2.66267670e+02 -5.47156128e+02 -1.72022110e+02
  -6.75653458e+01  2.30558563e+02  9.98010254e+02  4.22975960e+01]
 [-3.59618866e+02  3.43884460e+02 -1.36915998e+01  5.24541206e+01
  -1.91256561e+02 -5.21382141e+01  1.72791500e+01 -2.49949066e+02
   4.62602234e+01  1.20431679e+02 -1.72070236e+02 -4.56574432e+02
   1.79720734e+02  8.50495529e+01  6.86306396e+02 -3.60872612e+01]
 [-1.86953526e+01 -2.99025211e+01  1.54579949e+00 -1.77592869e+01
   1.44171356e+02 -2.76615791e+01 -1.08323145e+01 -1.40364700e+02
  -6.99151230e+01  2.03344040e+01 -6.76424179e+01  1.79658691e+02
   3.07623535e+02 -4.98870735e+01 -2.07418808e+02 -1.32546082e+01]
 [ 4.00264954e+02 -3.00699677e+02  6.58556938e+00 -6.14744339e+01
   1.31908127e+02  8.88921661e+01 -5.13042068e+00  4.30262054e+02
  -2.27334976e+01 -2.08977051e+02  2.30575577e+02  8.50261459e+01
  -4.99359474e+01  1.14442101e+01 -7.44855347e+02  8.84755802e+00]
 [ 2.36744751e+03 -1.71578198e+03  6.27564621e+01 -2.96332184e+02
   1.62302368e+03  4.23272736e+02 -1.54768066e+02  2.00070325e+03
  -2.75021973e+02 -1.13863269e+03  9.98008606e+02  6.86169617e+02
  -2.07678207e+02 -7.44802856e+02 -3.63814551e+03  9.78129578e+00]
 [-5.42689400e+01 -6.93345413e+01 -8.01928234e+00 -1.58228540e+01
  -1.07796860e+02  1.59851818e+01  2.11741791e+01  7.52437820e+01
   1.21309099e+01 -3.04074860e+01  4.23089142e+01 -3.60831184e+01
  -1.32602253e+01  8.84580803e+00  9.74857235e+00  1.49555969e+02]]
