Initial weights: [0.01666667 0.01666667 0.01666667 0.01666667 0.01666667 0.01666667
 0.01666667 0.01666667 0.01666667 0.01666667 0.01666667 0.01666667
 0.01666667 0.01666667 0.01666667 0.01666667 0.01666667 0.01666667
 0.01666667 0.01666667 0.01666667 0.01666667 0.01666667 0.01666667
 0.01666667 0.01666667 0.01666667 0.01666667 0.01666667 0.01666667
 0.01666667 0.01666667 0.01666667 0.01666667 0.01666667 0.01666667
 0.01666667 0.01666667 0.01666667 0.01666667 0.01666667 0.01666667
 0.01666667 0.01666667 0.01666667 0.01666667 0.01666667 0.01666667
 0.01666667 0.01666667 0.01666667 0.01666667 0.01666667 0.01666667
 0.01666667 0.01666667 0.01666667 0.01666667 0.01666667 0.01666667]
w_i_init_torch: tensor([ 0.0427,  0.0336,  0.0240, -0.0478, -0.0091, -0.1034, -0.0165, -0.0021,
         0.0053, -0.0292,  0.0820,  0.0159,  0.0186,  0.0096,  0.0143,  0.0092,
         0.0122, -0.0230, -0.0256, -0.0057,  0.0537, -0.0690,  0.0438, -0.0175,
        -0.0021,  0.0323,  0.0467,  0.0275, -0.0136,  0.0460, -0.0092, -0.0770,
         0.0604,  0.0581,  0.0023, -0.0208, -0.0739,  0.0153,  0.0267, -0.0165,
         0.0540,  0.0060,  0.0326,  0.0784,  0.0202,  0.0120,  0.0006,  0.0168,
        -0.0346,  0.0107,  0.0652, -0.0276, -0.0113, -0.0244, -0.0855,  0.0284,
         0.0476, -0.0047,  0.0751,  0.0213], dtype=torch.float64,
       requires_grad=True)
Attempt 1: Optimization failed with error: list index out of range
w_i_init_torch: tensor([ 0.0118, -0.0182, -0.0457,  0.0770,  0.0138, -0.0875,  0.0013,  0.0112,
         0.0139, -0.0337,  0.0840,  0.0305,  0.0271, -0.0079,  0.0206, -0.0248,
         0.0078,  0.0120,  0.0048,  0.0028, -0.0540, -0.0655,  0.0420, -0.0215,
        -0.0195,  0.0273,  0.0451, -0.0396, -0.0038,  0.0553, -0.0097, -0.0690,
        -0.0465,  0.0500, -0.0133,  0.0306, -0.0771, -0.0108,  0.0002, -0.0047,
         0.0480, -0.0049,  0.0339,  0.1206, -0.0136, -0.0061, -0.0117, -0.0102,
         0.0240, -0.0386, -0.0787, -0.0124, -0.0074, -0.0030, -0.0916, -0.0360,
        -0.0454, -0.0040,  0.0665, -0.0473], dtype=torch.float64,
       requires_grad=True)
Attempt 2: Optimization failed with error: list index out of range
w_i_init_torch: tensor([ 0.0223, -0.0346, -0.0318, -0.0372, -0.0202,  0.0995,  0.0089, -0.0042,
        -0.0199,  0.0258, -0.0545,  0.0290, -0.0242, -0.0132, -0.0151,  0.0137,
         0.0014, -0.0269,  0.0041, -0.0118,  0.0474,  0.0605,  0.0422, -0.0357,
        -0.0111, -0.0149,  0.0518,  0.0354, -0.0024,  0.0434,  0.0124, -0.0814,
        -0.0550,  0.0523,  0.0098,  0.0245, -0.0747,  0.0364,  0.0184,  0.0162,
         0.0558,  0.0041, -0.0223, -0.0830,  0.0248, -0.0142,  0.0084, -0.0019,
        -0.0261, -0.0218, -0.0675,  0.0214,  0.0133,  0.0106,  0.0936, -0.0395,
        -0.0430, -0.0029,  0.0769, -0.0398], dtype=torch.float64,
       requires_grad=True)
Attempt 3: Optimization failed with error: list index out of range
w_i_init_torch: tensor([-0.0269, -0.0435,  0.0314,  0.0483,  0.0154,  0.0946,  0.0043,  0.0003,
         0.0206,  0.0320,  0.0660,  0.0094,  0.0281, -0.0286,  0.0054,  0.0087,
        -0.0087, -0.0181,  0.0272,  0.0019, -0.0471,  0.0709,  0.0442, -0.0331,
        -0.0028, -0.0382, -0.0510,  0.0414, -0.0024, -0.0460, -0.0075, -0.0762,
        -0.0581, -0.0498,  0.0169, -0.0324, -0.0633,  0.0115, -0.0101,  0.0175,
        -0.0424, -0.0210, -0.0320,  0.1142,  0.0216,  0.0044,  0.0101,  0.0036,
        -0.0244, -0.0117,  0.0834, -0.0228,  0.0051, -0.0296,  0.0836,  0.0192,
         0.0589, -0.0086, -0.0789,  0.0291], dtype=torch.float64,
       requires_grad=True)
Attempt 4: Optimization failed with error: list index out of range
w_i_init_torch: tensor([ 0.0211, -0.0478,  0.0109,  0.0668,  0.0017,  0.0807, -0.0124, -0.0073,
         0.0326,  0.0379, -0.0866, -0.0244, -0.0167, -0.0120, -0.0160, -0.0207,
         0.0116, -0.0277,  0.0130, -0.0141, -0.0426,  0.0627, -0.0612, -0.0264,
         0.0214,  0.0158, -0.0622,  0.0392, -0.0068,  0.0547, -0.0397, -0.0916,
        -0.0687,  0.0501,  0.0138, -0.0130,  0.0790, -0.0132, -0.0074,  0.0005,
        -0.0474,  0.0081,  0.0398, -0.1032, -0.0244,  0.0047, -0.0099, -0.0151,
        -0.0258,  0.0067, -0.0759, -0.0292, -0.0209, -0.0302,  0.0969,  0.0437,
         0.0632,  0.0042,  0.0831, -0.0263], dtype=torch.float64,
       requires_grad=True)
Attempt 5: Optimization failed with error: list index out of range
w_i_init_torch: tensor([ 0.0251,  0.0506,  0.0079,  0.0682,  0.0226, -0.0934, -0.0108, -0.0240,
        -0.0232,  0.0224, -0.0775, -0.0269,  0.0311, -0.0226, -0.0102, -0.0090,
         0.0071, -0.0142,  0.0147,  0.0098,  0.0642, -0.0587,  0.0174, -0.0392,
        -0.0124, -0.0216, -0.0289, -0.0382,  0.0224,  0.0506,  0.0158,  0.0777,
         0.0509, -0.0478, -0.0122,  0.0310, -0.0827,  0.0122, -0.0025,  0.0218,
         0.0334, -0.0100,  0.0370,  0.1156, -0.0154, -0.0003, -0.0008,  0.0018,
        -0.0132,  0.0226, -0.0730, -0.0391,  0.0049,  0.0309,  0.0744, -0.0411,
        -0.0531, -0.0291,  0.0676, -0.0547], dtype=torch.float64,
       requires_grad=True)
Attempt 6: Optimization failed with error: list index out of range
w_i_init_torch: tensor([-0.0164, -0.0336,  0.0429,  0.0677, -0.0213,  0.0843, -0.0247,  0.0133,
        -0.0156,  0.0216, -0.0740, -0.0273,  0.0340,  0.0219, -0.0089, -0.0082,
         0.0276,  0.0348, -0.0079,  0.0091,  0.0485, -0.0591, -0.0471, -0.0403,
        -0.0090,  0.0182, -0.0479, -0.0338, -0.0058,  0.0347, -0.0070,  0.0710,
         0.0471,  0.0396,  0.0137, -0.0092, -0.0664, -0.0130,  0.0121, -0.0229,
        -0.0307, -0.0005, -0.0347,  0.0961, -0.0114, -0.0115, -0.0119,  0.0033,
        -0.0222, -0.0110, -0.0639,  0.0214, -0.0060, -0.0243, -0.0888, -0.0412,
         0.0596,  0.0015, -0.0861,  0.0480], dtype=torch.float64,
       requires_grad=True)
Attempt 7: Optimization failed with error: list index out of range
w_i_init_torch: tensor([-2.6851e-02,  5.0765e-02, -1.6644e-02, -4.6039e-02,  1.2788e-02,
        -9.2810e-02,  1.7569e-02,  1.2258e-05, -2.5571e-02,  4.5013e-02,
        -6.9981e-02,  1.8315e-02, -2.6989e-02, -9.6502e-03, -2.1311e-03,
        -3.2293e-03, -8.0783e-03, -2.1228e-02, -2.7474e-02, -8.4745e-03,
         5.1234e-02, -5.5749e-02,  4.6886e-02,  3.7130e-02, -3.4555e-02,
        -2.4664e-02,  4.7041e-02,  2.6409e-02, -6.8628e-03,  4.1775e-02,
         7.4351e-03, -6.5361e-02, -6.2915e-02,  5.9542e-02, -1.2894e-03,
         5.3207e-03, -6.1892e-02, -1.4840e-02, -7.0915e-03,  2.8667e-02,
         4.2371e-02, -1.1712e-02,  4.3145e-02, -1.0223e-01,  1.6985e-02,
        -5.2063e-05,  1.5863e-03, -1.3519e-02, -2.7001e-02,  1.7278e-02,
         7.5019e-02,  1.5269e-02, -1.6881e-02, -2.2352e-02,  9.5056e-02,
         5.1005e-02,  6.1088e-02, -1.3260e-03, -5.1812e-02,  4.8991e-02],
       dtype=torch.float64, requires_grad=True)
Attempt 8: Optimization failed with error: list index out of range
w_i_init_torch: tensor([-0.0225,  0.0484,  0.0310,  0.0333,  0.0090, -0.0922, -0.0132,  0.0160,
         0.0154,  0.0326, -0.0865, -0.0268, -0.0337, -0.0189,  0.0092, -0.0109,
        -0.0076, -0.0229,  0.0113, -0.0007,  0.0332,  0.0680,  0.0292, -0.0128,
        -0.0223,  0.0362, -0.0400, -0.0300, -0.0141, -0.0559, -0.0051,  0.0919,
         0.0534,  0.0556,  0.0035, -0.0261,  0.0738,  0.0073,  0.0134, -0.0334,
         0.0437, -0.0007, -0.0439, -0.0938, -0.0226,  0.0006, -0.0006, -0.0021,
         0.0142,  0.0182,  0.0716, -0.0277, -0.0178, -0.0288,  0.1017,  0.0383,
        -0.0501, -0.0019, -0.0755, -0.0350], dtype=torch.float64,
       requires_grad=True)
Attempt 9: Optimization failed with error: list index out of range
w_i_init_torch: tensor([-0.0252, -0.0348, -0.0211, -0.0736,  0.0170, -0.0801,  0.0014, -0.0173,
         0.0060, -0.0183, -0.0840,  0.0342, -0.0216,  0.0208, -0.0136,  0.0034,
         0.0023,  0.0296, -0.0308, -0.0014, -0.0475, -0.0566,  0.0484,  0.0227,
        -0.0129, -0.0241, -0.0522, -0.0235, -0.0036, -0.0488, -0.0186, -0.0810,
         0.0543,  0.0405, -0.0062, -0.0169, -0.0590,  0.0166, -0.0029,  0.0136,
         0.0599, -0.0111, -0.0240,  0.0971, -0.0209,  0.0090, -0.0166,  0.0017,
        -0.0276, -0.0154,  0.0700,  0.0190,  0.0132,  0.0360,  0.1009, -0.0275,
         0.0474,  0.0008,  0.0581, -0.0568], dtype=torch.float64,
       requires_grad=True)
Attempt 10: Optimization failed with error: list index out of range
w_i_init_torch: tensor([ 0.0113, -0.0536, -0.0230,  0.0508,  0.0104,  0.0994, -0.0127, -0.0153,
         0.0296,  0.0283, -0.0828, -0.0284,  0.0305,  0.0047,  0.0092,  0.0055,
         0.0092,  0.0277, -0.0222, -0.0113, -0.0550,  0.0722,  0.0609,  0.0465,
        -0.0008,  0.0175,  0.0542,  0.0334,  0.0082, -0.0371,  0.0016,  0.0655,
         0.0324, -0.0525, -0.0074, -0.0289, -0.0800,  0.0067,  0.0145,  0.0079,
        -0.0422,  0.0068,  0.0363,  0.1120,  0.0071,  0.0314, -0.0174,  0.0147,
        -0.0309, -0.0217, -0.0800,  0.0358,  0.0162,  0.0232,  0.0990, -0.0193,
         0.0481, -0.0097,  0.0694,  0.0423], dtype=torch.float64,
       requires_grad=True)
Attempt 11: Optimization failed with error: list index out of range
w_i_init_torch: tensor([ 6.3050e-03,  2.7709e-02, -3.1599e-02,  8.4206e-02,  5.5822e-03,
         9.0550e-02, -5.5784e-03, -8.0190e-03, -1.2355e-05,  2.5419e-02,
         9.1938e-02,  2.9930e-02, -2.2116e-02, -2.9203e-03, -1.2964e-02,
        -6.2930e-03, -1.4070e-02,  2.0003e-02,  1.9348e-02,  1.5060e-02,
         5.9661e-02, -7.5959e-02, -4.2048e-02,  1.8828e-02,  1.7293e-03,
         2.8510e-02,  4.8944e-02, -3.6570e-02,  1.2748e-02, -4.0976e-02,
         1.7302e-02, -7.4565e-02, -5.4124e-02, -6.0302e-02,  5.6700e-03,
         1.1466e-02,  6.5833e-02, -4.6488e-02,  1.2400e-04,  2.8009e-02,
         4.9359e-02,  1.5462e-03,  3.6497e-02, -1.1252e-01, -2.0034e-02,
         1.3315e-02,  1.2717e-02, -3.7240e-03,  1.9925e-02, -1.9263e-02,
        -6.5977e-02, -4.0715e-03, -3.0457e-05, -2.4005e-02,  8.6614e-02,
        -1.6884e-02, -5.3695e-02,  2.4130e-03, -7.9104e-02,  3.8333e-02],
       dtype=torch.float64, requires_grad=True)
Attempt 12: Optimization failed with error: list index out of range
w_i_init_torch: tensor([ 0.0282, -0.0455,  0.0262, -0.0629,  0.0238,  0.0836, -0.0063,  0.0040,
         0.0124,  0.0276, -0.0679,  0.0406,  0.0259,  0.0178,  0.0142, -0.0195,
        -0.0041, -0.0175, -0.0246,  0.0068, -0.0556, -0.0676,  0.0513, -0.0276,
         0.0219,  0.0469, -0.0595,  0.0225,  0.0054, -0.0291, -0.0067,  0.0783,
        -0.0559,  0.0566,  0.0259, -0.0213, -0.0657,  0.0048,  0.0087, -0.0061,
        -0.0517, -0.0089, -0.0071, -0.0920, -0.0131,  0.0031, -0.0031,  0.0046,
        -0.0227, -0.0095, -0.0719,  0.0137, -0.0119, -0.0274, -0.0950,  0.0345,
        -0.0400, -0.0067, -0.0687, -0.0600], dtype=torch.float64,
       requires_grad=True)
Attempt 13: Optimization failed with error: list index out of range
w_i_init_torch: tensor([ 2.5460e-02,  5.4737e-02, -2.7849e-02,  6.3168e-02, -1.5730e-02,
        -9.9652e-02, -5.4518e-05, -2.3318e-02, -3.1119e-03, -3.7093e-02,
         8.6851e-02, -3.4215e-02, -1.8358e-02,  2.2938e-02, -1.1426e-02,
         5.2780e-03,  7.6409e-03, -3.0574e-02, -1.9382e-02,  1.0784e-02,
        -4.8690e-02, -7.6187e-02, -5.2842e-02, -3.0886e-02, -1.4078e-02,
         2.2403e-02,  4.1432e-02, -3.0621e-02, -3.4415e-02,  3.1466e-02,
         1.1002e-02,  6.8494e-02, -6.7900e-02,  3.7769e-02, -1.3545e-02,
         5.2921e-03, -6.4066e-02, -2.2880e-02, -4.8588e-03,  1.4716e-02,
         5.9727e-02, -1.5728e-02,  5.4758e-02,  1.0877e-01, -1.3603e-02,
         9.3856e-03, -5.5063e-04, -1.2801e-02,  2.2007e-02,  3.9492e-02,
        -6.4820e-02,  2.2719e-04,  2.8781e-03, -2.4835e-02, -1.1041e-01,
         3.5124e-02,  5.0665e-02, -2.9802e-02, -7.4308e-02, -5.2292e-02],
       dtype=torch.float64, requires_grad=True)
Attempt 14: Optimization failed with error: list index out of range
w_i_init_torch: tensor([ 0.0209, -0.0362,  0.0330,  0.0445,  0.0145, -0.1021,  0.0020, -0.0100,
         0.0171,  0.0301,  0.0702,  0.0168,  0.0289, -0.0193, -0.0061,  0.0112,
         0.0044,  0.0119,  0.0144, -0.0068,  0.0342, -0.0669,  0.0504, -0.0247,
        -0.0246, -0.0248, -0.0407, -0.0338,  0.0035,  0.0295, -0.0014, -0.0701,
        -0.0501,  0.0588,  0.0019, -0.0306,  0.0452,  0.0275, -0.0059, -0.0296,
         0.0658, -0.0085, -0.0295, -0.1029, -0.0051, -0.0096, -0.0152,  0.0126,
        -0.0322, -0.0118, -0.0401, -0.0254, -0.0246, -0.0098, -0.0859,  0.0213,
        -0.0436,  0.0107, -0.0786, -0.0370], dtype=torch.float64,
       requires_grad=True)
Attempt 15: Optimization failed with error: list index out of range
w_i_init_torch: tensor([-0.0315, -0.0417,  0.0307,  0.0431, -0.0089,  0.0901, -0.0118, -0.0111,
         0.0164,  0.0299,  0.0654, -0.0296, -0.0368,  0.0227, -0.0260,  0.0096,
         0.0091, -0.0164,  0.0149,  0.0074, -0.0409,  0.0641,  0.0465,  0.0474,
        -0.0025, -0.0342,  0.0593,  0.0625, -0.0088,  0.0154,  0.0173, -0.0685,
         0.0392,  0.0498, -0.0005, -0.0126, -0.0731, -0.0089,  0.0032, -0.0242,
        -0.0485,  0.0077,  0.0236,  0.0827, -0.0226, -0.0211,  0.0091, -0.0007,
        -0.0271, -0.0114,  0.0861, -0.0282,  0.0070,  0.0291,  0.0912,  0.0296,
        -0.0524, -0.0031,  0.0901, -0.0584], dtype=torch.float64,
       requires_grad=True)
Attempt 16: Optimization failed with error: list index out of range
w_i_init_torch: tensor([-0.0276,  0.0311,  0.0375,  0.0645, -0.0144, -0.0768, -0.0076,  0.0013,
        -0.0182,  0.0379, -0.0844,  0.0236,  0.0342, -0.0175,  0.0031, -0.0091,
         0.0063, -0.0253, -0.0323, -0.0070,  0.0576, -0.0643, -0.0689, -0.0297,
         0.0042, -0.0184,  0.0515,  0.0636,  0.0174, -0.0260, -0.0044,  0.0817,
         0.0578,  0.0562, -0.0158,  0.0047, -0.0598,  0.0289, -0.0167,  0.0316,
        -0.0542, -0.0087,  0.0299,  0.1048, -0.0061, -0.0215, -0.0005, -0.0203,
         0.0310, -0.0229,  0.0697, -0.0198,  0.0067, -0.0326, -0.1284, -0.0180,
         0.0629,  0.0162,  0.0693,  0.0229], dtype=torch.float64,
       requires_grad=True)
Attempt 17: Optimization failed with error: list index out of range
w_i_init_torch: tensor([-3.5356e-02,  2.6100e-02,  3.6318e-02,  5.7811e-02, -2.7925e-03,
        -8.7681e-02,  5.5198e-05, -1.7790e-02,  2.0480e-02,  3.3498e-02,
        -8.6267e-02, -2.5858e-02, -2.2986e-02,  2.1026e-02, -9.4303e-03,
        -7.6337e-03,  7.1419e-03, -2.8400e-02, -2.2080e-02,  1.4003e-04,
        -6.9584e-02,  7.7427e-02, -4.0108e-02,  2.7196e-02, -6.2428e-03,
        -3.5555e-02,  4.2661e-02, -3.6133e-02,  7.4405e-03, -4.4545e-02,
        -1.3372e-04, -9.2302e-02, -5.5215e-02,  4.8590e-02, -3.4731e-03,
         4.2085e-02, -6.0114e-02,  3.0792e-02, -9.6216e-03,  1.0739e-03,
         3.0956e-02,  2.8581e-03,  3.5805e-02,  9.8550e-02, -3.0658e-02,
         4.7641e-03, -2.2307e-02,  1.4924e-03,  3.3216e-03, -2.3716e-02,
        -6.9539e-02,  9.0802e-03, -1.8922e-02,  3.4599e-02,  8.1834e-02,
        -1.8415e-02,  4.9976e-02,  6.4281e-03, -6.3711e-02,  5.2366e-02],
       dtype=torch.float64, requires_grad=True)
Attempt 18: Optimization failed with error: list index out of range
w_i_init_torch: tensor([-2.7782e-02, -5.8726e-02, -3.2362e-02, -6.8500e-02, -3.2631e-02,
        -8.1049e-02, -1.2473e-02,  7.4717e-03,  4.6048e-03, -3.6501e-02,
        -6.6025e-02, -5.8908e-03,  2.5290e-02, -2.1895e-02, -2.0700e-02,
         1.9797e-03,  6.9264e-03,  2.0639e-02,  2.8985e-02,  8.3450e-05,
        -6.4955e-02, -5.6106e-02,  4.5661e-02,  2.4754e-02, -1.6713e-02,
         2.7596e-02,  5.0151e-02,  4.8049e-02,  8.7269e-03,  5.6041e-02,
         1.6025e-02, -6.2740e-02, -6.8124e-02, -5.2204e-02,  8.7593e-03,
         1.1588e-02,  6.4811e-02, -3.7127e-03, -3.5820e-02,  1.9377e-02,
        -3.7326e-02, -1.3648e-02, -2.7156e-02, -1.0609e-01, -1.8501e-02,
         1.9871e-02,  4.0223e-03, -2.7812e-02, -1.3664e-02,  2.3707e-02,
        -7.1605e-02, -1.3796e-02,  2.3532e-02, -2.7766e-02,  6.9623e-02,
        -1.9835e-02, -4.3546e-02,  1.2090e-02,  9.0489e-02,  5.0944e-02],
       dtype=torch.float64, requires_grad=True)
Attempt 19: Optimization failed with error: list index out of range
w_i_init_torch: tensor([ 0.0202, -0.0318, -0.0343,  0.0700, -0.0353,  0.1034, -0.0255,  0.0177,
         0.0116,  0.0352, -0.0796, -0.0230, -0.0142,  0.0266, -0.0167,  0.0146,
        -0.0060,  0.0313,  0.0144, -0.0136,  0.0552, -0.0586, -0.0317,  0.0242,
         0.0206, -0.0177,  0.0480, -0.0185,  0.0228,  0.0658,  0.0226,  0.0887,
         0.0511,  0.0453,  0.0109,  0.0187,  0.0622, -0.0340, -0.0024, -0.0021,
         0.0489, -0.0023, -0.0231, -0.1012, -0.0067, -0.0065, -0.0009,  0.0004,
        -0.0223,  0.0084,  0.1047, -0.0330,  0.0022,  0.0153, -0.0874, -0.0257,
         0.0450,  0.0077,  0.0823,  0.0530], dtype=torch.float64,
       requires_grad=True)
Final loss (NLL): 0.5386672049748115
Final weights: tensor([ 2.7465e-02,  3.9775e-02,  2.9415e-02,  6.0815e-02,  1.6158e-02,
         8.9291e-02,  5.7799e-03, -1.1811e-02,  2.4000e-02,  3.1447e-02,
         8.1284e-02, -2.3717e-02,  2.6356e-02, -1.7371e-02, -1.0964e-02,
         8.3690e-03, -8.1378e-03, -2.3745e-02,  2.1039e-02, -2.9559e-04,
        -4.8600e-02,  6.1569e-02, -4.8001e-02, -3.0407e-02, -1.4790e-02,
        -2.3764e-02,  5.1739e-02,  3.5346e-02,  8.6797e-03,  4.0055e-02,
        -8.1824e-03, -7.8225e-02,  5.8031e-02,  5.0158e-02, -5.7191e-03,
         1.7794e-02,  6.6486e-02,  1.7646e-02, -1.0253e-02,  1.3935e-02,
        -4.6986e-02,  3.5882e-03,  3.0478e-02,  9.8500e-02,  1.6057e-02,
        -4.4616e-03,  5.2506e-03, -4.2853e-03,  2.5735e-02,  1.7025e-02,
         7.2026e-02,  1.9939e-02, -1.0673e-02,  2.1200e-02,  9.2340e-02,
        -3.0226e-02,  4.8697e-02,  7.0628e-05,  7.8944e-02,  4.8129e-02],
       dtype=torch.float64)
Sum of weights: 0.9999999451463769
Weight covariance matrix:
 tensor([[ 8.1615e-04, -6.8426e-05, -7.7953e-05,  ...,  8.9818e-06,
         -7.3245e-05, -1.4490e-05],
        [-6.8426e-05,  9.8217e-04, -5.2060e-06,  ...,  3.7837e-05,
         -1.8546e-05, -4.7887e-05],
        [-7.7953e-05, -5.2060e-06,  9.2570e-04,  ...,  2.9831e-05,
         -3.3909e-05, -8.6052e-05],
        ...,
        [ 8.9818e-06,  3.7837e-05,  2.9831e-05,  ...,  1.0751e-03,
         -9.9704e-05, -6.1254e-05],
        [-7.3245e-05, -1.8546e-05, -3.3909e-05,  ..., -9.9704e-05,
          7.7688e-04,  5.5271e-05],
        [-1.4490e-05, -4.7887e-05, -8.6052e-05,  ..., -6.1254e-05,
          5.5271e-05,  6.1242e-04]], dtype=torch.float64,
       grad_fn=<DivBackward0>)
