w_i_init_torch: tensor([ 0.0153,  0.0159,  0.0010,  0.0222,  0.0194, -0.0050, -0.0013,  0.0293,
         0.0205,  0.0209,  0.0131,  0.0197,  0.0137,  0.0045,  0.0111,  0.0146,
         0.0056,  0.0216,  0.0029,  0.0233,  0.0129,  0.0164,  0.0204,  0.0201,
         0.0164,  0.0126,  0.0232,  0.0121,  0.0071,  0.0070,  0.0136,  0.0206,
         0.0208,  0.0089,  0.0031,  0.0111,  0.0128,  0.0130,  0.0257,  0.0215,
         0.0031,  0.0031,  0.0142,  0.0144,  0.0197,  0.0132,  0.0090,  0.0128,
         0.0211,  0.0125, -0.0007,  0.0082,  0.0265,  0.0302,  0.0223,  0.0108,
         0.0022,  0.0242,  0.0093,  0.0138], dtype=torch.float64,
       requires_grad=True)
Attempt 1: Starting optimization (loss = 0.5543)
Optimization succeeded on attempt 0
Final loss (NLL): 0.5387443908020222
Final weights: tensor([-0.0081,  0.0125, -0.0413,  0.0790, -0.0028,  0.0476,  0.0274, -0.1503,
        -0.0312,  0.0414, -0.0784,  0.1454,  0.0658, -0.0660, -0.1017,  0.1777,
         0.0763,  0.0420, -0.0697,  0.0356,  0.0391, -0.0197, -0.0510, -0.0441,
         0.0084, -0.0184,  0.0636,  0.0514,  0.0982,  0.0532, -0.0220,  0.0506,
         0.1473,  0.0105,  0.0799, -0.0410,  0.0298, -0.0005,  0.0345, -0.0282,
         0.0499,  0.0455, -0.0576, -0.0621,  0.0088,  0.0182,  0.0137,  0.1495,
         0.0390,  0.0564,  0.0971, -0.0434, -0.0063,  0.0362,  0.0390, -0.0475,
        -0.0325, -0.1035,  0.0516,  0.1052], dtype=torch.float64)
Sum of weights: 0.9999999999925611
