Using folder_path = /work/gbadarac/MonoJet_NPLM/MonoJet_NPLM_analysis/Train_Ensembles/Train_Models/Sparker_kernels/EstimationKernels_outputs/2_dim/2d_bimodal_gaussian_heavy_tail/N_100000_dim_2_kernels_SparKer_models60_L5_K75_M270_Nboot100000_lr0.05_clip_10000000_no_masking
Storing WiFi fit results in: /work/gbadarac/MonoJet_NPLM/MonoJet_NPLM_analysis/Uncertainty_Modeling/wifi/Fit_Weights/results_fit_weights_kernel/N_100000_dim_2_kernels_SparKer_models60_L5_K75_M270_Nboot100000_lr0.05_clip_10000000_no_masking_2d_bimodal_gaussian_heavy_tail_ensemblecomponents60
Loaded target data: (100000, 2)
Precomputing model_probs on CPU ...
model_probs stats: min 1.4741103493535574e-14 max 1.8384503691818308 finite True
model_probs_cpu computed: shape=(100000, 60)
w_init: [-0.00340176  0.04607317  0.00906605  0.01620478  0.01958745  0.02009821
  0.00337232 -0.01050315  0.01631686  0.01224685  0.03480062  0.0386442
  0.00496316  0.02628461  0.01993917  0.01792691  0.01411832  0.00319113
  0.02765896 -0.00175346  0.01640321  0.00194623  0.02019084  0.01892618
  0.01655052  0.02780262  0.01939367  0.03348299  0.01303895  0.00757749
  0.02838675  0.00495927  0.01449896  0.01020739 -0.00509127  0.01695668
  0.03401719  0.02982466  0.0241211   0.02252816  0.0058307   0.01112457
  0.02231559  0.02735054  0.01000268  0.00942565  0.03161816  0.00394912
  0.02378438  0.00377531 -0.00198118  0.00102497  0.00539282  0.03325434
  0.01091383 -0.00213102  0.00913974 -0.00139556  0.01173617  0.00908114]
w_init sum: 0.8947679129871126
epoch 100 loss 3.961553e-01 |dL/du| 8.784e-04
epoch 100 sumw 1.000000
epoch 100 weights [ 0.0241071   0.04361628  0.02869874  0.0271506  -0.0471784  -0.05242171
  0.04971225  0.05744279  0.00737856  0.02926607  0.00945394  0.02006816
  0.02177469  0.02106194 -0.01287095  0.00481374  0.04185019 -0.00557792
  0.06507375 -0.06084762 -0.01216929  0.02110912  0.00080224 -0.01910107
  0.01088748  0.00054398  0.03783901 -0.02557465  0.07702294 -0.01748764
  0.05011841  0.05183941  0.05843976  0.04303476  0.02086182 -0.01905356
  0.03239777  0.09279718  0.0689636   0.05022008  0.07563017  0.05045467
 -0.00195245  0.03674711 -0.03041263 -0.02944548  0.0679745   0.07040798
 -0.04177524 -0.00667254 -0.00843786  0.00616371  0.03201753  0.00133733
  0.02056711 -0.01329984 -0.00376136 -0.06273167  0.02618708  0.01493832]
epoch 200 loss 3.960930e-01 |dL/du| 2.046e-04
epoch 200 sumw 1.000000
epoch 200 weights [ 2.81361500e-02  4.37471810e-02  1.96704331e-02  1.98699329e-02
 -7.05098753e-02 -6.28643304e-02  5.87543395e-02  1.03221290e-01
 -1.05218023e-02  3.28457360e-02  1.95880824e-03  2.91649032e-02
  2.63799811e-02  2.30851169e-02 -2.32800364e-02  4.90894021e-03
  5.98093239e-02 -9.35239512e-04  7.71498824e-02 -9.57360163e-02
 -2.32331139e-02  1.85186514e-02 -8.30705314e-03 -2.54451746e-02
  4.47694932e-04  5.17455609e-03  3.85193385e-02 -5.57207636e-02
  1.11930294e-01 -9.22787745e-03  5.11888217e-02  7.09660705e-02
  8.33396837e-02  4.70950725e-02  2.65771891e-02 -4.45812013e-02
  3.88589180e-02  1.21443926e-01  6.78090806e-02  5.33254768e-02
  1.06789122e-01  5.40976585e-02 -1.47007833e-02  3.10194431e-02
 -2.54033441e-02 -5.04004242e-02  7.40652391e-02  1.05156080e-01
 -8.36608570e-02 -2.94835995e-05 -1.24721779e-02  9.23199307e-03
  3.31106370e-02 -1.14963234e-02  1.44046504e-02 -2.39944783e-02
 -4.51907813e-03 -9.71515945e-02  4.77130247e-02  1.47063879e-02]
epoch 300 loss 3.960880e-01 |dL/du| 4.465e-05
epoch 300 sumw 1.000000
epoch 300 weights [ 0.02652632  0.04211544  0.01346326  0.01701464 -0.07507333 -0.06101039
  0.05891919  0.12076703 -0.01868231  0.03253029  0.00193687  0.03179971
  0.02446834  0.02678577 -0.02555943  0.00630703  0.06754909  0.00114348
  0.08056489 -0.10280671 -0.02417838  0.01481916 -0.01057747 -0.0259359
 -0.0017609   0.00549909  0.03797176 -0.06478686  0.12144083 -0.00281078
  0.04968554  0.07357658  0.08867813  0.0471856   0.0274034  -0.05243283
  0.04076101  0.12787924  0.06224753  0.05250851  0.11710134  0.0533651
 -0.0185381   0.0276045  -0.01784641 -0.05655026  0.07308148  0.11885968
 -0.09901484  0.00104924 -0.01452711  0.01180724  0.03653218 -0.01455658
  0.01346577 -0.02546254 -0.00488439 -0.10697217  0.05528662  0.01426683]
epoch 400 loss 3.960878e-01 |dL/du| 8.028e-06
epoch 400 sumw 1.000000
epoch 400 weights [ 0.02573046  0.04166517  0.01171496  0.01647872 -0.07576797 -0.06040485
  0.05830837  0.12519584 -0.02064156  0.03217178  0.00189789  0.03250822
  0.02389817  0.02770712 -0.02611359  0.00667932  0.06920416  0.00152154
  0.08203798 -0.10334327 -0.0243174   0.01379222 -0.01097275 -0.0260894
 -0.00207896  0.00535517  0.03764197 -0.06715041  0.12311675 -0.00123933
  0.04961994  0.07378806  0.08933199  0.04733898  0.02763365 -0.05402322
  0.04114497  0.1287276   0.0605892   0.05231853  0.11949412  0.05315808
 -0.01946504  0.02684208 -0.0158773  -0.05808466  0.07286083  0.1221985
 -0.1026178   0.00109913 -0.01514117  0.01249408  0.03831348 -0.01503999
  0.01329037 -0.02573242 -0.00481987 -0.10943153  0.05716948  0.01431358]
epoch 500 loss 3.960877e-01 |dL/du| 1.073e-06
epoch 500 sumw 1.000000
epoch 500 weights [ 0.02558104  0.04159421  0.01140856  0.01641083 -0.07582576 -0.06030071
  0.05810848  0.12599611 -0.0209447   0.03211113  0.0018568   0.03263761
  0.02384902  0.0278452  -0.0262339   0.00673116  0.0693983   0.00154633
  0.08240461 -0.10330319 -0.02433722  0.01362365 -0.01099951 -0.02609767
 -0.00216973  0.00531154  0.03757048 -0.06758911  0.12332576 -0.00095545
  0.04965758  0.07379813  0.08938621  0.04741507  0.02766505 -0.05425452
  0.04118322  0.12879689  0.06029832  0.05231653  0.11989005  0.05311306
 -0.01963386  0.02672281 -0.01557975 -0.05834162  0.07285304  0.12270177
 -0.10320891  0.00108587 -0.0152753   0.01259348  0.03876691 -0.01513611
  0.01325418 -0.02581589 -0.00477626 -0.10990049  0.05751982  0.01435087]
epoch 600 loss 3.960877e-01 |dL/du| 9.901e-08
epoch 600 sumw 1.000000
epoch 600 weights [ 0.02556501  0.04158742  0.01137113  0.0164039  -0.07582671 -0.06028802
  0.0580743   0.12609761 -0.02097506  0.03210554  0.00184726  0.03265342
  0.02384955  0.02786062 -0.02625318  0.00673611  0.06941023  0.00154493
  0.08245902 -0.10329078 -0.02433876  0.01360588 -0.01099773 -0.02609566
 -0.00218773  0.00530457  0.03756179 -0.06764445  0.12334656 -0.00091779
  0.04966714  0.07379564  0.0893886   0.04742967  0.0276674  -0.05427918
  0.04118406  0.1288017   0.06026359  0.05232052  0.1199402   0.05310747
 -0.01965635  0.02670819 -0.01554886 -0.05837049  0.07285559  0.12275126
 -0.10327918  0.00108335 -0.01529391  0.01260136  0.03883687 -0.01515125
  0.01324924 -0.02583125 -0.00477121 -0.10996206  0.05756471  0.01435823]
epoch 700 loss 3.960877e-01 |dL/du| 5.915e-09
epoch 700 sumw 1.000000
epoch 700 weights [ 0.02556395  0.041587    0.01136803  0.0164033  -0.07582644 -0.06028689
  0.05807073  0.12610629 -0.020977    0.03210522  0.00184616  0.03265474
  0.02384996  0.02786194 -0.02625519  0.00673642  0.06941042  0.00154456
  0.08246409 -0.10328964 -0.02433878  0.01360465 -0.01099727 -0.02609529
 -0.00218977  0.00530386  0.03756113 -0.06764921  0.12334835 -0.00091437
  0.04966826  0.07379507  0.08938861  0.04743123  0.0276675  -0.05428105
  0.04118386  0.12880211  0.0602607   0.05232113  0.11994487  0.05310707
 -0.01965849  0.02670684 -0.01554658 -0.05837271  0.07285601  0.12275447
 -0.10328515  0.00108315 -0.01529549  0.01260166  0.03884375 -0.01515279
  0.01324881 -0.02583287 -0.00477103 -0.10996746  0.05756858  0.014359  ]
epoch 800 loss 3.960877e-01 |dL/du| 2.100e-10
epoch 800 sumw 1.000000
epoch 800 weights [ 0.02556391  0.04158698  0.01136787  0.01640326 -0.07582641 -0.06028682
  0.0580705   0.12610677 -0.02097708  0.0321052   0.00184609  0.03265481
  0.02385     0.02786202 -0.02625532  0.00673644  0.0694104   0.00154453
  0.08246439 -0.10328958 -0.02433878  0.01360459 -0.01099723 -0.02609526
 -0.0021899   0.00530381  0.0375611  -0.06764949  0.12334847 -0.00091417
  0.04966833  0.07379502  0.08938861  0.04743133  0.0276675  -0.05428115
  0.04118384  0.12880214  0.06026054  0.05232117  0.11994516  0.05310705
 -0.01965862  0.02670676 -0.01554647 -0.05837283  0.07285604  0.1227546
 -0.10328549  0.00108314 -0.01529557  0.01260166  0.03884417 -0.01515289
  0.01324878 -0.02583298 -0.00477104 -0.10996777  0.0575688   0.01435905]
epoch 900 loss 3.960877e-01 |dL/du| 3.773e-12
epoch 900 sumw 1.000000
epoch 900 weights [ 0.02556391  0.04158698  0.01136786  0.01640326 -0.07582641 -0.06028681
  0.0580705   0.12610678 -0.02097708  0.0321052   0.00184609  0.03265481
  0.02385     0.02786203 -0.02625533  0.00673644  0.0694104   0.00154453
  0.0824644  -0.10328958 -0.02433878  0.01360459 -0.01099723 -0.02609526
 -0.0021899   0.00530381  0.0375611  -0.0676495   0.12334848 -0.00091416
  0.04966833  0.07379502  0.08938861  0.04743133  0.0276675  -0.05428115
  0.04118384  0.12880214  0.06026053  0.05232117  0.11994517  0.05310705
 -0.01965863  0.02670676 -0.01554646 -0.05837283  0.07285604  0.1227546
 -0.10328551  0.00108314 -0.01529557  0.01260166  0.03884419 -0.0151529
  0.01324878 -0.02583298 -0.00477104 -0.10996778  0.05756881  0.01435905]
epoch 1000 loss 3.960877e-01 |dL/du| 2.148e-14
epoch 1000 sumw 1.000000
epoch 1000 weights [ 0.02556391  0.04158698  0.01136786  0.01640326 -0.07582641 -0.06028681
  0.0580705   0.12610678 -0.02097708  0.0321052   0.00184609  0.03265481
  0.02385     0.02786203 -0.02625533  0.00673644  0.0694104   0.00154453
  0.0824644  -0.10328958 -0.02433878  0.01360459 -0.01099723 -0.02609526
 -0.0021899   0.00530381  0.0375611  -0.0676495   0.12334848 -0.00091416
  0.04966833  0.07379502  0.08938861  0.04743133  0.0276675  -0.05428115
  0.04118384  0.12880214  0.06026053  0.05232117  0.11994517  0.05310705
 -0.01965863  0.02670676 -0.01554646 -0.05837283  0.07285604  0.1227546
 -0.10328551  0.00108314 -0.01529557  0.01260166  0.03884419 -0.0151529
  0.01324878 -0.02583298 -0.00477104 -0.10996778  0.05756881  0.01435905]
epoch 1100 loss 3.960877e-01 |dL/du| 1.834e-15
epoch 1100 sumw 1.000000
epoch 1100 weights [ 0.02556391  0.04158698  0.01136786  0.01640326 -0.07582641 -0.06028681
  0.0580705   0.12610678 -0.02097708  0.0321052   0.00184609  0.03265481
  0.02385     0.02786203 -0.02625533  0.00673644  0.0694104   0.00154453
  0.0824644  -0.10328958 -0.02433878  0.01360459 -0.01099723 -0.02609526
 -0.0021899   0.00530381  0.0375611  -0.0676495   0.12334848 -0.00091416
  0.04966833  0.07379502  0.08938861  0.04743133  0.0276675  -0.05428115
  0.04118384  0.12880214  0.06026053  0.05232117  0.11994517  0.05310705
 -0.01965863  0.02670676 -0.01554646 -0.05837283  0.07285604  0.1227546
 -0.10328551  0.00108314 -0.01529557  0.01260166  0.03884419 -0.0151529
  0.01324878 -0.02583298 -0.00477104 -0.10996778  0.05756881  0.01435905]
epoch 1200 loss 3.960877e-01 |dL/du| 1.185e-15
epoch 1200 sumw 1.000000
epoch 1200 weights [ 0.02556391  0.04158698  0.01136786  0.01640326 -0.07582641 -0.06028681
  0.0580705   0.12610678 -0.02097708  0.0321052   0.00184609  0.03265481
  0.02385     0.02786203 -0.02625533  0.00673644  0.0694104   0.00154453
  0.0824644  -0.10328958 -0.02433878  0.01360459 -0.01099723 -0.02609526
 -0.0021899   0.00530381  0.0375611  -0.0676495   0.12334848 -0.00091416
  0.04966833  0.07379502  0.08938861  0.04743133  0.0276675  -0.05428115
  0.04118384  0.12880214  0.06026053  0.05232117  0.11994517  0.05310705
 -0.01965863  0.02670676 -0.01554646 -0.05837283  0.07285604  0.1227546
 -0.10328551  0.00108314 -0.01529557  0.01260166  0.03884419 -0.0151529
  0.01324878 -0.02583298 -0.00477104 -0.10996778  0.05756881  0.01435905]
epoch 1300 loss 3.960877e-01 |dL/du| 1.241e-15
epoch 1300 sumw 1.000000
epoch 1300 weights [ 0.02556391  0.04158698  0.01136786  0.01640326 -0.07582641 -0.06028681
  0.0580705   0.12610678 -0.02097708  0.0321052   0.00184609  0.03265481
  0.02385     0.02786203 -0.02625533  0.00673644  0.0694104   0.00154453
  0.0824644  -0.10328958 -0.02433878  0.01360459 -0.01099723 -0.02609526
 -0.0021899   0.00530381  0.0375611  -0.0676495   0.12334848 -0.00091416
  0.04966833  0.07379502  0.08938861  0.04743133  0.0276675  -0.05428115
  0.04118384  0.12880214  0.06026053  0.05232117  0.11994517  0.05310705
 -0.01965863  0.02670676 -0.01554646 -0.05837283  0.07285604  0.1227546
 -0.10328551  0.00108314 -0.01529557  0.01260166  0.03884419 -0.0151529
  0.01324878 -0.02583298 -0.00477104 -0.10996778  0.05756881  0.01435905]
epoch 1400 loss 3.960877e-01 |dL/du| 3.214e-15
epoch 1400 sumw 1.000000
epoch 1400 weights [ 0.02556391  0.04158698  0.01136786  0.01640326 -0.07582641 -0.06028681
  0.0580705   0.12610678 -0.02097708  0.0321052   0.00184609  0.03265481
  0.02385     0.02786203 -0.02625533  0.00673644  0.0694104   0.00154453
  0.0824644  -0.10328958 -0.02433878  0.01360459 -0.01099723 -0.02609526
 -0.0021899   0.00530381  0.0375611  -0.0676495   0.12334848 -0.00091416
  0.04966833  0.07379502  0.08938861  0.04743133  0.0276675  -0.05428115
  0.04118384  0.12880214  0.06026053  0.05232117  0.11994517  0.05310705
 -0.01965863  0.02670676 -0.01554646 -0.05837283  0.07285604  0.1227546
 -0.10328551  0.00108314 -0.01529557  0.01260166  0.03884419 -0.0151529
  0.01324878 -0.02583298 -0.00477104 -0.10996778  0.05756881  0.01435905]
epoch 1500 loss 3.960877e-01 |dL/du| 1.628e-15
epoch 1500 sumw 1.000000
epoch 1500 weights [ 0.02556391  0.04158698  0.01136786  0.01640326 -0.07582641 -0.06028681
  0.0580705   0.12610678 -0.02097708  0.0321052   0.00184609  0.03265481
  0.02385     0.02786203 -0.02625533  0.00673644  0.0694104   0.00154453
  0.0824644  -0.10328958 -0.02433878  0.01360459 -0.01099723 -0.02609526
 -0.0021899   0.00530381  0.0375611  -0.0676495   0.12334848 -0.00091416
  0.04966833  0.07379502  0.08938861  0.04743133  0.0276675  -0.05428115
  0.04118384  0.12880214  0.06026053  0.05232117  0.11994517  0.05310705
 -0.01965863  0.02670676 -0.01554646 -0.05837283  0.07285604  0.1227546
 -0.10328551  0.00108314 -0.01529557  0.01260166  0.03884419 -0.0151529
  0.01324878 -0.02583298 -0.00477104 -0.10996778  0.05756881  0.01435905]
epoch 1600 loss 3.960877e-01 |dL/du| 2.475e-15
epoch 1600 sumw 1.000000
epoch 1600 weights [ 0.02556391  0.04158698  0.01136786  0.01640326 -0.07582641 -0.06028681
  0.0580705   0.12610678 -0.02097708  0.0321052   0.00184609  0.03265481
  0.02385     0.02786203 -0.02625533  0.00673644  0.0694104   0.00154453
  0.0824644  -0.10328958 -0.02433878  0.01360459 -0.01099723 -0.02609526
 -0.0021899   0.00530381  0.0375611  -0.0676495   0.12334848 -0.00091416
  0.04966833  0.07379502  0.08938861  0.04743133  0.0276675  -0.05428115
  0.04118384  0.12880214  0.06026053  0.05232117  0.11994517  0.05310705
 -0.01965863  0.02670676 -0.01554646 -0.05837283  0.07285604  0.1227546
 -0.10328551  0.00108314 -0.01529557  0.01260166  0.03884419 -0.0151529
  0.01324878 -0.02583298 -0.00477104 -0.10996778  0.05756881  0.01435905]
epoch 1700 loss 3.960877e-01 |dL/du| 6.933e-16
epoch 1700 sumw 1.000000
epoch 1700 weights [ 0.02556391  0.04158698  0.01136786  0.01640326 -0.07582641 -0.06028681
  0.0580705   0.12610678 -0.02097708  0.0321052   0.00184609  0.03265481
  0.02385     0.02786203 -0.02625533  0.00673644  0.0694104   0.00154453
  0.0824644  -0.10328958 -0.02433878  0.01360459 -0.01099723 -0.02609526
 -0.0021899   0.00530381  0.0375611  -0.0676495   0.12334848 -0.00091416
  0.04966833  0.07379502  0.08938861  0.04743133  0.0276675  -0.05428115
  0.04118384  0.12880214  0.06026053  0.05232117  0.11994517  0.05310705
 -0.01965863  0.02670676 -0.01554646 -0.05837283  0.07285604  0.1227546
 -0.10328551  0.00108314 -0.01529557  0.01260166  0.03884419 -0.0151529
  0.01324878 -0.02583298 -0.00477104 -0.10996778  0.05756881  0.01435905]
epoch 1800 loss 3.960877e-01 |dL/du| 2.141e-15
epoch 1800 sumw 1.000000
epoch 1800 weights [ 0.02556391  0.04158698  0.01136786  0.01640326 -0.07582641 -0.06028681
  0.0580705   0.12610678 -0.02097708  0.0321052   0.00184609  0.03265481
  0.02385     0.02786203 -0.02625533  0.00673644  0.0694104   0.00154453
  0.0824644  -0.10328958 -0.02433878  0.01360459 -0.01099723 -0.02609526
 -0.0021899   0.00530381  0.0375611  -0.0676495   0.12334848 -0.00091416
  0.04966833  0.07379502  0.08938861  0.04743133  0.0276675  -0.05428115
  0.04118384  0.12880214  0.06026053  0.05232117  0.11994517  0.05310705
 -0.01965863  0.02670676 -0.01554646 -0.05837283  0.07285604  0.1227546
 -0.10328551  0.00108314 -0.01529557  0.01260166  0.03884419 -0.0151529
  0.01324878 -0.02583298 -0.00477104 -0.10996778  0.05756881  0.01435905]
epoch 1900 loss 3.960877e-01 |dL/du| 5.287e-15
epoch 1900 sumw 1.000000
epoch 1900 weights [ 0.02556391  0.04158698  0.01136786  0.01640326 -0.07582641 -0.06028681
  0.0580705   0.12610678 -0.02097708  0.0321052   0.00184609  0.03265481
  0.02385     0.02786203 -0.02625533  0.00673644  0.0694104   0.00154453
  0.0824644  -0.10328958 -0.02433878  0.01360459 -0.01099723 -0.02609526
 -0.0021899   0.00530381  0.0375611  -0.0676495   0.12334848 -0.00091416
  0.04966833  0.07379502  0.08938861  0.04743133  0.0276675  -0.05428115
  0.04118384  0.12880214  0.06026053  0.05232117  0.11994517  0.05310705
 -0.01965863  0.02670676 -0.01554646 -0.05837283  0.07285604  0.1227546
 -0.10328551  0.00108314 -0.01529557  0.01260166  0.03884419 -0.0151529
  0.01324878 -0.02583298 -0.00477104 -0.10996778  0.05756881  0.01435905]
epoch 2000 loss 3.960877e-01 |dL/du| 1.251e-15
epoch 2000 sumw 1.000000
epoch 2000 weights [ 0.02556391  0.04158698  0.01136786  0.01640326 -0.07582641 -0.06028681
  0.0580705   0.12610678 -0.02097708  0.0321052   0.00184609  0.03265481
  0.02385     0.02786203 -0.02625533  0.00673644  0.0694104   0.00154453
  0.0824644  -0.10328958 -0.02433878  0.01360459 -0.01099723 -0.02609526
 -0.0021899   0.00530381  0.0375611  -0.0676495   0.12334848 -0.00091416
  0.04966833  0.07379502  0.08938861  0.04743133  0.0276675  -0.05428115
  0.04118384  0.12880214  0.06026053  0.05232117  0.11994517  0.05310705
 -0.01965863  0.02670676 -0.01554646 -0.05837283  0.07285604  0.1227546
 -0.10328551  0.00108314 -0.01529557  0.01260166  0.03884419 -0.0151529
  0.01324878 -0.02583298 -0.00477104 -0.10996778  0.05756881  0.01435905]
Saved final_weights.npy and loss_history_wifi.npy
p_raw min/med/max: 6.432e-09 / 8.788e-01 / 1.717e+00
p     min/med/max: 6.931e-01 / 1.226e+00 / 1.882e+00
sum(w): 1.000000
L1(w):  2.681970e+00
max|w|: 1.288021e-01
fraction p_raw < 0: 0.0000
Hessian eigenvalues are [2.29713807e-03 2.64832460e-03 2.79577585e-03 2.98311675e-03
 3.10067300e-03 3.19574647e-03 3.31956433e-03 3.42444518e-03
 3.47316611e-03 3.51782739e-03 3.82565650e-03 4.03296142e-03
 4.06017196e-03 4.12752419e-03 4.29794903e-03 4.38593917e-03
 4.46190363e-03 4.80654714e-03 4.85811282e-03 5.05037772e-03
 5.28014637e-03 5.33395857e-03 5.46377635e-03 5.63908277e-03
 5.89359645e-03 6.20587939e-03 6.26308202e-03 6.59331346e-03
 6.79824508e-03 7.05507817e-03 7.20884421e-03 7.60839527e-03
 7.83517629e-03 8.03438525e-03 8.35007073e-03 8.58501249e-03
 8.93814605e-03 9.10908009e-03 9.41323111e-03 9.46542028e-03
 1.01352201e-02 1.05462540e-02 1.08408968e-02 1.11851763e-02
 1.15727508e-02 1.23044156e-02 1.24604466e-02 1.28432608e-02
 1.40568216e-02 1.61914950e-02 1.82497186e-02 2.06557494e-02
 2.31362129e-02 2.50832995e-02 3.37724103e-02 3.82523398e-02
 4.75298447e-02 5.38529075e-02 7.52646903e-02 6.00698475e+01]
Variance of weights (diag(cov)/N): [0.00218131 0.00102206 0.00129458 0.00095111 0.00092442 0.00069111
 0.00033157 0.00160137 0.0017901  0.00148491 0.00142084 0.00089587
 0.0016219  0.00175045 0.00105777 0.00150195 0.00261724 0.00132607
 0.0023452  0.00199552 0.0012905  0.0014295  0.00121203 0.00093042
 0.00180002 0.00094628 0.00221887 0.00217935 0.00213189 0.00206604
 0.00199995 0.00205283 0.00268329 0.00158517 0.00041498 0.00229914
 0.00180233 0.00155942 0.00210551 0.00180394 0.0018216  0.0018935
 0.00158671 0.00209589 0.00144203 0.00194925 0.00110382 0.00152636
 0.00186751 0.00122435 0.00146142 0.00188053 0.00094792 0.0019376
 0.0012084  0.00245518 0.0019862  0.00111336 0.00188836 0.00119662]
Std of weights: [0.04670454 0.03196966 0.03598033 0.03084    0.03040431 0.02628902
 0.01820898 0.04001709 0.04230957 0.03853455 0.03769404 0.02993106
 0.04027279 0.04183836 0.03252338 0.03875498 0.05115894 0.0364153
 0.04842732 0.04467128 0.03592349 0.0378087  0.03481423 0.03050274
 0.0424266  0.03076167 0.04710484 0.04668346 0.04617237 0.04545372
 0.04472078 0.04530819 0.05180046 0.03981424 0.02037102 0.04794933
 0.04245383 0.03948945 0.0458858  0.04247281 0.04268018 0.04351438
 0.03983356 0.04578092 0.03797409 0.04415032 0.03322383 0.03906869
 0.04321474 0.03499075 0.03822849 0.04336503 0.03078834 0.04401817
 0.03476198 0.04954982 0.04456682 0.03336699 0.04345532 0.03459221]
w[0] var=2.181314e-03  std=4.670454e-02
w[1] var=1.022059e-03  std=3.196966e-02
w[2] var=1.294584e-03  std=3.598033e-02
w[3] var=9.511055e-04  std=3.084000e-02
w[4] var=9.244223e-04  std=3.040431e-02
w[5] var=6.911128e-04  std=2.628902e-02
w[6] var=3.315669e-04  std=1.820898e-02
w[7] var=1.601367e-03  std=4.001709e-02
w[8] var=1.790100e-03  std=4.230957e-02
w[9] var=1.484911e-03  std=3.853455e-02
w[10] var=1.420841e-03  std=3.769404e-02
w[11] var=8.958682e-04  std=2.993106e-02
w[12] var=1.621897e-03  std=4.027279e-02
w[13] var=1.750448e-03  std=4.183836e-02
w[14] var=1.057770e-03  std=3.252338e-02
w[15] var=1.501948e-03  std=3.875498e-02
w[16] var=2.617237e-03  std=5.115894e-02
w[17] var=1.326074e-03  std=3.641530e-02
w[18] var=2.345205e-03  std=4.842732e-02
w[19] var=1.995523e-03  std=4.467128e-02
w[20] var=1.290497e-03  std=3.592349e-02
w[21] var=1.429498e-03  std=3.780870e-02
w[22] var=1.212031e-03  std=3.481423e-02
w[23] var=9.304172e-04  std=3.050274e-02
w[24] var=1.800017e-03  std=4.242660e-02
w[25] var=9.462802e-04  std=3.076167e-02
w[26] var=2.218866e-03  std=4.710484e-02
w[27] var=2.179345e-03  std=4.668346e-02
w[28] var=2.131888e-03  std=4.617237e-02
w[29] var=2.066040e-03  std=4.545372e-02
w[30] var=1.999948e-03  std=4.472078e-02
w[31] var=2.052832e-03  std=4.530819e-02
w[32] var=2.683287e-03  std=5.180046e-02
w[33] var=1.585174e-03  std=3.981424e-02
w[34] var=4.149783e-04  std=2.037102e-02
w[35] var=2.299139e-03  std=4.794933e-02
w[36] var=1.802328e-03  std=4.245383e-02
w[37] var=1.559417e-03  std=3.948945e-02
w[38] var=2.105507e-03  std=4.588580e-02
w[39] var=1.803939e-03  std=4.247281e-02
w[40] var=1.821597e-03  std=4.268018e-02
w[41] var=1.893501e-03  std=4.351438e-02
w[42] var=1.586713e-03  std=3.983356e-02
w[43] var=2.095893e-03  std=4.578092e-02
w[44] var=1.442032e-03  std=3.797409e-02
w[45] var=1.949251e-03  std=4.415032e-02
w[46] var=1.103823e-03  std=3.322383e-02
w[47] var=1.526363e-03  std=3.906869e-02
w[48] var=1.867514e-03  std=4.321474e-02
w[49] var=1.224352e-03  std=3.499075e-02
w[50] var=1.461418e-03  std=3.822849e-02
w[51] var=1.880526e-03  std=4.336503e-02
w[52] var=9.479220e-04  std=3.078834e-02
w[53] var=1.937599e-03  std=4.401817e-02
w[54] var=1.208396e-03  std=3.476198e-02
w[55] var=2.455185e-03  std=4.954982e-02
w[56] var=1.986202e-03  std=4.456682e-02
w[57] var=1.113356e-03  std=3.336699e-02
w[58] var=1.888365e-03  std=4.345532e-02
w[59] var=1.196621e-03  std=3.459221e-02
All done.
