w_i_init_torch: tensor([ 0.0124,  0.0079,  0.0013,  0.0269,  0.0752, -0.0044,  0.0230, -0.0772,
         0.0762, -0.0333,  0.0340, -0.0063, -0.0151,  0.0711,  0.0589, -0.0331,
         0.0349, -0.0391, -0.0098,  0.0272,  0.0399, -0.0590, -0.0356,  0.0111,
        -0.0121,  0.0251, -0.0162,  0.0173, -0.0737, -0.0038,  0.0038, -0.0145,
        -0.0248,  0.0540, -0.0470,  0.0406,  0.0257,  0.0278,  0.0220, -0.0106,
         0.0299,  0.0234,  0.0594,  0.1065, -0.0013, -0.0809,  0.0468,  0.0397,
         0.0222,  0.0153,  0.0362,  0.0581,  0.0128,  0.0394,  0.0137, -0.0168,
        -0.0276,  0.0798,  0.0175, -0.0793], dtype=torch.float64,
       requires_grad=True)
Attempt 1 skipped due to non-finite loss: inf
w_i_init_torch: tensor([ 0.0396, -0.0201,  0.0098,  0.0344, -0.0700, -0.0012, -0.0355,  0.0780,
         0.0801,  0.0055,  0.0334,  0.0186,  0.0058, -0.0856,  0.0562,  0.0124,
         0.0258, -0.0344,  0.0070, -0.0406, -0.0278, -0.0520, -0.0272, -0.0018,
         0.0090, -0.0348, -0.0245,  0.0207,  0.0836,  0.0136, -0.0061, -0.0255,
        -0.0331,  0.0841,  0.0392,  0.0415, -0.0368,  0.0337, -0.0528, -0.0324,
         0.0364,  0.0370,  0.0744, -0.1124,  0.0062, -0.0754, -0.0280, -0.0399,
        -0.0503,  0.0275,  0.0373,  0.0514,  0.0075,  0.0410,  0.0257, -0.0211,
        -0.0288, -0.0645,  0.0192, -0.0603], dtype=torch.float64,
       requires_grad=True)
Attempt 2 skipped due to non-finite loss: inf
w_i_init_torch: tensor([-2.8506e-02, -1.4685e-02, -2.2486e-03,  3.3444e-02, -7.9744e-02,
         5.1817e-03,  3.8926e-02,  7.9865e-02,  6.2334e-02, -1.6727e-02,
         4.5994e-02, -1.0367e-02,  2.1397e-02, -8.6110e-02,  5.4266e-02,
        -1.9342e-02, -2.9238e-02, -6.0813e-02,  1.3944e-02,  4.0768e-02,
         2.8850e-02, -3.9172e-02, -3.7225e-02, -1.6764e-02,  2.2752e-02,
        -2.7678e-02, -2.1108e-02,  2.7138e-02, -5.9283e-02, -9.2604e-03,
         2.3692e-05, -2.9524e-02, -3.2132e-02, -7.4783e-02, -5.7637e-02,
         3.9990e-02,  3.4218e-02,  1.8206e-03, -4.2542e-02, -2.4899e-02,
        -2.1947e-02, -3.2281e-02,  5.9919e-02, -1.2437e-01, -8.7783e-03,
         8.5296e-02, -2.6722e-02,  5.7660e-02, -1.5110e-02,  1.8618e-02,
        -4.7680e-02,  4.2956e-02,  6.8318e-03, -4.5420e-02,  2.2061e-02,
        -1.7254e-02, -1.3109e-02, -6.7944e-02, -2.4077e-02,  5.5269e-02],
       dtype=torch.float64, requires_grad=True)
Attempt 3 skipped due to non-finite loss: inf
w_i_init_torch: tensor([-0.0404, -0.0044,  0.0076, -0.0319,  0.0528, -0.0302,  0.0375, -0.0961,
         0.0465,  0.0149,  0.0266, -0.0233, -0.0145, -0.0854, -0.0573,  0.0076,
        -0.0157, -0.0360,  0.0147,  0.0327,  0.0269,  0.0446,  0.0276, -0.0156,
        -0.0066, -0.0295,  0.0102, -0.0045,  0.0705, -0.0083, -0.0076,  0.0355,
        -0.0224,  0.0577, -0.0441, -0.0308,  0.0344,  0.0238, -0.0354,  0.0335,
        -0.0449, -0.0141,  0.0764, -0.0987, -0.0044, -0.0946,  0.0128,  0.0540,
        -0.0410,  0.0092,  0.0600, -0.0360, -0.0248,  0.0380, -0.0280, -0.0198,
        -0.0075, -0.0478, -0.0261,  0.0714], dtype=torch.float64,
       requires_grad=True)
Attempt 4 skipped due to non-finite loss: inf
w_i_init_torch: tensor([ 4.4281e-02, -9.8218e-03, -1.4256e-02,  1.6776e-02, -4.5974e-02,
        -2.2939e-02,  3.6757e-02, -8.3755e-02, -8.6333e-02,  8.3961e-03,
        -2.7757e-02,  3.4757e-02, -1.8567e-02,  7.8617e-02,  4.9925e-02,
        -1.7011e-02, -4.0320e-02,  4.5332e-02, -1.7736e-03, -3.3228e-02,
         2.0558e-02,  2.2926e-02,  3.2489e-02, -1.0960e-02, -2.8655e-05,
        -3.3047e-02, -6.6794e-03,  4.4971e-02,  7.2846e-02, -2.6168e-02,
        -5.4171e-03, -3.4866e-02,  3.3462e-02,  7.9830e-02,  3.1196e-02,
        -6.0556e-02,  3.1494e-02, -2.2291e-05,  5.8025e-02, -8.9942e-03,
         4.9449e-02,  1.6175e-02, -5.7779e-02, -1.2846e-01, -5.1456e-04,
         9.0218e-02,  2.1206e-02,  4.1563e-02, -3.6030e-02, -2.4903e-02,
         6.4005e-02,  1.9757e-02,  3.3569e-03,  2.1202e-02, -2.9569e-02,
         3.5330e-02, -4.6209e-02, -7.3569e-02,  3.2589e-02, -6.6342e-02],
       dtype=torch.float64, requires_grad=True)
Attempt 5 skipped due to non-finite loss: inf
w_i_init_torch: tensor([ 0.0350,  0.0189,  0.0024, -0.0189, -0.0519, -0.0153,  0.0336, -0.0752,
        -0.0920, -0.0173, -0.0381, -0.0110, -0.0182,  0.0853,  0.0607,  0.0194,
        -0.0417,  0.0636,  0.0050,  0.0400, -0.0179, -0.0326,  0.0403, -0.0011,
         0.0053, -0.0267, -0.0214, -0.0376, -0.0708,  0.0047,  0.0066, -0.0128,
        -0.0187, -0.0544, -0.0346,  0.0488,  0.0450,  0.0201, -0.0529, -0.0148,
         0.0295,  0.0232, -0.0685, -0.1094,  0.0059,  0.0654, -0.0220,  0.0278,
         0.0290,  0.0128, -0.0577,  0.0407, -0.0195, -0.0436, -0.0265,  0.0176,
        -0.0359, -0.0586, -0.0216,  0.0841], dtype=torch.float64,
       requires_grad=True)
Attempt 6 skipped due to non-finite loss: inf
w_i_init_torch: tensor([ 0.0242, -0.0050, -0.0108, -0.0177,  0.0558, -0.0154, -0.0296, -0.0889,
         0.0857, -0.0217,  0.0446, -0.0163,  0.0322,  0.0797, -0.0717, -0.0115,
        -0.0196, -0.0462, -0.0130,  0.0329, -0.0321,  0.0327, -0.0290, -0.0072,
         0.0100,  0.0185,  0.0138, -0.0119, -0.0713,  0.0093,  0.0107,  0.0119,
         0.0371,  0.0854,  0.0470, -0.0380, -0.0260, -0.0106,  0.0519,  0.0026,
        -0.0396, -0.0381,  0.0803,  0.1129, -0.0180,  0.0841, -0.0101,  0.0367,
        -0.0348,  0.0192,  0.0445,  0.0484,  0.0103,  0.0232, -0.0378,  0.0062,
         0.0338, -0.0407, -0.0170, -0.0704], dtype=torch.float64,
       requires_grad=True)
Attempt 7 skipped due to non-finite loss: inf
w_i_init_torch: tensor([ 0.0249,  0.0032, -0.0006,  0.0130,  0.0770,  0.0104,  0.0488, -0.0989,
         0.0625,  0.0377, -0.0387, -0.0238,  0.0235, -0.0772, -0.0422, -0.0139,
        -0.0302, -0.0296,  0.0148,  0.0351,  0.0370, -0.0292,  0.0250, -0.0072,
        -0.0126,  0.0303, -0.0246,  0.0319, -0.0900,  0.0185,  0.0167,  0.0319,
         0.0210,  0.0704, -0.0463,  0.0544, -0.0452,  0.0254,  0.0440,  0.0086,
        -0.0206, -0.0212,  0.0693, -0.1045,  0.0120,  0.0971,  0.0155, -0.0437,
        -0.0349,  0.0158, -0.0429, -0.0431, -0.0156, -0.0409, -0.0164,  0.0210,
         0.0235,  0.0493, -0.0231, -0.0671], dtype=torch.float64,
       requires_grad=True)
Attempt 8 skipped due to non-finite loss: inf
w_i_init_torch: tensor([-5.7614e-02, -1.3542e-03,  7.5166e-03, -2.1170e-02, -5.8552e-02,
         1.1833e-02, -3.1185e-02,  8.4051e-02,  8.2069e-02, -8.8043e-03,
         3.4445e-02, -1.9247e-02, -5.9692e-03,  8.6049e-02,  5.6750e-02,
         1.8290e-02,  5.7199e-02, -4.3180e-02, -1.6051e-02,  2.1296e-02,
         1.4272e-02, -3.3265e-02,  3.7340e-02, -3.4702e-03, -3.5418e-02,
        -1.2885e-02, -1.6227e-02, -1.8481e-02,  5.2174e-02, -6.3970e-05,
        -9.0745e-03, -3.0325e-02, -3.2103e-02, -8.6049e-02, -4.3576e-02,
         5.5751e-02,  4.2201e-02,  3.2924e-02,  4.5697e-02,  4.6568e-03,
        -4.6176e-02,  4.2177e-02,  5.4810e-02, -1.2868e-01, -9.1305e-03,
         6.2295e-02, -4.2660e-02, -4.8291e-02, -3.2292e-02,  3.6802e-03,
        -7.1961e-02,  2.8371e-02, -1.1785e-03, -4.1892e-02,  2.9099e-02,
         3.6484e-03, -2.3694e-02, -6.1182e-02,  2.0375e-02,  6.3233e-02],
       dtype=torch.float64, requires_grad=True)
Attempt 9 skipped due to non-finite loss: inf
w_i_init_torch: tensor([ 2.5710e-02,  7.5503e-05,  8.4764e-03,  3.4597e-02, -8.0638e-02,
        -1.9373e-02, -3.7548e-02, -8.1117e-02,  7.9955e-02, -2.8479e-02,
        -4.9503e-02, -2.0379e-02, -8.7465e-03, -8.1072e-02,  7.1561e-02,
        -1.3198e-02, -1.3151e-02, -3.3072e-02,  1.3771e-02, -2.2567e-02,
         1.6991e-02, -3.9943e-02, -3.8657e-02, -1.7607e-02,  7.2892e-03,
         2.4607e-02,  1.4086e-02, -3.3719e-02, -6.9513e-02, -3.5057e-03,
        -1.0197e-02, -2.0656e-02, -4.2996e-02,  6.7402e-02, -4.6801e-02,
        -4.8695e-02, -1.9058e-02, -2.3562e-02,  4.3079e-02, -2.4986e-02,
        -2.5413e-02,  2.9321e-02,  7.7330e-02, -1.1349e-01, -2.0431e-03,
         7.3467e-02, -2.4569e-02, -3.8054e-02, -2.8708e-02,  3.0793e-02,
         3.8917e-02, -3.1600e-02, -2.4472e-02,  5.3152e-02,  1.0718e-02,
         1.9351e-02, -1.8716e-02, -5.6805e-02,  2.4352e-02,  6.5747e-02],
       dtype=torch.float64, requires_grad=True)
Attempt 10 skipped due to non-finite loss: inf
w_i_init_torch: tensor([ 0.0232,  0.0112,  0.0004, -0.0143,  0.0550, -0.0257, -0.0385, -0.1062,
         0.0752,  0.0039,  0.0502, -0.0265, -0.0239, -0.1015,  0.0561, -0.0227,
        -0.0258,  0.0446,  0.0010,  0.0343,  0.0128,  0.0451, -0.0241,  0.0033,
        -0.0002, -0.0202,  0.0474, -0.0344, -0.0702, -0.0110, -0.0091,  0.0119,
        -0.0292, -0.0596,  0.0518,  0.0329,  0.0393, -0.0161, -0.0525,  0.0212,
         0.0419, -0.0180, -0.0859, -0.1013,  0.0008, -0.0915,  0.0207, -0.0350,
         0.0170,  0.0308, -0.0491, -0.0455, -0.0209,  0.0544, -0.0128, -0.0301,
        -0.0213, -0.0594, -0.0270, -0.0818], dtype=torch.float64,
       requires_grad=True)
Attempt 11 skipped due to non-finite loss: inf
w_i_init_torch: tensor([-0.0083, -0.0037, -0.0028, -0.0085, -0.0603,  0.0164, -0.0408,  0.0819,
        -0.0625,  0.0050, -0.0222, -0.0047, -0.0152, -0.0812, -0.0529,  0.0094,
         0.0299, -0.0394, -0.0023,  0.0412,  0.0354, -0.0388, -0.0258, -0.0116,
         0.0205, -0.0348, -0.0044,  0.0341, -0.0614,  0.0052,  0.0028, -0.0323,
        -0.0261, -0.0840,  0.0323, -0.0540, -0.0370,  0.0214,  0.0625, -0.0004,
         0.0404, -0.0318, -0.0658, -0.0858,  0.0194, -0.0830,  0.0245,  0.0367,
         0.0332,  0.0030,  0.0442, -0.0503, -0.0134,  0.0421, -0.0348,  0.0228,
        -0.0275, -0.0661,  0.0088, -0.0703], dtype=torch.float64,
       requires_grad=True)
Attempt 12 skipped due to non-finite loss: inf
w_i_init_torch: tensor([-0.0166, -0.0159, -0.0120,  0.0283,  0.0472, -0.0071, -0.0194, -0.0671,
         0.0946, -0.0052, -0.0398,  0.0112,  0.0033, -0.0691,  0.0363, -0.0119,
         0.0557,  0.0417,  0.0047,  0.0414,  0.0214,  0.0298, -0.0331,  0.0111,
         0.0198,  0.0123,  0.0139, -0.0277,  0.0733, -0.0118,  0.0090, -0.0315,
         0.0320, -0.0901, -0.0538,  0.0330,  0.0289,  0.0189,  0.0639,  0.0260,
         0.0336, -0.0141, -0.0621,  0.1121,  0.0009, -0.0741,  0.0225, -0.0540,
        -0.0392,  0.0027, -0.0477, -0.0523, -0.0004,  0.0359, -0.0293,  0.0050,
         0.0462,  0.0507,  0.0213, -0.0975], dtype=torch.float64,
       requires_grad=True)
Attempt 13 skipped due to non-finite loss: inf
w_i_init_torch: tensor([ 0.0351, -0.0181,  0.0163, -0.0209,  0.0645, -0.0024, -0.0175,  0.0849,
        -0.0859, -0.0220, -0.0470, -0.0265, -0.0218, -0.0710,  0.0596, -0.0189,
        -0.0352, -0.0532,  0.0132,  0.0072,  0.0242,  0.0404, -0.0293,  0.0072,
         0.0106, -0.0337, -0.0283,  0.0206,  0.0710, -0.0236,  0.0143,  0.0259,
        -0.0263, -0.0603, -0.0343,  0.0535, -0.0236, -0.0161,  0.0484,  0.0105,
         0.0413,  0.0164,  0.0660,  0.1069, -0.0045, -0.0707, -0.0113,  0.0345,
        -0.0401,  0.0251, -0.0568,  0.0450,  0.0065,  0.0265,  0.0440,  0.0310,
         0.0125,  0.0625,  0.0283, -0.0571], dtype=torch.float64,
       requires_grad=True)
Attempt 14 skipped due to non-finite loss: inf
w_i_init_torch: tensor([ 0.0186, -0.0250, -0.0022,  0.0023,  0.0546,  0.0087,  0.0222, -0.0733,
         0.0806,  0.0079,  0.0510, -0.0160,  0.0139, -0.0804, -0.0554,  0.0249,
        -0.0235, -0.0430, -0.0069, -0.0443, -0.0357, -0.0311, -0.0455, -0.0059,
        -0.0121, -0.0138,  0.0046, -0.0120,  0.0635,  0.0012,  0.0149,  0.0370,
         0.0305,  0.0746,  0.0474,  0.0489, -0.0359,  0.0139,  0.0407,  0.0192,
         0.0415, -0.0063, -0.0752, -0.1076,  0.0033,  0.0686, -0.0060, -0.0310,
         0.0303, -0.0227, -0.0485,  0.0416,  0.0126, -0.0306, -0.0374,  0.0074,
        -0.0380,  0.0632, -0.0217,  0.0748], dtype=torch.float64,
       requires_grad=True)
Attempt 15 skipped due to non-finite loss: inf
w_i_init_torch: tensor([-0.0342, -0.0103, -0.0077, -0.0181, -0.0475,  0.0181, -0.0331,  0.0907,
         0.0677,  0.0085, -0.0256, -0.0188,  0.0138,  0.0782, -0.0674,  0.0325,
         0.0491,  0.0517,  0.0145,  0.0326,  0.0303,  0.0401,  0.0414,  0.0219,
         0.0034, -0.0233,  0.0138,  0.0179, -0.0604,  0.0120,  0.0050,  0.0102,
         0.0372, -0.0570,  0.0489,  0.0550, -0.0203,  0.0293,  0.0512, -0.0235,
         0.0169, -0.0141,  0.0621,  0.1081, -0.0006, -0.0639,  0.0243,  0.0488,
         0.0252, -0.0103, -0.0645, -0.0406,  0.0016, -0.0640,  0.0452, -0.0205,
        -0.0083, -0.0502, -0.0312, -0.0758], dtype=torch.float64,
       requires_grad=True)
Attempt 16 skipped due to non-finite loss: inf
w_i_init_torch: tensor([ 0.0165, -0.0013, -0.0166, -0.0357, -0.0620, -0.0014,  0.0354,  0.0837,
        -0.0721,  0.0164,  0.0362, -0.0154, -0.0233, -0.0863,  0.0582,  0.0175,
        -0.0359, -0.0326, -0.0142, -0.0248, -0.0567, -0.0493, -0.0290,  0.0077,
         0.0125,  0.0222,  0.0218,  0.0538,  0.0657, -0.0015, -0.0015,  0.0499,
         0.0534,  0.0447, -0.0552,  0.0518, -0.0224,  0.0194, -0.0541,  0.0196,
        -0.0322, -0.0149, -0.0666, -0.1158, -0.0006, -0.0652, -0.0241, -0.0429,
         0.0362,  0.0230,  0.0644, -0.0282, -0.0178,  0.0294, -0.0289,  0.0043,
        -0.0401, -0.0596,  0.0246,  0.0576], dtype=torch.float64,
       requires_grad=True)
Attempt 17 skipped due to non-finite loss: inf
w_i_init_torch: tensor([ 0.0179, -0.0035,  0.0017,  0.0055, -0.0583,  0.0044, -0.0196,  0.0843,
         0.0789, -0.0179,  0.0391, -0.0173, -0.0292,  0.0719,  0.0556, -0.0299,
        -0.0404, -0.0592,  0.0209,  0.0418, -0.0230,  0.0357, -0.0298,  0.0049,
        -0.0163,  0.0338,  0.0113,  0.0228,  0.0717, -0.0003,  0.0034,  0.0274,
        -0.0501,  0.0534,  0.0480,  0.0258,  0.0316,  0.0111,  0.0319,  0.0086,
         0.0422, -0.0159, -0.0783, -0.1004, -0.0106,  0.0674,  0.0159,  0.0329,
         0.0386,  0.0278,  0.0624, -0.0487,  0.0058, -0.0475, -0.0286, -0.0043,
         0.0201, -0.0538, -0.0238,  0.0621], dtype=torch.float64,
       requires_grad=True)
Attempt 18 skipped due to non-finite loss: inf
w_i_init_torch: tensor([-0.0325, -0.0134, -0.0104, -0.0125, -0.0682,  0.0077,  0.0444,  0.1008,
         0.0770, -0.0160, -0.0450, -0.0111,  0.0144, -0.0749, -0.0761, -0.0194,
         0.0495, -0.0458,  0.0087, -0.0475,  0.0296,  0.0254, -0.0417, -0.0050,
         0.0118, -0.0297,  0.0229,  0.0104,  0.0576, -0.0120, -0.0055,  0.0222,
        -0.0300,  0.0680,  0.0430,  0.0642,  0.0237,  0.0176,  0.0488,  0.0057,
        -0.0302, -0.0234,  0.0584, -0.1089, -0.0066,  0.0782, -0.0082,  0.0539,
        -0.0100,  0.0102, -0.0442,  0.0419, -0.0122, -0.0410,  0.0178, -0.0168,
        -0.0418,  0.0562,  0.0179, -0.0766], dtype=torch.float64,
       requires_grad=True)
Attempt 19 skipped due to non-finite loss: inf
w_i_init_torch: tensor([ 0.0305,  0.0076,  0.0226,  0.0205,  0.0661, -0.0146, -0.0259, -0.0798,
         0.0869, -0.0228, -0.0306, -0.0352, -0.0097, -0.0695, -0.0509,  0.0233,
         0.0333,  0.0479,  0.0034, -0.0190, -0.0288,  0.0449,  0.0274,  0.0002,
         0.0224, -0.0272,  0.0210, -0.0156,  0.0655, -0.0010, -0.0095,  0.0261,
        -0.0221,  0.0619,  0.0267,  0.0551,  0.0309, -0.0210, -0.0455, -0.0091,
         0.0243, -0.0196,  0.0557,  0.1015,  0.0007,  0.0779,  0.0323,  0.0475,
         0.0423, -0.0060,  0.0511, -0.0349,  0.0096, -0.0513, -0.0454, -0.0048,
        -0.0372, -0.0625, -0.0401,  0.0668], dtype=torch.float64,
       requires_grad=True)
Attempt 20 skipped due to non-finite loss: inf
w_i_init_torch: tensor([-0.0500, -0.0037,  0.0069,  0.0271, -0.0717, -0.0077,  0.0478, -0.0942,
        -0.0791, -0.0084,  0.0531,  0.0216,  0.0224, -0.0918,  0.0629,  0.0271,
         0.0437, -0.0342,  0.0044, -0.0412, -0.0176, -0.0358, -0.0251,  0.0052,
         0.0143,  0.0585, -0.0227, -0.0375, -0.0710,  0.0083,  0.0165,  0.0229,
         0.0192, -0.0689, -0.0211, -0.0583, -0.0409,  0.0107,  0.0332,  0.0144,
         0.0430,  0.0284, -0.0567,  0.1056,  0.0224, -0.0813,  0.0117,  0.0395,
         0.0430,  0.0161, -0.0578, -0.0533, -0.0151,  0.0393,  0.0347,  0.0103,
        -0.0335,  0.0701, -0.0247,  0.0722], dtype=torch.float64,
       requires_grad=True)
Attempt 21 skipped due to non-finite loss: inf
w_i_init_torch: tensor([ 0.0359,  0.0111, -0.0055,  0.0236, -0.0605,  0.0160, -0.0416, -0.0770,
        -0.0744,  0.0197,  0.0350,  0.0025, -0.0208,  0.0881,  0.0503, -0.0221,
        -0.0341, -0.0285, -0.0005,  0.0329, -0.0197,  0.0376,  0.0411,  0.0072,
         0.0049, -0.0298, -0.0262, -0.0182, -0.0612,  0.0059,  0.0197,  0.0278,
         0.0283,  0.0726, -0.0345, -0.0468, -0.0210, -0.0184, -0.0462, -0.0107,
        -0.0506,  0.0314, -0.0695,  0.1051, -0.0113, -0.0836,  0.0124, -0.0467,
         0.0425, -0.0106,  0.0543,  0.0410, -0.0155, -0.0497,  0.0124, -0.0072,
        -0.0418, -0.0629,  0.0118, -0.0665], dtype=torch.float64,
       requires_grad=True)
Attempt 22 skipped due to non-finite loss: inf
w_i_init_torch: tensor([ 0.0435, -0.0170, -0.0124,  0.0038,  0.0603, -0.0070, -0.0500, -0.0862,
         0.0864, -0.0044,  0.0328,  0.0214,  0.0230,  0.0813,  0.0633,  0.0108,
        -0.0303,  0.0327,  0.0013, -0.0374, -0.0206,  0.0417, -0.0348,  0.0204,
         0.0092, -0.0253, -0.0254, -0.0250, -0.0802,  0.0114, -0.0214, -0.0265,
         0.0162,  0.0638, -0.0325, -0.0593, -0.0623,  0.0174, -0.0535,  0.0147,
        -0.0337, -0.0309, -0.0680,  0.1002,  0.0050, -0.0717, -0.0144, -0.0454,
        -0.0406, -0.0148,  0.0409,  0.0315, -0.0185, -0.0601, -0.0284, -0.0130,
        -0.0261, -0.0490, -0.0260, -0.0569], dtype=torch.float64,
       requires_grad=True)
Attempt 23 skipped due to non-finite loss: inf
w_i_init_torch: tensor([ 0.0134, -0.0040, -0.0144,  0.0282, -0.0586, -0.0218,  0.0420, -0.0754,
         0.0696, -0.0061, -0.0435,  0.0065,  0.0195, -0.0887, -0.0581, -0.0289,
        -0.0548,  0.0467, -0.0188,  0.0338,  0.0126,  0.0521, -0.0402, -0.0043,
        -0.0146, -0.0327, -0.0273, -0.0325, -0.0643,  0.0119,  0.0060,  0.0089,
        -0.0242, -0.0670,  0.0512, -0.0398, -0.0290,  0.0128,  0.0453,  0.0169,
         0.0340, -0.0270,  0.0771, -0.1023,  0.0111, -0.0753, -0.0341, -0.0342,
         0.0522, -0.0004,  0.0413, -0.0324,  0.0058, -0.0511,  0.0365,  0.0223,
         0.0339,  0.0641,  0.0255, -0.0717], dtype=torch.float64,
       requires_grad=True)
Attempt 24 skipped due to non-finite loss: inf
w_i_init_torch: tensor([-3.5106e-02, -1.2228e-02,  6.1455e-03,  1.6523e-02, -5.4688e-02,
        -1.0620e-02,  4.0705e-02,  8.6393e-02,  7.4605e-02,  2.5495e-02,
         3.2020e-02,  2.1987e-02, -1.7037e-02,  7.9784e-02, -4.0747e-02,
         1.0863e-02,  3.4615e-02, -2.9979e-02,  9.5152e-05,  4.5236e-02,
         4.2460e-02,  2.7813e-02, -2.2798e-02,  9.0714e-03, -1.0234e-02,
         4.3685e-02, -2.1093e-02,  2.5359e-02,  7.9241e-02, -7.4584e-03,
        -1.0479e-02, -1.5332e-02, -3.1997e-02, -6.7696e-02,  4.9556e-02,
        -6.1673e-02, -3.8754e-02,  2.9535e-02,  5.5840e-02,  2.6158e-02,
         4.0726e-02, -4.2300e-02, -6.9737e-02,  1.0252e-01, -1.6483e-02,
         9.2609e-02,  2.7901e-02, -6.1858e-02,  3.0636e-02, -4.9735e-03,
        -4.9516e-02,  4.3712e-02, -9.3456e-03, -5.1881e-02,  1.0723e-02,
        -9.6575e-03,  1.1677e-02, -4.2892e-02, -3.8483e-02,  7.6684e-02],
       dtype=torch.float64, requires_grad=True)
Attempt 25 skipped due to non-finite loss: inf
w_i_init_torch: tensor([ 0.0196,  0.0015,  0.0109,  0.0194, -0.0512,  0.0208, -0.0217, -0.0844,
        -0.0958, -0.0029,  0.0397,  0.0159, -0.0037, -0.0919,  0.0474,  0.0246,
         0.0318, -0.0313,  0.0049,  0.0217, -0.0341,  0.0215, -0.0415,  0.0071,
        -0.0139,  0.0336,  0.0182, -0.0124, -0.0655,  0.0238,  0.0034,  0.0288,
         0.0392, -0.0592, -0.0417, -0.0399, -0.0313, -0.0122,  0.0612,  0.0154,
         0.0336,  0.0234, -0.0638, -0.0979,  0.0194,  0.0717,  0.0261, -0.0596,
         0.0298,  0.0018, -0.0489,  0.0453,  0.0092,  0.0410, -0.0356, -0.0023,
         0.0215, -0.0596, -0.0487, -0.0569], dtype=torch.float64,
       requires_grad=True)
Attempt 26 skipped due to non-finite loss: inf
w_i_init_torch: tensor([-0.0395,  0.0014,  0.0132,  0.0045, -0.0636, -0.0032, -0.0469,  0.0677,
         0.0644, -0.0018, -0.0492, -0.0062, -0.0195,  0.1061, -0.0458, -0.0207,
        -0.0659,  0.0400,  0.0092, -0.0332, -0.0180, -0.0070,  0.0178,  0.0148,
         0.0163, -0.0267, -0.0163, -0.0229, -0.0680, -0.0199,  0.0007, -0.0348,
        -0.0388,  0.0562, -0.0522, -0.0478,  0.0376, -0.0185, -0.0446,  0.0193,
         0.0242, -0.0114, -0.0719, -0.1087, -0.0126, -0.0742, -0.0148, -0.0330,
         0.0468,  0.0070,  0.0563,  0.0403, -0.0200, -0.0554, -0.0436, -0.0091,
        -0.0283,  0.0491,  0.0166, -0.0595], dtype=torch.float64,
       requires_grad=True)
Attempt 27 skipped due to non-finite loss: inf
w_i_init_torch: tensor([ 0.0298, -0.0083, -0.0110,  0.0209,  0.0822,  0.0119, -0.0238,  0.0923,
         0.0663, -0.0052,  0.0343,  0.0148, -0.0036, -0.0698, -0.0620, -0.0125,
        -0.0197,  0.0584, -0.0033, -0.0324, -0.0265, -0.0343,  0.0375, -0.0120,
        -0.0112, -0.0261,  0.0187, -0.0215, -0.0700,  0.0056, -0.0155,  0.0014,
        -0.0349,  0.0767, -0.0488,  0.0478, -0.0417,  0.0071, -0.0530, -0.0022,
        -0.0618, -0.0202, -0.0502, -0.1006,  0.0026, -0.0825, -0.0142, -0.0356,
        -0.0313,  0.0006,  0.0683,  0.0387,  0.0084, -0.0448,  0.0368, -0.0086,
         0.0198, -0.0611,  0.0113,  0.0791], dtype=torch.float64,
       requires_grad=True)
Attempt 28 skipped due to non-finite loss: inf
w_i_init_torch: tensor([ 2.0147e-02,  3.7316e-03, -8.7323e-05,  2.4301e-02,  5.8972e-02,
        -1.4931e-02,  3.9650e-02, -7.9543e-02,  7.5873e-02, -4.6994e-03,
        -3.2783e-02,  1.4816e-02,  1.4150e-02,  7.8479e-02, -5.2722e-02,
        -1.4156e-02,  1.9970e-02,  3.8398e-02,  3.7017e-03,  3.2975e-02,
        -1.4717e-02, -1.8888e-02, -3.0057e-02,  4.8506e-04, -1.1178e-02,
         3.1550e-02, -2.5845e-02, -1.8862e-02, -6.7345e-02,  1.9118e-02,
        -1.4796e-02,  2.0278e-02, -1.9875e-02, -7.9887e-02, -4.1463e-02,
         5.6237e-02,  2.8395e-02, -6.9428e-03, -4.1844e-02, -1.3075e-02,
        -4.0462e-02, -3.3099e-03, -6.8049e-02, -1.0107e-01, -7.8548e-03,
        -8.5150e-02,  2.1194e-02, -3.8191e-02, -5.2063e-02,  1.6587e-02,
        -6.4278e-02,  4.8484e-02, -1.0558e-02,  5.4881e-02,  2.6914e-02,
         1.9541e-02, -2.4625e-02,  6.1073e-02, -3.8850e-02, -7.5012e-02],
       dtype=torch.float64, requires_grad=True)
Attempt 29 skipped due to non-finite loss: inf
w_i_init_torch: tensor([-0.0179,  0.0047, -0.0225, -0.0307, -0.0606, -0.0008, -0.0338, -0.0776,
        -0.0572,  0.0039, -0.0415,  0.0241,  0.0139,  0.0962,  0.0672, -0.0139,
        -0.0412, -0.0345,  0.0085, -0.0408, -0.0150,  0.0379,  0.0428, -0.0071,
         0.0256, -0.0346, -0.0164,  0.0270, -0.0696, -0.0139, -0.0018,  0.0349,
         0.0394,  0.0507,  0.0502, -0.0577, -0.0420, -0.0133, -0.0380, -0.0163,
        -0.0441, -0.0135, -0.0679,  0.1171,  0.0019, -0.0751, -0.0061, -0.0471,
        -0.0295, -0.0144,  0.0419,  0.0529, -0.0159, -0.0457,  0.0286, -0.0232,
         0.0331,  0.0552, -0.0170, -0.0572], dtype=torch.float64,
       requires_grad=True)
Attempt 30 skipped due to non-finite loss: inf
w_i_init_torch: tensor([ 0.0328, -0.0121, -0.0209, -0.0463,  0.0709,  0.0238,  0.0497,  0.1041,
         0.0832,  0.0099, -0.0282, -0.0065, -0.0248,  0.0714, -0.0717, -0.0260,
        -0.0434,  0.0405,  0.0028,  0.0489,  0.0215,  0.0425,  0.0414,  0.0358,
         0.0146, -0.0515,  0.0046, -0.0368,  0.0741,  0.0174,  0.0121, -0.0087,
         0.0380,  0.0666, -0.0413,  0.0516,  0.0243, -0.0185,  0.0653, -0.0023,
         0.0454, -0.0147,  0.0538, -0.1029, -0.0089,  0.0760, -0.0118, -0.0363,
         0.0608, -0.0224, -0.0453, -0.0402,  0.0063,  0.0378,  0.0266,  0.0011,
         0.0422,  0.0615, -0.0259, -0.0702], dtype=torch.float64,
       requires_grad=True)
Attempt 31 skipped due to non-finite loss: inf
w_i_init_torch: tensor([ 1.5773e-02, -5.8101e-03, -1.3751e-02,  2.6669e-02,  7.4662e-02,
         2.3802e-02,  2.7647e-02,  8.4835e-02,  9.2188e-02,  1.2286e-02,
        -2.7680e-02,  2.8672e-02, -3.8789e-03, -1.0322e-01, -4.4014e-02,
         1.1338e-02,  3.8100e-02, -4.7738e-02,  1.5574e-02, -3.5926e-02,
         2.2325e-02,  4.0105e-02, -4.4149e-02, -4.9860e-03, -1.3466e-02,
        -3.4003e-02,  2.3530e-02, -2.8242e-02, -8.0788e-02, -1.5173e-02,
         9.0586e-03,  2.0791e-02,  3.5532e-02,  8.7437e-02, -4.0591e-02,
         4.0450e-02,  4.1067e-02, -1.3213e-02,  5.2038e-02,  8.6954e-05,
         3.0230e-02,  3.6499e-02,  6.3220e-02, -9.3785e-02,  7.6883e-03,
         7.5144e-02,  1.0918e-02,  5.0158e-02, -3.8403e-02,  2.4602e-02,
         4.7381e-02, -5.4886e-02,  1.2292e-02, -4.5543e-02,  6.8638e-03,
        -3.0589e-03,  2.6077e-02, -4.8063e-02,  2.8316e-02,  6.6511e-02],
       dtype=torch.float64, requires_grad=True)
Attempt 32 skipped due to non-finite loss: inf
w_i_init_torch: tensor([ 0.0205,  0.0233, -0.0012, -0.0075, -0.0726,  0.0137,  0.0394, -0.0996,
        -0.0877,  0.0131, -0.0520,  0.0315, -0.0303,  0.0860, -0.0401,  0.0233,
        -0.0216,  0.0422,  0.0037, -0.0266,  0.0247, -0.0240, -0.0295, -0.0214,
         0.0066, -0.0011,  0.0129, -0.0308, -0.0752,  0.0154,  0.0024,  0.0360,
        -0.0314,  0.0725,  0.0362, -0.0436, -0.0347,  0.0439,  0.0348,  0.0309,
        -0.0213, -0.0181, -0.0954,  0.1024, -0.0017, -0.0781, -0.0351,  0.0419,
        -0.0410, -0.0089, -0.0414, -0.0366,  0.0081, -0.0501,  0.0178,  0.0268,
         0.0433,  0.0594, -0.0133, -0.0691], dtype=torch.float64,
       requires_grad=True)
Attempt 33 skipped due to non-finite loss: inf
w_i_init_torch: tensor([-0.0270, -0.0013, -0.0026, -0.0078, -0.0665, -0.0292, -0.0381,  0.0774,
        -0.0738,  0.0187, -0.0488, -0.0300,  0.0335, -0.0719,  0.0510, -0.0007,
        -0.0498, -0.0528, -0.0030,  0.0497,  0.0255, -0.0208, -0.0298, -0.0032,
        -0.0067,  0.0312, -0.0046,  0.0269,  0.0649,  0.0054,  0.0083,  0.0128,
        -0.0324,  0.0753,  0.0538, -0.0339,  0.0364,  0.0207,  0.0513,  0.0229,
         0.0302,  0.0235,  0.0707,  0.1310,  0.0231,  0.0840,  0.0209,  0.0516,
         0.0530,  0.0300,  0.0526,  0.0443, -0.0198,  0.0433,  0.0304, -0.0064,
        -0.0258, -0.0638,  0.0201, -0.0721], dtype=torch.float64,
       requires_grad=True)
Final loss (NLL): 0.5386451744075412
Final weights: tensor([ 0.0266,  0.0569,  0.0164,  0.0129,  0.0220, -0.0036,  0.0410,  0.0124,
        -0.0019,  0.0266, -0.0103,  0.0671,  0.0199,  0.0429,  0.0582,  0.0390,
        -0.0238, -0.1003,  0.0688,  0.0262,  0.0088,  0.0905, -0.0122,  0.0251,
        -0.0122,  0.0453, -0.0096,  0.0430,  0.0143,  0.0230,  0.0663, -0.0162,
         0.0498,  0.0235,  0.0448, -0.0104, -0.0092,  0.0182,  0.0086, -0.0610,
         0.0258,  0.0713,  0.0003, -0.0017,  0.0138,  0.0109,  0.0099, -0.0288,
        -0.0126, -0.0044,  0.0609,  0.0349, -0.0041, -0.0161,  0.0480, -0.0342,
         0.0286, -0.0212,  0.0595,  0.0321], dtype=torch.float64)
Sum of weights: 0.9999999435198246
