w_i_init_torch: tensor([ 0.0085,  0.0073,  0.0272,  0.0076,  0.0186,  0.0201,  0.0145,  0.0102,
         0.0247,  0.0195, -0.0031,  0.0330,  0.0192,  0.0136,  0.0293,  0.0325,
         0.0106,  0.0089,  0.0185,  0.0150,  0.0128,  0.0246,  0.0304,  0.0219,
         0.0248,  0.0337,  0.0175,  0.0332,  0.0172,  0.0136,  0.0064,  0.0071,
         0.0082,  0.0197,  0.0212,  0.0143,  0.0073,  0.0220,  0.0167,  0.0070,
         0.0084,  0.0120,  0.0009,  0.0148,  0.0296,  0.0176,  0.0307,  0.0216,
         0.0175,  0.0196,  0.0153,  0.0244,  0.0107,  0.0291,  0.0215,  0.0143,
         0.0021,  0.0412,  0.0196,  0.0339], dtype=torch.float64,
       requires_grad=True)
Attempt 1: Starting optimization (loss = 0.4028)
Optimization succeeded on attempt 0
Final loss (NLL): 0.3999058664266452
Final weights: tensor([ 0.0912, -0.0383,  0.0128, -0.1706,  0.0305,  0.0267,  0.0212,  0.0789,
        -0.0277, -0.0033,  0.0827,  0.0992,  0.0059,  0.0717, -0.0109, -0.0285,
        -0.0302,  0.0826,  0.0038,  0.0680,  0.0187,  0.0504, -0.0313, -0.0627,
        -0.0114,  0.0027, -0.0099, -0.1422, -0.0445, -0.0175,  0.0883, -0.0964,
         0.1031, -0.0485, -0.0212,  0.0047,  0.0511, -0.0116, -0.0476,  0.0832,
         0.1465, -0.0226,  0.0562, -0.0299,  0.0008,  0.0254,  0.0255,  0.0359,
         0.0447,  0.0181,  0.0138,  0.0810,  0.0279,  0.0905,  0.0413,  0.0171,
         0.0233, -0.0044,  0.0391,  0.1463], dtype=torch.float64)
Sum of weights: 0.9999199999958511
