Rank 1: KL Divergence = 0.000009635
Model Parameters: {'num_layers': 4, 'num_blocks': 4, 'hidden_features': 64, 'num_bins': 8}
Job Directory: /work/gbadarac/MonoJet_NPLM/MonoJet_NPLM_analysis/Normalizing_Flows/EstimationNF_gaussians_outputs/job_4_4_64_8_best_model_580200
----------------------------------------
Rank 2: KL Divergence = 0.000934930
Model Parameters: {'num_layers': 4, 'num_blocks': 4, 'hidden_features': 64, 'num_bins': 12}
Job Directory: /work/gbadarac/MonoJet_NPLM/MonoJet_NPLM_analysis/Normalizing_Flows/EstimationNF_gaussians_outputs/job_4_4_64_12_best_model_297461
----------------------------------------
Rank 3: KL Divergence = 0.752302510
Model Parameters: {'num_layers': 5, 'num_blocks': 6, 'hidden_features': 64, 'num_bins': 10}
Job Directory: /work/gbadarac/MonoJet_NPLM/MonoJet_NPLM_analysis/Normalizing_Flows/EstimationNF_gaussians_outputs/job_5_6_64_10_719660
----------------------------------------
Rank 4: KL Divergence = 0.846606701
Model Parameters: {'num_layers': 6, 'num_blocks': 4, 'hidden_features': 64, 'num_bins': 10}
Job Directory: /work/gbadarac/MonoJet_NPLM/MonoJet_NPLM_analysis/Normalizing_Flows/EstimationNF_gaussians_outputs/job_6_4_64_10_719163
----------------------------------------
Rank 5: KL Divergence = 0.848055118
Model Parameters: {'num_layers': 5, 'num_blocks': 8, 'hidden_features': 128, 'num_bins': 12}
Job Directory: /work/gbadarac/MonoJet_NPLM/MonoJet_NPLM_analysis/Normalizing_Flows/EstimationNF_gaussians_outputs/job_5_8_128_12_720178
----------------------------------------
