/work/gbadarac/MonoJet_NPLM/MonoJet_NPLM_analysis/Normalizing_Flows/EstimationNF_gaussians_outputs/job_6_2_32_6_718491
Epoch 0, Avg Train Loss: 98.8318, Avg Validation Loss: 94.3792
Epoch 1, Avg Train Loss: 88.2402, Avg Validation Loss: 81.1323
Epoch 2, Avg Train Loss: 71.7059, Avg Validation Loss: 60.4698
Epoch 3, Avg Train Loss: 43.7088, Avg Validation Loss: 23.6746
Epoch 4, Avg Train Loss: 20.5633, Avg Validation Loss: 17.8927
Epoch 5, Avg Train Loss: 15.7911, Avg Validation Loss: 13.9046
Epoch 6, Avg Train Loss: 12.4253, Avg Validation Loss: 11.1758
Epoch 7, Avg Train Loss: 10.1959, Avg Validation Loss: 9.4078
Epoch 8, Avg Train Loss: 8.7588, Avg Validation Loss: 8.2607
Epoch 9, Avg Train Loss: 7.8117, Avg Validation Loss: 7.4797
Epoch 10, Avg Train Loss: 7.1564, Avg Validation Loss: 6.9106
Epoch 11, Avg Train Loss: 6.6606, Avg Validation Loss: 6.4737
Epoch 12, Avg Train Loss: 6.2661, Avg Validation Loss: 6.1243
Epoch 13, Avg Train Loss: 5.9550, Avg Validation Loss: 5.8387
Epoch 14, Avg Train Loss: 5.6912, Avg Validation Loss: 5.6002
Epoch 15, Avg Train Loss: 5.4749, Avg Validation Loss: 5.3953
Epoch 16, Avg Train Loss: 5.2833, Avg Validation Loss: 5.2166
Epoch 17, Avg Train Loss: 5.1224, Avg Validation Loss: 5.0576
Epoch 18, Avg Train Loss: 4.9793, Avg Validation Loss: 4.9130
Epoch 19, Avg Train Loss: 4.8392, Avg Validation Loss: 4.7767
Epoch 20, Avg Train Loss: 4.7093, Avg Validation Loss: 4.6448
Epoch 21, Avg Train Loss: 4.5789, Avg Validation Loss: 4.5153
Epoch 22, Avg Train Loss: 4.4529, Avg Validation Loss: 4.3887
Epoch 23, Avg Train Loss: 4.3285, Avg Validation Loss: 4.2646
Epoch 24, Avg Train Loss: 4.2129, Avg Validation Loss: 4.1453
Epoch 25, Avg Train Loss: 4.1004, Avg Validation Loss: 4.0344
Epoch 26, Avg Train Loss: 3.9995, Avg Validation Loss: 3.9344
Epoch 27, Avg Train Loss: 3.9138, Avg Validation Loss: 3.8446
Epoch 28, Avg Train Loss: 3.8304, Avg Validation Loss: 3.7625
Epoch 29, Avg Train Loss: 3.7554, Avg Validation Loss: 3.6863
Epoch 30, Avg Train Loss: 3.6851, Avg Validation Loss: 3.6148
Epoch 31, Avg Train Loss: 3.6189, Avg Validation Loss: 3.5468
Epoch 32, Avg Train Loss: 3.5552, Avg Validation Loss: 3.4809
Epoch 33, Avg Train Loss: 3.4913, Avg Validation Loss: 3.4173
Epoch 34, Avg Train Loss: 3.4310, Avg Validation Loss: 3.3567
Epoch 35, Avg Train Loss: 3.3752, Avg Validation Loss: 3.3028
Epoch 36, Avg Train Loss: 3.3205, Avg Validation Loss: 3.2518
Epoch 37, Avg Train Loss: 3.2753, Avg Validation Loss: 3.2098
Epoch 38, Avg Train Loss: 3.2377, Avg Validation Loss: 3.1736
Epoch 39, Avg Train Loss: 3.2016, Avg Validation Loss: 3.1438
Epoch 40, Avg Train Loss: 3.1732, Avg Validation Loss: 3.1173
Epoch 41, Avg Train Loss: 3.1513, Avg Validation Loss: 3.0969
Epoch 42, Avg Train Loss: 3.1300, Avg Validation Loss: 3.0802
Epoch 43, Avg Train Loss: 3.1149, Avg Validation Loss: 3.0660
Epoch 44, Avg Train Loss: 3.0935, Avg Validation Loss: 3.0511
Epoch 45, Avg Train Loss: 3.0838, Avg Validation Loss: 3.0382
Epoch 46, Avg Train Loss: 3.0676, Avg Validation Loss: 3.0272
Epoch 47, Avg Train Loss: 3.0573, Avg Validation Loss: 3.0167
Epoch 48, Avg Train Loss: 3.0438, Avg Validation Loss: 3.0077
Epoch 49, Avg Train Loss: 3.0351, Avg Validation Loss: 2.9996
Epoch 50, Avg Train Loss: 3.0233, Avg Validation Loss: 2.9907
Epoch 51, Avg Train Loss: 3.0151, Avg Validation Loss: 2.9831
Epoch 52, Avg Train Loss: 3.0093, Avg Validation Loss: 2.9756
Epoch 53, Avg Train Loss: 2.9982, Avg Validation Loss: 2.9704
Epoch 54, Avg Train Loss: 2.9891, Avg Validation Loss: 2.9620
Epoch 55, Avg Train Loss: 2.9840, Avg Validation Loss: 2.9555
Epoch 56, Avg Train Loss: 2.9755, Avg Validation Loss: 2.9493
Epoch 57, Avg Train Loss: 2.9679, Avg Validation Loss: 2.9430
Epoch 58, Avg Train Loss: 2.9625, Avg Validation Loss: 2.9375
Epoch 59, Avg Train Loss: 2.9591, Avg Validation Loss: 2.9327
Epoch 60, Avg Train Loss: 2.9507, Avg Validation Loss: 2.9276
Epoch 61, Avg Train Loss: 2.9434, Avg Validation Loss: 2.9230
Epoch 62, Avg Train Loss: 2.9385, Avg Validation Loss: 2.9193
Epoch 63, Avg Train Loss: 2.9346, Avg Validation Loss: 2.9160
Epoch 64, Avg Train Loss: 2.9332, Avg Validation Loss: 2.9126
Epoch 65, Avg Train Loss: 2.9253, Avg Validation Loss: 2.9098
Epoch 66, Avg Train Loss: 2.9229, Avg Validation Loss: 2.9061
Epoch 67, Avg Train Loss: 2.9198, Avg Validation Loss: 2.9031
Epoch 68, Avg Train Loss: 2.9150, Avg Validation Loss: 2.9005
Epoch 69, Avg Train Loss: 2.9125, Avg Validation Loss: 2.8978
Epoch 70, Avg Train Loss: 2.9097, Avg Validation Loss: 2.8957
Epoch 71, Avg Train Loss: 2.9061, Avg Validation Loss: 2.8932
Epoch 72, Avg Train Loss: 2.9039, Avg Validation Loss: 2.8924
Epoch 73, Avg Train Loss: 2.8997, Avg Validation Loss: 2.8905
Epoch 74, Avg Train Loss: 2.8999, Avg Validation Loss: 2.8884
Epoch 75, Avg Train Loss: 2.8966, Avg Validation Loss: 2.8869
Epoch 76, Avg Train Loss: 2.8937, Avg Validation Loss: 2.8856
Epoch 77, Avg Train Loss: 2.8924, Avg Validation Loss: 2.8840
Epoch 78, Avg Train Loss: 2.8915, Avg Validation Loss: 2.8829
Epoch 79, Avg Train Loss: 2.8885, Avg Validation Loss: 2.8816
Epoch 80, Avg Train Loss: 2.8867, Avg Validation Loss: 2.8804
Epoch 81, Avg Train Loss: 2.8848, Avg Validation Loss: 2.8785
Epoch 82, Avg Train Loss: 2.8840, Avg Validation Loss: 2.8774
Epoch 83, Avg Train Loss: 2.8825, Avg Validation Loss: 2.8764
Epoch 84, Avg Train Loss: 2.8794, Avg Validation Loss: 2.8757
Epoch 85, Avg Train Loss: 2.8785, Avg Validation Loss: 2.8739
Epoch 86, Avg Train Loss: 2.8780, Avg Validation Loss: 2.8734
Epoch 87, Avg Train Loss: 2.8754, Avg Validation Loss: 2.8724
Epoch 88, Avg Train Loss: 2.8738, Avg Validation Loss: 2.8713
Epoch 89, Avg Train Loss: 2.8723, Avg Validation Loss: 2.8703
Epoch 90, Avg Train Loss: 2.8709, Avg Validation Loss: 2.8695
Epoch 91, Avg Train Loss: 2.8697, Avg Validation Loss: 2.8684
Epoch 92, Avg Train Loss: 2.8687, Avg Validation Loss: 2.8676
Epoch 93, Avg Train Loss: 2.8670, Avg Validation Loss: 2.8668
Epoch 94, Avg Train Loss: 2.8657, Avg Validation Loss: 2.8658
Epoch 95, Avg Train Loss: 2.8655, Avg Validation Loss: 2.8659
Epoch 96, Avg Train Loss: 2.8648, Avg Validation Loss: 2.8649
Epoch 97, Avg Train Loss: 2.8643, Avg Validation Loss: 2.8655
Epoch 98, Avg Train Loss: 2.8631, Avg Validation Loss: 2.8633
Epoch 99, Avg Train Loss: 2.8614, Avg Validation Loss: 2.8643
Epoch 100, Avg Train Loss: 2.8614, Avg Validation Loss: 2.8632
Epoch 101, Avg Train Loss: 2.8602, Avg Validation Loss: 2.8637
Epoch 102, Avg Train Loss: 2.8607, Avg Validation Loss: 2.8632
Epoch 103, Avg Train Loss: 2.8591, Avg Validation Loss: 2.8619
Epoch 104, Avg Train Loss: 2.8579, Avg Validation Loss: 2.8622
Epoch 105, Avg Train Loss: 2.8570, Avg Validation Loss: 2.8626
Epoch 106, Avg Train Loss: 2.8579, Avg Validation Loss: 2.8646
Epoch 107, Avg Train Loss: 2.8570, Avg Validation Loss: 2.8596
Epoch 108, Avg Train Loss: 2.8556, Avg Validation Loss: 2.8604
Epoch 109, Avg Train Loss: 2.8546, Avg Validation Loss: 2.8602
Epoch 110, Avg Train Loss: 2.8559, Avg Validation Loss: 2.8611
Epoch 111, Avg Train Loss: 2.8544, Avg Validation Loss: 2.8607
Epoch 112, Avg Train Loss: 2.8540, Avg Validation Loss: 2.8595
Epoch 113, Avg Train Loss: 2.8530, Avg Validation Loss: 2.8583
Epoch 114, Avg Train Loss: 2.8525, Avg Validation Loss: 2.8586
Epoch 115, Avg Train Loss: 2.8531, Avg Validation Loss: 2.8583
Epoch 116, Avg Train Loss: 2.8526, Avg Validation Loss: 2.8575
Epoch 117, Avg Train Loss: 2.8518, Avg Validation Loss: 2.8568
Epoch 118, Avg Train Loss: 2.8511, Avg Validation Loss: 2.8575
Epoch 119, Avg Train Loss: 2.8512, Avg Validation Loss: 2.8567
Epoch 120, Avg Train Loss: 2.8506, Avg Validation Loss: 2.8593
Epoch 121, Avg Train Loss: 2.8509, Avg Validation Loss: 2.8559
Epoch 122, Avg Train Loss: 2.8504, Avg Validation Loss: 2.8567
Epoch 123, Avg Train Loss: 2.8509, Avg Validation Loss: 2.8563
Epoch 124, Avg Train Loss: 2.8488, Avg Validation Loss: 2.8558
Epoch 125, Avg Train Loss: 2.8492, Avg Validation Loss: 2.8586
Epoch 126, Avg Train Loss: 2.8492, Avg Validation Loss: 2.8553
Epoch 127, Avg Train Loss: 2.8488, Avg Validation Loss: 2.8548
Epoch 128, Avg Train Loss: 2.8482, Avg Validation Loss: 2.8552
Epoch 129, Avg Train Loss: 2.8476, Avg Validation Loss: 2.8554
Epoch 130, Avg Train Loss: 2.8470, Avg Validation Loss: 2.8552
Epoch 131, Avg Train Loss: 2.8482, Avg Validation Loss: 2.8558
Epoch 132, Avg Train Loss: 2.8472, Avg Validation Loss: 2.8575
Epoch 133, Avg Train Loss: 2.8480, Avg Validation Loss: 2.8574
Epoch 134, Avg Train Loss: 2.8477, Avg Validation Loss: 2.8559
Epoch 135, Avg Train Loss: 2.8467, Avg Validation Loss: 2.8540
Epoch 136, Avg Train Loss: 2.8476, Avg Validation Loss: 2.8542
Epoch 137, Avg Train Loss: 2.8457, Avg Validation Loss: 2.8548
Epoch 138, Avg Train Loss: 2.8474, Avg Validation Loss: 2.8555
Epoch 139, Avg Train Loss: 2.8472, Avg Validation Loss: 2.8540
Epoch 140, Avg Train Loss: 2.8463, Avg Validation Loss: 2.8583
Epoch 141, Avg Train Loss: 2.8451, Avg Validation Loss: 2.8530
Epoch 142, Avg Train Loss: 2.8451, Avg Validation Loss: 2.8546
Epoch 143, Avg Train Loss: 2.8452, Avg Validation Loss: 2.8534
Epoch 144, Avg Train Loss: 2.8449, Avg Validation Loss: 2.8549
Epoch 145, Avg Train Loss: 2.8454, Avg Validation Loss: 2.8521
Epoch 146, Avg Train Loss: 2.8448, Avg Validation Loss: 2.8579
Epoch 147, Avg Train Loss: 2.8453, Avg Validation Loss: 2.8523
Epoch 148, Avg Train Loss: 2.8443, Avg Validation Loss: 2.8529
Epoch 149, Avg Train Loss: 2.8442, Avg Validation Loss: 2.8534
Epoch 150, Avg Train Loss: 2.8437, Avg Validation Loss: 2.8528
Epoch 151, Avg Train Loss: 2.8442, Avg Validation Loss: 2.8552
Epoch 152, Avg Train Loss: 2.8436, Avg Validation Loss: 2.8545
Epoch 153, Avg Train Loss: 2.8442, Avg Validation Loss: 2.8532
Epoch 154, Avg Train Loss: 2.8434, Avg Validation Loss: 2.8516
Epoch 155, Avg Train Loss: 2.8427, Avg Validation Loss: 2.8521
Epoch 156, Avg Train Loss: 2.8430, Avg Validation Loss: 2.8537
Epoch 157, Avg Train Loss: 2.8436, Avg Validation Loss: 2.8536
Epoch 158, Avg Train Loss: 2.8428, Avg Validation Loss: 2.8524
Epoch 159, Avg Train Loss: 2.8434, Avg Validation Loss: 2.8560
Epoch 160, Avg Train Loss: 2.8429, Avg Validation Loss: 2.8528
Epoch 161, Avg Train Loss: 2.8426, Avg Validation Loss: 2.8527
Epoch 162, Avg Train Loss: 2.8427, Avg Validation Loss: 2.8518
Epoch 163, Avg Train Loss: 2.8425, Avg Validation Loss: 2.8522
Early stopping triggered
Best model loaded successfully.
KL divergence saved successfully.
KL divergence saved successfully.
