/work/gbadarac/MonoJet_NPLM/MonoJet_NPLM_analysis/Normalizing_Flows/EstimationNF_gaussians_outputs/job_6_4_128_8_719325
Epoch 0, Avg Train Loss: 6.3325, Avg Validation Loss: 3.7514
Epoch 1, Avg Train Loss: 3.4293, Avg Validation Loss: 3.2169
Epoch 2, Avg Train Loss: 3.1640, Avg Validation Loss: 3.1007
Epoch 3, Avg Train Loss: 3.0773, Avg Validation Loss: 3.0388
Epoch 4, Avg Train Loss: 3.0273, Avg Validation Loss: 3.0023
Epoch 5, Avg Train Loss: 2.9970, Avg Validation Loss: 2.9783
Epoch 6, Avg Train Loss: 2.9744, Avg Validation Loss: 2.9594
Epoch 7, Avg Train Loss: 2.9564, Avg Validation Loss: 2.9450
Epoch 8, Avg Train Loss: 2.9427, Avg Validation Loss: 2.9309
Epoch 9, Avg Train Loss: 2.9304, Avg Validation Loss: 2.9196
Epoch 10, Avg Train Loss: 2.9175, Avg Validation Loss: 2.9084
Epoch 11, Avg Train Loss: 2.9071, Avg Validation Loss: 2.9000
Epoch 12, Avg Train Loss: 2.8996, Avg Validation Loss: 2.8932
Epoch 13, Avg Train Loss: 2.8938, Avg Validation Loss: 2.8884
Epoch 14, Avg Train Loss: 2.8884, Avg Validation Loss: 2.8827
Epoch 15, Avg Train Loss: 2.8837, Avg Validation Loss: 2.8769
Epoch 16, Avg Train Loss: 2.8792, Avg Validation Loss: 2.8753
Epoch 17, Avg Train Loss: 2.8759, Avg Validation Loss: 2.8698
Epoch 18, Avg Train Loss: 2.8722, Avg Validation Loss: 2.8668
Epoch 19, Avg Train Loss: 2.8705, Avg Validation Loss: 2.8644
Epoch 20, Avg Train Loss: 2.8677, Avg Validation Loss: 2.8629
Epoch 21, Avg Train Loss: 2.8652, Avg Validation Loss: 2.8603
Epoch 22, Avg Train Loss: 2.8637, Avg Validation Loss: 2.8583
Epoch 23, Avg Train Loss: 2.8629, Avg Validation Loss: 2.8561
Epoch 24, Avg Train Loss: 2.8605, Avg Validation Loss: 2.8570
Epoch 25, Avg Train Loss: 2.8597, Avg Validation Loss: 2.8563
Epoch 26, Avg Train Loss: 2.8583, Avg Validation Loss: 2.8532
Epoch 27, Avg Train Loss: 2.8562, Avg Validation Loss: 2.8516
Epoch 28, Avg Train Loss: 2.8560, Avg Validation Loss: 2.8515
Epoch 29, Avg Train Loss: 2.8548, Avg Validation Loss: 2.8489
Epoch 30, Avg Train Loss: 2.8534, Avg Validation Loss: 2.8480
Epoch 31, Avg Train Loss: 2.8531, Avg Validation Loss: 2.8472
Epoch 32, Avg Train Loss: 2.8524, Avg Validation Loss: 2.8472
Epoch 33, Avg Train Loss: 2.8519, Avg Validation Loss: 2.8462
Epoch 34, Avg Train Loss: 2.8501, Avg Validation Loss: 2.8456
Epoch 35, Avg Train Loss: 2.8497, Avg Validation Loss: 2.8443
Epoch 36, Avg Train Loss: 2.8490, Avg Validation Loss: 2.8458
Epoch 37, Avg Train Loss: 2.8488, Avg Validation Loss: 2.8438
Epoch 38, Avg Train Loss: 2.8488, Avg Validation Loss: 2.8439
Epoch 39, Avg Train Loss: 2.8484, Avg Validation Loss: 2.8434
Epoch 40, Avg Train Loss: 2.8469, Avg Validation Loss: 2.8421
Epoch 41, Avg Train Loss: 2.8470, Avg Validation Loss: 2.8421
Epoch 42, Avg Train Loss: 2.8463, Avg Validation Loss: 2.8416
Epoch 43, Avg Train Loss: 2.8466, Avg Validation Loss: 2.8422
Epoch 44, Avg Train Loss: 2.8461, Avg Validation Loss: 2.8403
Epoch 45, Avg Train Loss: 2.8465, Avg Validation Loss: 2.8411
Epoch 46, Avg Train Loss: 2.8464, Avg Validation Loss: 2.8410
Epoch 47, Avg Train Loss: 2.8462, Avg Validation Loss: 2.8389
Epoch 48, Avg Train Loss: 2.8451, Avg Validation Loss: 2.8411
Epoch 49, Avg Train Loss: 2.8450, Avg Validation Loss: 2.8408
Epoch 50, Avg Train Loss: 2.8443, Avg Validation Loss: 2.8393
Epoch 51, Avg Train Loss: 2.8449, Avg Validation Loss: 2.8389
Epoch 52, Avg Train Loss: 2.8437, Avg Validation Loss: 2.8396
Epoch 53, Avg Train Loss: 2.8442, Avg Validation Loss: 2.8397
Epoch 54, Avg Train Loss: 2.8434, Avg Validation Loss: 2.8409
Epoch 55, Avg Train Loss: 2.8439, Avg Validation Loss: 2.8426
Epoch 56, Avg Train Loss: 2.8441, Avg Validation Loss: 2.8387
Epoch 57, Avg Train Loss: 2.8442, Avg Validation Loss: 2.8395
Epoch 58, Avg Train Loss: 2.8430, Avg Validation Loss: 2.8405
Epoch 59, Avg Train Loss: 2.8437, Avg Validation Loss: 2.8437
Epoch 60, Avg Train Loss: 2.8435, Avg Validation Loss: 2.8395
Epoch 61, Avg Train Loss: 2.8442, Avg Validation Loss: 2.8369
Epoch 62, Avg Train Loss: 2.8435, Avg Validation Loss: 2.8424
Epoch 63, Avg Train Loss: 2.8434, Avg Validation Loss: 2.8379
Epoch 64, Avg Train Loss: 2.8426, Avg Validation Loss: 2.8397
Epoch 65, Avg Train Loss: 2.8425, Avg Validation Loss: 2.8391
Epoch 66, Avg Train Loss: 2.8437, Avg Validation Loss: 2.8371
Epoch 67, Avg Train Loss: 2.8422, Avg Validation Loss: 2.8373
Epoch 68, Avg Train Loss: 2.8436, Avg Validation Loss: 2.8398
Epoch 69, Avg Train Loss: 2.8440, Avg Validation Loss: 2.8383
Epoch 70, Avg Train Loss: 2.8428, Avg Validation Loss: 2.8370
Early stopping triggered
Best model loaded successfully.
KL divergence saved successfully.
KL divergence saved successfully.
