/work/gbadarac/MonoJet_NPLM/MonoJet_NPLM_analysis/Normalizing_Flows/EstimationNF_gaussians_outputs/job_4_4_64_8_716236
Epoch 0, Avg Train Loss: 6.1847, Avg Validation Loss: 4.7795
Epoch 1, Avg Train Loss: 4.2718, Avg Validation Loss: 3.9429
Epoch 2, Avg Train Loss: 3.7550, Avg Validation Loss: 3.6293
Epoch 3, Avg Train Loss: 3.5008, Avg Validation Loss: 3.4244
Epoch 4, Avg Train Loss: 3.3250, Avg Validation Loss: 3.2759
Epoch 5, Avg Train Loss: 3.2019, Avg Validation Loss: 3.1704
Epoch 6, Avg Train Loss: 3.1171, Avg Validation Loss: 3.0980
Epoch 7, Avg Train Loss: 3.0587, Avg Validation Loss: 3.0488
Epoch 8, Avg Train Loss: 3.0186, Avg Validation Loss: 3.0153
Epoch 9, Avg Train Loss: 2.9906, Avg Validation Loss: 2.9912
Epoch 10, Avg Train Loss: 2.9712, Avg Validation Loss: 2.9734
Epoch 11, Avg Train Loss: 2.9568, Avg Validation Loss: 2.9607
Epoch 12, Avg Train Loss: 2.9461, Avg Validation Loss: 2.9504
Epoch 13, Avg Train Loss: 2.9378, Avg Validation Loss: 2.9424
Epoch 14, Avg Train Loss: 2.9306, Avg Validation Loss: 2.9359
Epoch 15, Avg Train Loss: 2.9265, Avg Validation Loss: 2.9304
Epoch 16, Avg Train Loss: 2.9212, Avg Validation Loss: 2.9257
Epoch 17, Avg Train Loss: 2.9177, Avg Validation Loss: 2.9220
Epoch 18, Avg Train Loss: 2.9138, Avg Validation Loss: 2.9186
Epoch 19, Avg Train Loss: 2.9111, Avg Validation Loss: 2.9158
Epoch 20, Avg Train Loss: 2.9084, Avg Validation Loss: 2.9132
Epoch 21, Avg Train Loss: 2.9065, Avg Validation Loss: 2.9108
Epoch 22, Avg Train Loss: 2.9041, Avg Validation Loss: 2.9088
Epoch 23, Avg Train Loss: 2.9019, Avg Validation Loss: 2.9066
Epoch 24, Avg Train Loss: 2.8999, Avg Validation Loss: 2.9045
Epoch 25, Avg Train Loss: 2.8984, Avg Validation Loss: 2.9029
Epoch 26, Avg Train Loss: 2.8961, Avg Validation Loss: 2.9011
Epoch 27, Avg Train Loss: 2.8945, Avg Validation Loss: 2.8994
Epoch 28, Avg Train Loss: 2.8932, Avg Validation Loss: 2.8976
Epoch 29, Avg Train Loss: 2.8907, Avg Validation Loss: 2.8959
Epoch 30, Avg Train Loss: 2.8891, Avg Validation Loss: 2.8944
Epoch 31, Avg Train Loss: 2.8876, Avg Validation Loss: 2.8925
Epoch 32, Avg Train Loss: 2.8855, Avg Validation Loss: 2.8907
Epoch 33, Avg Train Loss: 2.8846, Avg Validation Loss: 2.8892
Epoch 34, Avg Train Loss: 2.8828, Avg Validation Loss: 2.8877
Epoch 35, Avg Train Loss: 2.8808, Avg Validation Loss: 2.8861
Epoch 36, Avg Train Loss: 2.8794, Avg Validation Loss: 2.8845
Epoch 37, Avg Train Loss: 2.8772, Avg Validation Loss: 2.8832
Epoch 38, Avg Train Loss: 2.8772, Avg Validation Loss: 2.8817
Epoch 39, Avg Train Loss: 2.8750, Avg Validation Loss: 2.8804
Epoch 40, Avg Train Loss: 2.8729, Avg Validation Loss: 2.8788
Epoch 41, Avg Train Loss: 2.8718, Avg Validation Loss: 2.8771
Epoch 42, Avg Train Loss: 2.8700, Avg Validation Loss: 2.8756
Epoch 43, Avg Train Loss: 2.8689, Avg Validation Loss: 2.8746
Epoch 44, Avg Train Loss: 2.8679, Avg Validation Loss: 2.8739
Epoch 45, Avg Train Loss: 2.8665, Avg Validation Loss: 2.8731
Epoch 46, Avg Train Loss: 2.8655, Avg Validation Loss: 2.8716
Epoch 47, Avg Train Loss: 2.8642, Avg Validation Loss: 2.8699
Epoch 48, Avg Train Loss: 2.8626, Avg Validation Loss: 2.8691
Epoch 49, Avg Train Loss: 2.8622, Avg Validation Loss: 2.8679
Epoch 50, Avg Train Loss: 2.8610, Avg Validation Loss: 2.8666
Epoch 51, Avg Train Loss: 2.8606, Avg Validation Loss: 2.8661
Epoch 52, Avg Train Loss: 2.8597, Avg Validation Loss: 2.8652
Epoch 53, Avg Train Loss: 2.8588, Avg Validation Loss: 2.8641
Epoch 54, Avg Train Loss: 2.8575, Avg Validation Loss: 2.8629
Epoch 55, Avg Train Loss: 2.8568, Avg Validation Loss: 2.8622
Epoch 56, Avg Train Loss: 2.8561, Avg Validation Loss: 2.8623
Epoch 57, Avg Train Loss: 2.8562, Avg Validation Loss: 2.8612
Epoch 58, Avg Train Loss: 2.8549, Avg Validation Loss: 2.8608
Epoch 59, Avg Train Loss: 2.8543, Avg Validation Loss: 2.8597
Epoch 60, Avg Train Loss: 2.8539, Avg Validation Loss: 2.8597
Epoch 61, Avg Train Loss: 2.8531, Avg Validation Loss: 2.8584
Epoch 62, Avg Train Loss: 2.8525, Avg Validation Loss: 2.8584
Epoch 63, Avg Train Loss: 2.8528, Avg Validation Loss: 2.8572
Epoch 64, Avg Train Loss: 2.8524, Avg Validation Loss: 2.8563
Epoch 65, Avg Train Loss: 2.8511, Avg Validation Loss: 2.8561
Epoch 66, Avg Train Loss: 2.8507, Avg Validation Loss: 2.8567
Epoch 67, Avg Train Loss: 2.8512, Avg Validation Loss: 2.8553
Epoch 68, Avg Train Loss: 2.8510, Avg Validation Loss: 2.8554
Epoch 69, Avg Train Loss: 2.8505, Avg Validation Loss: 2.8566
Epoch 70, Avg Train Loss: 2.8501, Avg Validation Loss: 2.8546
Epoch 71, Avg Train Loss: 2.8497, Avg Validation Loss: 2.8538
Epoch 72, Avg Train Loss: 2.8491, Avg Validation Loss: 2.8531
Epoch 73, Avg Train Loss: 2.8493, Avg Validation Loss: 2.8552
Epoch 74, Avg Train Loss: 2.8488, Avg Validation Loss: 2.8539
Epoch 75, Avg Train Loss: 2.8487, Avg Validation Loss: 2.8542
Epoch 76, Avg Train Loss: 2.8485, Avg Validation Loss: 2.8532
Epoch 77, Avg Train Loss: 2.8478, Avg Validation Loss: 2.8524
Epoch 78, Avg Train Loss: 2.8483, Avg Validation Loss: 2.8524
Epoch 79, Avg Train Loss: 2.8483, Avg Validation Loss: 2.8520
Epoch 80, Avg Train Loss: 2.8476, Avg Validation Loss: 2.8517
Epoch 81, Avg Train Loss: 2.8478, Avg Validation Loss: 2.8528
Epoch 82, Avg Train Loss: 2.8470, Avg Validation Loss: 2.8515
Epoch 83, Avg Train Loss: 2.8476, Avg Validation Loss: 2.8516
Epoch 84, Avg Train Loss: 2.8469, Avg Validation Loss: 2.8514
Epoch 85, Avg Train Loss: 2.8471, Avg Validation Loss: 2.8516
Epoch 86, Avg Train Loss: 2.8469, Avg Validation Loss: 2.8507
Epoch 87, Avg Train Loss: 2.8475, Avg Validation Loss: 2.8513
Epoch 88, Avg Train Loss: 2.8469, Avg Validation Loss: 2.8517
Epoch 89, Avg Train Loss: 2.8474, Avg Validation Loss: 2.8513
Epoch 90, Avg Train Loss: 2.8465, Avg Validation Loss: 2.8506
Epoch 91, Avg Train Loss: 2.8466, Avg Validation Loss: 2.8512
Epoch 92, Avg Train Loss: 2.8468, Avg Validation Loss: 2.8516
Epoch 93, Avg Train Loss: 2.8471, Avg Validation Loss: 2.8505
Epoch 94, Avg Train Loss: 2.8462, Avg Validation Loss: 2.8518
Epoch 95, Avg Train Loss: 2.8466, Avg Validation Loss: 2.8537
Epoch 96, Avg Train Loss: 2.8461, Avg Validation Loss: 2.8511
Epoch 97, Avg Train Loss: 2.8460, Avg Validation Loss: 2.8528
Epoch 98, Avg Train Loss: 2.8465, Avg Validation Loss: 2.8500
Epoch 99, Avg Train Loss: 2.8457, Avg Validation Loss: 2.8528
Epoch 100, Avg Train Loss: 2.8464, Avg Validation Loss: 2.8501
Epoch 101, Avg Train Loss: 2.8467, Avg Validation Loss: 2.8498
Epoch 102, Avg Train Loss: 2.8458, Avg Validation Loss: 2.8501
Epoch 103, Avg Train Loss: 2.8457, Avg Validation Loss: 2.8506
Epoch 104, Avg Train Loss: 2.8461, Avg Validation Loss: 2.8509
Epoch 105, Avg Train Loss: 2.8458, Avg Validation Loss: 2.8511
Epoch 106, Avg Train Loss: 2.8467, Avg Validation Loss: 2.8537
Epoch 107, Avg Train Loss: 2.8453, Avg Validation Loss: 2.8507
Epoch 108, Avg Train Loss: 2.8456, Avg Validation Loss: 2.8501
Epoch 109, Avg Train Loss: 2.8457, Avg Validation Loss: 2.8498
Epoch 110, Avg Train Loss: 2.8458, Avg Validation Loss: 2.8522
Early stopping triggered
Best model loaded successfully.
KL divergence saved successfully.
KL divergence saved successfully.
