/work/gbadarac/MonoJet_NPLM/MonoJet_NPLM_analysis/Normalizing_Flows/EstimationNF_gaussians_outputs/job_6_6_32_8_719491
Epoch 0, Avg Train Loss: 7.5493, Avg Validation Loss: 6.6332
Epoch 1, Avg Train Loss: 5.9079, Avg Validation Loss: 5.2140
Epoch 2, Avg Train Loss: 4.7097, Avg Validation Loss: 4.2797
Epoch 3, Avg Train Loss: 4.0727, Avg Validation Loss: 3.8568
Epoch 4, Avg Train Loss: 3.7502, Avg Validation Loss: 3.6080
Epoch 5, Avg Train Loss: 3.5323, Avg Validation Loss: 3.4126
Epoch 6, Avg Train Loss: 3.3593, Avg Validation Loss: 3.2716
Epoch 7, Avg Train Loss: 3.2436, Avg Validation Loss: 3.1821
Epoch 8, Avg Train Loss: 3.1689, Avg Validation Loss: 3.1262
Epoch 9, Avg Train Loss: 3.1204, Avg Validation Loss: 3.0860
Epoch 10, Avg Train Loss: 3.0826, Avg Validation Loss: 3.0542
Epoch 11, Avg Train Loss: 3.0527, Avg Validation Loss: 3.0288
Epoch 12, Avg Train Loss: 3.0297, Avg Validation Loss: 3.0076
Epoch 13, Avg Train Loss: 3.0099, Avg Validation Loss: 2.9904
Epoch 14, Avg Train Loss: 2.9933, Avg Validation Loss: 2.9752
Epoch 15, Avg Train Loss: 2.9791, Avg Validation Loss: 2.9629
Epoch 16, Avg Train Loss: 2.9682, Avg Validation Loss: 2.9532
Epoch 17, Avg Train Loss: 2.9591, Avg Validation Loss: 2.9443
Epoch 18, Avg Train Loss: 2.9503, Avg Validation Loss: 2.9378
Epoch 19, Avg Train Loss: 2.9449, Avg Validation Loss: 2.9314
Epoch 20, Avg Train Loss: 2.9389, Avg Validation Loss: 2.9263
Epoch 21, Avg Train Loss: 2.9339, Avg Validation Loss: 2.9218
Epoch 22, Avg Train Loss: 2.9296, Avg Validation Loss: 2.9175
Epoch 23, Avg Train Loss: 2.9270, Avg Validation Loss: 2.9136
Epoch 24, Avg Train Loss: 2.9222, Avg Validation Loss: 2.9103
Epoch 25, Avg Train Loss: 2.9191, Avg Validation Loss: 2.9073
Epoch 26, Avg Train Loss: 2.9169, Avg Validation Loss: 2.9039
Epoch 27, Avg Train Loss: 2.9132, Avg Validation Loss: 2.9009
Epoch 28, Avg Train Loss: 2.9099, Avg Validation Loss: 2.8980
Epoch 29, Avg Train Loss: 2.9077, Avg Validation Loss: 2.8955
Epoch 30, Avg Train Loss: 2.9053, Avg Validation Loss: 2.8933
Epoch 31, Avg Train Loss: 2.9033, Avg Validation Loss: 2.8909
Epoch 32, Avg Train Loss: 2.9002, Avg Validation Loss: 2.8889
Epoch 33, Avg Train Loss: 2.8983, Avg Validation Loss: 2.8866
Epoch 34, Avg Train Loss: 2.8965, Avg Validation Loss: 2.8847
Epoch 35, Avg Train Loss: 2.8939, Avg Validation Loss: 2.8830
Epoch 36, Avg Train Loss: 2.8926, Avg Validation Loss: 2.8805
Epoch 37, Avg Train Loss: 2.8904, Avg Validation Loss: 2.8787
Epoch 38, Avg Train Loss: 2.8885, Avg Validation Loss: 2.8769
Epoch 39, Avg Train Loss: 2.8871, Avg Validation Loss: 2.8750
Epoch 40, Avg Train Loss: 2.8855, Avg Validation Loss: 2.8735
Epoch 41, Avg Train Loss: 2.8827, Avg Validation Loss: 2.8721
Epoch 42, Avg Train Loss: 2.8817, Avg Validation Loss: 2.8706
Epoch 43, Avg Train Loss: 2.8802, Avg Validation Loss: 2.8691
Epoch 44, Avg Train Loss: 2.8787, Avg Validation Loss: 2.8684
Epoch 45, Avg Train Loss: 2.8775, Avg Validation Loss: 2.8668
Epoch 46, Avg Train Loss: 2.8761, Avg Validation Loss: 2.8654
Epoch 47, Avg Train Loss: 2.8756, Avg Validation Loss: 2.8644
Epoch 48, Avg Train Loss: 2.8740, Avg Validation Loss: 2.8637
Epoch 49, Avg Train Loss: 2.8732, Avg Validation Loss: 2.8632
Epoch 50, Avg Train Loss: 2.8725, Avg Validation Loss: 2.8610
Epoch 51, Avg Train Loss: 2.8708, Avg Validation Loss: 2.8608
Epoch 52, Avg Train Loss: 2.8703, Avg Validation Loss: 2.8603
Epoch 53, Avg Train Loss: 2.8688, Avg Validation Loss: 2.8590
Epoch 54, Avg Train Loss: 2.8682, Avg Validation Loss: 2.8576
Epoch 55, Avg Train Loss: 2.8677, Avg Validation Loss: 2.8572
Epoch 56, Avg Train Loss: 2.8672, Avg Validation Loss: 2.8563
Epoch 57, Avg Train Loss: 2.8669, Avg Validation Loss: 2.8560
Epoch 58, Avg Train Loss: 2.8653, Avg Validation Loss: 2.8557
Epoch 59, Avg Train Loss: 2.8644, Avg Validation Loss: 2.8539
Epoch 60, Avg Train Loss: 2.8636, Avg Validation Loss: 2.8532
Epoch 61, Avg Train Loss: 2.8632, Avg Validation Loss: 2.8534
Epoch 62, Avg Train Loss: 2.8631, Avg Validation Loss: 2.8528
Epoch 63, Avg Train Loss: 2.8622, Avg Validation Loss: 2.8518
Epoch 64, Avg Train Loss: 2.8614, Avg Validation Loss: 2.8513
Epoch 65, Avg Train Loss: 2.8610, Avg Validation Loss: 2.8517
Epoch 66, Avg Train Loss: 2.8606, Avg Validation Loss: 2.8505
Epoch 67, Avg Train Loss: 2.8603, Avg Validation Loss: 2.8492
Epoch 68, Avg Train Loss: 2.8606, Avg Validation Loss: 2.8488
Epoch 69, Avg Train Loss: 2.8599, Avg Validation Loss: 2.8500
Epoch 70, Avg Train Loss: 2.8596, Avg Validation Loss: 2.8484
Epoch 71, Avg Train Loss: 2.8590, Avg Validation Loss: 2.8486
Epoch 72, Avg Train Loss: 2.8579, Avg Validation Loss: 2.8482
Epoch 73, Avg Train Loss: 2.8581, Avg Validation Loss: 2.8479
Epoch 74, Avg Train Loss: 2.8587, Avg Validation Loss: 2.8478
Epoch 75, Avg Train Loss: 2.8573, Avg Validation Loss: 2.8470
Epoch 76, Avg Train Loss: 2.8580, Avg Validation Loss: 2.8476
Epoch 77, Avg Train Loss: 2.8566, Avg Validation Loss: 2.8477
Epoch 78, Avg Train Loss: 2.8572, Avg Validation Loss: 2.8505
Epoch 79, Avg Train Loss: 2.8571, Avg Validation Loss: 2.8460
Epoch 80, Avg Train Loss: 2.8566, Avg Validation Loss: 2.8459
Epoch 81, Avg Train Loss: 2.8559, Avg Validation Loss: 2.8457
Epoch 82, Avg Train Loss: 2.8559, Avg Validation Loss: 2.8475
Epoch 83, Avg Train Loss: 2.8560, Avg Validation Loss: 2.8478
Epoch 84, Avg Train Loss: 2.8554, Avg Validation Loss: 2.8470
Epoch 85, Avg Train Loss: 2.8552, Avg Validation Loss: 2.8457
Epoch 86, Avg Train Loss: 2.8554, Avg Validation Loss: 2.8485
Epoch 87, Avg Train Loss: 2.8557, Avg Validation Loss: 2.8453
Epoch 88, Avg Train Loss: 2.8549, Avg Validation Loss: 2.8461
Epoch 89, Avg Train Loss: 2.8544, Avg Validation Loss: 2.8542
Epoch 90, Avg Train Loss: 2.8542, Avg Validation Loss: 2.8479
Epoch 91, Avg Train Loss: 2.8547, Avg Validation Loss: 2.8469
Epoch 92, Avg Train Loss: 2.8544, Avg Validation Loss: 2.8460
Epoch 93, Avg Train Loss: 2.8540, Avg Validation Loss: 2.8455
Epoch 94, Avg Train Loss: 2.8539, Avg Validation Loss: 2.8456
Epoch 95, Avg Train Loss: 2.8540, Avg Validation Loss: 2.8449
Epoch 96, Avg Train Loss: 2.8536, Avg Validation Loss: 2.8466
Epoch 97, Avg Train Loss: 2.8536, Avg Validation Loss: 2.8453
Epoch 98, Avg Train Loss: 2.8537, Avg Validation Loss: 2.8453
Epoch 99, Avg Train Loss: 2.8533, Avg Validation Loss: 2.8450
Epoch 100, Avg Train Loss: 2.8528, Avg Validation Loss: 2.8457
Epoch 101, Avg Train Loss: 2.8526, Avg Validation Loss: 2.8456
Epoch 102, Avg Train Loss: 2.8524, Avg Validation Loss: 2.8471
Epoch 103, Avg Train Loss: 2.8529, Avg Validation Loss: 2.8462
Epoch 104, Avg Train Loss: 2.8532, Avg Validation Loss: 2.8454
Epoch 105, Avg Train Loss: 2.8528, Avg Validation Loss: 2.8442
Epoch 106, Avg Train Loss: 2.8519, Avg Validation Loss: 2.8453
Epoch 107, Avg Train Loss: 2.8523, Avg Validation Loss: 2.8464
Epoch 108, Avg Train Loss: 2.8525, Avg Validation Loss: 2.8448
Epoch 109, Avg Train Loss: 2.8520, Avg Validation Loss: 2.8455
Epoch 110, Avg Train Loss: 2.8531, Avg Validation Loss: 2.8463
Epoch 111, Avg Train Loss: 2.8536, Avg Validation Loss: 2.8476
Epoch 112, Avg Train Loss: 2.8524, Avg Validation Loss: 2.8453
Epoch 113, Avg Train Loss: 2.8515, Avg Validation Loss: 2.8449
Epoch 114, Avg Train Loss: 2.8524, Avg Validation Loss: 2.8494
Epoch 115, Avg Train Loss: 2.8517, Avg Validation Loss: 2.8437
Epoch 116, Avg Train Loss: 2.8515, Avg Validation Loss: 2.8452
Epoch 117, Avg Train Loss: 2.8521, Avg Validation Loss: 2.8448
Epoch 118, Avg Train Loss: 2.8514, Avg Validation Loss: 2.8429
Epoch 119, Avg Train Loss: 2.8514, Avg Validation Loss: 2.8437
Epoch 120, Avg Train Loss: 2.8510, Avg Validation Loss: 2.8429
Epoch 121, Avg Train Loss: 2.8519, Avg Validation Loss: 2.8453
Epoch 122, Avg Train Loss: 2.8509, Avg Validation Loss: 2.8434
Epoch 123, Avg Train Loss: 2.8514, Avg Validation Loss: 2.8456
Epoch 124, Avg Train Loss: 2.8517, Avg Validation Loss: 2.8430
Epoch 125, Avg Train Loss: 2.8503, Avg Validation Loss: 2.8428
Epoch 126, Avg Train Loss: 2.8507, Avg Validation Loss: 2.8431
Epoch 127, Avg Train Loss: 2.8510, Avg Validation Loss: 2.8426
Epoch 128, Avg Train Loss: 2.8506, Avg Validation Loss: 2.8452
Epoch 129, Avg Train Loss: 2.8503, Avg Validation Loss: 2.8452
Epoch 130, Avg Train Loss: 2.8516, Avg Validation Loss: 2.8471
Epoch 131, Avg Train Loss: 2.8510, Avg Validation Loss: 2.8431
Epoch 132, Avg Train Loss: 2.8507, Avg Validation Loss: 2.8431
Epoch 133, Avg Train Loss: 2.8500, Avg Validation Loss: 2.8461
Epoch 134, Avg Train Loss: 2.8513, Avg Validation Loss: 2.8441
Epoch 135, Avg Train Loss: 2.8505, Avg Validation Loss: 2.8413
Epoch 136, Avg Train Loss: 2.8511, Avg Validation Loss: 2.8429
Epoch 137, Avg Train Loss: 2.8508, Avg Validation Loss: 2.8464
Epoch 138, Avg Train Loss: 2.8506, Avg Validation Loss: 2.8441
Epoch 139, Avg Train Loss: 2.8502, Avg Validation Loss: 2.8421
Epoch 140, Avg Train Loss: 2.8500, Avg Validation Loss: 2.8470
Epoch 141, Avg Train Loss: 2.8505, Avg Validation Loss: 2.8431
Epoch 142, Avg Train Loss: 2.8508, Avg Validation Loss: 2.8427
Epoch 143, Avg Train Loss: 2.8500, Avg Validation Loss: 2.8431
Epoch 144, Avg Train Loss: 2.8501, Avg Validation Loss: 2.8429
Early stopping triggered
Best model loaded successfully.
KL divergence saved successfully.
KL divergence saved successfully.
