/work/gbadarac/MonoJet_NPLM/MonoJet_NPLM_analysis/Normalizing_Flows/EstimationNF_gaussians_outputs/job_6_6_128_8_719673
Epoch 0, Avg Train Loss: 4.6194, Avg Validation Loss: 3.5377
Epoch 1, Avg Train Loss: 3.3914, Avg Validation Loss: 3.2685
Epoch 2, Avg Train Loss: 3.1737, Avg Validation Loss: 3.0928
Epoch 3, Avg Train Loss: 3.0425, Avg Validation Loss: 3.0073
Epoch 4, Avg Train Loss: 2.9822, Avg Validation Loss: 2.9641
Epoch 5, Avg Train Loss: 2.9471, Avg Validation Loss: 2.9346
Epoch 6, Avg Train Loss: 2.9239, Avg Validation Loss: 2.9141
Epoch 7, Avg Train Loss: 2.9079, Avg Validation Loss: 2.9012
Epoch 8, Avg Train Loss: 2.8978, Avg Validation Loss: 2.8942
Epoch 9, Avg Train Loss: 2.8915, Avg Validation Loss: 2.8865
Epoch 10, Avg Train Loss: 2.8856, Avg Validation Loss: 2.8822
Epoch 11, Avg Train Loss: 2.8805, Avg Validation Loss: 2.8827
Epoch 12, Avg Train Loss: 2.8777, Avg Validation Loss: 2.8764
Epoch 13, Avg Train Loss: 2.8742, Avg Validation Loss: 2.8736
Epoch 14, Avg Train Loss: 2.8719, Avg Validation Loss: 2.8716
Epoch 15, Avg Train Loss: 2.8708, Avg Validation Loss: 2.8704
Epoch 16, Avg Train Loss: 2.8688, Avg Validation Loss: 2.8700
Epoch 17, Avg Train Loss: 2.8671, Avg Validation Loss: 2.8671
Epoch 18, Avg Train Loss: 2.8662, Avg Validation Loss: 2.8660
Epoch 19, Avg Train Loss: 2.8648, Avg Validation Loss: 2.8666
Epoch 20, Avg Train Loss: 2.8638, Avg Validation Loss: 2.8636
Epoch 21, Avg Train Loss: 2.8620, Avg Validation Loss: 2.8633
Epoch 22, Avg Train Loss: 2.8614, Avg Validation Loss: 2.8628
Epoch 23, Avg Train Loss: 2.8609, Avg Validation Loss: 2.8623
Epoch 24, Avg Train Loss: 2.8601, Avg Validation Loss: 2.8623
Epoch 25, Avg Train Loss: 2.8591, Avg Validation Loss: 2.8622
Epoch 26, Avg Train Loss: 2.8580, Avg Validation Loss: 2.8608
Epoch 27, Avg Train Loss: 2.8575, Avg Validation Loss: 2.8592
Epoch 28, Avg Train Loss: 2.8567, Avg Validation Loss: 2.8586
Epoch 29, Avg Train Loss: 2.8568, Avg Validation Loss: 2.8597
Epoch 30, Avg Train Loss: 2.8563, Avg Validation Loss: 2.8596
Epoch 31, Avg Train Loss: 2.8562, Avg Validation Loss: 2.8624
Epoch 32, Avg Train Loss: 2.8548, Avg Validation Loss: 2.8591
Epoch 33, Avg Train Loss: 2.8567, Avg Validation Loss: 2.8578
Epoch 34, Avg Train Loss: 2.8545, Avg Validation Loss: 2.8578
Epoch 35, Avg Train Loss: 2.8541, Avg Validation Loss: 2.8566
Epoch 36, Avg Train Loss: 2.8534, Avg Validation Loss: 2.8579
Epoch 37, Avg Train Loss: 2.8541, Avg Validation Loss: 2.8556
Epoch 38, Avg Train Loss: 2.8541, Avg Validation Loss: 2.8559
Epoch 39, Avg Train Loss: 2.8533, Avg Validation Loss: 2.8546
Epoch 40, Avg Train Loss: 2.8525, Avg Validation Loss: 2.8597
Epoch 41, Avg Train Loss: 2.8532, Avg Validation Loss: 2.8579
Epoch 42, Avg Train Loss: 2.8520, Avg Validation Loss: 2.8542
Epoch 43, Avg Train Loss: 2.8517, Avg Validation Loss: 2.8532
Epoch 44, Avg Train Loss: 2.8516, Avg Validation Loss: 2.8563
Epoch 45, Avg Train Loss: 2.8527, Avg Validation Loss: 2.8564
Epoch 46, Avg Train Loss: 2.8508, Avg Validation Loss: 2.8524
Epoch 47, Avg Train Loss: 2.8510, Avg Validation Loss: 2.8534
Epoch 48, Avg Train Loss: 2.8501, Avg Validation Loss: 2.8554
Epoch 49, Avg Train Loss: 2.8504, Avg Validation Loss: 2.8531
Epoch 50, Avg Train Loss: 2.8505, Avg Validation Loss: 2.8542
Epoch 51, Avg Train Loss: 2.8504, Avg Validation Loss: 2.8524
Epoch 52, Avg Train Loss: 2.8492, Avg Validation Loss: 2.8538
Epoch 53, Avg Train Loss: 2.8500, Avg Validation Loss: 2.8520
Epoch 54, Avg Train Loss: 2.8496, Avg Validation Loss: 2.8554
Epoch 55, Avg Train Loss: 2.8501, Avg Validation Loss: 2.8545
Epoch 56, Avg Train Loss: 2.8502, Avg Validation Loss: 2.8543
Epoch 57, Avg Train Loss: 2.8498, Avg Validation Loss: 2.8549
Epoch 58, Avg Train Loss: 2.8494, Avg Validation Loss: 2.8602
Epoch 59, Avg Train Loss: 2.8511, Avg Validation Loss: 2.8536
Epoch 60, Avg Train Loss: 2.8500, Avg Validation Loss: 2.8515
Epoch 61, Avg Train Loss: 2.8496, Avg Validation Loss: 2.8505
Epoch 62, Avg Train Loss: 2.8499, Avg Validation Loss: 2.8510
Epoch 63, Avg Train Loss: 2.8492, Avg Validation Loss: 2.8551
Epoch 64, Avg Train Loss: 2.8500, Avg Validation Loss: 2.8522
Epoch 65, Avg Train Loss: 2.8487, Avg Validation Loss: 2.8545
Epoch 66, Avg Train Loss: 2.8496, Avg Validation Loss: 2.8525
Epoch 67, Avg Train Loss: 2.8489, Avg Validation Loss: 2.8505
Epoch 68, Avg Train Loss: 2.8497, Avg Validation Loss: 2.8506
Epoch 69, Avg Train Loss: 2.8488, Avg Validation Loss: 2.8487
Epoch 70, Avg Train Loss: 2.8479, Avg Validation Loss: 2.8543
Epoch 71, Avg Train Loss: 2.8483, Avg Validation Loss: 2.8501
Epoch 72, Avg Train Loss: 2.8505, Avg Validation Loss: 2.8537
Epoch 73, Avg Train Loss: 2.8479, Avg Validation Loss: 2.8588
Epoch 74, Avg Train Loss: 2.8482, Avg Validation Loss: 2.8564
Epoch 75, Avg Train Loss: 2.8507, Avg Validation Loss: 2.8535
Epoch 76, Avg Train Loss: 2.8498, Avg Validation Loss: 2.8599
Epoch 77, Avg Train Loss: 2.8491, Avg Validation Loss: 2.8505
Epoch 78, Avg Train Loss: 2.8473, Avg Validation Loss: 2.8566
Early stopping triggered
Best model loaded successfully.
KL divergence saved successfully.
KL divergence saved successfully.
