/work/gbadarac/MonoJet_NPLM/MonoJet_NPLM_analysis/Normalizing_Flows/EstimationNF_gaussians_outputs/job_5_4_64_12_719169
Epoch 0, Avg Train Loss: 6.7955, Avg Validation Loss: 5.3392
Epoch 1, Avg Train Loss: 4.7477, Avg Validation Loss: 4.2886
Epoch 2, Avg Train Loss: 4.0351, Avg Validation Loss: 3.8288
Epoch 3, Avg Train Loss: 3.6954, Avg Validation Loss: 3.5826
Epoch 4, Avg Train Loss: 3.5167, Avg Validation Loss: 3.4515
Epoch 5, Avg Train Loss: 3.4086, Avg Validation Loss: 3.3574
Epoch 6, Avg Train Loss: 3.3260, Avg Validation Loss: 3.2843
Epoch 7, Avg Train Loss: 3.2569, Avg Validation Loss: 3.2198
Epoch 8, Avg Train Loss: 3.1984, Avg Validation Loss: 3.1636
Epoch 9, Avg Train Loss: 3.1480, Avg Validation Loss: 3.1158
Epoch 10, Avg Train Loss: 3.1012, Avg Validation Loss: 3.0738
Epoch 11, Avg Train Loss: 3.0631, Avg Validation Loss: 3.0374
Epoch 12, Avg Train Loss: 3.0320, Avg Validation Loss: 3.0090
Epoch 13, Avg Train Loss: 3.0072, Avg Validation Loss: 2.9870
Epoch 14, Avg Train Loss: 2.9854, Avg Validation Loss: 2.9683
Epoch 15, Avg Train Loss: 2.9687, Avg Validation Loss: 2.9542
Epoch 16, Avg Train Loss: 2.9553, Avg Validation Loss: 2.9426
Epoch 17, Avg Train Loss: 2.9458, Avg Validation Loss: 2.9332
Epoch 18, Avg Train Loss: 2.9372, Avg Validation Loss: 2.9259
Epoch 19, Avg Train Loss: 2.9281, Avg Validation Loss: 2.9202
Epoch 20, Avg Train Loss: 2.9211, Avg Validation Loss: 2.9148
Epoch 21, Avg Train Loss: 2.9170, Avg Validation Loss: 2.9105
Epoch 22, Avg Train Loss: 2.9113, Avg Validation Loss: 2.9068
Epoch 23, Avg Train Loss: 2.9078, Avg Validation Loss: 2.9021
Epoch 24, Avg Train Loss: 2.9034, Avg Validation Loss: 2.8991
Epoch 25, Avg Train Loss: 2.8997, Avg Validation Loss: 2.8956
Epoch 26, Avg Train Loss: 2.8980, Avg Validation Loss: 2.8931
Epoch 27, Avg Train Loss: 2.8947, Avg Validation Loss: 2.8909
Epoch 28, Avg Train Loss: 2.8921, Avg Validation Loss: 2.8879
Epoch 29, Avg Train Loss: 2.8898, Avg Validation Loss: 2.8858
Epoch 30, Avg Train Loss: 2.8879, Avg Validation Loss: 2.8837
Epoch 31, Avg Train Loss: 2.8859, Avg Validation Loss: 2.8816
Epoch 32, Avg Train Loss: 2.8835, Avg Validation Loss: 2.8797
Epoch 33, Avg Train Loss: 2.8818, Avg Validation Loss: 2.8785
Epoch 34, Avg Train Loss: 2.8802, Avg Validation Loss: 2.8773
Epoch 35, Avg Train Loss: 2.8791, Avg Validation Loss: 2.8756
Epoch 36, Avg Train Loss: 2.8776, Avg Validation Loss: 2.8742
Epoch 37, Avg Train Loss: 2.8758, Avg Validation Loss: 2.8732
Epoch 38, Avg Train Loss: 2.8753, Avg Validation Loss: 2.8722
Epoch 39, Avg Train Loss: 2.8736, Avg Validation Loss: 2.8716
Epoch 40, Avg Train Loss: 2.8735, Avg Validation Loss: 2.8703
Epoch 41, Avg Train Loss: 2.8720, Avg Validation Loss: 2.8696
Epoch 42, Avg Train Loss: 2.8708, Avg Validation Loss: 2.8684
Epoch 43, Avg Train Loss: 2.8695, Avg Validation Loss: 2.8676
Epoch 44, Avg Train Loss: 2.8686, Avg Validation Loss: 2.8673
Epoch 45, Avg Train Loss: 2.8681, Avg Validation Loss: 2.8665
Epoch 46, Avg Train Loss: 2.8669, Avg Validation Loss: 2.8655
Epoch 47, Avg Train Loss: 2.8663, Avg Validation Loss: 2.8643
Epoch 48, Avg Train Loss: 2.8653, Avg Validation Loss: 2.8635
Epoch 49, Avg Train Loss: 2.8648, Avg Validation Loss: 2.8626
Epoch 50, Avg Train Loss: 2.8650, Avg Validation Loss: 2.8623
Epoch 51, Avg Train Loss: 2.8641, Avg Validation Loss: 2.8619
Epoch 52, Avg Train Loss: 2.8626, Avg Validation Loss: 2.8609
Epoch 53, Avg Train Loss: 2.8626, Avg Validation Loss: 2.8603
Epoch 54, Avg Train Loss: 2.8626, Avg Validation Loss: 2.8603
Epoch 55, Avg Train Loss: 2.8611, Avg Validation Loss: 2.8589
Epoch 56, Avg Train Loss: 2.8612, Avg Validation Loss: 2.8585
Epoch 57, Avg Train Loss: 2.8608, Avg Validation Loss: 2.8585
Epoch 58, Avg Train Loss: 2.8601, Avg Validation Loss: 2.8572
Epoch 59, Avg Train Loss: 2.8589, Avg Validation Loss: 2.8574
Epoch 60, Avg Train Loss: 2.8588, Avg Validation Loss: 2.8566
Epoch 61, Avg Train Loss: 2.8593, Avg Validation Loss: 2.8591
Epoch 62, Avg Train Loss: 2.8587, Avg Validation Loss: 2.8561
Epoch 63, Avg Train Loss: 2.8579, Avg Validation Loss: 2.8561
Epoch 64, Avg Train Loss: 2.8575, Avg Validation Loss: 2.8560
Epoch 65, Avg Train Loss: 2.8570, Avg Validation Loss: 2.8557
Epoch 66, Avg Train Loss: 2.8570, Avg Validation Loss: 2.8544
Epoch 67, Avg Train Loss: 2.8559, Avg Validation Loss: 2.8554
Epoch 68, Avg Train Loss: 2.8558, Avg Validation Loss: 2.8542
Epoch 69, Avg Train Loss: 2.8559, Avg Validation Loss: 2.8547
Epoch 70, Avg Train Loss: 2.8553, Avg Validation Loss: 2.8530
Epoch 71, Avg Train Loss: 2.8550, Avg Validation Loss: 2.8543
Epoch 72, Avg Train Loss: 2.8548, Avg Validation Loss: 2.8528
Epoch 73, Avg Train Loss: 2.8541, Avg Validation Loss: 2.8525
Epoch 74, Avg Train Loss: 2.8546, Avg Validation Loss: 2.8528
Epoch 75, Avg Train Loss: 2.8539, Avg Validation Loss: 2.8519
Epoch 76, Avg Train Loss: 2.8537, Avg Validation Loss: 2.8533
Epoch 77, Avg Train Loss: 2.8539, Avg Validation Loss: 2.8520
Epoch 78, Avg Train Loss: 2.8535, Avg Validation Loss: 2.8521
Epoch 79, Avg Train Loss: 2.8532, Avg Validation Loss: 2.8520
Epoch 80, Avg Train Loss: 2.8532, Avg Validation Loss: 2.8516
Epoch 81, Avg Train Loss: 2.8533, Avg Validation Loss: 2.8506
Epoch 82, Avg Train Loss: 2.8526, Avg Validation Loss: 2.8532
Epoch 83, Avg Train Loss: 2.8533, Avg Validation Loss: 2.8532
Epoch 84, Avg Train Loss: 2.8527, Avg Validation Loss: 2.8518
Epoch 85, Avg Train Loss: 2.8515, Avg Validation Loss: 2.8513
Epoch 86, Avg Train Loss: 2.8525, Avg Validation Loss: 2.8519
Epoch 87, Avg Train Loss: 2.8514, Avg Validation Loss: 2.8511
Epoch 88, Avg Train Loss: 2.8517, Avg Validation Loss: 2.8514
Epoch 89, Avg Train Loss: 2.8510, Avg Validation Loss: 2.8506
Epoch 90, Avg Train Loss: 2.8515, Avg Validation Loss: 2.8506
Epoch 91, Avg Train Loss: 2.8516, Avg Validation Loss: 2.8496
Epoch 92, Avg Train Loss: 2.8507, Avg Validation Loss: 2.8503
Epoch 93, Avg Train Loss: 2.8505, Avg Validation Loss: 2.8502
Epoch 94, Avg Train Loss: 2.8515, Avg Validation Loss: 2.8492
Epoch 95, Avg Train Loss: 2.8513, Avg Validation Loss: 2.8486
Epoch 96, Avg Train Loss: 2.8503, Avg Validation Loss: 2.8491
Epoch 97, Avg Train Loss: 2.8506, Avg Validation Loss: 2.8491
Epoch 98, Avg Train Loss: 2.8510, Avg Validation Loss: 2.8519
Epoch 99, Avg Train Loss: 2.8499, Avg Validation Loss: 2.8492
Epoch 100, Avg Train Loss: 2.8504, Avg Validation Loss: 2.8505
Epoch 101, Avg Train Loss: 2.8493, Avg Validation Loss: 2.8484
Epoch 102, Avg Train Loss: 2.8498, Avg Validation Loss: 2.8484
Epoch 103, Avg Train Loss: 2.8494, Avg Validation Loss: 2.8490
Epoch 104, Avg Train Loss: 2.8493, Avg Validation Loss: 2.8496
Epoch 105, Avg Train Loss: 2.8495, Avg Validation Loss: 2.8503
Epoch 106, Avg Train Loss: 2.8497, Avg Validation Loss: 2.8481
Epoch 107, Avg Train Loss: 2.8487, Avg Validation Loss: 2.8477
Epoch 108, Avg Train Loss: 2.8497, Avg Validation Loss: 2.8487
Epoch 109, Avg Train Loss: 2.8491, Avg Validation Loss: 2.8491
Epoch 110, Avg Train Loss: 2.8485, Avg Validation Loss: 2.8486
Epoch 111, Avg Train Loss: 2.8486, Avg Validation Loss: 2.8493
Epoch 112, Avg Train Loss: 2.8506, Avg Validation Loss: 2.8514
Epoch 113, Avg Train Loss: 2.8489, Avg Validation Loss: 2.8469
Epoch 114, Avg Train Loss: 2.8488, Avg Validation Loss: 2.8465
Epoch 115, Avg Train Loss: 2.8489, Avg Validation Loss: 2.8475
Epoch 116, Avg Train Loss: 2.8484, Avg Validation Loss: 2.8504
Epoch 117, Avg Train Loss: 2.8494, Avg Validation Loss: 2.8479
Epoch 118, Avg Train Loss: 2.8490, Avg Validation Loss: 2.8471
Epoch 119, Avg Train Loss: 2.8489, Avg Validation Loss: 2.8462
Epoch 120, Avg Train Loss: 2.8482, Avg Validation Loss: 2.8495
Epoch 121, Avg Train Loss: 2.8489, Avg Validation Loss: 2.8492
Epoch 122, Avg Train Loss: 2.8475, Avg Validation Loss: 2.8475
Epoch 123, Avg Train Loss: 2.8481, Avg Validation Loss: 2.8470
Epoch 124, Avg Train Loss: 2.8480, Avg Validation Loss: 2.8483
Epoch 125, Avg Train Loss: 2.8484, Avg Validation Loss: 2.8479
Epoch 126, Avg Train Loss: 2.8485, Avg Validation Loss: 2.8485
Epoch 127, Avg Train Loss: 2.8482, Avg Validation Loss: 2.8472
Epoch 128, Avg Train Loss: 2.8472, Avg Validation Loss: 2.8456
Epoch 129, Avg Train Loss: 2.8479, Avg Validation Loss: 2.8471
Epoch 130, Avg Train Loss: 2.8485, Avg Validation Loss: 2.8483
Epoch 131, Avg Train Loss: 2.8480, Avg Validation Loss: 2.8451
Epoch 132, Avg Train Loss: 2.8480, Avg Validation Loss: 2.8464
Epoch 133, Avg Train Loss: 2.8475, Avg Validation Loss: 2.8465
Epoch 134, Avg Train Loss: 2.8480, Avg Validation Loss: 2.8461
Epoch 135, Avg Train Loss: 2.8471, Avg Validation Loss: 2.8473
Epoch 136, Avg Train Loss: 2.8469, Avg Validation Loss: 2.8517
Epoch 137, Avg Train Loss: 2.8483, Avg Validation Loss: 2.8459
Epoch 138, Avg Train Loss: 2.8483, Avg Validation Loss: 2.8461
Epoch 139, Avg Train Loss: 2.8473, Avg Validation Loss: 2.8472
Epoch 140, Avg Train Loss: 2.8474, Avg Validation Loss: 2.8514
Early stopping triggered
Best model loaded successfully.
KL divergence saved successfully.
KL divergence saved successfully.
