/work/gbadarac/MonoJet_NPLM/MonoJet_NPLM_analysis/Normalizing_Flows/EstimationNF_gaussians_outputs/job_3_6_16_8_857780
Epoch 0, Avg Train Loss: 3.9610, Avg Validation Loss: 3.8208
Epoch 1, Avg Train Loss: 3.7248, Avg Validation Loss: 3.6310
Epoch 2, Avg Train Loss: 3.5689, Avg Validation Loss: 3.5025
Epoch 3, Avg Train Loss: 3.4619, Avg Validation Loss: 3.4118
Epoch 4, Avg Train Loss: 3.3829, Avg Validation Loss: 3.3441
Epoch 5, Avg Train Loss: 3.3222, Avg Validation Loss: 3.2908
Epoch 6, Avg Train Loss: 3.2725, Avg Validation Loss: 3.2472
Epoch 7, Avg Train Loss: 3.2308, Avg Validation Loss: 3.2104
Epoch 8, Avg Train Loss: 3.1955, Avg Validation Loss: 3.1790
Epoch 9, Avg Train Loss: 3.1648, Avg Validation Loss: 3.1518
Epoch 10, Avg Train Loss: 3.1385, Avg Validation Loss: 3.1280
Epoch 11, Avg Train Loss: 3.1161, Avg Validation Loss: 3.1071
Epoch 12, Avg Train Loss: 3.0964, Avg Validation Loss: 3.0888
Epoch 13, Avg Train Loss: 3.0783, Avg Validation Loss: 3.0725
Epoch 14, Avg Train Loss: 3.0628, Avg Validation Loss: 3.0578
Epoch 15, Avg Train Loss: 3.0493, Avg Validation Loss: 3.0448
Epoch 16, Avg Train Loss: 3.0363, Avg Validation Loss: 3.0330
Epoch 17, Avg Train Loss: 3.0255, Avg Validation Loss: 3.0223
Epoch 18, Avg Train Loss: 3.0155, Avg Validation Loss: 3.0124
Epoch 19, Avg Train Loss: 3.0062, Avg Validation Loss: 3.0034
Epoch 20, Avg Train Loss: 2.9977, Avg Validation Loss: 2.9950
Epoch 21, Avg Train Loss: 2.9900, Avg Validation Loss: 2.9876
Epoch 22, Avg Train Loss: 2.9827, Avg Validation Loss: 2.9805
Epoch 23, Avg Train Loss: 2.9760, Avg Validation Loss: 2.9737
Epoch 24, Avg Train Loss: 2.9693, Avg Validation Loss: 2.9673
Epoch 25, Avg Train Loss: 2.9638, Avg Validation Loss: 2.9613
Epoch 26, Avg Train Loss: 2.9576, Avg Validation Loss: 2.9558
Epoch 27, Avg Train Loss: 2.9524, Avg Validation Loss: 2.9504
Epoch 28, Avg Train Loss: 2.9468, Avg Validation Loss: 2.9454
Epoch 29, Avg Train Loss: 2.9423, Avg Validation Loss: 2.9407
Epoch 30, Avg Train Loss: 2.9383, Avg Validation Loss: 2.9365
Epoch 31, Avg Train Loss: 2.9338, Avg Validation Loss: 2.9324
Epoch 32, Avg Train Loss: 2.9298, Avg Validation Loss: 2.9286
Epoch 33, Avg Train Loss: 2.9262, Avg Validation Loss: 2.9250
Epoch 34, Avg Train Loss: 2.9229, Avg Validation Loss: 2.9218
Epoch 35, Avg Train Loss: 2.9200, Avg Validation Loss: 2.9186
Epoch 36, Avg Train Loss: 2.9165, Avg Validation Loss: 2.9156
Epoch 37, Avg Train Loss: 2.9137, Avg Validation Loss: 2.9129
Epoch 38, Avg Train Loss: 2.9110, Avg Validation Loss: 2.9103
Epoch 39, Avg Train Loss: 2.9091, Avg Validation Loss: 2.9080
Epoch 40, Avg Train Loss: 2.9069, Avg Validation Loss: 2.9057
Epoch 41, Avg Train Loss: 2.9051, Avg Validation Loss: 2.9036
Epoch 42, Avg Train Loss: 2.9026, Avg Validation Loss: 2.9016
Epoch 43, Avg Train Loss: 2.9011, Avg Validation Loss: 2.9000
Epoch 44, Avg Train Loss: 2.8992, Avg Validation Loss: 2.8981
Epoch 45, Avg Train Loss: 2.8976, Avg Validation Loss: 2.8964
Epoch 46, Avg Train Loss: 2.8955, Avg Validation Loss: 2.8948
Epoch 47, Avg Train Loss: 2.8944, Avg Validation Loss: 2.8933
Epoch 48, Avg Train Loss: 2.8933, Avg Validation Loss: 2.8918
Epoch 49, Avg Train Loss: 2.8915, Avg Validation Loss: 2.8905
Epoch 50, Avg Train Loss: 2.8905, Avg Validation Loss: 2.8891
Epoch 51, Avg Train Loss: 2.8890, Avg Validation Loss: 2.8878
Epoch 52, Avg Train Loss: 2.8881, Avg Validation Loss: 2.8866
Epoch 53, Avg Train Loss: 2.8869, Avg Validation Loss: 2.8855
Epoch 54, Avg Train Loss: 2.8858, Avg Validation Loss: 2.8842
Epoch 55, Avg Train Loss: 2.8848, Avg Validation Loss: 2.8832
Epoch 56, Avg Train Loss: 2.8830, Avg Validation Loss: 2.8820
Epoch 57, Avg Train Loss: 2.8826, Avg Validation Loss: 2.8811
Epoch 58, Avg Train Loss: 2.8814, Avg Validation Loss: 2.8800
Epoch 59, Avg Train Loss: 2.8806, Avg Validation Loss: 2.8791
Epoch 60, Avg Train Loss: 2.8798, Avg Validation Loss: 2.8781
Epoch 61, Avg Train Loss: 2.8784, Avg Validation Loss: 2.8772
Epoch 62, Avg Train Loss: 2.8777, Avg Validation Loss: 2.8761
Epoch 63, Avg Train Loss: 2.8772, Avg Validation Loss: 2.8753
Epoch 64, Avg Train Loss: 2.8761, Avg Validation Loss: 2.8744
Epoch 65, Avg Train Loss: 2.8754, Avg Validation Loss: 2.8739
Epoch 66, Avg Train Loss: 2.8747, Avg Validation Loss: 2.8727
Epoch 67, Avg Train Loss: 2.8732, Avg Validation Loss: 2.8722
Epoch 68, Avg Train Loss: 2.8731, Avg Validation Loss: 2.8714
Epoch 69, Avg Train Loss: 2.8722, Avg Validation Loss: 2.8706
Epoch 70, Avg Train Loss: 2.8715, Avg Validation Loss: 2.8699
Epoch 71, Avg Train Loss: 2.8711, Avg Validation Loss: 2.8691
Epoch 72, Avg Train Loss: 2.8697, Avg Validation Loss: 2.8684
Epoch 73, Avg Train Loss: 2.8697, Avg Validation Loss: 2.8682
Epoch 74, Avg Train Loss: 2.8690, Avg Validation Loss: 2.8669
Epoch 75, Avg Train Loss: 2.8683, Avg Validation Loss: 2.8666
Epoch 76, Avg Train Loss: 2.8680, Avg Validation Loss: 2.8656
Epoch 77, Avg Train Loss: 2.8673, Avg Validation Loss: 2.8651
Epoch 78, Avg Train Loss: 2.8664, Avg Validation Loss: 2.8645
Epoch 79, Avg Train Loss: 2.8663, Avg Validation Loss: 2.8639
Epoch 80, Avg Train Loss: 2.8655, Avg Validation Loss: 2.8633
Epoch 81, Avg Train Loss: 2.8646, Avg Validation Loss: 2.8628
Epoch 82, Avg Train Loss: 2.8643, Avg Validation Loss: 2.8624
Epoch 83, Avg Train Loss: 2.8631, Avg Validation Loss: 2.8621
Epoch 84, Avg Train Loss: 2.8631, Avg Validation Loss: 2.8615
Epoch 85, Avg Train Loss: 2.8625, Avg Validation Loss: 2.8609
Epoch 86, Avg Train Loss: 2.8626, Avg Validation Loss: 2.8605
Epoch 87, Avg Train Loss: 2.8620, Avg Validation Loss: 2.8601
Epoch 88, Avg Train Loss: 2.8610, Avg Validation Loss: 2.8598
Epoch 89, Avg Train Loss: 2.8608, Avg Validation Loss: 2.8593
Epoch 90, Avg Train Loss: 2.8601, Avg Validation Loss: 2.8596
Epoch 91, Avg Train Loss: 2.8598, Avg Validation Loss: 2.8589
Epoch 92, Avg Train Loss: 2.8595, Avg Validation Loss: 2.8582
Epoch 93, Avg Train Loss: 2.8595, Avg Validation Loss: 2.8577
Epoch 94, Avg Train Loss: 2.8587, Avg Validation Loss: 2.8573
Epoch 95, Avg Train Loss: 2.8583, Avg Validation Loss: 2.8570
Epoch 96, Avg Train Loss: 2.8580, Avg Validation Loss: 2.8566
Epoch 97, Avg Train Loss: 2.8574, Avg Validation Loss: 2.8562
Epoch 98, Avg Train Loss: 2.8571, Avg Validation Loss: 2.8559
Epoch 99, Avg Train Loss: 2.8570, Avg Validation Loss: 2.8557
Epoch 100, Avg Train Loss: 2.8568, Avg Validation Loss: 2.8557
Epoch 101, Avg Train Loss: 2.8566, Avg Validation Loss: 2.8550
Epoch 102, Avg Train Loss: 2.8564, Avg Validation Loss: 2.8547
Epoch 103, Avg Train Loss: 2.8561, Avg Validation Loss: 2.8547
Epoch 104, Avg Train Loss: 2.8556, Avg Validation Loss: 2.8543
Epoch 105, Avg Train Loss: 2.8555, Avg Validation Loss: 2.8541
Epoch 106, Avg Train Loss: 2.8551, Avg Validation Loss: 2.8545
Epoch 107, Avg Train Loss: 2.8543, Avg Validation Loss: 2.8534
Epoch 108, Avg Train Loss: 2.8547, Avg Validation Loss: 2.8531
Epoch 109, Avg Train Loss: 2.8547, Avg Validation Loss: 2.8536
Epoch 110, Avg Train Loss: 2.8541, Avg Validation Loss: 2.8531
Epoch 111, Avg Train Loss: 2.8536, Avg Validation Loss: 2.8525
Epoch 112, Avg Train Loss: 2.8534, Avg Validation Loss: 2.8523
Epoch 113, Avg Train Loss: 2.8535, Avg Validation Loss: 2.8525
Epoch 114, Avg Train Loss: 2.8531, Avg Validation Loss: 2.8519
Epoch 115, Avg Train Loss: 2.8531, Avg Validation Loss: 2.8518
Epoch 116, Avg Train Loss: 2.8529, Avg Validation Loss: 2.8514
Epoch 117, Avg Train Loss: 2.8526, Avg Validation Loss: 2.8516
Epoch 118, Avg Train Loss: 2.8521, Avg Validation Loss: 2.8514
Epoch 119, Avg Train Loss: 2.8520, Avg Validation Loss: 2.8513
Epoch 120, Avg Train Loss: 2.8518, Avg Validation Loss: 2.8522
Epoch 121, Avg Train Loss: 2.8520, Avg Validation Loss: 2.8509
Epoch 122, Avg Train Loss: 2.8515, Avg Validation Loss: 2.8510
Epoch 123, Avg Train Loss: 2.8513, Avg Validation Loss: 2.8501
Epoch 124, Avg Train Loss: 2.8513, Avg Validation Loss: 2.8502
Epoch 125, Avg Train Loss: 2.8510, Avg Validation Loss: 2.8505
Epoch 126, Avg Train Loss: 2.8510, Avg Validation Loss: 2.8498
Epoch 127, Avg Train Loss: 2.8503, Avg Validation Loss: 2.8496
Epoch 128, Avg Train Loss: 2.8507, Avg Validation Loss: 2.8500
Epoch 129, Avg Train Loss: 2.8504, Avg Validation Loss: 2.8497
Epoch 130, Avg Train Loss: 2.8501, Avg Validation Loss: 2.8513
Epoch 131, Avg Train Loss: 2.8501, Avg Validation Loss: 2.8497
Epoch 132, Avg Train Loss: 2.8500, Avg Validation Loss: 2.8489
Epoch 133, Avg Train Loss: 2.8497, Avg Validation Loss: 2.8500
Epoch 134, Avg Train Loss: 2.8494, Avg Validation Loss: 2.8488
Epoch 135, Avg Train Loss: 2.8499, Avg Validation Loss: 2.8489
Epoch 136, Avg Train Loss: 2.8497, Avg Validation Loss: 2.8496
Epoch 137, Avg Train Loss: 2.8488, Avg Validation Loss: 2.8485
Epoch 138, Avg Train Loss: 2.8488, Avg Validation Loss: 2.8480
Epoch 139, Avg Train Loss: 2.8488, Avg Validation Loss: 2.8484
Epoch 140, Avg Train Loss: 2.8485, Avg Validation Loss: 2.8481
Epoch 141, Avg Train Loss: 2.8488, Avg Validation Loss: 2.8476
Epoch 142, Avg Train Loss: 2.8484, Avg Validation Loss: 2.8484
Epoch 143, Avg Train Loss: 2.8485, Avg Validation Loss: 2.8475
Epoch 144, Avg Train Loss: 2.8479, Avg Validation Loss: 2.8479
Epoch 145, Avg Train Loss: 2.8479, Avg Validation Loss: 2.8483
Epoch 146, Avg Train Loss: 2.8476, Avg Validation Loss: 2.8476
Epoch 147, Avg Train Loss: 2.8481, Avg Validation Loss: 2.8487
Epoch 148, Avg Train Loss: 2.8485, Avg Validation Loss: 2.8477
Epoch 149, Avg Train Loss: 2.8478, Avg Validation Loss: 2.8469
Epoch 150, Avg Train Loss: 2.8474, Avg Validation Loss: 2.8474
Epoch 151, Avg Train Loss: 2.8473, Avg Validation Loss: 2.8467
Epoch 152, Avg Train Loss: 2.8474, Avg Validation Loss: 2.8474
Epoch 153, Avg Train Loss: 2.8471, Avg Validation Loss: 2.8494
Epoch 154, Avg Train Loss: 2.8480, Avg Validation Loss: 2.8464
Epoch 155, Avg Train Loss: 2.8473, Avg Validation Loss: 2.8468
Epoch 156, Avg Train Loss: 2.8466, Avg Validation Loss: 2.8468
Epoch 157, Avg Train Loss: 2.8468, Avg Validation Loss: 2.8463
Epoch 158, Avg Train Loss: 2.8468, Avg Validation Loss: 2.8471
Epoch 159, Avg Train Loss: 2.8464, Avg Validation Loss: 2.8477
Epoch 160, Avg Train Loss: 2.8466, Avg Validation Loss: 2.8481
Epoch 161, Avg Train Loss: 2.8463, Avg Validation Loss: 2.8461
Epoch 162, Avg Train Loss: 2.8465, Avg Validation Loss: 2.8463
Epoch 163, Avg Train Loss: 2.8463, Avg Validation Loss: 2.8463
Epoch 164, Avg Train Loss: 2.8463, Avg Validation Loss: 2.8462
Epoch 165, Avg Train Loss: 2.8466, Avg Validation Loss: 2.8463
Epoch 166, Avg Train Loss: 2.8462, Avg Validation Loss: 2.8462
Epoch 167, Avg Train Loss: 2.8452, Avg Validation Loss: 2.8456
Epoch 168, Avg Train Loss: 2.8460, Avg Validation Loss: 2.8468
Epoch 169, Avg Train Loss: 2.8458, Avg Validation Loss: 2.8472
Epoch 170, Avg Train Loss: 2.8459, Avg Validation Loss: 2.8466
Epoch 171, Avg Train Loss: 2.8452, Avg Validation Loss: 2.8472
Epoch 172, Avg Train Loss: 2.8455, Avg Validation Loss: 2.8472
Epoch 173, Avg Train Loss: 2.8454, Avg Validation Loss: 2.8460
Epoch 174, Avg Train Loss: 2.8455, Avg Validation Loss: 2.8458
Epoch 175, Avg Train Loss: 2.8453, Avg Validation Loss: 2.8451
Epoch 176, Avg Train Loss: 2.8454, Avg Validation Loss: 2.8460
Epoch 177, Avg Train Loss: 2.8454, Avg Validation Loss: 2.8450
Epoch 178, Avg Train Loss: 2.8452, Avg Validation Loss: 2.8452
Epoch 179, Avg Train Loss: 2.8447, Avg Validation Loss: 2.8457
Epoch 180, Avg Train Loss: 2.8447, Avg Validation Loss: 2.8453
Epoch 181, Avg Train Loss: 2.8450, Avg Validation Loss: 2.8478
Epoch 182, Avg Train Loss: 2.8448, Avg Validation Loss: 2.8451
Epoch 183, Avg Train Loss: 2.8449, Avg Validation Loss: 2.8447
Epoch 184, Avg Train Loss: 2.8447, Avg Validation Loss: 2.8469
Epoch 185, Avg Train Loss: 2.8449, Avg Validation Loss: 2.8455
Epoch 186, Avg Train Loss: 2.8450, Avg Validation Loss: 2.8446
Epoch 187, Avg Train Loss: 2.8441, Avg Validation Loss: 2.8461
Epoch 188, Avg Train Loss: 2.8444, Avg Validation Loss: 2.8451
Epoch 189, Avg Train Loss: 2.8446, Avg Validation Loss: 2.8446
Epoch 190, Avg Train Loss: 2.8443, Avg Validation Loss: 2.8454
Epoch 191, Avg Train Loss: 2.8443, Avg Validation Loss: 2.8448
Epoch 192, Avg Train Loss: 2.8445, Avg Validation Loss: 2.8446
Epoch 193, Avg Train Loss: 2.8444, Avg Validation Loss: 2.8452
Epoch 194, Avg Train Loss: 2.8441, Avg Validation Loss: 2.8449
Epoch 195, Avg Train Loss: 2.8442, Avg Validation Loss: 2.8451
Epoch 196, Avg Train Loss: 2.8443, Avg Validation Loss: 2.8453
Epoch 197, Avg Train Loss: 2.8441, Avg Validation Loss: 2.8452
Epoch 198, Avg Train Loss: 2.8440, Avg Validation Loss: 2.8446
Epoch 199, Avg Train Loss: 2.8436, Avg Validation Loss: 2.8443
Epoch 200, Avg Train Loss: 2.8444, Avg Validation Loss: 2.8456
Epoch 201, Avg Train Loss: 2.8438, Avg Validation Loss: 2.8457
Epoch 202, Avg Train Loss: 2.8440, Avg Validation Loss: 2.8463
Epoch 203, Avg Train Loss: 2.8442, Avg Validation Loss: 2.8449
Epoch 204, Avg Train Loss: 2.8443, Avg Validation Loss: 2.8443
Epoch 205, Avg Train Loss: 2.8441, Avg Validation Loss: 2.8454
Epoch 206, Avg Train Loss: 2.8438, Avg Validation Loss: 2.8449
Epoch 207, Avg Train Loss: 2.8440, Avg Validation Loss: 2.8465
Epoch 208, Avg Train Loss: 2.8436, Avg Validation Loss: 2.8451
Epoch 209, Avg Train Loss: 2.8436, Avg Validation Loss: 2.8448
Epoch 210, Avg Train Loss: 2.8436, Avg Validation Loss: 2.8443
Epoch 211, Avg Train Loss: 2.8432, Avg Validation Loss: 2.8448
Epoch 212, Avg Train Loss: 2.8438, Avg Validation Loss: 2.8442
Epoch 213, Avg Train Loss: 2.8437, Avg Validation Loss: 2.8449
Epoch 214, Avg Train Loss: 2.8435, Avg Validation Loss: 2.8445
Epoch 215, Avg Train Loss: 2.8441, Avg Validation Loss: 2.8452
Epoch 216, Avg Train Loss: 2.8438, Avg Validation Loss: 2.8448
Epoch 217, Avg Train Loss: 2.8435, Avg Validation Loss: 2.8441
Epoch 218, Avg Train Loss: 2.8433, Avg Validation Loss: 2.8446
Epoch 219, Avg Train Loss: 2.8432, Avg Validation Loss: 2.8440
Epoch 220, Avg Train Loss: 2.8433, Avg Validation Loss: 2.8447
Epoch 221, Avg Train Loss: 2.8432, Avg Validation Loss: 2.8448
Epoch 222, Avg Train Loss: 2.8433, Avg Validation Loss: 2.8443
Epoch 223, Avg Train Loss: 2.8433, Avg Validation Loss: 2.8441
Epoch 224, Avg Train Loss: 2.8432, Avg Validation Loss: 2.8441
Epoch 225, Avg Train Loss: 2.8432, Avg Validation Loss: 2.8449
Epoch 226, Avg Train Loss: 2.8434, Avg Validation Loss: 2.8467
Epoch 227, Avg Train Loss: 2.8435, Avg Validation Loss: 2.8462
Epoch 228, Avg Train Loss: 2.8434, Avg Validation Loss: 2.8446
Early stopping triggered
Best model loaded successfully.
KL divergence saved successfully.
KL divergence saved successfully.
