/work/gbadarac/MonoJet_NPLM/MonoJet_NPLM_analysis/Normalizing_Flows/EstimationNF_gaussians_outputs/job_4_4_64_8_857772
Epoch 0, Avg Train Loss: 13.4867, Avg Validation Loss: 10.3700
Epoch 1, Avg Train Loss: 8.5004, Avg Validation Loss: 6.9304
Epoch 2, Avg Train Loss: 6.0611, Avg Validation Loss: 5.2961
Epoch 3, Avg Train Loss: 4.8716, Avg Validation Loss: 4.4960
Epoch 4, Avg Train Loss: 4.2663, Avg Validation Loss: 4.0517
Epoch 5, Avg Train Loss: 3.9158, Avg Validation Loss: 3.7726
Epoch 6, Avg Train Loss: 3.6885, Avg Validation Loss: 3.5799
Epoch 7, Avg Train Loss: 3.5167, Avg Validation Loss: 3.4272
Epoch 8, Avg Train Loss: 3.3757, Avg Validation Loss: 3.3028
Epoch 9, Avg Train Loss: 3.2670, Avg Validation Loss: 3.2128
Epoch 10, Avg Train Loss: 3.1884, Avg Validation Loss: 3.1413
Epoch 11, Avg Train Loss: 3.1280, Avg Validation Loss: 3.0886
Epoch 12, Avg Train Loss: 3.0854, Avg Validation Loss: 3.0501
Epoch 13, Avg Train Loss: 3.0536, Avg Validation Loss: 3.0227
Epoch 14, Avg Train Loss: 3.0303, Avg Validation Loss: 3.0012
Epoch 15, Avg Train Loss: 3.0131, Avg Validation Loss: 2.9853
Epoch 16, Avg Train Loss: 2.9971, Avg Validation Loss: 2.9731
Epoch 17, Avg Train Loss: 2.9854, Avg Validation Loss: 2.9629
Epoch 18, Avg Train Loss: 2.9750, Avg Validation Loss: 2.9542
Epoch 19, Avg Train Loss: 2.9661, Avg Validation Loss: 2.9463
Epoch 20, Avg Train Loss: 2.9580, Avg Validation Loss: 2.9389
Epoch 21, Avg Train Loss: 2.9503, Avg Validation Loss: 2.9319
Epoch 22, Avg Train Loss: 2.9434, Avg Validation Loss: 2.9250
Epoch 23, Avg Train Loss: 2.9381, Avg Validation Loss: 2.9190
Epoch 24, Avg Train Loss: 2.9321, Avg Validation Loss: 2.9127
Epoch 25, Avg Train Loss: 2.9265, Avg Validation Loss: 2.9061
Epoch 26, Avg Train Loss: 2.9215, Avg Validation Loss: 2.8993
Epoch 27, Avg Train Loss: 2.9172, Avg Validation Loss: 2.8942
Epoch 28, Avg Train Loss: 2.9112, Avg Validation Loss: 2.8891
Epoch 29, Avg Train Loss: 2.9076, Avg Validation Loss: 2.8847
Epoch 30, Avg Train Loss: 2.9039, Avg Validation Loss: 2.8802
Epoch 31, Avg Train Loss: 2.8994, Avg Validation Loss: 2.8762
Epoch 32, Avg Train Loss: 2.8960, Avg Validation Loss: 2.8722
Epoch 33, Avg Train Loss: 2.8928, Avg Validation Loss: 2.8685
Epoch 34, Avg Train Loss: 2.8888, Avg Validation Loss: 2.8658
Epoch 35, Avg Train Loss: 2.8866, Avg Validation Loss: 2.8630
Epoch 36, Avg Train Loss: 2.8832, Avg Validation Loss: 2.8612
Epoch 37, Avg Train Loss: 2.8802, Avg Validation Loss: 2.8592
Epoch 38, Avg Train Loss: 2.8779, Avg Validation Loss: 2.8574
Epoch 39, Avg Train Loss: 2.8764, Avg Validation Loss: 2.8561
Epoch 40, Avg Train Loss: 2.8735, Avg Validation Loss: 2.8545
Epoch 41, Avg Train Loss: 2.8723, Avg Validation Loss: 2.8532
Epoch 42, Avg Train Loss: 2.8710, Avg Validation Loss: 2.8522
Epoch 43, Avg Train Loss: 2.8706, Avg Validation Loss: 2.8517
Epoch 44, Avg Train Loss: 2.8689, Avg Validation Loss: 2.8507
Epoch 45, Avg Train Loss: 2.8667, Avg Validation Loss: 2.8501
Epoch 46, Avg Train Loss: 2.8669, Avg Validation Loss: 2.8493
Epoch 47, Avg Train Loss: 2.8655, Avg Validation Loss: 2.8487
Epoch 48, Avg Train Loss: 2.8641, Avg Validation Loss: 2.8472
Epoch 49, Avg Train Loss: 2.8630, Avg Validation Loss: 2.8471
Epoch 50, Avg Train Loss: 2.8628, Avg Validation Loss: 2.8468
Epoch 51, Avg Train Loss: 2.8621, Avg Validation Loss: 2.8459
Epoch 52, Avg Train Loss: 2.8602, Avg Validation Loss: 2.8455
Epoch 53, Avg Train Loss: 2.8604, Avg Validation Loss: 2.8453
Epoch 54, Avg Train Loss: 2.8598, Avg Validation Loss: 2.8447
Epoch 55, Avg Train Loss: 2.8590, Avg Validation Loss: 2.8437
Epoch 56, Avg Train Loss: 2.8587, Avg Validation Loss: 2.8436
Epoch 57, Avg Train Loss: 2.8582, Avg Validation Loss: 2.8433
Epoch 58, Avg Train Loss: 2.8576, Avg Validation Loss: 2.8432
Epoch 59, Avg Train Loss: 2.8579, Avg Validation Loss: 2.8429
Epoch 60, Avg Train Loss: 2.8560, Avg Validation Loss: 2.8426
Epoch 61, Avg Train Loss: 2.8567, Avg Validation Loss: 2.8418
Epoch 62, Avg Train Loss: 2.8553, Avg Validation Loss: 2.8416
Epoch 63, Avg Train Loss: 2.8546, Avg Validation Loss: 2.8409
Epoch 64, Avg Train Loss: 2.8547, Avg Validation Loss: 2.8408
Epoch 65, Avg Train Loss: 2.8539, Avg Validation Loss: 2.8428
Epoch 66, Avg Train Loss: 2.8533, Avg Validation Loss: 2.8413
Epoch 67, Avg Train Loss: 2.8534, Avg Validation Loss: 2.8410
Epoch 68, Avg Train Loss: 2.8522, Avg Validation Loss: 2.8402
Epoch 69, Avg Train Loss: 2.8529, Avg Validation Loss: 2.8395
Epoch 70, Avg Train Loss: 2.8524, Avg Validation Loss: 2.8396
Epoch 71, Avg Train Loss: 2.8513, Avg Validation Loss: 2.8382
Epoch 72, Avg Train Loss: 2.8515, Avg Validation Loss: 2.8387
Epoch 73, Avg Train Loss: 2.8513, Avg Validation Loss: 2.8384
Epoch 74, Avg Train Loss: 2.8505, Avg Validation Loss: 2.8394
Epoch 75, Avg Train Loss: 2.8510, Avg Validation Loss: 2.8384
Epoch 76, Avg Train Loss: 2.8492, Avg Validation Loss: 2.8378
Epoch 77, Avg Train Loss: 2.8489, Avg Validation Loss: 2.8397
Epoch 78, Avg Train Loss: 2.8493, Avg Validation Loss: 2.8365
Epoch 79, Avg Train Loss: 2.8483, Avg Validation Loss: 2.8373
Epoch 80, Avg Train Loss: 2.8483, Avg Validation Loss: 2.8373
Epoch 81, Avg Train Loss: 2.8472, Avg Validation Loss: 2.8372
Epoch 82, Avg Train Loss: 2.8474, Avg Validation Loss: 2.8357
Epoch 83, Avg Train Loss: 2.8478, Avg Validation Loss: 2.8355
Epoch 84, Avg Train Loss: 2.8472, Avg Validation Loss: 2.8361
Epoch 85, Avg Train Loss: 2.8473, Avg Validation Loss: 2.8360
Epoch 86, Avg Train Loss: 2.8468, Avg Validation Loss: 2.8359
Epoch 87, Avg Train Loss: 2.8459, Avg Validation Loss: 2.8374
Epoch 88, Avg Train Loss: 2.8467, Avg Validation Loss: 2.8358
Epoch 89, Avg Train Loss: 2.8463, Avg Validation Loss: 2.8355
Epoch 90, Avg Train Loss: 2.8462, Avg Validation Loss: 2.8337
Epoch 91, Avg Train Loss: 2.8459, Avg Validation Loss: 2.8349
Epoch 92, Avg Train Loss: 2.8457, Avg Validation Loss: 2.8338
Epoch 93, Avg Train Loss: 2.8453, Avg Validation Loss: 2.8344
Epoch 94, Avg Train Loss: 2.8448, Avg Validation Loss: 2.8355
Epoch 95, Avg Train Loss: 2.8451, Avg Validation Loss: 2.8352
Epoch 96, Avg Train Loss: 2.8452, Avg Validation Loss: 2.8340
Epoch 97, Avg Train Loss: 2.8444, Avg Validation Loss: 2.8336
Epoch 98, Avg Train Loss: 2.8444, Avg Validation Loss: 2.8330
Epoch 99, Avg Train Loss: 2.8441, Avg Validation Loss: 2.8362
Epoch 100, Avg Train Loss: 2.8443, Avg Validation Loss: 2.8340
Epoch 101, Avg Train Loss: 2.8444, Avg Validation Loss: 2.8345
Epoch 102, Avg Train Loss: 2.8439, Avg Validation Loss: 2.8341
Epoch 103, Avg Train Loss: 2.8438, Avg Validation Loss: 2.8350
Epoch 104, Avg Train Loss: 2.8437, Avg Validation Loss: 2.8318
Epoch 105, Avg Train Loss: 2.8427, Avg Validation Loss: 2.8333
Epoch 106, Avg Train Loss: 2.8428, Avg Validation Loss: 2.8333
Epoch 107, Avg Train Loss: 2.8427, Avg Validation Loss: 2.8332
Epoch 108, Avg Train Loss: 2.8434, Avg Validation Loss: 2.8326
Epoch 109, Avg Train Loss: 2.8427, Avg Validation Loss: 2.8318
Epoch 110, Avg Train Loss: 2.8432, Avg Validation Loss: 2.8334
Epoch 111, Avg Train Loss: 2.8424, Avg Validation Loss: 2.8321
Epoch 112, Avg Train Loss: 2.8426, Avg Validation Loss: 2.8347
Epoch 113, Avg Train Loss: 2.8432, Avg Validation Loss: 2.8332
Epoch 114, Avg Train Loss: 2.8430, Avg Validation Loss: 2.8318
Epoch 115, Avg Train Loss: 2.8419, Avg Validation Loss: 2.8321
Epoch 116, Avg Train Loss: 2.8422, Avg Validation Loss: 2.8313
Epoch 117, Avg Train Loss: 2.8418, Avg Validation Loss: 2.8318
Epoch 118, Avg Train Loss: 2.8425, Avg Validation Loss: 2.8338
Epoch 119, Avg Train Loss: 2.8422, Avg Validation Loss: 2.8338
Epoch 120, Avg Train Loss: 2.8430, Avg Validation Loss: 2.8304
Epoch 121, Avg Train Loss: 2.8414, Avg Validation Loss: 2.8324
Epoch 122, Avg Train Loss: 2.8416, Avg Validation Loss: 2.8311
Epoch 123, Avg Train Loss: 2.8415, Avg Validation Loss: 2.8309
Epoch 124, Avg Train Loss: 2.8416, Avg Validation Loss: 2.8342
Epoch 125, Avg Train Loss: 2.8420, Avg Validation Loss: 2.8305
Epoch 126, Avg Train Loss: 2.8417, Avg Validation Loss: 2.8349
Epoch 127, Avg Train Loss: 2.8413, Avg Validation Loss: 2.8310
Epoch 128, Avg Train Loss: 2.8407, Avg Validation Loss: 2.8310
Epoch 129, Avg Train Loss: 2.8414, Avg Validation Loss: 2.8310
Early stopping triggered
Best model loaded successfully.
KL divergence saved successfully.
KL divergence saved successfully.
