/work/gbadarac/MonoJet_NPLM/MonoJet_NPLM_analysis/Normalizing_Flows/EstimationNF_gaussians_outputs/job_3_2_64_4_857738
Epoch 0, Avg Train Loss: 5.3996, Avg Validation Loss: 4.8440
Epoch 1, Avg Train Loss: 4.4975, Avg Validation Loss: 4.2176
Epoch 2, Avg Train Loss: 4.0270, Avg Validation Loss: 3.8657
Epoch 3, Avg Train Loss: 3.7458, Avg Validation Loss: 3.6429
Epoch 4, Avg Train Loss: 3.5610, Avg Validation Loss: 3.4901
Epoch 5, Avg Train Loss: 3.4295, Avg Validation Loss: 3.3772
Epoch 6, Avg Train Loss: 3.3298, Avg Validation Loss: 3.2896
Epoch 7, Avg Train Loss: 3.2511, Avg Validation Loss: 3.2187
Epoch 8, Avg Train Loss: 3.1871, Avg Validation Loss: 3.1603
Epoch 9, Avg Train Loss: 3.1345, Avg Validation Loss: 3.1117
Epoch 10, Avg Train Loss: 3.0899, Avg Validation Loss: 3.0715
Epoch 11, Avg Train Loss: 3.0530, Avg Validation Loss: 3.0377
Epoch 12, Avg Train Loss: 3.0218, Avg Validation Loss: 3.0096
Epoch 13, Avg Train Loss: 2.9958, Avg Validation Loss: 2.9861
Epoch 14, Avg Train Loss: 2.9740, Avg Validation Loss: 2.9666
Epoch 15, Avg Train Loss: 2.9557, Avg Validation Loss: 2.9507
Epoch 16, Avg Train Loss: 2.9412, Avg Validation Loss: 2.9378
Epoch 17, Avg Train Loss: 2.9292, Avg Validation Loss: 2.9276
Epoch 18, Avg Train Loss: 2.9197, Avg Validation Loss: 2.9195
Epoch 19, Avg Train Loss: 2.9120, Avg Validation Loss: 2.9129
Epoch 20, Avg Train Loss: 2.9061, Avg Validation Loss: 2.9074
Epoch 21, Avg Train Loss: 2.9020, Avg Validation Loss: 2.9030
Epoch 22, Avg Train Loss: 2.8970, Avg Validation Loss: 2.8989
Epoch 23, Avg Train Loss: 2.8937, Avg Validation Loss: 2.8955
Epoch 24, Avg Train Loss: 2.8903, Avg Validation Loss: 2.8923
Epoch 25, Avg Train Loss: 2.8876, Avg Validation Loss: 2.8897
Epoch 26, Avg Train Loss: 2.8845, Avg Validation Loss: 2.8871
Epoch 27, Avg Train Loss: 2.8819, Avg Validation Loss: 2.8845
Epoch 28, Avg Train Loss: 2.8804, Avg Validation Loss: 2.8821
Epoch 29, Avg Train Loss: 2.8773, Avg Validation Loss: 2.8800
Epoch 30, Avg Train Loss: 2.8751, Avg Validation Loss: 2.8781
Epoch 31, Avg Train Loss: 2.8725, Avg Validation Loss: 2.8763
Epoch 32, Avg Train Loss: 2.8714, Avg Validation Loss: 2.8745
Epoch 33, Avg Train Loss: 2.8696, Avg Validation Loss: 2.8728
Epoch 34, Avg Train Loss: 2.8676, Avg Validation Loss: 2.8712
Epoch 35, Avg Train Loss: 2.8673, Avg Validation Loss: 2.8699
Epoch 36, Avg Train Loss: 2.8653, Avg Validation Loss: 2.8686
Epoch 37, Avg Train Loss: 2.8632, Avg Validation Loss: 2.8677
Epoch 38, Avg Train Loss: 2.8625, Avg Validation Loss: 2.8663
Epoch 39, Avg Train Loss: 2.8610, Avg Validation Loss: 2.8650
Epoch 40, Avg Train Loss: 2.8597, Avg Validation Loss: 2.8640
Epoch 41, Avg Train Loss: 2.8587, Avg Validation Loss: 2.8631
Epoch 42, Avg Train Loss: 2.8578, Avg Validation Loss: 2.8622
Epoch 43, Avg Train Loss: 2.8566, Avg Validation Loss: 2.8616
Epoch 44, Avg Train Loss: 2.8556, Avg Validation Loss: 2.8603
Epoch 45, Avg Train Loss: 2.8548, Avg Validation Loss: 2.8599
Epoch 46, Avg Train Loss: 2.8539, Avg Validation Loss: 2.8588
Epoch 47, Avg Train Loss: 2.8527, Avg Validation Loss: 2.8590
Epoch 48, Avg Train Loss: 2.8520, Avg Validation Loss: 2.8575
Epoch 49, Avg Train Loss: 2.8515, Avg Validation Loss: 2.8567
Epoch 50, Avg Train Loss: 2.8504, Avg Validation Loss: 2.8565
Epoch 51, Avg Train Loss: 2.8501, Avg Validation Loss: 2.8561
Epoch 52, Avg Train Loss: 2.8490, Avg Validation Loss: 2.8553
Epoch 53, Avg Train Loss: 2.8484, Avg Validation Loss: 2.8549
Epoch 54, Avg Train Loss: 2.8483, Avg Validation Loss: 2.8544
Epoch 55, Avg Train Loss: 2.8472, Avg Validation Loss: 2.8542
Epoch 56, Avg Train Loss: 2.8463, Avg Validation Loss: 2.8551
Epoch 57, Avg Train Loss: 2.8465, Avg Validation Loss: 2.8535
Epoch 58, Avg Train Loss: 2.8462, Avg Validation Loss: 2.8531
Epoch 59, Avg Train Loss: 2.8453, Avg Validation Loss: 2.8524
Epoch 60, Avg Train Loss: 2.8446, Avg Validation Loss: 2.8523
Epoch 61, Avg Train Loss: 2.8443, Avg Validation Loss: 2.8519
Epoch 62, Avg Train Loss: 2.8450, Avg Validation Loss: 2.8524
Epoch 63, Avg Train Loss: 2.8445, Avg Validation Loss: 2.8511
Epoch 64, Avg Train Loss: 2.8435, Avg Validation Loss: 2.8509
Epoch 65, Avg Train Loss: 2.8438, Avg Validation Loss: 2.8508
Epoch 66, Avg Train Loss: 2.8430, Avg Validation Loss: 2.8504
Epoch 67, Avg Train Loss: 2.8427, Avg Validation Loss: 2.8503
Epoch 68, Avg Train Loss: 2.8426, Avg Validation Loss: 2.8504
Epoch 69, Avg Train Loss: 2.8422, Avg Validation Loss: 2.8500
Epoch 70, Avg Train Loss: 2.8427, Avg Validation Loss: 2.8508
Epoch 71, Avg Train Loss: 2.8420, Avg Validation Loss: 2.8495
Epoch 72, Avg Train Loss: 2.8415, Avg Validation Loss: 2.8492
Epoch 73, Avg Train Loss: 2.8418, Avg Validation Loss: 2.8499
Epoch 74, Avg Train Loss: 2.8412, Avg Validation Loss: 2.8496
Epoch 75, Avg Train Loss: 2.8411, Avg Validation Loss: 2.8491
Epoch 76, Avg Train Loss: 2.8406, Avg Validation Loss: 2.8501
Epoch 77, Avg Train Loss: 2.8414, Avg Validation Loss: 2.8488
Epoch 78, Avg Train Loss: 2.8405, Avg Validation Loss: 2.8483
Epoch 79, Avg Train Loss: 2.8406, Avg Validation Loss: 2.8492
Epoch 80, Avg Train Loss: 2.8397, Avg Validation Loss: 2.8484
Epoch 81, Avg Train Loss: 2.8399, Avg Validation Loss: 2.8479
Epoch 82, Avg Train Loss: 2.8398, Avg Validation Loss: 2.8476
Epoch 83, Avg Train Loss: 2.8398, Avg Validation Loss: 2.8486
Epoch 84, Avg Train Loss: 2.8393, Avg Validation Loss: 2.8474
Epoch 85, Avg Train Loss: 2.8395, Avg Validation Loss: 2.8473
Epoch 86, Avg Train Loss: 2.8403, Avg Validation Loss: 2.8473
Epoch 87, Avg Train Loss: 2.8390, Avg Validation Loss: 2.8480
Epoch 88, Avg Train Loss: 2.8406, Avg Validation Loss: 2.8470
Epoch 89, Avg Train Loss: 2.8398, Avg Validation Loss: 2.8473
Epoch 90, Avg Train Loss: 2.8396, Avg Validation Loss: 2.8499
Epoch 91, Avg Train Loss: 2.8393, Avg Validation Loss: 2.8477
Epoch 92, Avg Train Loss: 2.8389, Avg Validation Loss: 2.8465
Epoch 93, Avg Train Loss: 2.8390, Avg Validation Loss: 2.8467
Epoch 94, Avg Train Loss: 2.8386, Avg Validation Loss: 2.8468
Epoch 95, Avg Train Loss: 2.8390, Avg Validation Loss: 2.8487
Epoch 96, Avg Train Loss: 2.8395, Avg Validation Loss: 2.8477
Epoch 97, Avg Train Loss: 2.8388, Avg Validation Loss: 2.8467
Epoch 98, Avg Train Loss: 2.8384, Avg Validation Loss: 2.8487
Epoch 99, Avg Train Loss: 2.8385, Avg Validation Loss: 2.8469
Epoch 100, Avg Train Loss: 2.8387, Avg Validation Loss: 2.8466
Epoch 101, Avg Train Loss: 2.8389, Avg Validation Loss: 2.8465
Epoch 102, Avg Train Loss: 2.8384, Avg Validation Loss: 2.8468
Epoch 103, Avg Train Loss: 2.8390, Avg Validation Loss: 2.8461
Epoch 104, Avg Train Loss: 2.8388, Avg Validation Loss: 2.8460
Epoch 105, Avg Train Loss: 2.8384, Avg Validation Loss: 2.8468
Epoch 106, Avg Train Loss: 2.8381, Avg Validation Loss: 2.8481
Epoch 107, Avg Train Loss: 2.8387, Avg Validation Loss: 2.8469
Epoch 108, Avg Train Loss: 2.8381, Avg Validation Loss: 2.8464
Epoch 109, Avg Train Loss: 2.8381, Avg Validation Loss: 2.8472
Epoch 110, Avg Train Loss: 2.8385, Avg Validation Loss: 2.8465
Epoch 111, Avg Train Loss: 2.8382, Avg Validation Loss: 2.8461
Epoch 112, Avg Train Loss: 2.8386, Avg Validation Loss: 2.8486
Epoch 113, Avg Train Loss: 2.8382, Avg Validation Loss: 2.8463
Epoch 114, Avg Train Loss: 2.8381, Avg Validation Loss: 2.8457
Epoch 115, Avg Train Loss: 2.8383, Avg Validation Loss: 2.8467
Epoch 116, Avg Train Loss: 2.8380, Avg Validation Loss: 2.8464
Epoch 117, Avg Train Loss: 2.8375, Avg Validation Loss: 2.8460
Epoch 118, Avg Train Loss: 2.8378, Avg Validation Loss: 2.8458
Epoch 119, Avg Train Loss: 2.8381, Avg Validation Loss: 2.8488
Epoch 120, Avg Train Loss: 2.8385, Avg Validation Loss: 2.8476
Epoch 121, Avg Train Loss: 2.8378, Avg Validation Loss: 2.8467
Epoch 122, Avg Train Loss: 2.8386, Avg Validation Loss: 2.8462
Epoch 123, Avg Train Loss: 2.8369, Avg Validation Loss: 2.8465
Early stopping triggered
Best model loaded successfully.
KL divergence saved successfully.
KL divergence saved successfully.
