/work/gbadarac/MonoJet_NPLM/MonoJet_NPLM_analysis/Normalizing_Flows/EstimationNF_gaussians_outputs/job_5_2_128_6_718822
Epoch 0, Avg Train Loss: 27.1049, Avg Validation Loss: 17.2853
Epoch 1, Avg Train Loss: 13.3299, Avg Validation Loss: 9.9560
Epoch 2, Avg Train Loss: 7.8378, Avg Validation Loss: 6.0365
Epoch 3, Avg Train Loss: 5.0716, Avg Validation Loss: 4.3535
Epoch 4, Avg Train Loss: 4.0044, Avg Validation Loss: 3.7196
Epoch 5, Avg Train Loss: 3.5649, Avg Validation Loss: 3.4344
Epoch 6, Avg Train Loss: 3.3659, Avg Validation Loss: 3.2964
Epoch 7, Avg Train Loss: 3.2641, Avg Validation Loss: 3.2165
Epoch 8, Avg Train Loss: 3.2020, Avg Validation Loss: 3.1647
Epoch 9, Avg Train Loss: 3.1568, Avg Validation Loss: 3.1259
Epoch 10, Avg Train Loss: 3.1192, Avg Validation Loss: 3.0927
Epoch 11, Avg Train Loss: 3.0896, Avg Validation Loss: 3.0656
Epoch 12, Avg Train Loss: 3.0653, Avg Validation Loss: 3.0433
Epoch 13, Avg Train Loss: 3.0438, Avg Validation Loss: 3.0232
Epoch 14, Avg Train Loss: 3.0252, Avg Validation Loss: 3.0064
Epoch 15, Avg Train Loss: 3.0097, Avg Validation Loss: 2.9904
Epoch 16, Avg Train Loss: 2.9959, Avg Validation Loss: 2.9763
Epoch 17, Avg Train Loss: 2.9831, Avg Validation Loss: 2.9638
Epoch 18, Avg Train Loss: 2.9735, Avg Validation Loss: 2.9535
Epoch 19, Avg Train Loss: 2.9619, Avg Validation Loss: 2.9439
Epoch 20, Avg Train Loss: 2.9548, Avg Validation Loss: 2.9353
Epoch 21, Avg Train Loss: 2.9465, Avg Validation Loss: 2.9279
Epoch 22, Avg Train Loss: 2.9387, Avg Validation Loss: 2.9216
Epoch 23, Avg Train Loss: 2.9321, Avg Validation Loss: 2.9160
Epoch 24, Avg Train Loss: 2.9244, Avg Validation Loss: 2.9105
Epoch 25, Avg Train Loss: 2.9186, Avg Validation Loss: 2.9061
Epoch 26, Avg Train Loss: 2.9136, Avg Validation Loss: 2.9021
Epoch 27, Avg Train Loss: 2.9094, Avg Validation Loss: 2.8981
Epoch 28, Avg Train Loss: 2.9049, Avg Validation Loss: 2.8945
Epoch 29, Avg Train Loss: 2.9011, Avg Validation Loss: 2.8917
Epoch 30, Avg Train Loss: 2.8982, Avg Validation Loss: 2.8900
Epoch 31, Avg Train Loss: 2.8950, Avg Validation Loss: 2.8870
Epoch 32, Avg Train Loss: 2.8908, Avg Validation Loss: 2.8845
Epoch 33, Avg Train Loss: 2.8885, Avg Validation Loss: 2.8821
Epoch 34, Avg Train Loss: 2.8866, Avg Validation Loss: 2.8796
Epoch 35, Avg Train Loss: 2.8839, Avg Validation Loss: 2.8777
Epoch 36, Avg Train Loss: 2.8804, Avg Validation Loss: 2.8759
Epoch 37, Avg Train Loss: 2.8794, Avg Validation Loss: 2.8742
Epoch 38, Avg Train Loss: 2.8773, Avg Validation Loss: 2.8733
Epoch 39, Avg Train Loss: 2.8756, Avg Validation Loss: 2.8719
Epoch 40, Avg Train Loss: 2.8734, Avg Validation Loss: 2.8710
Epoch 41, Avg Train Loss: 2.8713, Avg Validation Loss: 2.8697
Epoch 42, Avg Train Loss: 2.8712, Avg Validation Loss: 2.8685
Epoch 43, Avg Train Loss: 2.8697, Avg Validation Loss: 2.8691
Epoch 44, Avg Train Loss: 2.8678, Avg Validation Loss: 2.8670
Epoch 45, Avg Train Loss: 2.8668, Avg Validation Loss: 2.8669
Epoch 46, Avg Train Loss: 2.8656, Avg Validation Loss: 2.8666
Epoch 47, Avg Train Loss: 2.8642, Avg Validation Loss: 2.8656
Epoch 48, Avg Train Loss: 2.8627, Avg Validation Loss: 2.8645
Epoch 49, Avg Train Loss: 2.8619, Avg Validation Loss: 2.8643
Epoch 50, Avg Train Loss: 2.8607, Avg Validation Loss: 2.8633
Epoch 51, Avg Train Loss: 2.8597, Avg Validation Loss: 2.8633
Epoch 52, Avg Train Loss: 2.8595, Avg Validation Loss: 2.8631
Epoch 53, Avg Train Loss: 2.8594, Avg Validation Loss: 2.8615
Epoch 54, Avg Train Loss: 2.8578, Avg Validation Loss: 2.8631
Epoch 55, Avg Train Loss: 2.8575, Avg Validation Loss: 2.8611
Epoch 56, Avg Train Loss: 2.8558, Avg Validation Loss: 2.8606
Epoch 57, Avg Train Loss: 2.8556, Avg Validation Loss: 2.8618
Epoch 58, Avg Train Loss: 2.8541, Avg Validation Loss: 2.8602
Epoch 59, Avg Train Loss: 2.8538, Avg Validation Loss: 2.8605
Epoch 60, Avg Train Loss: 2.8535, Avg Validation Loss: 2.8598
Epoch 61, Avg Train Loss: 2.8535, Avg Validation Loss: 2.8613
Epoch 62, Avg Train Loss: 2.8537, Avg Validation Loss: 2.8591
Epoch 63, Avg Train Loss: 2.8524, Avg Validation Loss: 2.8581
Epoch 64, Avg Train Loss: 2.8525, Avg Validation Loss: 2.8627
Epoch 65, Avg Train Loss: 2.8533, Avg Validation Loss: 2.8587
Epoch 66, Avg Train Loss: 2.8515, Avg Validation Loss: 2.8623
Epoch 67, Avg Train Loss: 2.8522, Avg Validation Loss: 2.8580
Epoch 68, Avg Train Loss: 2.8506, Avg Validation Loss: 2.8567
Epoch 69, Avg Train Loss: 2.8503, Avg Validation Loss: 2.8575
Epoch 70, Avg Train Loss: 2.8502, Avg Validation Loss: 2.8565
Epoch 71, Avg Train Loss: 2.8500, Avg Validation Loss: 2.8570
Epoch 72, Avg Train Loss: 2.8500, Avg Validation Loss: 2.8560
Epoch 73, Avg Train Loss: 2.8499, Avg Validation Loss: 2.8574
Epoch 74, Avg Train Loss: 2.8495, Avg Validation Loss: 2.8595
Epoch 75, Avg Train Loss: 2.8503, Avg Validation Loss: 2.8578
Epoch 76, Avg Train Loss: 2.8491, Avg Validation Loss: 2.8559
Epoch 77, Avg Train Loss: 2.8486, Avg Validation Loss: 2.8601
Epoch 78, Avg Train Loss: 2.8488, Avg Validation Loss: 2.8592
Epoch 79, Avg Train Loss: 2.8502, Avg Validation Loss: 2.8559
Epoch 80, Avg Train Loss: 2.8480, Avg Validation Loss: 2.8562
Epoch 81, Avg Train Loss: 2.8484, Avg Validation Loss: 2.8549
Epoch 82, Avg Train Loss: 2.8477, Avg Validation Loss: 2.8552
Epoch 83, Avg Train Loss: 2.8475, Avg Validation Loss: 2.8554
Epoch 84, Avg Train Loss: 2.8489, Avg Validation Loss: 2.8563
Epoch 85, Avg Train Loss: 2.8480, Avg Validation Loss: 2.8548
Epoch 86, Avg Train Loss: 2.8474, Avg Validation Loss: 2.8588
Epoch 87, Avg Train Loss: 2.8486, Avg Validation Loss: 2.8597
Epoch 88, Avg Train Loss: 2.8477, Avg Validation Loss: 2.8573
Epoch 89, Avg Train Loss: 2.8478, Avg Validation Loss: 2.8565
Epoch 90, Avg Train Loss: 2.8474, Avg Validation Loss: 2.8560
Epoch 91, Avg Train Loss: 2.8472, Avg Validation Loss: 2.8550
Epoch 92, Avg Train Loss: 2.8477, Avg Validation Loss: 2.8552
Epoch 93, Avg Train Loss: 2.8469, Avg Validation Loss: 2.8547
Epoch 94, Avg Train Loss: 2.8475, Avg Validation Loss: 2.8613
Epoch 95, Avg Train Loss: 2.8494, Avg Validation Loss: 2.8551
Epoch 96, Avg Train Loss: 2.8469, Avg Validation Loss: 2.8546
Epoch 97, Avg Train Loss: 2.8481, Avg Validation Loss: 2.8587
Epoch 98, Avg Train Loss: 2.8482, Avg Validation Loss: 2.8563
Epoch 99, Avg Train Loss: 2.8488, Avg Validation Loss: 2.8557
Epoch 100, Avg Train Loss: 2.8476, Avg Validation Loss: 2.8559
Epoch 101, Avg Train Loss: 2.8470, Avg Validation Loss: 2.8578
Epoch 102, Avg Train Loss: 2.8490, Avg Validation Loss: 2.8624
Epoch 103, Avg Train Loss: 2.8476, Avg Validation Loss: 2.8578
Epoch 104, Avg Train Loss: 2.8473, Avg Validation Loss: 2.8578
Epoch 105, Avg Train Loss: 2.8476, Avg Validation Loss: 2.8575
Early stopping triggered
Best model loaded successfully.
KL divergence saved successfully.
KL divergence saved successfully.
