/work/gbadarac/MonoJet_NPLM/MonoJet_NPLM_analysis/Normalizing_Flows/EstimationNF_gaussians_outputs/job_4_4_128_10_719327
Epoch 0, Avg Train Loss: 7.3298, Avg Validation Loss: 4.5716
Epoch 1, Avg Train Loss: 4.0931, Avg Validation Loss: 3.7071
Epoch 2, Avg Train Loss: 3.5263, Avg Validation Loss: 3.3754
Epoch 3, Avg Train Loss: 3.3048, Avg Validation Loss: 3.2396
Epoch 4, Avg Train Loss: 3.1980, Avg Validation Loss: 3.1615
Epoch 5, Avg Train Loss: 3.1303, Avg Validation Loss: 3.1008
Epoch 6, Avg Train Loss: 3.0738, Avg Validation Loss: 3.0490
Epoch 7, Avg Train Loss: 3.0271, Avg Validation Loss: 3.0086
Epoch 8, Avg Train Loss: 2.9918, Avg Validation Loss: 2.9776
Epoch 9, Avg Train Loss: 2.9658, Avg Validation Loss: 2.9555
Epoch 10, Avg Train Loss: 2.9462, Avg Validation Loss: 2.9382
Epoch 11, Avg Train Loss: 2.9312, Avg Validation Loss: 2.9257
Epoch 12, Avg Train Loss: 2.9206, Avg Validation Loss: 2.9165
Epoch 13, Avg Train Loss: 2.9122, Avg Validation Loss: 2.9091
Epoch 14, Avg Train Loss: 2.9059, Avg Validation Loss: 2.9043
Epoch 15, Avg Train Loss: 2.9016, Avg Validation Loss: 2.8998
Epoch 16, Avg Train Loss: 2.8975, Avg Validation Loss: 2.8958
Epoch 17, Avg Train Loss: 2.8938, Avg Validation Loss: 2.8924
Epoch 18, Avg Train Loss: 2.8906, Avg Validation Loss: 2.8896
Epoch 19, Avg Train Loss: 2.8878, Avg Validation Loss: 2.8870
Epoch 20, Avg Train Loss: 2.8849, Avg Validation Loss: 2.8845
Epoch 21, Avg Train Loss: 2.8823, Avg Validation Loss: 2.8823
Epoch 22, Avg Train Loss: 2.8801, Avg Validation Loss: 2.8798
Epoch 23, Avg Train Loss: 2.8775, Avg Validation Loss: 2.8775
Epoch 24, Avg Train Loss: 2.8747, Avg Validation Loss: 2.8747
Epoch 25, Avg Train Loss: 2.8718, Avg Validation Loss: 2.8730
Epoch 26, Avg Train Loss: 2.8710, Avg Validation Loss: 2.8713
Epoch 27, Avg Train Loss: 2.8689, Avg Validation Loss: 2.8692
Epoch 28, Avg Train Loss: 2.8675, Avg Validation Loss: 2.8678
Epoch 29, Avg Train Loss: 2.8660, Avg Validation Loss: 2.8667
Epoch 30, Avg Train Loss: 2.8646, Avg Validation Loss: 2.8650
Epoch 31, Avg Train Loss: 2.8633, Avg Validation Loss: 2.8631
Epoch 32, Avg Train Loss: 2.8611, Avg Validation Loss: 2.8621
Epoch 33, Avg Train Loss: 2.8604, Avg Validation Loss: 2.8607
Epoch 34, Avg Train Loss: 2.8590, Avg Validation Loss: 2.8600
Epoch 35, Avg Train Loss: 2.8582, Avg Validation Loss: 2.8591
Epoch 36, Avg Train Loss: 2.8569, Avg Validation Loss: 2.8579
Epoch 37, Avg Train Loss: 2.8564, Avg Validation Loss: 2.8573
Epoch 38, Avg Train Loss: 2.8562, Avg Validation Loss: 2.8571
Epoch 39, Avg Train Loss: 2.8550, Avg Validation Loss: 2.8569
Epoch 40, Avg Train Loss: 2.8542, Avg Validation Loss: 2.8563
Epoch 41, Avg Train Loss: 2.8537, Avg Validation Loss: 2.8556
Epoch 42, Avg Train Loss: 2.8531, Avg Validation Loss: 2.8559
Epoch 43, Avg Train Loss: 2.8535, Avg Validation Loss: 2.8562
Epoch 44, Avg Train Loss: 2.8526, Avg Validation Loss: 2.8543
Epoch 45, Avg Train Loss: 2.8517, Avg Validation Loss: 2.8542
Epoch 46, Avg Train Loss: 2.8515, Avg Validation Loss: 2.8548
Epoch 47, Avg Train Loss: 2.8504, Avg Validation Loss: 2.8542
Epoch 48, Avg Train Loss: 2.8504, Avg Validation Loss: 2.8533
Epoch 49, Avg Train Loss: 2.8505, Avg Validation Loss: 2.8537
Epoch 50, Avg Train Loss: 2.8503, Avg Validation Loss: 2.8549
Epoch 51, Avg Train Loss: 2.8499, Avg Validation Loss: 2.8528
Epoch 52, Avg Train Loss: 2.8488, Avg Validation Loss: 2.8532
Epoch 53, Avg Train Loss: 2.8485, Avg Validation Loss: 2.8526
Epoch 54, Avg Train Loss: 2.8486, Avg Validation Loss: 2.8519
Epoch 55, Avg Train Loss: 2.8491, Avg Validation Loss: 2.8529
Epoch 56, Avg Train Loss: 2.8489, Avg Validation Loss: 2.8536
Epoch 57, Avg Train Loss: 2.8478, Avg Validation Loss: 2.8533
Epoch 58, Avg Train Loss: 2.8473, Avg Validation Loss: 2.8515
Epoch 59, Avg Train Loss: 2.8476, Avg Validation Loss: 2.8522
Epoch 60, Avg Train Loss: 2.8473, Avg Validation Loss: 2.8524
Epoch 61, Avg Train Loss: 2.8477, Avg Validation Loss: 2.8529
Epoch 62, Avg Train Loss: 2.8473, Avg Validation Loss: 2.8508
Epoch 63, Avg Train Loss: 2.8469, Avg Validation Loss: 2.8528
Epoch 64, Avg Train Loss: 2.8467, Avg Validation Loss: 2.8507
Epoch 65, Avg Train Loss: 2.8462, Avg Validation Loss: 2.8518
Epoch 66, Avg Train Loss: 2.8467, Avg Validation Loss: 2.8521
Epoch 67, Avg Train Loss: 2.8473, Avg Validation Loss: 2.8515
Epoch 68, Avg Train Loss: 2.8468, Avg Validation Loss: 2.8517
Epoch 69, Avg Train Loss: 2.8458, Avg Validation Loss: 2.8539
Epoch 70, Avg Train Loss: 2.8457, Avg Validation Loss: 2.8509
Epoch 71, Avg Train Loss: 2.8456, Avg Validation Loss: 2.8509
Epoch 72, Avg Train Loss: 2.8453, Avg Validation Loss: 2.8525
Epoch 73, Avg Train Loss: 2.8457, Avg Validation Loss: 2.8493
Epoch 74, Avg Train Loss: 2.8453, Avg Validation Loss: 2.8499
Epoch 75, Avg Train Loss: 2.8457, Avg Validation Loss: 2.8511
Epoch 76, Avg Train Loss: 2.8459, Avg Validation Loss: 2.8515
Epoch 77, Avg Train Loss: 2.8446, Avg Validation Loss: 2.8506
Epoch 78, Avg Train Loss: 2.8451, Avg Validation Loss: 2.8489
Epoch 79, Avg Train Loss: 2.8444, Avg Validation Loss: 2.8509
Epoch 80, Avg Train Loss: 2.8449, Avg Validation Loss: 2.8489
Epoch 81, Avg Train Loss: 2.8446, Avg Validation Loss: 2.8490
Epoch 82, Avg Train Loss: 2.8455, Avg Validation Loss: 2.8495
Epoch 83, Avg Train Loss: 2.8442, Avg Validation Loss: 2.8506
Epoch 84, Avg Train Loss: 2.8449, Avg Validation Loss: 2.8498
Epoch 85, Avg Train Loss: 2.8455, Avg Validation Loss: 2.8492
Epoch 86, Avg Train Loss: 2.8449, Avg Validation Loss: 2.8484
Epoch 87, Avg Train Loss: 2.8448, Avg Validation Loss: 2.8485
Epoch 88, Avg Train Loss: 2.8446, Avg Validation Loss: 2.8514
Epoch 89, Avg Train Loss: 2.8448, Avg Validation Loss: 2.8509
Epoch 90, Avg Train Loss: 2.8448, Avg Validation Loss: 2.8497
Epoch 91, Avg Train Loss: 2.8433, Avg Validation Loss: 2.8495
Epoch 92, Avg Train Loss: 2.8445, Avg Validation Loss: 2.8539
Epoch 93, Avg Train Loss: 2.8446, Avg Validation Loss: 2.8498
Epoch 94, Avg Train Loss: 2.8437, Avg Validation Loss: 2.8486
Epoch 95, Avg Train Loss: 2.8432, Avg Validation Loss: 2.8483
Epoch 96, Avg Train Loss: 2.8440, Avg Validation Loss: 2.8488
Epoch 97, Avg Train Loss: 2.8438, Avg Validation Loss: 2.8494
Epoch 98, Avg Train Loss: 2.8445, Avg Validation Loss: 2.8491
Epoch 99, Avg Train Loss: 2.8435, Avg Validation Loss: 2.8500
Epoch 100, Avg Train Loss: 2.8442, Avg Validation Loss: 2.8490
Epoch 101, Avg Train Loss: 2.8439, Avg Validation Loss: 2.8486
Epoch 102, Avg Train Loss: 2.8432, Avg Validation Loss: 2.8489
Epoch 103, Avg Train Loss: 2.8437, Avg Validation Loss: 2.8482
Epoch 104, Avg Train Loss: 2.8438, Avg Validation Loss: 2.8516
Epoch 105, Avg Train Loss: 2.8435, Avg Validation Loss: 2.8502
Epoch 106, Avg Train Loss: 2.8434, Avg Validation Loss: 2.8499
Epoch 107, Avg Train Loss: 2.8442, Avg Validation Loss: 2.8503
Epoch 108, Avg Train Loss: 2.8434, Avg Validation Loss: 2.8519
Epoch 109, Avg Train Loss: 2.8434, Avg Validation Loss: 2.8495
Epoch 110, Avg Train Loss: 2.8435, Avg Validation Loss: 2.8487
Epoch 111, Avg Train Loss: 2.8444, Avg Validation Loss: 2.8505
Epoch 112, Avg Train Loss: 2.8446, Avg Validation Loss: 2.8486
Early stopping triggered
Best model loaded successfully.
KL divergence saved successfully.
KL divergence saved successfully.
