/work/gbadarac/MonoJet_NPLM/MonoJet_NPLM_analysis/Normalizing_Flows/EstimationNF_gaussians_outputs/job_3_6_32_10_719492
Epoch 0, Avg Train Loss: 11.6614, Avg Validation Loss: 10.3277
Epoch 1, Avg Train Loss: 9.2261, Avg Validation Loss: 8.2616
Epoch 2, Avg Train Loss: 7.5456, Avg Validation Loss: 6.8935
Epoch 3, Avg Train Loss: 6.4022, Avg Validation Loss: 5.9474
Epoch 4, Avg Train Loss: 5.6011, Avg Validation Loss: 5.2724
Epoch 5, Avg Train Loss: 5.0161, Avg Validation Loss: 4.7751
Epoch 6, Avg Train Loss: 4.5817, Avg Validation Loss: 4.3985
Epoch 7, Avg Train Loss: 4.2497, Avg Validation Loss: 4.1058
Epoch 8, Avg Train Loss: 3.9880, Avg Validation Loss: 3.8740
Epoch 9, Avg Train Loss: 3.7844, Avg Validation Loss: 3.6905
Epoch 10, Avg Train Loss: 3.6205, Avg Validation Loss: 3.5472
Epoch 11, Avg Train Loss: 3.4950, Avg Validation Loss: 3.4380
Epoch 12, Avg Train Loss: 3.3989, Avg Validation Loss: 3.3548
Epoch 13, Avg Train Loss: 3.3283, Avg Validation Loss: 3.2947
Epoch 14, Avg Train Loss: 3.2784, Avg Validation Loss: 3.2497
Epoch 15, Avg Train Loss: 3.2406, Avg Validation Loss: 3.2156
Epoch 16, Avg Train Loss: 3.2111, Avg Validation Loss: 3.1884
Epoch 17, Avg Train Loss: 3.1871, Avg Validation Loss: 3.1668
Epoch 18, Avg Train Loss: 3.1678, Avg Validation Loss: 3.1484
Epoch 19, Avg Train Loss: 3.1506, Avg Validation Loss: 3.1331
Epoch 20, Avg Train Loss: 3.1366, Avg Validation Loss: 3.1195
Epoch 21, Avg Train Loss: 3.1242, Avg Validation Loss: 3.1070
Epoch 22, Avg Train Loss: 3.1116, Avg Validation Loss: 3.0952
Epoch 23, Avg Train Loss: 3.0995, Avg Validation Loss: 3.0837
Epoch 24, Avg Train Loss: 3.0868, Avg Validation Loss: 3.0723
Epoch 25, Avg Train Loss: 3.0746, Avg Validation Loss: 3.0607
Epoch 26, Avg Train Loss: 3.0630, Avg Validation Loss: 3.0490
Epoch 27, Avg Train Loss: 3.0515, Avg Validation Loss: 3.0373
Epoch 28, Avg Train Loss: 3.0390, Avg Validation Loss: 3.0256
Epoch 29, Avg Train Loss: 3.0280, Avg Validation Loss: 3.0138
Epoch 30, Avg Train Loss: 3.0142, Avg Validation Loss: 3.0021
Epoch 31, Avg Train Loss: 3.0032, Avg Validation Loss: 2.9906
Epoch 32, Avg Train Loss: 2.9924, Avg Validation Loss: 2.9800
Epoch 33, Avg Train Loss: 2.9809, Avg Validation Loss: 2.9702
Epoch 34, Avg Train Loss: 2.9716, Avg Validation Loss: 2.9612
Epoch 35, Avg Train Loss: 2.9630, Avg Validation Loss: 2.9531
Epoch 36, Avg Train Loss: 2.9548, Avg Validation Loss: 2.9457
Epoch 37, Avg Train Loss: 2.9491, Avg Validation Loss: 2.9395
Epoch 38, Avg Train Loss: 2.9416, Avg Validation Loss: 2.9336
Epoch 39, Avg Train Loss: 2.9359, Avg Validation Loss: 2.9281
Epoch 40, Avg Train Loss: 2.9317, Avg Validation Loss: 2.9229
Epoch 41, Avg Train Loss: 2.9264, Avg Validation Loss: 2.9186
Epoch 42, Avg Train Loss: 2.9226, Avg Validation Loss: 2.9143
Epoch 43, Avg Train Loss: 2.9193, Avg Validation Loss: 2.9105
Epoch 44, Avg Train Loss: 2.9161, Avg Validation Loss: 2.9072
Epoch 45, Avg Train Loss: 2.9119, Avg Validation Loss: 2.9041
Epoch 46, Avg Train Loss: 2.9094, Avg Validation Loss: 2.9010
Epoch 47, Avg Train Loss: 2.9078, Avg Validation Loss: 2.8982
Epoch 48, Avg Train Loss: 2.9049, Avg Validation Loss: 2.8958
Epoch 49, Avg Train Loss: 2.9026, Avg Validation Loss: 2.8935
Epoch 50, Avg Train Loss: 2.9000, Avg Validation Loss: 2.8913
Epoch 51, Avg Train Loss: 2.8987, Avg Validation Loss: 2.8891
Epoch 52, Avg Train Loss: 2.8976, Avg Validation Loss: 2.8874
Epoch 53, Avg Train Loss: 2.8962, Avg Validation Loss: 2.8854
Epoch 54, Avg Train Loss: 2.8926, Avg Validation Loss: 2.8837
Epoch 55, Avg Train Loss: 2.8922, Avg Validation Loss: 2.8824
Epoch 56, Avg Train Loss: 2.8889, Avg Validation Loss: 2.8807
Epoch 57, Avg Train Loss: 2.8892, Avg Validation Loss: 2.8793
Epoch 58, Avg Train Loss: 2.8862, Avg Validation Loss: 2.8778
Epoch 59, Avg Train Loss: 2.8853, Avg Validation Loss: 2.8765
Epoch 60, Avg Train Loss: 2.8831, Avg Validation Loss: 2.8753
Epoch 61, Avg Train Loss: 2.8838, Avg Validation Loss: 2.8748
Epoch 62, Avg Train Loss: 2.8821, Avg Validation Loss: 2.8735
Epoch 63, Avg Train Loss: 2.8806, Avg Validation Loss: 2.8722
Epoch 64, Avg Train Loss: 2.8791, Avg Validation Loss: 2.8708
Epoch 65, Avg Train Loss: 2.8784, Avg Validation Loss: 2.8697
Epoch 66, Avg Train Loss: 2.8771, Avg Validation Loss: 2.8689
Epoch 67, Avg Train Loss: 2.8754, Avg Validation Loss: 2.8674
Epoch 68, Avg Train Loss: 2.8745, Avg Validation Loss: 2.8667
Epoch 69, Avg Train Loss: 2.8740, Avg Validation Loss: 2.8654
Epoch 70, Avg Train Loss: 2.8719, Avg Validation Loss: 2.8645
Epoch 71, Avg Train Loss: 2.8721, Avg Validation Loss: 2.8636
Epoch 72, Avg Train Loss: 2.8704, Avg Validation Loss: 2.8630
Epoch 73, Avg Train Loss: 2.8701, Avg Validation Loss: 2.8623
Epoch 74, Avg Train Loss: 2.8695, Avg Validation Loss: 2.8615
Epoch 75, Avg Train Loss: 2.8692, Avg Validation Loss: 2.8610
Epoch 76, Avg Train Loss: 2.8681, Avg Validation Loss: 2.8602
Epoch 77, Avg Train Loss: 2.8673, Avg Validation Loss: 2.8600
Epoch 78, Avg Train Loss: 2.8657, Avg Validation Loss: 2.8590
Epoch 79, Avg Train Loss: 2.8657, Avg Validation Loss: 2.8587
Epoch 80, Avg Train Loss: 2.8648, Avg Validation Loss: 2.8591
Epoch 81, Avg Train Loss: 2.8643, Avg Validation Loss: 2.8574
Epoch 82, Avg Train Loss: 2.8642, Avg Validation Loss: 2.8572
Epoch 83, Avg Train Loss: 2.8633, Avg Validation Loss: 2.8566
Epoch 84, Avg Train Loss: 2.8631, Avg Validation Loss: 2.8561
Epoch 85, Avg Train Loss: 2.8624, Avg Validation Loss: 2.8561
Epoch 86, Avg Train Loss: 2.8611, Avg Validation Loss: 2.8553
Epoch 87, Avg Train Loss: 2.8606, Avg Validation Loss: 2.8550
Epoch 88, Avg Train Loss: 2.8610, Avg Validation Loss: 2.8552
Epoch 89, Avg Train Loss: 2.8605, Avg Validation Loss: 2.8546
Epoch 90, Avg Train Loss: 2.8602, Avg Validation Loss: 2.8551
Epoch 91, Avg Train Loss: 2.8596, Avg Validation Loss: 2.8543
Epoch 92, Avg Train Loss: 2.8588, Avg Validation Loss: 2.8535
Epoch 93, Avg Train Loss: 2.8588, Avg Validation Loss: 2.8533
Epoch 94, Avg Train Loss: 2.8588, Avg Validation Loss: 2.8534
Epoch 95, Avg Train Loss: 2.8576, Avg Validation Loss: 2.8531
Epoch 96, Avg Train Loss: 2.8573, Avg Validation Loss: 2.8527
Epoch 97, Avg Train Loss: 2.8576, Avg Validation Loss: 2.8526
Epoch 98, Avg Train Loss: 2.8566, Avg Validation Loss: 2.8518
Epoch 99, Avg Train Loss: 2.8566, Avg Validation Loss: 2.8518
Epoch 100, Avg Train Loss: 2.8564, Avg Validation Loss: 2.8513
Epoch 101, Avg Train Loss: 2.8560, Avg Validation Loss: 2.8519
Epoch 102, Avg Train Loss: 2.8559, Avg Validation Loss: 2.8514
Epoch 103, Avg Train Loss: 2.8554, Avg Validation Loss: 2.8509
Epoch 104, Avg Train Loss: 2.8546, Avg Validation Loss: 2.8506
Epoch 105, Avg Train Loss: 2.8547, Avg Validation Loss: 2.8499
Epoch 106, Avg Train Loss: 2.8541, Avg Validation Loss: 2.8505
Epoch 107, Avg Train Loss: 2.8539, Avg Validation Loss: 2.8500
Epoch 108, Avg Train Loss: 2.8541, Avg Validation Loss: 2.8503
Epoch 109, Avg Train Loss: 2.8539, Avg Validation Loss: 2.8502
Epoch 110, Avg Train Loss: 2.8537, Avg Validation Loss: 2.8497
Epoch 111, Avg Train Loss: 2.8533, Avg Validation Loss: 2.8498
Epoch 112, Avg Train Loss: 2.8533, Avg Validation Loss: 2.8500
Epoch 113, Avg Train Loss: 2.8521, Avg Validation Loss: 2.8499
Epoch 114, Avg Train Loss: 2.8524, Avg Validation Loss: 2.8495
Epoch 115, Avg Train Loss: 2.8525, Avg Validation Loss: 2.8495
Epoch 116, Avg Train Loss: 2.8522, Avg Validation Loss: 2.8489
Epoch 117, Avg Train Loss: 2.8519, Avg Validation Loss: 2.8489
Epoch 118, Avg Train Loss: 2.8525, Avg Validation Loss: 2.8482
Epoch 119, Avg Train Loss: 2.8520, Avg Validation Loss: 2.8489
Epoch 120, Avg Train Loss: 2.8513, Avg Validation Loss: 2.8485
Epoch 121, Avg Train Loss: 2.8520, Avg Validation Loss: 2.8481
Epoch 122, Avg Train Loss: 2.8520, Avg Validation Loss: 2.8477
Epoch 123, Avg Train Loss: 2.8512, Avg Validation Loss: 2.8488
Epoch 124, Avg Train Loss: 2.8515, Avg Validation Loss: 2.8478
Epoch 125, Avg Train Loss: 2.8511, Avg Validation Loss: 2.8481
Epoch 126, Avg Train Loss: 2.8512, Avg Validation Loss: 2.8485
Epoch 127, Avg Train Loss: 2.8507, Avg Validation Loss: 2.8493
Epoch 128, Avg Train Loss: 2.8507, Avg Validation Loss: 2.8481
Epoch 129, Avg Train Loss: 2.8505, Avg Validation Loss: 2.8484
Epoch 130, Avg Train Loss: 2.8504, Avg Validation Loss: 2.8471
Epoch 131, Avg Train Loss: 2.8504, Avg Validation Loss: 2.8474
Epoch 132, Avg Train Loss: 2.8500, Avg Validation Loss: 2.8472
Epoch 133, Avg Train Loss: 2.8498, Avg Validation Loss: 2.8477
Epoch 134, Avg Train Loss: 2.8496, Avg Validation Loss: 2.8467
Epoch 135, Avg Train Loss: 2.8505, Avg Validation Loss: 2.8488
Epoch 136, Avg Train Loss: 2.8498, Avg Validation Loss: 2.8482
Epoch 137, Avg Train Loss: 2.8495, Avg Validation Loss: 2.8463
Epoch 138, Avg Train Loss: 2.8488, Avg Validation Loss: 2.8464
Epoch 139, Avg Train Loss: 2.8496, Avg Validation Loss: 2.8479
Epoch 140, Avg Train Loss: 2.8491, Avg Validation Loss: 2.8463
Epoch 141, Avg Train Loss: 2.8490, Avg Validation Loss: 2.8462
Epoch 142, Avg Train Loss: 2.8490, Avg Validation Loss: 2.8462
Epoch 143, Avg Train Loss: 2.8483, Avg Validation Loss: 2.8476
Epoch 144, Avg Train Loss: 2.8492, Avg Validation Loss: 2.8476
Epoch 145, Avg Train Loss: 2.8483, Avg Validation Loss: 2.8463
Epoch 146, Avg Train Loss: 2.8487, Avg Validation Loss: 2.8467
Epoch 147, Avg Train Loss: 2.8483, Avg Validation Loss: 2.8456
Epoch 148, Avg Train Loss: 2.8484, Avg Validation Loss: 2.8476
Epoch 149, Avg Train Loss: 2.8485, Avg Validation Loss: 2.8484
Epoch 150, Avg Train Loss: 2.8490, Avg Validation Loss: 2.8467
Epoch 151, Avg Train Loss: 2.8486, Avg Validation Loss: 2.8455
Epoch 152, Avg Train Loss: 2.8489, Avg Validation Loss: 2.8455
Epoch 153, Avg Train Loss: 2.8483, Avg Validation Loss: 2.8461
Epoch 154, Avg Train Loss: 2.8480, Avg Validation Loss: 2.8456
Epoch 155, Avg Train Loss: 2.8485, Avg Validation Loss: 2.8470
Epoch 156, Avg Train Loss: 2.8480, Avg Validation Loss: 2.8458
Epoch 157, Avg Train Loss: 2.8478, Avg Validation Loss: 2.8460
Epoch 158, Avg Train Loss: 2.8477, Avg Validation Loss: 2.8451
Epoch 159, Avg Train Loss: 2.8482, Avg Validation Loss: 2.8461
Epoch 160, Avg Train Loss: 2.8483, Avg Validation Loss: 2.8479
Epoch 161, Avg Train Loss: 2.8477, Avg Validation Loss: 2.8459
Epoch 162, Avg Train Loss: 2.8475, Avg Validation Loss: 2.8456
Epoch 163, Avg Train Loss: 2.8482, Avg Validation Loss: 2.8456
Epoch 164, Avg Train Loss: 2.8475, Avg Validation Loss: 2.8444
Epoch 165, Avg Train Loss: 2.8479, Avg Validation Loss: 2.8451
Epoch 166, Avg Train Loss: 2.8476, Avg Validation Loss: 2.8464
Epoch 167, Avg Train Loss: 2.8479, Avg Validation Loss: 2.8479
Epoch 168, Avg Train Loss: 2.8479, Avg Validation Loss: 2.8443
Epoch 169, Avg Train Loss: 2.8473, Avg Validation Loss: 2.8454
Epoch 170, Avg Train Loss: 2.8471, Avg Validation Loss: 2.8445
Epoch 171, Avg Train Loss: 2.8471, Avg Validation Loss: 2.8443
Epoch 172, Avg Train Loss: 2.8470, Avg Validation Loss: 2.8443
Epoch 173, Avg Train Loss: 2.8472, Avg Validation Loss: 2.8451
Epoch 174, Avg Train Loss: 2.8468, Avg Validation Loss: 2.8477
Epoch 175, Avg Train Loss: 2.8471, Avg Validation Loss: 2.8443
Epoch 176, Avg Train Loss: 2.8468, Avg Validation Loss: 2.8443
Epoch 177, Avg Train Loss: 2.8464, Avg Validation Loss: 2.8461
Epoch 178, Avg Train Loss: 2.8471, Avg Validation Loss: 2.8450
Epoch 179, Avg Train Loss: 2.8473, Avg Validation Loss: 2.8451
Epoch 180, Avg Train Loss: 2.8478, Avg Validation Loss: 2.8493
Epoch 181, Avg Train Loss: 2.8468, Avg Validation Loss: 2.8434
Epoch 182, Avg Train Loss: 2.8470, Avg Validation Loss: 2.8435
Epoch 183, Avg Train Loss: 2.8472, Avg Validation Loss: 2.8454
Epoch 184, Avg Train Loss: 2.8468, Avg Validation Loss: 2.8459
Epoch 185, Avg Train Loss: 2.8470, Avg Validation Loss: 2.8450
Epoch 186, Avg Train Loss: 2.8477, Avg Validation Loss: 2.8453
Epoch 187, Avg Train Loss: 2.8470, Avg Validation Loss: 2.8452
Epoch 188, Avg Train Loss: 2.8466, Avg Validation Loss: 2.8443
Epoch 189, Avg Train Loss: 2.8472, Avg Validation Loss: 2.8445
Epoch 190, Avg Train Loss: 2.8466, Avg Validation Loss: 2.8461
Early stopping triggered
Best model loaded successfully.
KL divergence saved successfully.
KL divergence saved successfully.
