/work/gbadarac/MonoJet_NPLM/MonoJet_NPLM_analysis/Normalizing_Flows/EstimationNF_gaussians_outputs/job_3_4_64_10_719160
Epoch 0, Avg Train Loss: 7.4495, Avg Validation Loss: 6.2088
Epoch 1, Avg Train Loss: 5.6954, Avg Validation Loss: 5.1549
Epoch 2, Avg Train Loss: 4.8501, Avg Validation Loss: 4.5022
Epoch 3, Avg Train Loss: 4.3034, Avg Validation Loss: 4.0621
Epoch 4, Avg Train Loss: 3.9327, Avg Validation Loss: 3.7710
Epoch 5, Avg Train Loss: 3.6846, Avg Validation Loss: 3.5694
Epoch 6, Avg Train Loss: 3.5133, Avg Validation Loss: 3.4197
Epoch 7, Avg Train Loss: 3.3819, Avg Validation Loss: 3.3095
Epoch 8, Avg Train Loss: 3.2837, Avg Validation Loss: 3.2268
Epoch 9, Avg Train Loss: 3.2078, Avg Validation Loss: 3.1634
Epoch 10, Avg Train Loss: 3.1499, Avg Validation Loss: 3.1125
Epoch 11, Avg Train Loss: 3.1042, Avg Validation Loss: 3.0727
Epoch 12, Avg Train Loss: 3.0672, Avg Validation Loss: 3.0408
Epoch 13, Avg Train Loss: 3.0374, Avg Validation Loss: 3.0153
Epoch 14, Avg Train Loss: 3.0152, Avg Validation Loss: 2.9954
Epoch 15, Avg Train Loss: 2.9978, Avg Validation Loss: 2.9795
Epoch 16, Avg Train Loss: 2.9835, Avg Validation Loss: 2.9654
Epoch 17, Avg Train Loss: 2.9711, Avg Validation Loss: 2.9543
Epoch 18, Avg Train Loss: 2.9603, Avg Validation Loss: 2.9447
Epoch 19, Avg Train Loss: 2.9511, Avg Validation Loss: 2.9364
Epoch 20, Avg Train Loss: 2.9422, Avg Validation Loss: 2.9295
Epoch 21, Avg Train Loss: 2.9363, Avg Validation Loss: 2.9233
Epoch 22, Avg Train Loss: 2.9292, Avg Validation Loss: 2.9175
Epoch 23, Avg Train Loss: 2.9240, Avg Validation Loss: 2.9124
Epoch 24, Avg Train Loss: 2.9191, Avg Validation Loss: 2.9080
Epoch 25, Avg Train Loss: 2.9155, Avg Validation Loss: 2.9041
Epoch 26, Avg Train Loss: 2.9116, Avg Validation Loss: 2.9004
Epoch 27, Avg Train Loss: 2.9082, Avg Validation Loss: 2.8972
Epoch 28, Avg Train Loss: 2.9046, Avg Validation Loss: 2.8940
Epoch 29, Avg Train Loss: 2.9013, Avg Validation Loss: 2.8909
Epoch 30, Avg Train Loss: 2.8987, Avg Validation Loss: 2.8880
Epoch 31, Avg Train Loss: 2.8958, Avg Validation Loss: 2.8857
Epoch 32, Avg Train Loss: 2.8937, Avg Validation Loss: 2.8836
Epoch 33, Avg Train Loss: 2.8913, Avg Validation Loss: 2.8809
Epoch 34, Avg Train Loss: 2.8892, Avg Validation Loss: 2.8795
Epoch 35, Avg Train Loss: 2.8871, Avg Validation Loss: 2.8770
Epoch 36, Avg Train Loss: 2.8851, Avg Validation Loss: 2.8752
Epoch 37, Avg Train Loss: 2.8835, Avg Validation Loss: 2.8732
Epoch 38, Avg Train Loss: 2.8815, Avg Validation Loss: 2.8718
Epoch 39, Avg Train Loss: 2.8797, Avg Validation Loss: 2.8702
Epoch 40, Avg Train Loss: 2.8781, Avg Validation Loss: 2.8688
Epoch 41, Avg Train Loss: 2.8772, Avg Validation Loss: 2.8679
Epoch 42, Avg Train Loss: 2.8760, Avg Validation Loss: 2.8663
Epoch 43, Avg Train Loss: 2.8751, Avg Validation Loss: 2.8655
Epoch 44, Avg Train Loss: 2.8738, Avg Validation Loss: 2.8643
Epoch 45, Avg Train Loss: 2.8724, Avg Validation Loss: 2.8634
Epoch 46, Avg Train Loss: 2.8714, Avg Validation Loss: 2.8622
Epoch 47, Avg Train Loss: 2.8705, Avg Validation Loss: 2.8610
Epoch 48, Avg Train Loss: 2.8701, Avg Validation Loss: 2.8604
Epoch 49, Avg Train Loss: 2.8690, Avg Validation Loss: 2.8597
Epoch 50, Avg Train Loss: 2.8682, Avg Validation Loss: 2.8589
Epoch 51, Avg Train Loss: 2.8667, Avg Validation Loss: 2.8584
Epoch 52, Avg Train Loss: 2.8665, Avg Validation Loss: 2.8576
Epoch 53, Avg Train Loss: 2.8654, Avg Validation Loss: 2.8575
Epoch 54, Avg Train Loss: 2.8649, Avg Validation Loss: 2.8565
Epoch 55, Avg Train Loss: 2.8645, Avg Validation Loss: 2.8553
Epoch 56, Avg Train Loss: 2.8633, Avg Validation Loss: 2.8550
Epoch 57, Avg Train Loss: 2.8625, Avg Validation Loss: 2.8543
Epoch 58, Avg Train Loss: 2.8623, Avg Validation Loss: 2.8538
Epoch 59, Avg Train Loss: 2.8617, Avg Validation Loss: 2.8538
Epoch 60, Avg Train Loss: 2.8610, Avg Validation Loss: 2.8530
Epoch 61, Avg Train Loss: 2.8603, Avg Validation Loss: 2.8524
Epoch 62, Avg Train Loss: 2.8595, Avg Validation Loss: 2.8520
Epoch 63, Avg Train Loss: 2.8593, Avg Validation Loss: 2.8512
Epoch 64, Avg Train Loss: 2.8588, Avg Validation Loss: 2.8508
Epoch 65, Avg Train Loss: 2.8586, Avg Validation Loss: 2.8508
Epoch 66, Avg Train Loss: 2.8580, Avg Validation Loss: 2.8520
Epoch 67, Avg Train Loss: 2.8577, Avg Validation Loss: 2.8499
Epoch 68, Avg Train Loss: 2.8571, Avg Validation Loss: 2.8507
Epoch 69, Avg Train Loss: 2.8564, Avg Validation Loss: 2.8494
Epoch 70, Avg Train Loss: 2.8564, Avg Validation Loss: 2.8490
Epoch 71, Avg Train Loss: 2.8560, Avg Validation Loss: 2.8503
Epoch 72, Avg Train Loss: 2.8568, Avg Validation Loss: 2.8490
Epoch 73, Avg Train Loss: 2.8558, Avg Validation Loss: 2.8480
Epoch 74, Avg Train Loss: 2.8551, Avg Validation Loss: 2.8489
Epoch 75, Avg Train Loss: 2.8545, Avg Validation Loss: 2.8480
Epoch 76, Avg Train Loss: 2.8549, Avg Validation Loss: 2.8490
Epoch 77, Avg Train Loss: 2.8545, Avg Validation Loss: 2.8488
Epoch 78, Avg Train Loss: 2.8541, Avg Validation Loss: 2.8473
Epoch 79, Avg Train Loss: 2.8538, Avg Validation Loss: 2.8480
Epoch 80, Avg Train Loss: 2.8536, Avg Validation Loss: 2.8473
Epoch 81, Avg Train Loss: 2.8528, Avg Validation Loss: 2.8462
Epoch 82, Avg Train Loss: 2.8529, Avg Validation Loss: 2.8463
Epoch 83, Avg Train Loss: 2.8532, Avg Validation Loss: 2.8462
Epoch 84, Avg Train Loss: 2.8530, Avg Validation Loss: 2.8470
Epoch 85, Avg Train Loss: 2.8521, Avg Validation Loss: 2.8468
Epoch 86, Avg Train Loss: 2.8520, Avg Validation Loss: 2.8457
Epoch 87, Avg Train Loss: 2.8513, Avg Validation Loss: 2.8456
Epoch 88, Avg Train Loss: 2.8519, Avg Validation Loss: 2.8496
Epoch 89, Avg Train Loss: 2.8516, Avg Validation Loss: 2.8459
Epoch 90, Avg Train Loss: 2.8522, Avg Validation Loss: 2.8453
Epoch 91, Avg Train Loss: 2.8509, Avg Validation Loss: 2.8447
Epoch 92, Avg Train Loss: 2.8512, Avg Validation Loss: 2.8451
Epoch 93, Avg Train Loss: 2.8507, Avg Validation Loss: 2.8447
Epoch 94, Avg Train Loss: 2.8504, Avg Validation Loss: 2.8458
Epoch 95, Avg Train Loss: 2.8505, Avg Validation Loss: 2.8456
Epoch 96, Avg Train Loss: 2.8501, Avg Validation Loss: 2.8434
Epoch 97, Avg Train Loss: 2.8492, Avg Validation Loss: 2.8436
Epoch 98, Avg Train Loss: 2.8505, Avg Validation Loss: 2.8436
Epoch 99, Avg Train Loss: 2.8497, Avg Validation Loss: 2.8435
Epoch 100, Avg Train Loss: 2.8499, Avg Validation Loss: 2.8438
Epoch 101, Avg Train Loss: 2.8492, Avg Validation Loss: 2.8445
Epoch 102, Avg Train Loss: 2.8495, Avg Validation Loss: 2.8429
Epoch 103, Avg Train Loss: 2.8491, Avg Validation Loss: 2.8429
Epoch 104, Avg Train Loss: 2.8490, Avg Validation Loss: 2.8426
Epoch 105, Avg Train Loss: 2.8482, Avg Validation Loss: 2.8425
Epoch 106, Avg Train Loss: 2.8486, Avg Validation Loss: 2.8421
Epoch 107, Avg Train Loss: 2.8482, Avg Validation Loss: 2.8424
Epoch 108, Avg Train Loss: 2.8485, Avg Validation Loss: 2.8428
Epoch 109, Avg Train Loss: 2.8477, Avg Validation Loss: 2.8438
Epoch 110, Avg Train Loss: 2.8478, Avg Validation Loss: 2.8424
Epoch 111, Avg Train Loss: 2.8482, Avg Validation Loss: 2.8472
Epoch 112, Avg Train Loss: 2.8474, Avg Validation Loss: 2.8423
Epoch 113, Avg Train Loss: 2.8474, Avg Validation Loss: 2.8430
Epoch 114, Avg Train Loss: 2.8478, Avg Validation Loss: 2.8437
Epoch 115, Avg Train Loss: 2.8479, Avg Validation Loss: 2.8433
Early stopping triggered
Best model loaded successfully.
KL divergence saved successfully.
KL divergence saved successfully.
