/work/gbadarac/MonoJet_NPLM/MonoJet_NPLM_analysis/Normalizing_Flows/EstimationNF_gaussians_outputs/job_6_2_64_6_718657
Epoch 0, Avg Train Loss: 38.2864, Avg Validation Loss: 31.3468
Epoch 1, Avg Train Loss: 25.5901, Avg Validation Loss: 19.5298
Epoch 2, Avg Train Loss: 14.2405, Avg Validation Loss: 9.2006
Epoch 3, Avg Train Loss: 6.5664, Avg Validation Loss: 4.7567
Epoch 4, Avg Train Loss: 4.2416, Avg Validation Loss: 3.9242
Epoch 5, Avg Train Loss: 3.8523, Avg Validation Loss: 3.7421
Epoch 6, Avg Train Loss: 3.7063, Avg Validation Loss: 3.6212
Epoch 7, Avg Train Loss: 3.5958, Avg Validation Loss: 3.5164
Epoch 8, Avg Train Loss: 3.4985, Avg Validation Loss: 3.4308
Epoch 9, Avg Train Loss: 3.4119, Avg Validation Loss: 3.3472
Epoch 10, Avg Train Loss: 3.3393, Avg Validation Loss: 3.2698
Epoch 11, Avg Train Loss: 3.2626, Avg Validation Loss: 3.1971
Epoch 12, Avg Train Loss: 3.1936, Avg Validation Loss: 3.1405
Epoch 13, Avg Train Loss: 3.1482, Avg Validation Loss: 3.1000
Epoch 14, Avg Train Loss: 3.1168, Avg Validation Loss: 3.0690
Epoch 15, Avg Train Loss: 3.0901, Avg Validation Loss: 3.0472
Epoch 16, Avg Train Loss: 3.0656, Avg Validation Loss: 3.0292
Epoch 17, Avg Train Loss: 3.0510, Avg Validation Loss: 3.0152
Epoch 18, Avg Train Loss: 3.0344, Avg Validation Loss: 3.0017
Epoch 19, Avg Train Loss: 3.0202, Avg Validation Loss: 2.9913
Epoch 20, Avg Train Loss: 3.0094, Avg Validation Loss: 2.9812
Epoch 21, Avg Train Loss: 2.9974, Avg Validation Loss: 2.9721
Epoch 22, Avg Train Loss: 2.9894, Avg Validation Loss: 2.9644
Epoch 23, Avg Train Loss: 2.9797, Avg Validation Loss: 2.9570
Epoch 24, Avg Train Loss: 2.9724, Avg Validation Loss: 2.9507
Epoch 25, Avg Train Loss: 2.9636, Avg Validation Loss: 2.9442
Epoch 26, Avg Train Loss: 2.9590, Avg Validation Loss: 2.9385
Epoch 27, Avg Train Loss: 2.9515, Avg Validation Loss: 2.9328
Epoch 28, Avg Train Loss: 2.9461, Avg Validation Loss: 2.9277
Epoch 29, Avg Train Loss: 2.9403, Avg Validation Loss: 2.9229
Epoch 30, Avg Train Loss: 2.9340, Avg Validation Loss: 2.9189
Epoch 31, Avg Train Loss: 2.9299, Avg Validation Loss: 2.9143
Epoch 32, Avg Train Loss: 2.9249, Avg Validation Loss: 2.9108
Epoch 33, Avg Train Loss: 2.9209, Avg Validation Loss: 2.9067
Epoch 34, Avg Train Loss: 2.9179, Avg Validation Loss: 2.9034
Epoch 35, Avg Train Loss: 2.9121, Avg Validation Loss: 2.9002
Epoch 36, Avg Train Loss: 2.9087, Avg Validation Loss: 2.8972
Epoch 37, Avg Train Loss: 2.9057, Avg Validation Loss: 2.8942
Epoch 38, Avg Train Loss: 2.9018, Avg Validation Loss: 2.8916
Epoch 39, Avg Train Loss: 2.8993, Avg Validation Loss: 2.8890
Epoch 40, Avg Train Loss: 2.8960, Avg Validation Loss: 2.8867
Epoch 41, Avg Train Loss: 2.8938, Avg Validation Loss: 2.8846
Epoch 42, Avg Train Loss: 2.8902, Avg Validation Loss: 2.8833
Epoch 43, Avg Train Loss: 2.8886, Avg Validation Loss: 2.8807
Epoch 44, Avg Train Loss: 2.8873, Avg Validation Loss: 2.8796
Epoch 45, Avg Train Loss: 2.8845, Avg Validation Loss: 2.8777
Epoch 46, Avg Train Loss: 2.8832, Avg Validation Loss: 2.8766
Epoch 47, Avg Train Loss: 2.8807, Avg Validation Loss: 2.8754
Epoch 48, Avg Train Loss: 2.8799, Avg Validation Loss: 2.8750
Epoch 49, Avg Train Loss: 2.8782, Avg Validation Loss: 2.8723
Epoch 50, Avg Train Loss: 2.8768, Avg Validation Loss: 2.8735
Epoch 51, Avg Train Loss: 2.8743, Avg Validation Loss: 2.8702
Epoch 52, Avg Train Loss: 2.8736, Avg Validation Loss: 2.8698
Epoch 53, Avg Train Loss: 2.8716, Avg Validation Loss: 2.8698
Epoch 54, Avg Train Loss: 2.8714, Avg Validation Loss: 2.8682
Epoch 55, Avg Train Loss: 2.8698, Avg Validation Loss: 2.8672
Epoch 56, Avg Train Loss: 2.8695, Avg Validation Loss: 2.8669
Epoch 57, Avg Train Loss: 2.8684, Avg Validation Loss: 2.8664
Epoch 58, Avg Train Loss: 2.8673, Avg Validation Loss: 2.8665
Epoch 59, Avg Train Loss: 2.8658, Avg Validation Loss: 2.8647
Epoch 60, Avg Train Loss: 2.8651, Avg Validation Loss: 2.8641
Epoch 61, Avg Train Loss: 2.8644, Avg Validation Loss: 2.8647
Epoch 62, Avg Train Loss: 2.8620, Avg Validation Loss: 2.8629
Epoch 63, Avg Train Loss: 2.8616, Avg Validation Loss: 2.8628
Epoch 64, Avg Train Loss: 2.8596, Avg Validation Loss: 2.8640
Epoch 65, Avg Train Loss: 2.8611, Avg Validation Loss: 2.8615
Epoch 66, Avg Train Loss: 2.8590, Avg Validation Loss: 2.8614
Epoch 67, Avg Train Loss: 2.8573, Avg Validation Loss: 2.8639
Epoch 68, Avg Train Loss: 2.8580, Avg Validation Loss: 2.8607
Epoch 69, Avg Train Loss: 2.8573, Avg Validation Loss: 2.8594
Epoch 70, Avg Train Loss: 2.8559, Avg Validation Loss: 2.8595
Epoch 71, Avg Train Loss: 2.8552, Avg Validation Loss: 2.8595
Epoch 72, Avg Train Loss: 2.8541, Avg Validation Loss: 2.8591
Epoch 73, Avg Train Loss: 2.8537, Avg Validation Loss: 2.8598
Epoch 74, Avg Train Loss: 2.8531, Avg Validation Loss: 2.8583
Epoch 75, Avg Train Loss: 2.8531, Avg Validation Loss: 2.8595
Epoch 76, Avg Train Loss: 2.8527, Avg Validation Loss: 2.8581
Epoch 77, Avg Train Loss: 2.8511, Avg Validation Loss: 2.8577
Epoch 78, Avg Train Loss: 2.8516, Avg Validation Loss: 2.8558
Epoch 79, Avg Train Loss: 2.8512, Avg Validation Loss: 2.8568
Epoch 80, Avg Train Loss: 2.8503, Avg Validation Loss: 2.8573
Epoch 81, Avg Train Loss: 2.8504, Avg Validation Loss: 2.8571
Epoch 82, Avg Train Loss: 2.8495, Avg Validation Loss: 2.8570
Epoch 83, Avg Train Loss: 2.8491, Avg Validation Loss: 2.8562
Epoch 84, Avg Train Loss: 2.8499, Avg Validation Loss: 2.8557
Epoch 85, Avg Train Loss: 2.8490, Avg Validation Loss: 2.8571
Epoch 86, Avg Train Loss: 2.8486, Avg Validation Loss: 2.8576
Epoch 87, Avg Train Loss: 2.8481, Avg Validation Loss: 2.8573
Epoch 88, Avg Train Loss: 2.8493, Avg Validation Loss: 2.8561
Epoch 89, Avg Train Loss: 2.8485, Avg Validation Loss: 2.8558
Epoch 90, Avg Train Loss: 2.8476, Avg Validation Loss: 2.8558
Epoch 91, Avg Train Loss: 2.8485, Avg Validation Loss: 2.8557
Epoch 92, Avg Train Loss: 2.8473, Avg Validation Loss: 2.8561
Epoch 93, Avg Train Loss: 2.8469, Avg Validation Loss: 2.8539
Epoch 94, Avg Train Loss: 2.8474, Avg Validation Loss: 2.8538
Epoch 95, Avg Train Loss: 2.8482, Avg Validation Loss: 2.8627
Epoch 96, Avg Train Loss: 2.8479, Avg Validation Loss: 2.8578
Epoch 97, Avg Train Loss: 2.8478, Avg Validation Loss: 2.8540
Epoch 98, Avg Train Loss: 2.8473, Avg Validation Loss: 2.8525
Epoch 99, Avg Train Loss: 2.8474, Avg Validation Loss: 2.8533
Epoch 100, Avg Train Loss: 2.8464, Avg Validation Loss: 2.8546
Epoch 101, Avg Train Loss: 2.8458, Avg Validation Loss: 2.8546
Epoch 102, Avg Train Loss: 2.8459, Avg Validation Loss: 2.8533
Epoch 103, Avg Train Loss: 2.8468, Avg Validation Loss: 2.8536
Epoch 104, Avg Train Loss: 2.8466, Avg Validation Loss: 2.8527
Epoch 105, Avg Train Loss: 2.8456, Avg Validation Loss: 2.8586
Epoch 106, Avg Train Loss: 2.8454, Avg Validation Loss: 2.8533
Epoch 107, Avg Train Loss: 2.8459, Avg Validation Loss: 2.8518
Epoch 108, Avg Train Loss: 2.8457, Avg Validation Loss: 2.8552
Epoch 109, Avg Train Loss: 2.8464, Avg Validation Loss: 2.8515
Epoch 110, Avg Train Loss: 2.8467, Avg Validation Loss: 2.8531
Epoch 111, Avg Train Loss: 2.8447, Avg Validation Loss: 2.8520
Epoch 112, Avg Train Loss: 2.8452, Avg Validation Loss: 2.8515
Epoch 113, Avg Train Loss: 2.8455, Avg Validation Loss: 2.8545
Epoch 114, Avg Train Loss: 2.8457, Avg Validation Loss: 2.8516
Epoch 115, Avg Train Loss: 2.8456, Avg Validation Loss: 2.8571
Epoch 116, Avg Train Loss: 2.8453, Avg Validation Loss: 2.8537
Epoch 117, Avg Train Loss: 2.8456, Avg Validation Loss: 2.8553
Epoch 118, Avg Train Loss: 2.8463, Avg Validation Loss: 2.8521
Early stopping triggered
Best model loaded successfully.
KL divergence saved successfully.
KL divergence saved successfully.
