/work/gbadarac/MonoJet_NPLM/MonoJet_NPLM_analysis/Normalizing_Flows/EstimationNF_gaussians_outputs/job_2_6_16_8_857779
Epoch 0, Avg Train Loss: 8.3423, Avg Validation Loss: 8.0255
Epoch 1, Avg Train Loss: 7.7326, Avg Validation Loss: 7.4228
Epoch 2, Avg Train Loss: 7.1426, Avg Validation Loss: 6.8452
Epoch 3, Avg Train Loss: 6.5962, Avg Validation Loss: 6.3443
Epoch 4, Avg Train Loss: 6.1510, Avg Validation Loss: 5.9762
Epoch 5, Avg Train Loss: 5.8304, Avg Validation Loss: 5.7106
Epoch 6, Avg Train Loss: 5.5878, Avg Validation Loss: 5.4907
Epoch 7, Avg Train Loss: 5.3781, Avg Validation Loss: 5.2908
Epoch 8, Avg Train Loss: 5.1861, Avg Validation Loss: 5.1024
Epoch 9, Avg Train Loss: 5.0046, Avg Validation Loss: 4.9210
Epoch 10, Avg Train Loss: 4.8204, Avg Validation Loss: 4.7302
Epoch 11, Avg Train Loss: 4.6237, Avg Validation Loss: 4.5233
Epoch 12, Avg Train Loss: 4.4161, Avg Validation Loss: 4.3170
Epoch 13, Avg Train Loss: 4.2183, Avg Validation Loss: 4.1294
Epoch 14, Avg Train Loss: 4.0421, Avg Validation Loss: 3.9663
Epoch 15, Avg Train Loss: 3.8898, Avg Validation Loss: 3.8262
Epoch 16, Avg Train Loss: 3.7581, Avg Validation Loss: 3.7047
Epoch 17, Avg Train Loss: 3.6461, Avg Validation Loss: 3.6010
Epoch 18, Avg Train Loss: 3.5504, Avg Validation Loss: 3.5129
Epoch 19, Avg Train Loss: 3.4698, Avg Validation Loss: 3.4377
Epoch 20, Avg Train Loss: 3.4007, Avg Validation Loss: 3.3751
Epoch 21, Avg Train Loss: 3.3443, Avg Validation Loss: 3.3233
Epoch 22, Avg Train Loss: 3.2964, Avg Validation Loss: 3.2807
Epoch 23, Avg Train Loss: 3.2588, Avg Validation Loss: 3.2459
Epoch 24, Avg Train Loss: 3.2288, Avg Validation Loss: 3.2172
Epoch 25, Avg Train Loss: 3.2022, Avg Validation Loss: 3.1935
Epoch 26, Avg Train Loss: 3.1810, Avg Validation Loss: 3.1733
Epoch 27, Avg Train Loss: 3.1619, Avg Validation Loss: 3.1562
Epoch 28, Avg Train Loss: 3.1467, Avg Validation Loss: 3.1414
Epoch 29, Avg Train Loss: 3.1327, Avg Validation Loss: 3.1284
Epoch 30, Avg Train Loss: 3.1210, Avg Validation Loss: 3.1171
Epoch 31, Avg Train Loss: 3.1100, Avg Validation Loss: 3.1071
Epoch 32, Avg Train Loss: 3.1007, Avg Validation Loss: 3.0981
Epoch 33, Avg Train Loss: 3.0921, Avg Validation Loss: 3.0897
Epoch 34, Avg Train Loss: 3.0839, Avg Validation Loss: 3.0819
Epoch 35, Avg Train Loss: 3.0763, Avg Validation Loss: 3.0747
Epoch 36, Avg Train Loss: 3.0694, Avg Validation Loss: 3.0679
Epoch 37, Avg Train Loss: 3.0629, Avg Validation Loss: 3.0616
Epoch 38, Avg Train Loss: 3.0560, Avg Validation Loss: 3.0555
Epoch 39, Avg Train Loss: 3.0507, Avg Validation Loss: 3.0496
Epoch 40, Avg Train Loss: 3.0449, Avg Validation Loss: 3.0440
Epoch 41, Avg Train Loss: 3.0386, Avg Validation Loss: 3.0383
Epoch 42, Avg Train Loss: 3.0330, Avg Validation Loss: 3.0327
Epoch 43, Avg Train Loss: 3.0275, Avg Validation Loss: 3.0273
Epoch 44, Avg Train Loss: 3.0214, Avg Validation Loss: 3.0220
Epoch 45, Avg Train Loss: 3.0160, Avg Validation Loss: 3.0165
Epoch 46, Avg Train Loss: 3.0103, Avg Validation Loss: 3.0112
Epoch 47, Avg Train Loss: 3.0052, Avg Validation Loss: 3.0056
Epoch 48, Avg Train Loss: 2.9994, Avg Validation Loss: 3.0003
Epoch 49, Avg Train Loss: 2.9949, Avg Validation Loss: 2.9951
Epoch 50, Avg Train Loss: 2.9894, Avg Validation Loss: 2.9897
Epoch 51, Avg Train Loss: 2.9847, Avg Validation Loss: 2.9848
Epoch 52, Avg Train Loss: 2.9801, Avg Validation Loss: 2.9795
Epoch 53, Avg Train Loss: 2.9742, Avg Validation Loss: 2.9742
Epoch 54, Avg Train Loss: 2.9693, Avg Validation Loss: 2.9691
Epoch 55, Avg Train Loss: 2.9654, Avg Validation Loss: 2.9641
Epoch 56, Avg Train Loss: 2.9599, Avg Validation Loss: 2.9587
Epoch 57, Avg Train Loss: 2.9562, Avg Validation Loss: 2.9541
Epoch 58, Avg Train Loss: 2.9509, Avg Validation Loss: 2.9492
Epoch 59, Avg Train Loss: 2.9470, Avg Validation Loss: 2.9447
Epoch 60, Avg Train Loss: 2.9420, Avg Validation Loss: 2.9404
Epoch 61, Avg Train Loss: 2.9386, Avg Validation Loss: 2.9363
Epoch 62, Avg Train Loss: 2.9346, Avg Validation Loss: 2.9319
Epoch 63, Avg Train Loss: 2.9309, Avg Validation Loss: 2.9279
Epoch 64, Avg Train Loss: 2.9270, Avg Validation Loss: 2.9240
Epoch 65, Avg Train Loss: 2.9233, Avg Validation Loss: 2.9202
Epoch 66, Avg Train Loss: 2.9187, Avg Validation Loss: 2.9167
Epoch 67, Avg Train Loss: 2.9175, Avg Validation Loss: 2.9134
Epoch 68, Avg Train Loss: 2.9135, Avg Validation Loss: 2.9102
Epoch 69, Avg Train Loss: 2.9101, Avg Validation Loss: 2.9070
Epoch 70, Avg Train Loss: 2.9074, Avg Validation Loss: 2.9042
Epoch 71, Avg Train Loss: 2.9044, Avg Validation Loss: 2.9016
Epoch 72, Avg Train Loss: 2.9022, Avg Validation Loss: 2.8991
Epoch 73, Avg Train Loss: 2.8991, Avg Validation Loss: 2.8970
Epoch 74, Avg Train Loss: 2.8967, Avg Validation Loss: 2.8947
Epoch 75, Avg Train Loss: 2.8945, Avg Validation Loss: 2.8927
Epoch 76, Avg Train Loss: 2.8930, Avg Validation Loss: 2.8908
Epoch 77, Avg Train Loss: 2.8906, Avg Validation Loss: 2.8891
Epoch 78, Avg Train Loss: 2.8892, Avg Validation Loss: 2.8874
Epoch 79, Avg Train Loss: 2.8877, Avg Validation Loss: 2.8859
Epoch 80, Avg Train Loss: 2.8859, Avg Validation Loss: 2.8846
Epoch 81, Avg Train Loss: 2.8845, Avg Validation Loss: 2.8831
Epoch 82, Avg Train Loss: 2.8833, Avg Validation Loss: 2.8820
Epoch 83, Avg Train Loss: 2.8828, Avg Validation Loss: 2.8807
Epoch 84, Avg Train Loss: 2.8809, Avg Validation Loss: 2.8797
Epoch 85, Avg Train Loss: 2.8795, Avg Validation Loss: 2.8787
Epoch 86, Avg Train Loss: 2.8790, Avg Validation Loss: 2.8776
Epoch 87, Avg Train Loss: 2.8778, Avg Validation Loss: 2.8766
Epoch 88, Avg Train Loss: 2.8770, Avg Validation Loss: 2.8759
Epoch 89, Avg Train Loss: 2.8765, Avg Validation Loss: 2.8750
Epoch 90, Avg Train Loss: 2.8753, Avg Validation Loss: 2.8741
Epoch 91, Avg Train Loss: 2.8737, Avg Validation Loss: 2.8731
Epoch 92, Avg Train Loss: 2.8737, Avg Validation Loss: 2.8725
Epoch 93, Avg Train Loss: 2.8727, Avg Validation Loss: 2.8716
Epoch 94, Avg Train Loss: 2.8725, Avg Validation Loss: 2.8708
Epoch 95, Avg Train Loss: 2.8714, Avg Validation Loss: 2.8702
Epoch 96, Avg Train Loss: 2.8709, Avg Validation Loss: 2.8695
Epoch 97, Avg Train Loss: 2.8700, Avg Validation Loss: 2.8687
Epoch 98, Avg Train Loss: 2.8690, Avg Validation Loss: 2.8682
Epoch 99, Avg Train Loss: 2.8682, Avg Validation Loss: 2.8674
Epoch 100, Avg Train Loss: 2.8670, Avg Validation Loss: 2.8669
Epoch 101, Avg Train Loss: 2.8666, Avg Validation Loss: 2.8662
Epoch 102, Avg Train Loss: 2.8666, Avg Validation Loss: 2.8657
Epoch 103, Avg Train Loss: 2.8651, Avg Validation Loss: 2.8652
Epoch 104, Avg Train Loss: 2.8652, Avg Validation Loss: 2.8647
Epoch 105, Avg Train Loss: 2.8654, Avg Validation Loss: 2.8642
Epoch 106, Avg Train Loss: 2.8642, Avg Validation Loss: 2.8637
Epoch 107, Avg Train Loss: 2.8636, Avg Validation Loss: 2.8632
Epoch 108, Avg Train Loss: 2.8628, Avg Validation Loss: 2.8627
Epoch 109, Avg Train Loss: 2.8624, Avg Validation Loss: 2.8622
Epoch 110, Avg Train Loss: 2.8618, Avg Validation Loss: 2.8618
Epoch 111, Avg Train Loss: 2.8610, Avg Validation Loss: 2.8613
Epoch 112, Avg Train Loss: 2.8611, Avg Validation Loss: 2.8608
Epoch 113, Avg Train Loss: 2.8599, Avg Validation Loss: 2.8606
Epoch 114, Avg Train Loss: 2.8596, Avg Validation Loss: 2.8601
Epoch 115, Avg Train Loss: 2.8593, Avg Validation Loss: 2.8596
Epoch 116, Avg Train Loss: 2.8588, Avg Validation Loss: 2.8597
Epoch 117, Avg Train Loss: 2.8586, Avg Validation Loss: 2.8593
Epoch 118, Avg Train Loss: 2.8579, Avg Validation Loss: 2.8586
Epoch 119, Avg Train Loss: 2.8571, Avg Validation Loss: 2.8580
Epoch 120, Avg Train Loss: 2.8571, Avg Validation Loss: 2.8578
Epoch 121, Avg Train Loss: 2.8569, Avg Validation Loss: 2.8573
Epoch 122, Avg Train Loss: 2.8566, Avg Validation Loss: 2.8570
Epoch 123, Avg Train Loss: 2.8557, Avg Validation Loss: 2.8570
Epoch 124, Avg Train Loss: 2.8555, Avg Validation Loss: 2.8568
Epoch 125, Avg Train Loss: 2.8551, Avg Validation Loss: 2.8564
Epoch 126, Avg Train Loss: 2.8547, Avg Validation Loss: 2.8558
Epoch 127, Avg Train Loss: 2.8544, Avg Validation Loss: 2.8556
Epoch 128, Avg Train Loss: 2.8539, Avg Validation Loss: 2.8554
Epoch 129, Avg Train Loss: 2.8535, Avg Validation Loss: 2.8555
Epoch 130, Avg Train Loss: 2.8539, Avg Validation Loss: 2.8550
Epoch 131, Avg Train Loss: 2.8532, Avg Validation Loss: 2.8549
Epoch 132, Avg Train Loss: 2.8530, Avg Validation Loss: 2.8544
Epoch 133, Avg Train Loss: 2.8530, Avg Validation Loss: 2.8542
Epoch 134, Avg Train Loss: 2.8521, Avg Validation Loss: 2.8542
Epoch 135, Avg Train Loss: 2.8517, Avg Validation Loss: 2.8538
Epoch 136, Avg Train Loss: 2.8520, Avg Validation Loss: 2.8539
Epoch 137, Avg Train Loss: 2.8515, Avg Validation Loss: 2.8540
Epoch 138, Avg Train Loss: 2.8512, Avg Validation Loss: 2.8541
Epoch 139, Avg Train Loss: 2.8513, Avg Validation Loss: 2.8534
Epoch 140, Avg Train Loss: 2.8514, Avg Validation Loss: 2.8531
Epoch 141, Avg Train Loss: 2.8504, Avg Validation Loss: 2.8539
Epoch 142, Avg Train Loss: 2.8505, Avg Validation Loss: 2.8528
Epoch 143, Avg Train Loss: 2.8503, Avg Validation Loss: 2.8524
Epoch 144, Avg Train Loss: 2.8501, Avg Validation Loss: 2.8529
Epoch 145, Avg Train Loss: 2.8495, Avg Validation Loss: 2.8525
Epoch 146, Avg Train Loss: 2.8494, Avg Validation Loss: 2.8522
Epoch 147, Avg Train Loss: 2.8493, Avg Validation Loss: 2.8523
Epoch 148, Avg Train Loss: 2.8493, Avg Validation Loss: 2.8523
Epoch 149, Avg Train Loss: 2.8489, Avg Validation Loss: 2.8518
Epoch 150, Avg Train Loss: 2.8486, Avg Validation Loss: 2.8520
Epoch 151, Avg Train Loss: 2.8485, Avg Validation Loss: 2.8516
Epoch 152, Avg Train Loss: 2.8484, Avg Validation Loss: 2.8513
Epoch 153, Avg Train Loss: 2.8483, Avg Validation Loss: 2.8513
Epoch 154, Avg Train Loss: 2.8479, Avg Validation Loss: 2.8511
Epoch 155, Avg Train Loss: 2.8477, Avg Validation Loss: 2.8509
Epoch 156, Avg Train Loss: 2.8482, Avg Validation Loss: 2.8511
Epoch 157, Avg Train Loss: 2.8476, Avg Validation Loss: 2.8507
Epoch 158, Avg Train Loss: 2.8472, Avg Validation Loss: 2.8503
Epoch 159, Avg Train Loss: 2.8471, Avg Validation Loss: 2.8503
Epoch 160, Avg Train Loss: 2.8470, Avg Validation Loss: 2.8503
Epoch 161, Avg Train Loss: 2.8474, Avg Validation Loss: 2.8502
Epoch 162, Avg Train Loss: 2.8469, Avg Validation Loss: 2.8502
Epoch 163, Avg Train Loss: 2.8471, Avg Validation Loss: 2.8506
Epoch 164, Avg Train Loss: 2.8471, Avg Validation Loss: 2.8501
Epoch 165, Avg Train Loss: 2.8466, Avg Validation Loss: 2.8496
Epoch 166, Avg Train Loss: 2.8466, Avg Validation Loss: 2.8498
Epoch 167, Avg Train Loss: 2.8462, Avg Validation Loss: 2.8494
Epoch 168, Avg Train Loss: 2.8462, Avg Validation Loss: 2.8493
Epoch 169, Avg Train Loss: 2.8459, Avg Validation Loss: 2.8494
Epoch 170, Avg Train Loss: 2.8461, Avg Validation Loss: 2.8491
Epoch 171, Avg Train Loss: 2.8461, Avg Validation Loss: 2.8490
Epoch 172, Avg Train Loss: 2.8456, Avg Validation Loss: 2.8489
Epoch 173, Avg Train Loss: 2.8457, Avg Validation Loss: 2.8492
Epoch 174, Avg Train Loss: 2.8454, Avg Validation Loss: 2.8492
Epoch 175, Avg Train Loss: 2.8453, Avg Validation Loss: 2.8487
Epoch 176, Avg Train Loss: 2.8451, Avg Validation Loss: 2.8491
Epoch 177, Avg Train Loss: 2.8451, Avg Validation Loss: 2.8495
Epoch 178, Avg Train Loss: 2.8450, Avg Validation Loss: 2.8496
Epoch 179, Avg Train Loss: 2.8444, Avg Validation Loss: 2.8484
Epoch 180, Avg Train Loss: 2.8450, Avg Validation Loss: 2.8487
Epoch 181, Avg Train Loss: 2.8448, Avg Validation Loss: 2.8494
Epoch 182, Avg Train Loss: 2.8446, Avg Validation Loss: 2.8481
Epoch 183, Avg Train Loss: 2.8446, Avg Validation Loss: 2.8477
Epoch 184, Avg Train Loss: 2.8445, Avg Validation Loss: 2.8479
Epoch 185, Avg Train Loss: 2.8442, Avg Validation Loss: 2.8481
Epoch 186, Avg Train Loss: 2.8448, Avg Validation Loss: 2.8487
Epoch 187, Avg Train Loss: 2.8444, Avg Validation Loss: 2.8478
Epoch 188, Avg Train Loss: 2.8444, Avg Validation Loss: 2.8478
Epoch 189, Avg Train Loss: 2.8442, Avg Validation Loss: 2.8473
Epoch 190, Avg Train Loss: 2.8438, Avg Validation Loss: 2.8477
Epoch 191, Avg Train Loss: 2.8442, Avg Validation Loss: 2.8482
Epoch 192, Avg Train Loss: 2.8438, Avg Validation Loss: 2.8473
Epoch 193, Avg Train Loss: 2.8435, Avg Validation Loss: 2.8473
Epoch 194, Avg Train Loss: 2.8437, Avg Validation Loss: 2.8472
Epoch 195, Avg Train Loss: 2.8439, Avg Validation Loss: 2.8472
Epoch 196, Avg Train Loss: 2.8434, Avg Validation Loss: 2.8474
Epoch 197, Avg Train Loss: 2.8439, Avg Validation Loss: 2.8469
Epoch 198, Avg Train Loss: 2.8434, Avg Validation Loss: 2.8470
Epoch 199, Avg Train Loss: 2.8434, Avg Validation Loss: 2.8472
Epoch 200, Avg Train Loss: 2.8433, Avg Validation Loss: 2.8468
Epoch 201, Avg Train Loss: 2.8437, Avg Validation Loss: 2.8467
Epoch 202, Avg Train Loss: 2.8428, Avg Validation Loss: 2.8478
Epoch 203, Avg Train Loss: 2.8431, Avg Validation Loss: 2.8467
Epoch 204, Avg Train Loss: 2.8431, Avg Validation Loss: 2.8476
Epoch 205, Avg Train Loss: 2.8431, Avg Validation Loss: 2.8466
Epoch 206, Avg Train Loss: 2.8427, Avg Validation Loss: 2.8467
Epoch 207, Avg Train Loss: 2.8429, Avg Validation Loss: 2.8467
Epoch 208, Avg Train Loss: 2.8427, Avg Validation Loss: 2.8465
Epoch 209, Avg Train Loss: 2.8429, Avg Validation Loss: 2.8486
Epoch 210, Avg Train Loss: 2.8427, Avg Validation Loss: 2.8463
Epoch 211, Avg Train Loss: 2.8429, Avg Validation Loss: 2.8461
Epoch 212, Avg Train Loss: 2.8427, Avg Validation Loss: 2.8470
Epoch 213, Avg Train Loss: 2.8428, Avg Validation Loss: 2.8462
Epoch 214, Avg Train Loss: 2.8425, Avg Validation Loss: 2.8471
Epoch 215, Avg Train Loss: 2.8425, Avg Validation Loss: 2.8463
Epoch 216, Avg Train Loss: 2.8428, Avg Validation Loss: 2.8462
Epoch 217, Avg Train Loss: 2.8424, Avg Validation Loss: 2.8462
Epoch 218, Avg Train Loss: 2.8422, Avg Validation Loss: 2.8460
Epoch 219, Avg Train Loss: 2.8421, Avg Validation Loss: 2.8464
Epoch 220, Avg Train Loss: 2.8419, Avg Validation Loss: 2.8487
Epoch 221, Avg Train Loss: 2.8422, Avg Validation Loss: 2.8462
Epoch 222, Avg Train Loss: 2.8421, Avg Validation Loss: 2.8461
Epoch 223, Avg Train Loss: 2.8420, Avg Validation Loss: 2.8458
Epoch 224, Avg Train Loss: 2.8420, Avg Validation Loss: 2.8473
Epoch 225, Avg Train Loss: 2.8426, Avg Validation Loss: 2.8462
Epoch 226, Avg Train Loss: 2.8418, Avg Validation Loss: 2.8461
Epoch 227, Avg Train Loss: 2.8424, Avg Validation Loss: 2.8460
Epoch 228, Avg Train Loss: 2.8419, Avg Validation Loss: 2.8460
Epoch 229, Avg Train Loss: 2.8419, Avg Validation Loss: 2.8460
Epoch 230, Avg Train Loss: 2.8418, Avg Validation Loss: 2.8459
Epoch 231, Avg Train Loss: 2.8417, Avg Validation Loss: 2.8466
Epoch 232, Avg Train Loss: 2.8422, Avg Validation Loss: 2.8461
Epoch 233, Avg Train Loss: 2.8424, Avg Validation Loss: 2.8456
Epoch 234, Avg Train Loss: 2.8418, Avg Validation Loss: 2.8463
Epoch 235, Avg Train Loss: 2.8418, Avg Validation Loss: 2.8462
Epoch 236, Avg Train Loss: 2.8414, Avg Validation Loss: 2.8457
Epoch 237, Avg Train Loss: 2.8417, Avg Validation Loss: 2.8470
Epoch 238, Avg Train Loss: 2.8418, Avg Validation Loss: 2.8468
Epoch 239, Avg Train Loss: 2.8417, Avg Validation Loss: 2.8460
Epoch 240, Avg Train Loss: 2.8415, Avg Validation Loss: 2.8459
Epoch 241, Avg Train Loss: 2.8417, Avg Validation Loss: 2.8488
Epoch 242, Avg Train Loss: 2.8420, Avg Validation Loss: 2.8479
Early stopping triggered
Best model loaded successfully.
KL divergence saved successfully.
KL divergence saved successfully.
