/work/gbadarac/MonoJet_NPLM/MonoJet_NPLM_analysis/Normalizing_Flows/EstimationNF_gaussians_outputs/job_4_2_128_10_718829
Epoch 0, Avg Train Loss: 5.9761, Avg Validation Loss: 4.2993
Epoch 1, Avg Train Loss: 4.0093, Avg Validation Loss: 3.6963
Epoch 2, Avg Train Loss: 3.5531, Avg Validation Loss: 3.3803
Epoch 3, Avg Train Loss: 3.3017, Avg Validation Loss: 3.2069
Epoch 4, Avg Train Loss: 3.1709, Avg Validation Loss: 3.1123
Epoch 5, Avg Train Loss: 3.0980, Avg Validation Loss: 3.0533
Epoch 6, Avg Train Loss: 3.0472, Avg Validation Loss: 3.0163
Epoch 7, Avg Train Loss: 3.0147, Avg Validation Loss: 2.9836
Epoch 8, Avg Train Loss: 2.9914, Avg Validation Loss: 2.9622
Epoch 9, Avg Train Loss: 2.9735, Avg Validation Loss: 2.9447
Epoch 10, Avg Train Loss: 2.9593, Avg Validation Loss: 2.9317
Epoch 11, Avg Train Loss: 2.9488, Avg Validation Loss: 2.9204
Epoch 12, Avg Train Loss: 2.9400, Avg Validation Loss: 2.9131
Epoch 13, Avg Train Loss: 2.9305, Avg Validation Loss: 2.9045
Epoch 14, Avg Train Loss: 2.9254, Avg Validation Loss: 2.8981
Epoch 15, Avg Train Loss: 2.9210, Avg Validation Loss: 2.8909
Epoch 16, Avg Train Loss: 2.9156, Avg Validation Loss: 2.8879
Epoch 17, Avg Train Loss: 2.9128, Avg Validation Loss: 2.8834
Epoch 18, Avg Train Loss: 2.9084, Avg Validation Loss: 2.8810
Epoch 19, Avg Train Loss: 2.9050, Avg Validation Loss: 2.8782
Epoch 20, Avg Train Loss: 2.9030, Avg Validation Loss: 2.8760
Epoch 21, Avg Train Loss: 2.9016, Avg Validation Loss: 2.8742
Epoch 22, Avg Train Loss: 2.9003, Avg Validation Loss: 2.8732
Epoch 23, Avg Train Loss: 2.8974, Avg Validation Loss: 2.8713
Epoch 24, Avg Train Loss: 2.8942, Avg Validation Loss: 2.8694
Epoch 25, Avg Train Loss: 2.8941, Avg Validation Loss: 2.8714
Epoch 26, Avg Train Loss: 2.8925, Avg Validation Loss: 2.8679
Epoch 27, Avg Train Loss: 2.8908, Avg Validation Loss: 2.8661
Epoch 28, Avg Train Loss: 2.8898, Avg Validation Loss: 2.8649
Epoch 29, Avg Train Loss: 2.8874, Avg Validation Loss: 2.8640
Epoch 30, Avg Train Loss: 2.8867, Avg Validation Loss: 2.8643
Epoch 31, Avg Train Loss: 2.8850, Avg Validation Loss: 2.8622
Epoch 32, Avg Train Loss: 2.8832, Avg Validation Loss: 2.8613
Epoch 33, Avg Train Loss: 2.8824, Avg Validation Loss: 2.8598
Epoch 34, Avg Train Loss: 2.8824, Avg Validation Loss: 2.8595
Epoch 35, Avg Train Loss: 2.8808, Avg Validation Loss: 2.8575
Epoch 36, Avg Train Loss: 2.8795, Avg Validation Loss: 2.8578
Epoch 37, Avg Train Loss: 2.8785, Avg Validation Loss: 2.8567
Epoch 38, Avg Train Loss: 2.8777, Avg Validation Loss: 2.8557
Epoch 39, Avg Train Loss: 2.8761, Avg Validation Loss: 2.8555
Epoch 40, Avg Train Loss: 2.8756, Avg Validation Loss: 2.8534
Epoch 41, Avg Train Loss: 2.8754, Avg Validation Loss: 2.8520
Epoch 42, Avg Train Loss: 2.8743, Avg Validation Loss: 2.8509
Epoch 43, Avg Train Loss: 2.8731, Avg Validation Loss: 2.8503
Epoch 44, Avg Train Loss: 2.8732, Avg Validation Loss: 2.8489
Epoch 45, Avg Train Loss: 2.8718, Avg Validation Loss: 2.8485
Epoch 46, Avg Train Loss: 2.8710, Avg Validation Loss: 2.8478
Epoch 47, Avg Train Loss: 2.8706, Avg Validation Loss: 2.8469
Epoch 48, Avg Train Loss: 2.8702, Avg Validation Loss: 2.8470
Epoch 49, Avg Train Loss: 2.8699, Avg Validation Loss: 2.8458
Epoch 50, Avg Train Loss: 2.8688, Avg Validation Loss: 2.8457
Epoch 51, Avg Train Loss: 2.8679, Avg Validation Loss: 2.8468
Epoch 52, Avg Train Loss: 2.8679, Avg Validation Loss: 2.8456
Epoch 53, Avg Train Loss: 2.8679, Avg Validation Loss: 2.8458
Epoch 54, Avg Train Loss: 2.8670, Avg Validation Loss: 2.8440
Epoch 55, Avg Train Loss: 2.8665, Avg Validation Loss: 2.8470
Epoch 56, Avg Train Loss: 2.8668, Avg Validation Loss: 2.8423
Epoch 57, Avg Train Loss: 2.8653, Avg Validation Loss: 2.8432
Epoch 58, Avg Train Loss: 2.8655, Avg Validation Loss: 2.8419
Epoch 59, Avg Train Loss: 2.8650, Avg Validation Loss: 2.8438
Epoch 60, Avg Train Loss: 2.8649, Avg Validation Loss: 2.8419
Epoch 61, Avg Train Loss: 2.8630, Avg Validation Loss: 2.8456
Epoch 62, Avg Train Loss: 2.8639, Avg Validation Loss: 2.8493
Epoch 63, Avg Train Loss: 2.8642, Avg Validation Loss: 2.8416
Epoch 64, Avg Train Loss: 2.8621, Avg Validation Loss: 2.8431
Epoch 65, Avg Train Loss: 2.8620, Avg Validation Loss: 2.8404
Epoch 66, Avg Train Loss: 2.8611, Avg Validation Loss: 2.8419
Epoch 67, Avg Train Loss: 2.8619, Avg Validation Loss: 2.8396
Epoch 68, Avg Train Loss: 2.8607, Avg Validation Loss: 2.8412
Epoch 69, Avg Train Loss: 2.8614, Avg Validation Loss: 2.8389
Epoch 70, Avg Train Loss: 2.8611, Avg Validation Loss: 2.8388
Epoch 71, Avg Train Loss: 2.8598, Avg Validation Loss: 2.8393
Epoch 72, Avg Train Loss: 2.8602, Avg Validation Loss: 2.8383
Epoch 73, Avg Train Loss: 2.8599, Avg Validation Loss: 2.8391
Epoch 74, Avg Train Loss: 2.8594, Avg Validation Loss: 2.8384
Epoch 75, Avg Train Loss: 2.8595, Avg Validation Loss: 2.8416
Epoch 76, Avg Train Loss: 2.8595, Avg Validation Loss: 2.8381
Epoch 77, Avg Train Loss: 2.8606, Avg Validation Loss: 2.8371
Epoch 78, Avg Train Loss: 2.8585, Avg Validation Loss: 2.8402
Epoch 79, Avg Train Loss: 2.8599, Avg Validation Loss: 2.8368
Epoch 80, Avg Train Loss: 2.8588, Avg Validation Loss: 2.8413
Epoch 81, Avg Train Loss: 2.8583, Avg Validation Loss: 2.8383
Epoch 82, Avg Train Loss: 2.8586, Avg Validation Loss: 2.8378
Epoch 83, Avg Train Loss: 2.8584, Avg Validation Loss: 2.8367
Epoch 84, Avg Train Loss: 2.8574, Avg Validation Loss: 2.8368
Epoch 85, Avg Train Loss: 2.8585, Avg Validation Loss: 2.8369
Epoch 86, Avg Train Loss: 2.8579, Avg Validation Loss: 2.8384
Epoch 87, Avg Train Loss: 2.8582, Avg Validation Loss: 2.8371
Epoch 88, Avg Train Loss: 2.8574, Avg Validation Loss: 2.8377
Epoch 89, Avg Train Loss: 2.8567, Avg Validation Loss: 2.8367
Epoch 90, Avg Train Loss: 2.8577, Avg Validation Loss: 2.8381
Epoch 91, Avg Train Loss: 2.8580, Avg Validation Loss: 2.8385
Epoch 92, Avg Train Loss: 2.8576, Avg Validation Loss: 2.8405
Early stopping triggered
Best model loaded successfully.
KL divergence saved successfully.
KL divergence saved successfully.
