/work/gbadarac/MonoJet_NPLM/MonoJet_NPLM_analysis/Normalizing_Flows/EstimationNF_gaussians_outputs/job_4_4_64_6_857769
Epoch 0, Avg Train Loss: 4.3857, Avg Validation Loss: 3.6857
Epoch 1, Avg Train Loss: 3.4854, Avg Validation Loss: 3.3645
Epoch 2, Avg Train Loss: 3.2909, Avg Validation Loss: 3.2359
Epoch 3, Avg Train Loss: 3.1934, Avg Validation Loss: 3.1579
Epoch 4, Avg Train Loss: 3.1287, Avg Validation Loss: 3.1029
Epoch 5, Avg Train Loss: 3.0808, Avg Validation Loss: 3.0611
Epoch 6, Avg Train Loss: 3.0436, Avg Validation Loss: 3.0275
Epoch 7, Avg Train Loss: 3.0142, Avg Validation Loss: 3.0009
Epoch 8, Avg Train Loss: 2.9907, Avg Validation Loss: 2.9797
Epoch 9, Avg Train Loss: 2.9721, Avg Validation Loss: 2.9622
Epoch 10, Avg Train Loss: 2.9574, Avg Validation Loss: 2.9489
Epoch 11, Avg Train Loss: 2.9468, Avg Validation Loss: 2.9379
Epoch 12, Avg Train Loss: 2.9370, Avg Validation Loss: 2.9282
Epoch 13, Avg Train Loss: 2.9287, Avg Validation Loss: 2.9202
Epoch 14, Avg Train Loss: 2.9219, Avg Validation Loss: 2.9137
Epoch 15, Avg Train Loss: 2.9156, Avg Validation Loss: 2.9069
Epoch 16, Avg Train Loss: 2.9110, Avg Validation Loss: 2.9009
Epoch 17, Avg Train Loss: 2.9061, Avg Validation Loss: 2.8964
Epoch 18, Avg Train Loss: 2.9028, Avg Validation Loss: 2.8928
Epoch 19, Avg Train Loss: 2.8986, Avg Validation Loss: 2.8893
Epoch 20, Avg Train Loss: 2.8954, Avg Validation Loss: 2.8865
Epoch 21, Avg Train Loss: 2.8920, Avg Validation Loss: 2.8840
Epoch 22, Avg Train Loss: 2.8900, Avg Validation Loss: 2.8814
Epoch 23, Avg Train Loss: 2.8876, Avg Validation Loss: 2.8791
Epoch 24, Avg Train Loss: 2.8851, Avg Validation Loss: 2.8768
Epoch 25, Avg Train Loss: 2.8835, Avg Validation Loss: 2.8762
Epoch 26, Avg Train Loss: 2.8809, Avg Validation Loss: 2.8727
Epoch 27, Avg Train Loss: 2.8794, Avg Validation Loss: 2.8715
Epoch 28, Avg Train Loss: 2.8774, Avg Validation Loss: 2.8694
Epoch 29, Avg Train Loss: 2.8755, Avg Validation Loss: 2.8677
Epoch 30, Avg Train Loss: 2.8740, Avg Validation Loss: 2.8666
Epoch 31, Avg Train Loss: 2.8731, Avg Validation Loss: 2.8665
Epoch 32, Avg Train Loss: 2.8717, Avg Validation Loss: 2.8644
Epoch 33, Avg Train Loss: 2.8700, Avg Validation Loss: 2.8626
Epoch 34, Avg Train Loss: 2.8678, Avg Validation Loss: 2.8612
Epoch 35, Avg Train Loss: 2.8677, Avg Validation Loss: 2.8601
Epoch 36, Avg Train Loss: 2.8656, Avg Validation Loss: 2.8595
Epoch 37, Avg Train Loss: 2.8642, Avg Validation Loss: 2.8597
Epoch 38, Avg Train Loss: 2.8638, Avg Validation Loss: 2.8573
Epoch 39, Avg Train Loss: 2.8628, Avg Validation Loss: 2.8561
Epoch 40, Avg Train Loss: 2.8631, Avg Validation Loss: 2.8555
Epoch 41, Avg Train Loss: 2.8613, Avg Validation Loss: 2.8563
Epoch 42, Avg Train Loss: 2.8607, Avg Validation Loss: 2.8538
Epoch 43, Avg Train Loss: 2.8589, Avg Validation Loss: 2.8537
Epoch 44, Avg Train Loss: 2.8593, Avg Validation Loss: 2.8545
Epoch 45, Avg Train Loss: 2.8580, Avg Validation Loss: 2.8527
Epoch 46, Avg Train Loss: 2.8577, Avg Validation Loss: 2.8533
Epoch 47, Avg Train Loss: 2.8567, Avg Validation Loss: 2.8525
Epoch 48, Avg Train Loss: 2.8564, Avg Validation Loss: 2.8508
Epoch 49, Avg Train Loss: 2.8557, Avg Validation Loss: 2.8501
Epoch 50, Avg Train Loss: 2.8551, Avg Validation Loss: 2.8504
Epoch 51, Avg Train Loss: 2.8549, Avg Validation Loss: 2.8492
Epoch 52, Avg Train Loss: 2.8541, Avg Validation Loss: 2.8509
Epoch 53, Avg Train Loss: 2.8538, Avg Validation Loss: 2.8512
Epoch 54, Avg Train Loss: 2.8537, Avg Validation Loss: 2.8494
Epoch 55, Avg Train Loss: 2.8530, Avg Validation Loss: 2.8496
Epoch 56, Avg Train Loss: 2.8526, Avg Validation Loss: 2.8492
Epoch 57, Avg Train Loss: 2.8515, Avg Validation Loss: 2.8479
Epoch 58, Avg Train Loss: 2.8519, Avg Validation Loss: 2.8484
Epoch 59, Avg Train Loss: 2.8517, Avg Validation Loss: 2.8477
Epoch 60, Avg Train Loss: 2.8516, Avg Validation Loss: 2.8494
Epoch 61, Avg Train Loss: 2.8523, Avg Validation Loss: 2.8503
Epoch 62, Avg Train Loss: 2.8514, Avg Validation Loss: 2.8470
Epoch 63, Avg Train Loss: 2.8501, Avg Validation Loss: 2.8483
Epoch 64, Avg Train Loss: 2.8501, Avg Validation Loss: 2.8470
Epoch 65, Avg Train Loss: 2.8499, Avg Validation Loss: 2.8491
Epoch 66, Avg Train Loss: 2.8518, Avg Validation Loss: 2.8470
Epoch 67, Avg Train Loss: 2.8493, Avg Validation Loss: 2.8470
Epoch 68, Avg Train Loss: 2.8498, Avg Validation Loss: 2.8468
Epoch 69, Avg Train Loss: 2.8509, Avg Validation Loss: 2.8487
Epoch 70, Avg Train Loss: 2.8487, Avg Validation Loss: 2.8480
Epoch 71, Avg Train Loss: 2.8498, Avg Validation Loss: 2.8469
Epoch 72, Avg Train Loss: 2.8491, Avg Validation Loss: 2.8472
Epoch 73, Avg Train Loss: 2.8487, Avg Validation Loss: 2.8472
Epoch 74, Avg Train Loss: 2.8492, Avg Validation Loss: 2.8488
Epoch 75, Avg Train Loss: 2.8485, Avg Validation Loss: 2.8488
Epoch 76, Avg Train Loss: 2.8490, Avg Validation Loss: 2.8463
Epoch 77, Avg Train Loss: 2.8481, Avg Validation Loss: 2.8455
Epoch 78, Avg Train Loss: 2.8485, Avg Validation Loss: 2.8454
Epoch 79, Avg Train Loss: 2.8481, Avg Validation Loss: 2.8469
Epoch 80, Avg Train Loss: 2.8488, Avg Validation Loss: 2.8517
Epoch 81, Avg Train Loss: 2.8492, Avg Validation Loss: 2.8473
Epoch 82, Avg Train Loss: 2.8479, Avg Validation Loss: 2.8462
Epoch 83, Avg Train Loss: 2.8478, Avg Validation Loss: 2.8462
Epoch 84, Avg Train Loss: 2.8478, Avg Validation Loss: 2.8456
Epoch 85, Avg Train Loss: 2.8485, Avg Validation Loss: 2.8450
Epoch 86, Avg Train Loss: 2.8485, Avg Validation Loss: 2.8463
Epoch 87, Avg Train Loss: 2.8475, Avg Validation Loss: 2.8459
Epoch 88, Avg Train Loss: 2.8486, Avg Validation Loss: 2.8449
Epoch 89, Avg Train Loss: 2.8474, Avg Validation Loss: 2.8465
Epoch 90, Avg Train Loss: 2.8477, Avg Validation Loss: 2.8505
Epoch 91, Avg Train Loss: 2.8484, Avg Validation Loss: 2.8462
Epoch 92, Avg Train Loss: 2.8476, Avg Validation Loss: 2.8462
Epoch 93, Avg Train Loss: 2.8471, Avg Validation Loss: 2.8475
Epoch 94, Avg Train Loss: 2.8487, Avg Validation Loss: 2.8464
Epoch 95, Avg Train Loss: 2.8468, Avg Validation Loss: 2.8464
Epoch 96, Avg Train Loss: 2.8468, Avg Validation Loss: 2.8453
Epoch 97, Avg Train Loss: 2.8467, Avg Validation Loss: 2.8447
Epoch 98, Avg Train Loss: 2.8474, Avg Validation Loss: 2.8495
Epoch 99, Avg Train Loss: 2.8470, Avg Validation Loss: 2.8470
Epoch 100, Avg Train Loss: 2.8467, Avg Validation Loss: 2.8467
Epoch 101, Avg Train Loss: 2.8467, Avg Validation Loss: 2.8462
Epoch 102, Avg Train Loss: 2.8480, Avg Validation Loss: 2.8497
Epoch 103, Avg Train Loss: 2.8468, Avg Validation Loss: 2.8461
Epoch 104, Avg Train Loss: 2.8476, Avg Validation Loss: 2.8484
Epoch 105, Avg Train Loss: 2.8470, Avg Validation Loss: 2.8511
Epoch 106, Avg Train Loss: 2.8476, Avg Validation Loss: 2.8471
Early stopping triggered
Best model loaded successfully.
KL divergence saved successfully.
KL divergence saved successfully.
