/work/gbadarac/MonoJet_NPLM/MonoJet_NPLM_analysis/Normalizing_Flows/EstimationNF_gaussians_outputs/job_3_6_32_4_857783
Epoch 0, Avg Train Loss: 4.1809, Avg Validation Loss: 3.6936
Epoch 1, Avg Train Loss: 3.5737, Avg Validation Loss: 3.5054
Epoch 2, Avg Train Loss: 3.4520, Avg Validation Loss: 3.4057
Epoch 3, Avg Train Loss: 3.3596, Avg Validation Loss: 3.3187
Epoch 4, Avg Train Loss: 3.2784, Avg Validation Loss: 3.2432
Epoch 5, Avg Train Loss: 3.2094, Avg Validation Loss: 3.1797
Epoch 6, Avg Train Loss: 3.1506, Avg Validation Loss: 3.1261
Epoch 7, Avg Train Loss: 3.1007, Avg Validation Loss: 3.0793
Epoch 8, Avg Train Loss: 3.0564, Avg Validation Loss: 3.0384
Epoch 9, Avg Train Loss: 3.0180, Avg Validation Loss: 3.0024
Epoch 10, Avg Train Loss: 2.9843, Avg Validation Loss: 2.9713
Epoch 11, Avg Train Loss: 2.9562, Avg Validation Loss: 2.9450
Epoch 12, Avg Train Loss: 2.9319, Avg Validation Loss: 2.9233
Epoch 13, Avg Train Loss: 2.9130, Avg Validation Loss: 2.9060
Epoch 14, Avg Train Loss: 2.8980, Avg Validation Loss: 2.8930
Epoch 15, Avg Train Loss: 2.8864, Avg Validation Loss: 2.8835
Epoch 16, Avg Train Loss: 2.8787, Avg Validation Loss: 2.8767
Epoch 17, Avg Train Loss: 2.8732, Avg Validation Loss: 2.8719
Epoch 18, Avg Train Loss: 2.8693, Avg Validation Loss: 2.8683
Epoch 19, Avg Train Loss: 2.8673, Avg Validation Loss: 2.8657
Epoch 20, Avg Train Loss: 2.8650, Avg Validation Loss: 2.8634
Epoch 21, Avg Train Loss: 2.8621, Avg Validation Loss: 2.8617
Epoch 22, Avg Train Loss: 2.8602, Avg Validation Loss: 2.8600
Epoch 23, Avg Train Loss: 2.8598, Avg Validation Loss: 2.8587
Epoch 24, Avg Train Loss: 2.8573, Avg Validation Loss: 2.8573
Epoch 25, Avg Train Loss: 2.8569, Avg Validation Loss: 2.8562
Epoch 26, Avg Train Loss: 2.8562, Avg Validation Loss: 2.8550
Epoch 27, Avg Train Loss: 2.8544, Avg Validation Loss: 2.8539
Epoch 28, Avg Train Loss: 2.8541, Avg Validation Loss: 2.8530
Epoch 29, Avg Train Loss: 2.8527, Avg Validation Loss: 2.8521
Epoch 30, Avg Train Loss: 2.8515, Avg Validation Loss: 2.8513
Epoch 31, Avg Train Loss: 2.8511, Avg Validation Loss: 2.8507
Epoch 32, Avg Train Loss: 2.8503, Avg Validation Loss: 2.8499
Epoch 33, Avg Train Loss: 2.8500, Avg Validation Loss: 2.8492
Epoch 34, Avg Train Loss: 2.8490, Avg Validation Loss: 2.8484
Epoch 35, Avg Train Loss: 2.8486, Avg Validation Loss: 2.8478
Epoch 36, Avg Train Loss: 2.8480, Avg Validation Loss: 2.8474
Epoch 37, Avg Train Loss: 2.8469, Avg Validation Loss: 2.8470
Epoch 38, Avg Train Loss: 2.8477, Avg Validation Loss: 2.8464
Epoch 39, Avg Train Loss: 2.8468, Avg Validation Loss: 2.8459
Epoch 40, Avg Train Loss: 2.8461, Avg Validation Loss: 2.8455
Epoch 41, Avg Train Loss: 2.8460, Avg Validation Loss: 2.8454
Epoch 42, Avg Train Loss: 2.8450, Avg Validation Loss: 2.8448
Epoch 43, Avg Train Loss: 2.8452, Avg Validation Loss: 2.8444
Epoch 44, Avg Train Loss: 2.8446, Avg Validation Loss: 2.8440
Epoch 45, Avg Train Loss: 2.8439, Avg Validation Loss: 2.8438
Epoch 46, Avg Train Loss: 2.8441, Avg Validation Loss: 2.8435
Epoch 47, Avg Train Loss: 2.8436, Avg Validation Loss: 2.8435
Epoch 48, Avg Train Loss: 2.8431, Avg Validation Loss: 2.8429
Epoch 49, Avg Train Loss: 2.8430, Avg Validation Loss: 2.8428
Epoch 50, Avg Train Loss: 2.8434, Avg Validation Loss: 2.8427
Epoch 51, Avg Train Loss: 2.8420, Avg Validation Loss: 2.8426
Epoch 52, Avg Train Loss: 2.8421, Avg Validation Loss: 2.8422
Epoch 53, Avg Train Loss: 2.8426, Avg Validation Loss: 2.8430
Epoch 54, Avg Train Loss: 2.8421, Avg Validation Loss: 2.8417
Epoch 55, Avg Train Loss: 2.8416, Avg Validation Loss: 2.8417
Epoch 56, Avg Train Loss: 2.8423, Avg Validation Loss: 2.8419
Epoch 57, Avg Train Loss: 2.8419, Avg Validation Loss: 2.8417
Epoch 58, Avg Train Loss: 2.8407, Avg Validation Loss: 2.8411
Epoch 59, Avg Train Loss: 2.8403, Avg Validation Loss: 2.8414
Epoch 60, Avg Train Loss: 2.8413, Avg Validation Loss: 2.8412
Epoch 61, Avg Train Loss: 2.8402, Avg Validation Loss: 2.8408
Epoch 62, Avg Train Loss: 2.8409, Avg Validation Loss: 2.8417
Epoch 63, Avg Train Loss: 2.8408, Avg Validation Loss: 2.8422
Epoch 64, Avg Train Loss: 2.8409, Avg Validation Loss: 2.8408
Epoch 65, Avg Train Loss: 2.8397, Avg Validation Loss: 2.8406
Epoch 66, Avg Train Loss: 2.8404, Avg Validation Loss: 2.8410
Epoch 67, Avg Train Loss: 2.8397, Avg Validation Loss: 2.8402
Epoch 68, Avg Train Loss: 2.8397, Avg Validation Loss: 2.8401
Epoch 69, Avg Train Loss: 2.8397, Avg Validation Loss: 2.8405
Epoch 70, Avg Train Loss: 2.8398, Avg Validation Loss: 2.8401
Epoch 71, Avg Train Loss: 2.8393, Avg Validation Loss: 2.8402
Epoch 72, Avg Train Loss: 2.8390, Avg Validation Loss: 2.8405
Epoch 73, Avg Train Loss: 2.8396, Avg Validation Loss: 2.8401
Epoch 74, Avg Train Loss: 2.8392, Avg Validation Loss: 2.8402
Epoch 75, Avg Train Loss: 2.8390, Avg Validation Loss: 2.8401
Epoch 76, Avg Train Loss: 2.8387, Avg Validation Loss: 2.8398
Epoch 77, Avg Train Loss: 2.8389, Avg Validation Loss: 2.8403
Epoch 78, Avg Train Loss: 2.8400, Avg Validation Loss: 2.8414
Epoch 79, Avg Train Loss: 2.8391, Avg Validation Loss: 2.8401
Epoch 80, Avg Train Loss: 2.8391, Avg Validation Loss: 2.8406
Epoch 81, Avg Train Loss: 2.8387, Avg Validation Loss: 2.8401
Epoch 82, Avg Train Loss: 2.8386, Avg Validation Loss: 2.8395
Epoch 83, Avg Train Loss: 2.8388, Avg Validation Loss: 2.8416
Epoch 84, Avg Train Loss: 2.8392, Avg Validation Loss: 2.8397
Epoch 85, Avg Train Loss: 2.8384, Avg Validation Loss: 2.8412
Epoch 86, Avg Train Loss: 2.8383, Avg Validation Loss: 2.8393
Epoch 87, Avg Train Loss: 2.8379, Avg Validation Loss: 2.8394
Epoch 88, Avg Train Loss: 2.8382, Avg Validation Loss: 2.8395
Epoch 89, Avg Train Loss: 2.8380, Avg Validation Loss: 2.8401
Epoch 90, Avg Train Loss: 2.8377, Avg Validation Loss: 2.8397
Epoch 91, Avg Train Loss: 2.8377, Avg Validation Loss: 2.8392
Epoch 92, Avg Train Loss: 2.8374, Avg Validation Loss: 2.8393
Epoch 93, Avg Train Loss: 2.8374, Avg Validation Loss: 2.8394
Epoch 94, Avg Train Loss: 2.8380, Avg Validation Loss: 2.8392
Epoch 95, Avg Train Loss: 2.8383, Avg Validation Loss: 2.8407
Epoch 96, Avg Train Loss: 2.8376, Avg Validation Loss: 2.8390
Epoch 97, Avg Train Loss: 2.8374, Avg Validation Loss: 2.8390
Epoch 98, Avg Train Loss: 2.8377, Avg Validation Loss: 2.8393
Epoch 99, Avg Train Loss: 2.8372, Avg Validation Loss: 2.8391
Epoch 100, Avg Train Loss: 2.8377, Avg Validation Loss: 2.8392
Epoch 101, Avg Train Loss: 2.8374, Avg Validation Loss: 2.8388
Epoch 102, Avg Train Loss: 2.8373, Avg Validation Loss: 2.8391
Epoch 103, Avg Train Loss: 2.8368, Avg Validation Loss: 2.8387
Epoch 104, Avg Train Loss: 2.8377, Avg Validation Loss: 2.8398
Epoch 105, Avg Train Loss: 2.8381, Avg Validation Loss: 2.8390
Epoch 106, Avg Train Loss: 2.8378, Avg Validation Loss: 2.8408
Epoch 107, Avg Train Loss: 2.8374, Avg Validation Loss: 2.8400
Epoch 108, Avg Train Loss: 2.8385, Avg Validation Loss: 2.8392
Epoch 109, Avg Train Loss: 2.8382, Avg Validation Loss: 2.8387
Epoch 110, Avg Train Loss: 2.8370, Avg Validation Loss: 2.8400
Epoch 111, Avg Train Loss: 2.8375, Avg Validation Loss: 2.8397
Epoch 112, Avg Train Loss: 2.8373, Avg Validation Loss: 2.8419
Epoch 113, Avg Train Loss: 2.8373, Avg Validation Loss: 2.8400
Epoch 114, Avg Train Loss: 2.8367, Avg Validation Loss: 2.8392
Epoch 115, Avg Train Loss: 2.8369, Avg Validation Loss: 2.8393
Epoch 116, Avg Train Loss: 2.8368, Avg Validation Loss: 2.8396
Epoch 117, Avg Train Loss: 2.8369, Avg Validation Loss: 2.8395
Epoch 118, Avg Train Loss: 2.8373, Avg Validation Loss: 2.8385
Epoch 119, Avg Train Loss: 2.8365, Avg Validation Loss: 2.8395
Epoch 120, Avg Train Loss: 2.8369, Avg Validation Loss: 2.8386
Epoch 121, Avg Train Loss: 2.8370, Avg Validation Loss: 2.8389
Epoch 122, Avg Train Loss: 2.8368, Avg Validation Loss: 2.8387
Epoch 123, Avg Train Loss: 2.8372, Avg Validation Loss: 2.8390
Epoch 124, Avg Train Loss: 2.8367, Avg Validation Loss: 2.8385
Epoch 125, Avg Train Loss: 2.8365, Avg Validation Loss: 2.8401
Epoch 126, Avg Train Loss: 2.8373, Avg Validation Loss: 2.8395
Epoch 127, Avg Train Loss: 2.8369, Avg Validation Loss: 2.8386
Epoch 128, Avg Train Loss: 2.8370, Avg Validation Loss: 2.8417
Epoch 129, Avg Train Loss: 2.8369, Avg Validation Loss: 2.8385
Epoch 130, Avg Train Loss: 2.8363, Avg Validation Loss: 2.8408
Epoch 131, Avg Train Loss: 2.8368, Avg Validation Loss: 2.8393
Epoch 132, Avg Train Loss: 2.8374, Avg Validation Loss: 2.8388
Epoch 133, Avg Train Loss: 2.8371, Avg Validation Loss: 2.8403
Early stopping triggered
Best model loaded successfully.
KL divergence saved successfully.
KL divergence saved successfully.
