/work/gbadarac/MonoJet_NPLM/MonoJet_NPLM_analysis/Normalizing_Flows/EstimationNF_gaussians_outputs/job_5_6_32_12_719498
Epoch 0, Avg Train Loss: 8.2017, Avg Validation Loss: 6.8331
Epoch 1, Avg Train Loss: 5.9779, Avg Validation Loss: 5.4619
Epoch 2, Avg Train Loss: 5.1046, Avg Validation Loss: 4.8359
Epoch 3, Avg Train Loss: 4.5869, Avg Validation Loss: 4.3759
Epoch 4, Avg Train Loss: 4.1817, Avg Validation Loss: 4.0252
Epoch 5, Avg Train Loss: 3.8663, Avg Validation Loss: 3.7538
Epoch 6, Avg Train Loss: 3.6376, Avg Validation Loss: 3.5694
Epoch 7, Avg Train Loss: 3.4961, Avg Validation Loss: 3.4562
Epoch 8, Avg Train Loss: 3.4073, Avg Validation Loss: 3.3783
Epoch 9, Avg Train Loss: 3.3422, Avg Validation Loss: 3.3202
Epoch 10, Avg Train Loss: 3.2902, Avg Validation Loss: 3.2746
Epoch 11, Avg Train Loss: 3.2472, Avg Validation Loss: 3.2371
Epoch 12, Avg Train Loss: 3.2103, Avg Validation Loss: 3.2035
Epoch 13, Avg Train Loss: 3.1797, Avg Validation Loss: 3.1753
Epoch 14, Avg Train Loss: 3.1514, Avg Validation Loss: 3.1473
Epoch 15, Avg Train Loss: 3.1261, Avg Validation Loss: 3.1241
Epoch 16, Avg Train Loss: 3.1048, Avg Validation Loss: 3.1050
Epoch 17, Avg Train Loss: 3.0866, Avg Validation Loss: 3.0872
Epoch 18, Avg Train Loss: 3.0710, Avg Validation Loss: 3.0723
Epoch 19, Avg Train Loss: 3.0583, Avg Validation Loss: 3.0593
Epoch 20, Avg Train Loss: 3.0446, Avg Validation Loss: 3.0471
Epoch 21, Avg Train Loss: 3.0328, Avg Validation Loss: 3.0360
Epoch 22, Avg Train Loss: 3.0224, Avg Validation Loss: 3.0254
Epoch 23, Avg Train Loss: 3.0127, Avg Validation Loss: 3.0160
Epoch 24, Avg Train Loss: 3.0042, Avg Validation Loss: 3.0077
Epoch 25, Avg Train Loss: 2.9966, Avg Validation Loss: 2.9991
Epoch 26, Avg Train Loss: 2.9886, Avg Validation Loss: 2.9914
Epoch 27, Avg Train Loss: 2.9817, Avg Validation Loss: 2.9847
Epoch 28, Avg Train Loss: 2.9757, Avg Validation Loss: 2.9781
Epoch 29, Avg Train Loss: 2.9684, Avg Validation Loss: 2.9716
Epoch 30, Avg Train Loss: 2.9621, Avg Validation Loss: 2.9661
Epoch 31, Avg Train Loss: 2.9573, Avg Validation Loss: 2.9609
Epoch 32, Avg Train Loss: 2.9525, Avg Validation Loss: 2.9548
Epoch 33, Avg Train Loss: 2.9468, Avg Validation Loss: 2.9496
Epoch 34, Avg Train Loss: 2.9417, Avg Validation Loss: 2.9444
Epoch 35, Avg Train Loss: 2.9368, Avg Validation Loss: 2.9400
Epoch 36, Avg Train Loss: 2.9318, Avg Validation Loss: 2.9370
Epoch 37, Avg Train Loss: 2.9283, Avg Validation Loss: 2.9314
Epoch 38, Avg Train Loss: 2.9255, Avg Validation Loss: 2.9278
Epoch 39, Avg Train Loss: 2.9217, Avg Validation Loss: 2.9240
Epoch 40, Avg Train Loss: 2.9182, Avg Validation Loss: 2.9212
Epoch 41, Avg Train Loss: 2.9149, Avg Validation Loss: 2.9186
Epoch 42, Avg Train Loss: 2.9129, Avg Validation Loss: 2.9166
Epoch 43, Avg Train Loss: 2.9094, Avg Validation Loss: 2.9143
Epoch 44, Avg Train Loss: 2.9072, Avg Validation Loss: 2.9106
Epoch 45, Avg Train Loss: 2.9047, Avg Validation Loss: 2.9082
Epoch 46, Avg Train Loss: 2.9030, Avg Validation Loss: 2.9050
Epoch 47, Avg Train Loss: 2.8997, Avg Validation Loss: 2.9030
Epoch 48, Avg Train Loss: 2.8984, Avg Validation Loss: 2.9009
Epoch 49, Avg Train Loss: 2.8965, Avg Validation Loss: 2.8993
Epoch 50, Avg Train Loss: 2.8949, Avg Validation Loss: 2.8968
Epoch 51, Avg Train Loss: 2.8919, Avg Validation Loss: 2.8948
Epoch 52, Avg Train Loss: 2.8904, Avg Validation Loss: 2.8924
Epoch 53, Avg Train Loss: 2.8885, Avg Validation Loss: 2.8903
Epoch 54, Avg Train Loss: 2.8864, Avg Validation Loss: 2.8884
Epoch 55, Avg Train Loss: 2.8855, Avg Validation Loss: 2.8867
Epoch 56, Avg Train Loss: 2.8841, Avg Validation Loss: 2.8861
Epoch 57, Avg Train Loss: 2.8826, Avg Validation Loss: 2.8836
Epoch 58, Avg Train Loss: 2.8816, Avg Validation Loss: 2.8826
Epoch 59, Avg Train Loss: 2.8794, Avg Validation Loss: 2.8812
Epoch 60, Avg Train Loss: 2.8787, Avg Validation Loss: 2.8800
Epoch 61, Avg Train Loss: 2.8767, Avg Validation Loss: 2.8790
Epoch 62, Avg Train Loss: 2.8755, Avg Validation Loss: 2.8772
Epoch 63, Avg Train Loss: 2.8747, Avg Validation Loss: 2.8778
Epoch 64, Avg Train Loss: 2.8733, Avg Validation Loss: 2.8752
Epoch 65, Avg Train Loss: 2.8716, Avg Validation Loss: 2.8746
Epoch 66, Avg Train Loss: 2.8718, Avg Validation Loss: 2.8732
Epoch 67, Avg Train Loss: 2.8704, Avg Validation Loss: 2.8718
Epoch 68, Avg Train Loss: 2.8691, Avg Validation Loss: 2.8703
Epoch 69, Avg Train Loss: 2.8677, Avg Validation Loss: 2.8699
Epoch 70, Avg Train Loss: 2.8670, Avg Validation Loss: 2.8690
Epoch 71, Avg Train Loss: 2.8667, Avg Validation Loss: 2.8688
Epoch 72, Avg Train Loss: 2.8655, Avg Validation Loss: 2.8674
Epoch 73, Avg Train Loss: 2.8644, Avg Validation Loss: 2.8668
Epoch 74, Avg Train Loss: 2.8636, Avg Validation Loss: 2.8658
Epoch 75, Avg Train Loss: 2.8629, Avg Validation Loss: 2.8654
Epoch 76, Avg Train Loss: 2.8630, Avg Validation Loss: 2.8651
Epoch 77, Avg Train Loss: 2.8620, Avg Validation Loss: 2.8649
Epoch 78, Avg Train Loss: 2.8610, Avg Validation Loss: 2.8638
Epoch 79, Avg Train Loss: 2.8610, Avg Validation Loss: 2.8636
Epoch 80, Avg Train Loss: 2.8596, Avg Validation Loss: 2.8625
Epoch 81, Avg Train Loss: 2.8597, Avg Validation Loss: 2.8631
Epoch 82, Avg Train Loss: 2.8595, Avg Validation Loss: 2.8621
Epoch 83, Avg Train Loss: 2.8583, Avg Validation Loss: 2.8612
Epoch 84, Avg Train Loss: 2.8586, Avg Validation Loss: 2.8608
Epoch 85, Avg Train Loss: 2.8572, Avg Validation Loss: 2.8613
Epoch 86, Avg Train Loss: 2.8574, Avg Validation Loss: 2.8600
Epoch 87, Avg Train Loss: 2.8569, Avg Validation Loss: 2.8596
Epoch 88, Avg Train Loss: 2.8573, Avg Validation Loss: 2.8604
Epoch 89, Avg Train Loss: 2.8567, Avg Validation Loss: 2.8615
Epoch 90, Avg Train Loss: 2.8558, Avg Validation Loss: 2.8587
Epoch 91, Avg Train Loss: 2.8566, Avg Validation Loss: 2.8593
Epoch 92, Avg Train Loss: 2.8546, Avg Validation Loss: 2.8583
Epoch 93, Avg Train Loss: 2.8546, Avg Validation Loss: 2.8596
Epoch 94, Avg Train Loss: 2.8554, Avg Validation Loss: 2.8607
Epoch 95, Avg Train Loss: 2.8539, Avg Validation Loss: 2.8583
Epoch 96, Avg Train Loss: 2.8536, Avg Validation Loss: 2.8578
Epoch 97, Avg Train Loss: 2.8537, Avg Validation Loss: 2.8572
Epoch 98, Avg Train Loss: 2.8529, Avg Validation Loss: 2.8575
Epoch 99, Avg Train Loss: 2.8526, Avg Validation Loss: 2.8573
Epoch 100, Avg Train Loss: 2.8533, Avg Validation Loss: 2.8572
Epoch 101, Avg Train Loss: 2.8531, Avg Validation Loss: 2.8564
Epoch 102, Avg Train Loss: 2.8527, Avg Validation Loss: 2.8575
Epoch 103, Avg Train Loss: 2.8524, Avg Validation Loss: 2.8568
Epoch 104, Avg Train Loss: 2.8518, Avg Validation Loss: 2.8576
Epoch 105, Avg Train Loss: 2.8514, Avg Validation Loss: 2.8574
Epoch 106, Avg Train Loss: 2.8515, Avg Validation Loss: 2.8562
Epoch 107, Avg Train Loss: 2.8507, Avg Validation Loss: 2.8598
Epoch 108, Avg Train Loss: 2.8521, Avg Validation Loss: 2.8569
Epoch 109, Avg Train Loss: 2.8506, Avg Validation Loss: 2.8564
Epoch 110, Avg Train Loss: 2.8513, Avg Validation Loss: 2.8584
Epoch 111, Avg Train Loss: 2.8508, Avg Validation Loss: 2.8572
Epoch 112, Avg Train Loss: 2.8508, Avg Validation Loss: 2.8553
Epoch 113, Avg Train Loss: 2.8499, Avg Validation Loss: 2.8548
Epoch 114, Avg Train Loss: 2.8503, Avg Validation Loss: 2.8557
Epoch 115, Avg Train Loss: 2.8507, Avg Validation Loss: 2.8569
Epoch 116, Avg Train Loss: 2.8499, Avg Validation Loss: 2.8554
Epoch 117, Avg Train Loss: 2.8495, Avg Validation Loss: 2.8569
Epoch 118, Avg Train Loss: 2.8508, Avg Validation Loss: 2.8568
Epoch 119, Avg Train Loss: 2.8500, Avg Validation Loss: 2.8561
Epoch 120, Avg Train Loss: 2.8497, Avg Validation Loss: 2.8555
Epoch 121, Avg Train Loss: 2.8494, Avg Validation Loss: 2.8557
Epoch 122, Avg Train Loss: 2.8491, Avg Validation Loss: 2.8561
Early stopping triggered
Best model loaded successfully.
KL divergence saved successfully.
KL divergence saved successfully.
