/work/gbadarac/MonoJet_NPLM/MonoJet_NPLM_analysis/Normalizing_Flows/EstimationNF_gaussians_outputs/job_2_6_32_4_857782
Epoch 0, Avg Train Loss: 12.0460, Avg Validation Loss: 10.8491
Epoch 1, Avg Train Loss: 9.7265, Avg Validation Loss: 8.9083
Epoch 2, Avg Train Loss: 8.1207, Avg Validation Loss: 7.5790
Epoch 3, Avg Train Loss: 7.0116, Avg Validation Loss: 6.6306
Epoch 4, Avg Train Loss: 6.1881, Avg Validation Loss: 5.8938
Epoch 5, Avg Train Loss: 5.5358, Avg Validation Loss: 5.2963
Epoch 6, Avg Train Loss: 5.0030, Avg Validation Loss: 4.8061
Epoch 7, Avg Train Loss: 4.5670, Avg Validation Loss: 4.4075
Epoch 8, Avg Train Loss: 4.2152, Avg Validation Loss: 4.0868
Epoch 9, Avg Train Loss: 3.9341, Avg Validation Loss: 3.8315
Epoch 10, Avg Train Loss: 3.7116, Avg Validation Loss: 3.6313
Epoch 11, Avg Train Loss: 3.5378, Avg Validation Loss: 3.4770
Epoch 12, Avg Train Loss: 3.4055, Avg Validation Loss: 3.3605
Epoch 13, Avg Train Loss: 3.3084, Avg Validation Loss: 3.2745
Epoch 14, Avg Train Loss: 3.2364, Avg Validation Loss: 3.2110
Epoch 15, Avg Train Loss: 3.1824, Avg Validation Loss: 3.1640
Epoch 16, Avg Train Loss: 3.1428, Avg Validation Loss: 3.1285
Epoch 17, Avg Train Loss: 3.1120, Avg Validation Loss: 3.1005
Epoch 18, Avg Train Loss: 3.0870, Avg Validation Loss: 3.0776
Epoch 19, Avg Train Loss: 3.0666, Avg Validation Loss: 3.0579
Epoch 20, Avg Train Loss: 3.0480, Avg Validation Loss: 3.0406
Epoch 21, Avg Train Loss: 3.0316, Avg Validation Loss: 3.0249
Epoch 22, Avg Train Loss: 3.0180, Avg Validation Loss: 3.0108
Epoch 23, Avg Train Loss: 3.0044, Avg Validation Loss: 2.9980
Epoch 24, Avg Train Loss: 2.9921, Avg Validation Loss: 2.9864
Epoch 25, Avg Train Loss: 2.9826, Avg Validation Loss: 2.9759
Epoch 26, Avg Train Loss: 2.9714, Avg Validation Loss: 2.9663
Epoch 27, Avg Train Loss: 2.9637, Avg Validation Loss: 2.9578
Epoch 28, Avg Train Loss: 2.9556, Avg Validation Loss: 2.9501
Epoch 29, Avg Train Loss: 2.9477, Avg Validation Loss: 2.9432
Epoch 30, Avg Train Loss: 2.9406, Avg Validation Loss: 2.9370
Epoch 31, Avg Train Loss: 2.9346, Avg Validation Loss: 2.9315
Epoch 32, Avg Train Loss: 2.9291, Avg Validation Loss: 2.9265
Epoch 33, Avg Train Loss: 2.9255, Avg Validation Loss: 2.9219
Epoch 34, Avg Train Loss: 2.9218, Avg Validation Loss: 2.9176
Epoch 35, Avg Train Loss: 2.9153, Avg Validation Loss: 2.9135
Epoch 36, Avg Train Loss: 2.9120, Avg Validation Loss: 2.9097
Epoch 37, Avg Train Loss: 2.9093, Avg Validation Loss: 2.9062
Epoch 38, Avg Train Loss: 2.9063, Avg Validation Loss: 2.9025
Epoch 39, Avg Train Loss: 2.9022, Avg Validation Loss: 2.8992
Epoch 40, Avg Train Loss: 2.8996, Avg Validation Loss: 2.8960
Epoch 41, Avg Train Loss: 2.8945, Avg Validation Loss: 2.8928
Epoch 42, Avg Train Loss: 2.8917, Avg Validation Loss: 2.8900
Epoch 43, Avg Train Loss: 2.8884, Avg Validation Loss: 2.8870
Epoch 44, Avg Train Loss: 2.8859, Avg Validation Loss: 2.8842
Epoch 45, Avg Train Loss: 2.8821, Avg Validation Loss: 2.8813
Epoch 46, Avg Train Loss: 2.8799, Avg Validation Loss: 2.8791
Epoch 47, Avg Train Loss: 2.8783, Avg Validation Loss: 2.8761
Epoch 48, Avg Train Loss: 2.8748, Avg Validation Loss: 2.8736
Epoch 49, Avg Train Loss: 2.8721, Avg Validation Loss: 2.8714
Epoch 50, Avg Train Loss: 2.8703, Avg Validation Loss: 2.8692
Epoch 51, Avg Train Loss: 2.8685, Avg Validation Loss: 2.8677
Epoch 52, Avg Train Loss: 2.8663, Avg Validation Loss: 2.8661
Epoch 53, Avg Train Loss: 2.8648, Avg Validation Loss: 2.8645
Epoch 54, Avg Train Loss: 2.8626, Avg Validation Loss: 2.8632
Epoch 55, Avg Train Loss: 2.8604, Avg Validation Loss: 2.8617
Epoch 56, Avg Train Loss: 2.8599, Avg Validation Loss: 2.8607
Epoch 57, Avg Train Loss: 2.8602, Avg Validation Loss: 2.8600
Epoch 58, Avg Train Loss: 2.8589, Avg Validation Loss: 2.8592
Epoch 59, Avg Train Loss: 2.8572, Avg Validation Loss: 2.8584
Epoch 60, Avg Train Loss: 2.8565, Avg Validation Loss: 2.8577
Epoch 61, Avg Train Loss: 2.8561, Avg Validation Loss: 2.8571
Epoch 62, Avg Train Loss: 2.8554, Avg Validation Loss: 2.8567
Epoch 63, Avg Train Loss: 2.8540, Avg Validation Loss: 2.8561
Epoch 64, Avg Train Loss: 2.8539, Avg Validation Loss: 2.8557
Epoch 65, Avg Train Loss: 2.8532, Avg Validation Loss: 2.8553
Epoch 66, Avg Train Loss: 2.8527, Avg Validation Loss: 2.8553
Epoch 67, Avg Train Loss: 2.8521, Avg Validation Loss: 2.8545
Epoch 68, Avg Train Loss: 2.8517, Avg Validation Loss: 2.8542
Epoch 69, Avg Train Loss: 2.8510, Avg Validation Loss: 2.8543
Epoch 70, Avg Train Loss: 2.8511, Avg Validation Loss: 2.8543
Epoch 71, Avg Train Loss: 2.8502, Avg Validation Loss: 2.8535
Epoch 72, Avg Train Loss: 2.8500, Avg Validation Loss: 2.8536
Epoch 73, Avg Train Loss: 2.8497, Avg Validation Loss: 2.8530
Epoch 74, Avg Train Loss: 2.8490, Avg Validation Loss: 2.8529
Epoch 75, Avg Train Loss: 2.8495, Avg Validation Loss: 2.8532
Epoch 76, Avg Train Loss: 2.8484, Avg Validation Loss: 2.8529
Epoch 77, Avg Train Loss: 2.8487, Avg Validation Loss: 2.8527
Epoch 78, Avg Train Loss: 2.8481, Avg Validation Loss: 2.8524
Epoch 79, Avg Train Loss: 2.8479, Avg Validation Loss: 2.8524
Epoch 80, Avg Train Loss: 2.8484, Avg Validation Loss: 2.8524
Epoch 81, Avg Train Loss: 2.8471, Avg Validation Loss: 2.8516
Epoch 82, Avg Train Loss: 2.8470, Avg Validation Loss: 2.8516
Epoch 83, Avg Train Loss: 2.8468, Avg Validation Loss: 2.8514
Epoch 84, Avg Train Loss: 2.8466, Avg Validation Loss: 2.8514
Epoch 85, Avg Train Loss: 2.8463, Avg Validation Loss: 2.8513
Epoch 86, Avg Train Loss: 2.8461, Avg Validation Loss: 2.8511
Epoch 87, Avg Train Loss: 2.8459, Avg Validation Loss: 2.8511
Epoch 88, Avg Train Loss: 2.8456, Avg Validation Loss: 2.8515
Epoch 89, Avg Train Loss: 2.8454, Avg Validation Loss: 2.8513
Epoch 90, Avg Train Loss: 2.8452, Avg Validation Loss: 2.8513
Epoch 91, Avg Train Loss: 2.8452, Avg Validation Loss: 2.8506
Epoch 92, Avg Train Loss: 2.8453, Avg Validation Loss: 2.8506
Epoch 93, Avg Train Loss: 2.8451, Avg Validation Loss: 2.8513
Epoch 94, Avg Train Loss: 2.8446, Avg Validation Loss: 2.8506
Epoch 95, Avg Train Loss: 2.8442, Avg Validation Loss: 2.8512
Epoch 96, Avg Train Loss: 2.8445, Avg Validation Loss: 2.8505
Epoch 97, Avg Train Loss: 2.8442, Avg Validation Loss: 2.8502
Epoch 98, Avg Train Loss: 2.8435, Avg Validation Loss: 2.8501
Epoch 99, Avg Train Loss: 2.8437, Avg Validation Loss: 2.8500
Epoch 100, Avg Train Loss: 2.8432, Avg Validation Loss: 2.8500
Epoch 101, Avg Train Loss: 2.8434, Avg Validation Loss: 2.8503
Epoch 102, Avg Train Loss: 2.8437, Avg Validation Loss: 2.8503
Epoch 103, Avg Train Loss: 2.8435, Avg Validation Loss: 2.8502
Epoch 104, Avg Train Loss: 2.8431, Avg Validation Loss: 2.8497
Epoch 105, Avg Train Loss: 2.8431, Avg Validation Loss: 2.8513
Epoch 106, Avg Train Loss: 2.8428, Avg Validation Loss: 2.8501
Epoch 107, Avg Train Loss: 2.8429, Avg Validation Loss: 2.8495
Epoch 108, Avg Train Loss: 2.8430, Avg Validation Loss: 2.8503
Epoch 109, Avg Train Loss: 2.8422, Avg Validation Loss: 2.8496
Epoch 110, Avg Train Loss: 2.8422, Avg Validation Loss: 2.8500
Epoch 111, Avg Train Loss: 2.8422, Avg Validation Loss: 2.8497
Epoch 112, Avg Train Loss: 2.8423, Avg Validation Loss: 2.8493
Epoch 113, Avg Train Loss: 2.8419, Avg Validation Loss: 2.8493
Epoch 114, Avg Train Loss: 2.8417, Avg Validation Loss: 2.8505
Epoch 115, Avg Train Loss: 2.8415, Avg Validation Loss: 2.8509
Epoch 116, Avg Train Loss: 2.8413, Avg Validation Loss: 2.8497
Epoch 117, Avg Train Loss: 2.8411, Avg Validation Loss: 2.8493
Epoch 118, Avg Train Loss: 2.8416, Avg Validation Loss: 2.8499
Epoch 119, Avg Train Loss: 2.8418, Avg Validation Loss: 2.8492
Epoch 120, Avg Train Loss: 2.8409, Avg Validation Loss: 2.8489
Epoch 121, Avg Train Loss: 2.8406, Avg Validation Loss: 2.8493
Epoch 122, Avg Train Loss: 2.8412, Avg Validation Loss: 2.8495
Epoch 123, Avg Train Loss: 2.8414, Avg Validation Loss: 2.8488
Epoch 124, Avg Train Loss: 2.8409, Avg Validation Loss: 2.8486
Epoch 125, Avg Train Loss: 2.8408, Avg Validation Loss: 2.8493
Epoch 126, Avg Train Loss: 2.8409, Avg Validation Loss: 2.8501
Epoch 127, Avg Train Loss: 2.8413, Avg Validation Loss: 2.8488
Epoch 128, Avg Train Loss: 2.8408, Avg Validation Loss: 2.8498
Epoch 129, Avg Train Loss: 2.8404, Avg Validation Loss: 2.8492
Epoch 130, Avg Train Loss: 2.8408, Avg Validation Loss: 2.8496
Epoch 131, Avg Train Loss: 2.8406, Avg Validation Loss: 2.8484
Epoch 132, Avg Train Loss: 2.8400, Avg Validation Loss: 2.8505
Epoch 133, Avg Train Loss: 2.8402, Avg Validation Loss: 2.8483
Epoch 134, Avg Train Loss: 2.8405, Avg Validation Loss: 2.8485
Epoch 135, Avg Train Loss: 2.8402, Avg Validation Loss: 2.8484
Epoch 136, Avg Train Loss: 2.8406, Avg Validation Loss: 2.8490
Epoch 137, Avg Train Loss: 2.8398, Avg Validation Loss: 2.8485
Epoch 138, Avg Train Loss: 2.8400, Avg Validation Loss: 2.8491
Epoch 139, Avg Train Loss: 2.8401, Avg Validation Loss: 2.8485
Epoch 140, Avg Train Loss: 2.8398, Avg Validation Loss: 2.8495
Epoch 141, Avg Train Loss: 2.8400, Avg Validation Loss: 2.8482
Epoch 142, Avg Train Loss: 2.8396, Avg Validation Loss: 2.8492
Epoch 143, Avg Train Loss: 2.8397, Avg Validation Loss: 2.8487
Epoch 144, Avg Train Loss: 2.8399, Avg Validation Loss: 2.8489
Epoch 145, Avg Train Loss: 2.8392, Avg Validation Loss: 2.8487
Epoch 146, Avg Train Loss: 2.8394, Avg Validation Loss: 2.8511
Epoch 147, Avg Train Loss: 2.8402, Avg Validation Loss: 2.8485
Epoch 148, Avg Train Loss: 2.8394, Avg Validation Loss: 2.8485
Epoch 149, Avg Train Loss: 2.8391, Avg Validation Loss: 2.8491
Epoch 150, Avg Train Loss: 2.8397, Avg Validation Loss: 2.8486
Early stopping triggered
Best model loaded successfully.
KL divergence saved successfully.
KL divergence saved successfully.
