/work/gbadarac/MonoJet_NPLM/MonoJet_NPLM_analysis/Normalizing_Flows/EstimationNF_gaussians_outputs/job_4_2_32_6_718489
Epoch 0, Avg Train Loss: 7.0669, Avg Validation Loss: 6.3937
Epoch 1, Avg Train Loss: 5.9518, Avg Validation Loss: 5.4851
Epoch 2, Avg Train Loss: 5.1703, Avg Validation Loss: 4.8420
Epoch 3, Avg Train Loss: 4.6248, Avg Validation Loss: 4.3992
Epoch 4, Avg Train Loss: 4.2474, Avg Validation Loss: 4.0847
Epoch 5, Avg Train Loss: 3.9760, Avg Validation Loss: 3.8520
Epoch 6, Avg Train Loss: 3.7731, Avg Validation Loss: 3.6752
Epoch 7, Avg Train Loss: 3.6174, Avg Validation Loss: 3.5373
Epoch 8, Avg Train Loss: 3.4952, Avg Validation Loss: 3.4283
Epoch 9, Avg Train Loss: 3.3978, Avg Validation Loss: 3.3407
Epoch 10, Avg Train Loss: 3.3207, Avg Validation Loss: 3.2713
Epoch 11, Avg Train Loss: 3.2587, Avg Validation Loss: 3.2173
Epoch 12, Avg Train Loss: 3.2113, Avg Validation Loss: 3.1758
Epoch 13, Avg Train Loss: 3.1730, Avg Validation Loss: 3.1429
Epoch 14, Avg Train Loss: 3.1420, Avg Validation Loss: 3.1151
Epoch 15, Avg Train Loss: 3.1164, Avg Validation Loss: 3.0905
Epoch 16, Avg Train Loss: 3.0925, Avg Validation Loss: 3.0682
Epoch 17, Avg Train Loss: 3.0706, Avg Validation Loss: 3.0477
Epoch 18, Avg Train Loss: 3.0513, Avg Validation Loss: 3.0289
Epoch 19, Avg Train Loss: 3.0316, Avg Validation Loss: 3.0117
Epoch 20, Avg Train Loss: 3.0166, Avg Validation Loss: 2.9963
Epoch 21, Avg Train Loss: 3.0013, Avg Validation Loss: 2.9828
Epoch 22, Avg Train Loss: 2.9884, Avg Validation Loss: 2.9709
Epoch 23, Avg Train Loss: 2.9771, Avg Validation Loss: 2.9605
Epoch 24, Avg Train Loss: 2.9681, Avg Validation Loss: 2.9512
Epoch 25, Avg Train Loss: 2.9589, Avg Validation Loss: 2.9430
Epoch 26, Avg Train Loss: 2.9509, Avg Validation Loss: 2.9358
Epoch 27, Avg Train Loss: 2.9425, Avg Validation Loss: 2.9289
Epoch 28, Avg Train Loss: 2.9370, Avg Validation Loss: 2.9228
Epoch 29, Avg Train Loss: 2.9321, Avg Validation Loss: 2.9173
Epoch 30, Avg Train Loss: 2.9259, Avg Validation Loss: 2.9120
Epoch 31, Avg Train Loss: 2.9196, Avg Validation Loss: 2.9071
Epoch 32, Avg Train Loss: 2.9153, Avg Validation Loss: 2.9028
Epoch 33, Avg Train Loss: 2.9110, Avg Validation Loss: 2.8988
Epoch 34, Avg Train Loss: 2.9063, Avg Validation Loss: 2.8949
Epoch 35, Avg Train Loss: 2.9029, Avg Validation Loss: 2.8914
Epoch 36, Avg Train Loss: 2.8996, Avg Validation Loss: 2.8881
Epoch 37, Avg Train Loss: 2.8965, Avg Validation Loss: 2.8852
Epoch 38, Avg Train Loss: 2.8932, Avg Validation Loss: 2.8824
Epoch 39, Avg Train Loss: 2.8890, Avg Validation Loss: 2.8800
Epoch 40, Avg Train Loss: 2.8869, Avg Validation Loss: 2.8775
Epoch 41, Avg Train Loss: 2.8833, Avg Validation Loss: 2.8751
Epoch 42, Avg Train Loss: 2.8816, Avg Validation Loss: 2.8733
Epoch 43, Avg Train Loss: 2.8780, Avg Validation Loss: 2.8711
Epoch 44, Avg Train Loss: 2.8769, Avg Validation Loss: 2.8695
Epoch 45, Avg Train Loss: 2.8758, Avg Validation Loss: 2.8677
Epoch 46, Avg Train Loss: 2.8738, Avg Validation Loss: 2.8662
Epoch 47, Avg Train Loss: 2.8735, Avg Validation Loss: 2.8647
Epoch 48, Avg Train Loss: 2.8708, Avg Validation Loss: 2.8637
Epoch 49, Avg Train Loss: 2.8688, Avg Validation Loss: 2.8624
Epoch 50, Avg Train Loss: 2.8686, Avg Validation Loss: 2.8619
Epoch 51, Avg Train Loss: 2.8662, Avg Validation Loss: 2.8601
Epoch 52, Avg Train Loss: 2.8643, Avg Validation Loss: 2.8595
Epoch 53, Avg Train Loss: 2.8644, Avg Validation Loss: 2.8583
Epoch 54, Avg Train Loss: 2.8621, Avg Validation Loss: 2.8574
Epoch 55, Avg Train Loss: 2.8621, Avg Validation Loss: 2.8569
Epoch 56, Avg Train Loss: 2.8609, Avg Validation Loss: 2.8561
Epoch 57, Avg Train Loss: 2.8607, Avg Validation Loss: 2.8555
Epoch 58, Avg Train Loss: 2.8591, Avg Validation Loss: 2.8550
Epoch 59, Avg Train Loss: 2.8591, Avg Validation Loss: 2.8543
Epoch 60, Avg Train Loss: 2.8581, Avg Validation Loss: 2.8542
Epoch 61, Avg Train Loss: 2.8575, Avg Validation Loss: 2.8535
Epoch 62, Avg Train Loss: 2.8565, Avg Validation Loss: 2.8531
Epoch 63, Avg Train Loss: 2.8552, Avg Validation Loss: 2.8531
Epoch 64, Avg Train Loss: 2.8557, Avg Validation Loss: 2.8522
Epoch 65, Avg Train Loss: 2.8552, Avg Validation Loss: 2.8517
Epoch 66, Avg Train Loss: 2.8539, Avg Validation Loss: 2.8513
Epoch 67, Avg Train Loss: 2.8538, Avg Validation Loss: 2.8509
Epoch 68, Avg Train Loss: 2.8532, Avg Validation Loss: 2.8509
Epoch 69, Avg Train Loss: 2.8536, Avg Validation Loss: 2.8502
Epoch 70, Avg Train Loss: 2.8526, Avg Validation Loss: 2.8503
Epoch 71, Avg Train Loss: 2.8522, Avg Validation Loss: 2.8496
Epoch 72, Avg Train Loss: 2.8519, Avg Validation Loss: 2.8494
Epoch 73, Avg Train Loss: 2.8514, Avg Validation Loss: 2.8489
Epoch 74, Avg Train Loss: 2.8512, Avg Validation Loss: 2.8488
Epoch 75, Avg Train Loss: 2.8506, Avg Validation Loss: 2.8486
Epoch 76, Avg Train Loss: 2.8504, Avg Validation Loss: 2.8483
Epoch 77, Avg Train Loss: 2.8500, Avg Validation Loss: 2.8478
Epoch 78, Avg Train Loss: 2.8495, Avg Validation Loss: 2.8475
Epoch 79, Avg Train Loss: 2.8492, Avg Validation Loss: 2.8475
Epoch 80, Avg Train Loss: 2.8491, Avg Validation Loss: 2.8474
Epoch 81, Avg Train Loss: 2.8486, Avg Validation Loss: 2.8477
Epoch 82, Avg Train Loss: 2.8486, Avg Validation Loss: 2.8472
Epoch 83, Avg Train Loss: 2.8485, Avg Validation Loss: 2.8472
Epoch 84, Avg Train Loss: 2.8481, Avg Validation Loss: 2.8467
Epoch 85, Avg Train Loss: 2.8480, Avg Validation Loss: 2.8474
Epoch 86, Avg Train Loss: 2.8471, Avg Validation Loss: 2.8466
Epoch 87, Avg Train Loss: 2.8472, Avg Validation Loss: 2.8462
Epoch 88, Avg Train Loss: 2.8474, Avg Validation Loss: 2.8458
Epoch 89, Avg Train Loss: 2.8471, Avg Validation Loss: 2.8460
Epoch 90, Avg Train Loss: 2.8472, Avg Validation Loss: 2.8458
Epoch 91, Avg Train Loss: 2.8465, Avg Validation Loss: 2.8461
Epoch 92, Avg Train Loss: 2.8463, Avg Validation Loss: 2.8454
Epoch 93, Avg Train Loss: 2.8458, Avg Validation Loss: 2.8456
Epoch 94, Avg Train Loss: 2.8459, Avg Validation Loss: 2.8455
Epoch 95, Avg Train Loss: 2.8458, Avg Validation Loss: 2.8448
Epoch 96, Avg Train Loss: 2.8454, Avg Validation Loss: 2.8451
Epoch 97, Avg Train Loss: 2.8451, Avg Validation Loss: 2.8453
Epoch 98, Avg Train Loss: 2.8451, Avg Validation Loss: 2.8445
Epoch 99, Avg Train Loss: 2.8451, Avg Validation Loss: 2.8441
Epoch 100, Avg Train Loss: 2.8451, Avg Validation Loss: 2.8449
Epoch 101, Avg Train Loss: 2.8448, Avg Validation Loss: 2.8444
Epoch 102, Avg Train Loss: 2.8448, Avg Validation Loss: 2.8441
Epoch 103, Avg Train Loss: 2.8448, Avg Validation Loss: 2.8448
Epoch 104, Avg Train Loss: 2.8443, Avg Validation Loss: 2.8439
Epoch 105, Avg Train Loss: 2.8445, Avg Validation Loss: 2.8449
Epoch 106, Avg Train Loss: 2.8443, Avg Validation Loss: 2.8448
Epoch 107, Avg Train Loss: 2.8442, Avg Validation Loss: 2.8437
Epoch 108, Avg Train Loss: 2.8443, Avg Validation Loss: 2.8438
Epoch 109, Avg Train Loss: 2.8437, Avg Validation Loss: 2.8434
Epoch 110, Avg Train Loss: 2.8438, Avg Validation Loss: 2.8435
Epoch 111, Avg Train Loss: 2.8441, Avg Validation Loss: 2.8446
Epoch 112, Avg Train Loss: 2.8436, Avg Validation Loss: 2.8436
Epoch 113, Avg Train Loss: 2.8435, Avg Validation Loss: 2.8435
Epoch 114, Avg Train Loss: 2.8437, Avg Validation Loss: 2.8450
Epoch 115, Avg Train Loss: 2.8436, Avg Validation Loss: 2.8429
Epoch 116, Avg Train Loss: 2.8437, Avg Validation Loss: 2.8442
Epoch 117, Avg Train Loss: 2.8436, Avg Validation Loss: 2.8433
Epoch 118, Avg Train Loss: 2.8431, Avg Validation Loss: 2.8460
Epoch 119, Avg Train Loss: 2.8434, Avg Validation Loss: 2.8424
Epoch 120, Avg Train Loss: 2.8434, Avg Validation Loss: 2.8429
Epoch 121, Avg Train Loss: 2.8425, Avg Validation Loss: 2.8432
Epoch 122, Avg Train Loss: 2.8431, Avg Validation Loss: 2.8441
Epoch 123, Avg Train Loss: 2.8429, Avg Validation Loss: 2.8433
Epoch 124, Avg Train Loss: 2.8428, Avg Validation Loss: 2.8432
Epoch 125, Avg Train Loss: 2.8424, Avg Validation Loss: 2.8428
Epoch 126, Avg Train Loss: 2.8424, Avg Validation Loss: 2.8420
Epoch 127, Avg Train Loss: 2.8427, Avg Validation Loss: 2.8428
Epoch 128, Avg Train Loss: 2.8422, Avg Validation Loss: 2.8421
Epoch 129, Avg Train Loss: 2.8425, Avg Validation Loss: 2.8437
Epoch 130, Avg Train Loss: 2.8423, Avg Validation Loss: 2.8419
Epoch 131, Avg Train Loss: 2.8429, Avg Validation Loss: 2.8435
Epoch 132, Avg Train Loss: 2.8431, Avg Validation Loss: 2.8422
Epoch 133, Avg Train Loss: 2.8427, Avg Validation Loss: 2.8425
Epoch 134, Avg Train Loss: 2.8420, Avg Validation Loss: 2.8426
Epoch 135, Avg Train Loss: 2.8424, Avg Validation Loss: 2.8427
Epoch 136, Avg Train Loss: 2.8424, Avg Validation Loss: 2.8415
Epoch 137, Avg Train Loss: 2.8421, Avg Validation Loss: 2.8416
Epoch 138, Avg Train Loss: 2.8421, Avg Validation Loss: 2.8422
Epoch 139, Avg Train Loss: 2.8419, Avg Validation Loss: 2.8416
Epoch 140, Avg Train Loss: 2.8420, Avg Validation Loss: 2.8409
Epoch 141, Avg Train Loss: 2.8429, Avg Validation Loss: 2.8418
Epoch 142, Avg Train Loss: 2.8424, Avg Validation Loss: 2.8411
Epoch 143, Avg Train Loss: 2.8419, Avg Validation Loss: 2.8423
Epoch 144, Avg Train Loss: 2.8418, Avg Validation Loss: 2.8422
Epoch 145, Avg Train Loss: 2.8417, Avg Validation Loss: 2.8411
Epoch 146, Avg Train Loss: 2.8421, Avg Validation Loss: 2.8435
Epoch 147, Avg Train Loss: 2.8422, Avg Validation Loss: 2.8409
Epoch 148, Avg Train Loss: 2.8422, Avg Validation Loss: 2.8411
Epoch 149, Avg Train Loss: 2.8419, Avg Validation Loss: 2.8419
Epoch 150, Avg Train Loss: 2.8419, Avg Validation Loss: 2.8409
Epoch 151, Avg Train Loss: 2.8418, Avg Validation Loss: 2.8422
Epoch 152, Avg Train Loss: 2.8418, Avg Validation Loss: 2.8407
Epoch 153, Avg Train Loss: 2.8422, Avg Validation Loss: 2.8428
Epoch 154, Avg Train Loss: 2.8425, Avg Validation Loss: 2.8412
Epoch 155, Avg Train Loss: 2.8420, Avg Validation Loss: 2.8426
Epoch 156, Avg Train Loss: 2.8423, Avg Validation Loss: 2.8409
Epoch 157, Avg Train Loss: 2.8414, Avg Validation Loss: 2.8420
Epoch 158, Avg Train Loss: 2.8419, Avg Validation Loss: 2.8420
Epoch 159, Avg Train Loss: 2.8419, Avg Validation Loss: 2.8418
Epoch 160, Avg Train Loss: 2.8415, Avg Validation Loss: 2.8404
Epoch 161, Avg Train Loss: 2.8414, Avg Validation Loss: 2.8408
Epoch 162, Avg Train Loss: 2.8414, Avg Validation Loss: 2.8405
Epoch 163, Avg Train Loss: 2.8417, Avg Validation Loss: 2.8405
Epoch 164, Avg Train Loss: 2.8421, Avg Validation Loss: 2.8439
Epoch 165, Avg Train Loss: 2.8423, Avg Validation Loss: 2.8417
Epoch 166, Avg Train Loss: 2.8418, Avg Validation Loss: 2.8415
Epoch 167, Avg Train Loss: 2.8415, Avg Validation Loss: 2.8405
Epoch 168, Avg Train Loss: 2.8411, Avg Validation Loss: 2.8406
Epoch 169, Avg Train Loss: 2.8412, Avg Validation Loss: 2.8417
Epoch 170, Avg Train Loss: 2.8415, Avg Validation Loss: 2.8402
Epoch 171, Avg Train Loss: 2.8415, Avg Validation Loss: 2.8428
Epoch 172, Avg Train Loss: 2.8417, Avg Validation Loss: 2.8417
Epoch 173, Avg Train Loss: 2.8417, Avg Validation Loss: 2.8432
Epoch 174, Avg Train Loss: 2.8417, Avg Validation Loss: 2.8401
Epoch 175, Avg Train Loss: 2.8412, Avg Validation Loss: 2.8419
Epoch 176, Avg Train Loss: 2.8416, Avg Validation Loss: 2.8418
Epoch 177, Avg Train Loss: 2.8425, Avg Validation Loss: 2.8410
Epoch 178, Avg Train Loss: 2.8419, Avg Validation Loss: 2.8427
Epoch 179, Avg Train Loss: 2.8411, Avg Validation Loss: 2.8410
Epoch 180, Avg Train Loss: 2.8411, Avg Validation Loss: 2.8400
Epoch 181, Avg Train Loss: 2.8414, Avg Validation Loss: 2.8418
Epoch 182, Avg Train Loss: 2.8413, Avg Validation Loss: 2.8400
Epoch 183, Avg Train Loss: 2.8414, Avg Validation Loss: 2.8422
Epoch 184, Avg Train Loss: 2.8413, Avg Validation Loss: 2.8398
Epoch 185, Avg Train Loss: 2.8408, Avg Validation Loss: 2.8396
Epoch 186, Avg Train Loss: 2.8411, Avg Validation Loss: 2.8447
Epoch 187, Avg Train Loss: 2.8419, Avg Validation Loss: 2.8396
Epoch 188, Avg Train Loss: 2.8413, Avg Validation Loss: 2.8421
Epoch 189, Avg Train Loss: 2.8412, Avg Validation Loss: 2.8395
Epoch 190, Avg Train Loss: 2.8412, Avg Validation Loss: 2.8414
Epoch 191, Avg Train Loss: 2.8415, Avg Validation Loss: 2.8399
Epoch 192, Avg Train Loss: 2.8414, Avg Validation Loss: 2.8428
Epoch 193, Avg Train Loss: 2.8419, Avg Validation Loss: 2.8406
Epoch 194, Avg Train Loss: 2.8408, Avg Validation Loss: 2.8412
Epoch 195, Avg Train Loss: 2.8424, Avg Validation Loss: 2.8395
Epoch 196, Avg Train Loss: 2.8411, Avg Validation Loss: 2.8398
Epoch 197, Avg Train Loss: 2.8412, Avg Validation Loss: 2.8393
Epoch 198, Avg Train Loss: 2.8410, Avg Validation Loss: 2.8405
Epoch 199, Avg Train Loss: 2.8413, Avg Validation Loss: 2.8394
Epoch 200, Avg Train Loss: 2.8407, Avg Validation Loss: 2.8449
Epoch 201, Avg Train Loss: 2.8419, Avg Validation Loss: 2.8419
Epoch 202, Avg Train Loss: 2.8417, Avg Validation Loss: 2.8396
Epoch 203, Avg Train Loss: 2.8417, Avg Validation Loss: 2.8406
Epoch 204, Avg Train Loss: 2.8420, Avg Validation Loss: 2.8399
Epoch 205, Avg Train Loss: 2.8410, Avg Validation Loss: 2.8415
Epoch 206, Avg Train Loss: 2.8417, Avg Validation Loss: 2.8405
Early stopping triggered
Best model loaded successfully.
KL divergence saved successfully.
KL divergence saved successfully.
