/work/gbadarac/MonoJet_NPLM/MonoJet_NPLM_analysis/Normalizing_Flows/EstimationNF_gaussians_outputs/job_3_6_32_12_719496
Epoch 0, Avg Train Loss: 10.1647, Avg Validation Loss: 9.2946
Epoch 1, Avg Train Loss: 8.4687, Avg Validation Loss: 7.8252
Epoch 2, Avg Train Loss: 7.2039, Avg Validation Loss: 6.7252
Epoch 3, Avg Train Loss: 6.2389, Avg Validation Loss: 5.8533
Epoch 4, Avg Train Loss: 5.4400, Avg Validation Loss: 5.0987
Epoch 5, Avg Train Loss: 4.7918, Avg Validation Loss: 4.6003
Epoch 6, Avg Train Loss: 4.3904, Avg Validation Loss: 4.2832
Epoch 7, Avg Train Loss: 4.1361, Avg Validation Loss: 4.0752
Epoch 8, Avg Train Loss: 3.9588, Avg Validation Loss: 3.9199
Epoch 9, Avg Train Loss: 3.8214, Avg Validation Loss: 3.7939
Epoch 10, Avg Train Loss: 3.7103, Avg Validation Loss: 3.6870
Epoch 11, Avg Train Loss: 3.6109, Avg Validation Loss: 3.5930
Epoch 12, Avg Train Loss: 3.5237, Avg Validation Loss: 3.5094
Epoch 13, Avg Train Loss: 3.4448, Avg Validation Loss: 3.4329
Epoch 14, Avg Train Loss: 3.3749, Avg Validation Loss: 3.3657
Epoch 15, Avg Train Loss: 3.3141, Avg Validation Loss: 3.3078
Epoch 16, Avg Train Loss: 3.2620, Avg Validation Loss: 3.2612
Epoch 17, Avg Train Loss: 3.2214, Avg Validation Loss: 3.2227
Epoch 18, Avg Train Loss: 3.1877, Avg Validation Loss: 3.1922
Epoch 19, Avg Train Loss: 3.1593, Avg Validation Loss: 3.1642
Epoch 20, Avg Train Loss: 3.1347, Avg Validation Loss: 3.1395
Epoch 21, Avg Train Loss: 3.1165, Avg Validation Loss: 3.1227
Epoch 22, Avg Train Loss: 3.1002, Avg Validation Loss: 3.1074
Epoch 23, Avg Train Loss: 3.0883, Avg Validation Loss: 3.0957
Epoch 24, Avg Train Loss: 3.0768, Avg Validation Loss: 3.0844
Epoch 25, Avg Train Loss: 3.0663, Avg Validation Loss: 3.0742
Epoch 26, Avg Train Loss: 3.0580, Avg Validation Loss: 3.0652
Epoch 27, Avg Train Loss: 3.0502, Avg Validation Loss: 3.0581
Epoch 28, Avg Train Loss: 3.0408, Avg Validation Loss: 3.0466
Epoch 29, Avg Train Loss: 3.0308, Avg Validation Loss: 3.0379
Epoch 30, Avg Train Loss: 3.0238, Avg Validation Loss: 3.0311
Epoch 31, Avg Train Loss: 3.0174, Avg Validation Loss: 3.0240
Epoch 32, Avg Train Loss: 3.0104, Avg Validation Loss: 3.0175
Epoch 33, Avg Train Loss: 3.0050, Avg Validation Loss: 3.0116
Epoch 34, Avg Train Loss: 2.9996, Avg Validation Loss: 3.0058
Epoch 35, Avg Train Loss: 2.9938, Avg Validation Loss: 3.0004
Epoch 36, Avg Train Loss: 2.9891, Avg Validation Loss: 2.9948
Epoch 37, Avg Train Loss: 2.9826, Avg Validation Loss: 2.9893
Epoch 38, Avg Train Loss: 2.9775, Avg Validation Loss: 2.9844
Epoch 39, Avg Train Loss: 2.9728, Avg Validation Loss: 2.9790
Epoch 40, Avg Train Loss: 2.9681, Avg Validation Loss: 2.9737
Epoch 41, Avg Train Loss: 2.9631, Avg Validation Loss: 2.9685
Epoch 42, Avg Train Loss: 2.9583, Avg Validation Loss: 2.9639
Epoch 43, Avg Train Loss: 2.9537, Avg Validation Loss: 2.9595
Epoch 44, Avg Train Loss: 2.9483, Avg Validation Loss: 2.9544
Epoch 45, Avg Train Loss: 2.9426, Avg Validation Loss: 2.9496
Epoch 46, Avg Train Loss: 2.9384, Avg Validation Loss: 2.9449
Epoch 47, Avg Train Loss: 2.9338, Avg Validation Loss: 2.9395
Epoch 48, Avg Train Loss: 2.9285, Avg Validation Loss: 2.9343
Epoch 49, Avg Train Loss: 2.9233, Avg Validation Loss: 2.9292
Epoch 50, Avg Train Loss: 2.9190, Avg Validation Loss: 2.9241
Epoch 51, Avg Train Loss: 2.9141, Avg Validation Loss: 2.9198
Epoch 52, Avg Train Loss: 2.9098, Avg Validation Loss: 2.9154
Epoch 53, Avg Train Loss: 2.9067, Avg Validation Loss: 2.9121
Epoch 54, Avg Train Loss: 2.9039, Avg Validation Loss: 2.9085
Epoch 55, Avg Train Loss: 2.8993, Avg Validation Loss: 2.9057
Epoch 56, Avg Train Loss: 2.8972, Avg Validation Loss: 2.9033
Epoch 57, Avg Train Loss: 2.8948, Avg Validation Loss: 2.9007
Epoch 58, Avg Train Loss: 2.8925, Avg Validation Loss: 2.8978
Epoch 59, Avg Train Loss: 2.8895, Avg Validation Loss: 2.8967
Epoch 60, Avg Train Loss: 2.8891, Avg Validation Loss: 2.8939
Epoch 61, Avg Train Loss: 2.8870, Avg Validation Loss: 2.8920
Epoch 62, Avg Train Loss: 2.8843, Avg Validation Loss: 2.8903
Epoch 63, Avg Train Loss: 2.8840, Avg Validation Loss: 2.8888
Epoch 64, Avg Train Loss: 2.8816, Avg Validation Loss: 2.8871
Epoch 65, Avg Train Loss: 2.8803, Avg Validation Loss: 2.8848
Epoch 66, Avg Train Loss: 2.8787, Avg Validation Loss: 2.8837
Epoch 67, Avg Train Loss: 2.8771, Avg Validation Loss: 2.8815
Epoch 68, Avg Train Loss: 2.8755, Avg Validation Loss: 2.8807
Epoch 69, Avg Train Loss: 2.8740, Avg Validation Loss: 2.8789
Epoch 70, Avg Train Loss: 2.8743, Avg Validation Loss: 2.8784
Epoch 71, Avg Train Loss: 2.8716, Avg Validation Loss: 2.8775
Epoch 72, Avg Train Loss: 2.8711, Avg Validation Loss: 2.8759
Epoch 73, Avg Train Loss: 2.8702, Avg Validation Loss: 2.8749
Epoch 74, Avg Train Loss: 2.8693, Avg Validation Loss: 2.8738
Epoch 75, Avg Train Loss: 2.8688, Avg Validation Loss: 2.8737
Epoch 76, Avg Train Loss: 2.8675, Avg Validation Loss: 2.8720
Epoch 77, Avg Train Loss: 2.8660, Avg Validation Loss: 2.8710
Epoch 78, Avg Train Loss: 2.8652, Avg Validation Loss: 2.8711
Epoch 79, Avg Train Loss: 2.8652, Avg Validation Loss: 2.8701
Epoch 80, Avg Train Loss: 2.8637, Avg Validation Loss: 2.8686
Epoch 81, Avg Train Loss: 2.8629, Avg Validation Loss: 2.8685
Epoch 82, Avg Train Loss: 2.8626, Avg Validation Loss: 2.8681
Epoch 83, Avg Train Loss: 2.8620, Avg Validation Loss: 2.8667
Epoch 84, Avg Train Loss: 2.8608, Avg Validation Loss: 2.8660
Epoch 85, Avg Train Loss: 2.8605, Avg Validation Loss: 2.8661
Epoch 86, Avg Train Loss: 2.8599, Avg Validation Loss: 2.8668
Epoch 87, Avg Train Loss: 2.8594, Avg Validation Loss: 2.8647
Epoch 88, Avg Train Loss: 2.8598, Avg Validation Loss: 2.8648
Epoch 89, Avg Train Loss: 2.8592, Avg Validation Loss: 2.8634
Epoch 90, Avg Train Loss: 2.8578, Avg Validation Loss: 2.8635
Epoch 91, Avg Train Loss: 2.8570, Avg Validation Loss: 2.8630
Epoch 92, Avg Train Loss: 2.8571, Avg Validation Loss: 2.8629
Epoch 93, Avg Train Loss: 2.8568, Avg Validation Loss: 2.8620
Epoch 94, Avg Train Loss: 2.8562, Avg Validation Loss: 2.8620
Epoch 95, Avg Train Loss: 2.8556, Avg Validation Loss: 2.8610
Epoch 96, Avg Train Loss: 2.8551, Avg Validation Loss: 2.8613
Epoch 97, Avg Train Loss: 2.8545, Avg Validation Loss: 2.8630
Epoch 98, Avg Train Loss: 2.8547, Avg Validation Loss: 2.8609
Epoch 99, Avg Train Loss: 2.8537, Avg Validation Loss: 2.8604
Epoch 100, Avg Train Loss: 2.8539, Avg Validation Loss: 2.8594
Epoch 101, Avg Train Loss: 2.8542, Avg Validation Loss: 2.8590
Epoch 102, Avg Train Loss: 2.8534, Avg Validation Loss: 2.8593
Epoch 103, Avg Train Loss: 2.8525, Avg Validation Loss: 2.8593
Epoch 104, Avg Train Loss: 2.8523, Avg Validation Loss: 2.8585
Epoch 105, Avg Train Loss: 2.8519, Avg Validation Loss: 2.8591
Epoch 106, Avg Train Loss: 2.8519, Avg Validation Loss: 2.8586
Epoch 107, Avg Train Loss: 2.8509, Avg Validation Loss: 2.8575
Epoch 108, Avg Train Loss: 2.8506, Avg Validation Loss: 2.8573
Epoch 109, Avg Train Loss: 2.8506, Avg Validation Loss: 2.8573
Epoch 110, Avg Train Loss: 2.8501, Avg Validation Loss: 2.8582
Epoch 111, Avg Train Loss: 2.8496, Avg Validation Loss: 2.8593
Epoch 112, Avg Train Loss: 2.8494, Avg Validation Loss: 2.8563
Epoch 113, Avg Train Loss: 2.8494, Avg Validation Loss: 2.8560
Epoch 114, Avg Train Loss: 2.8493, Avg Validation Loss: 2.8557
Epoch 115, Avg Train Loss: 2.8484, Avg Validation Loss: 2.8565
Epoch 116, Avg Train Loss: 2.8483, Avg Validation Loss: 2.8574
Epoch 117, Avg Train Loss: 2.8486, Avg Validation Loss: 2.8560
Epoch 118, Avg Train Loss: 2.8477, Avg Validation Loss: 2.8555
Epoch 119, Avg Train Loss: 2.8482, Avg Validation Loss: 2.8551
Epoch 120, Avg Train Loss: 2.8484, Avg Validation Loss: 2.8550
Epoch 121, Avg Train Loss: 2.8470, Avg Validation Loss: 2.8548
Epoch 122, Avg Train Loss: 2.8482, Avg Validation Loss: 2.8541
Epoch 123, Avg Train Loss: 2.8468, Avg Validation Loss: 2.8534
Epoch 124, Avg Train Loss: 2.8474, Avg Validation Loss: 2.8537
Epoch 125, Avg Train Loss: 2.8465, Avg Validation Loss: 2.8539
Epoch 126, Avg Train Loss: 2.8463, Avg Validation Loss: 2.8533
Epoch 127, Avg Train Loss: 2.8462, Avg Validation Loss: 2.8531
Epoch 128, Avg Train Loss: 2.8457, Avg Validation Loss: 2.8532
Epoch 129, Avg Train Loss: 2.8464, Avg Validation Loss: 2.8524
Epoch 130, Avg Train Loss: 2.8458, Avg Validation Loss: 2.8524
Epoch 131, Avg Train Loss: 2.8454, Avg Validation Loss: 2.8517
Epoch 132, Avg Train Loss: 2.8453, Avg Validation Loss: 2.8522
Epoch 133, Avg Train Loss: 2.8453, Avg Validation Loss: 2.8526
Epoch 134, Avg Train Loss: 2.8454, Avg Validation Loss: 2.8516
Epoch 135, Avg Train Loss: 2.8449, Avg Validation Loss: 2.8515
Epoch 136, Avg Train Loss: 2.8446, Avg Validation Loss: 2.8518
Epoch 137, Avg Train Loss: 2.8446, Avg Validation Loss: 2.8519
Epoch 138, Avg Train Loss: 2.8451, Avg Validation Loss: 2.8534
Epoch 139, Avg Train Loss: 2.8448, Avg Validation Loss: 2.8552
Epoch 140, Avg Train Loss: 2.8444, Avg Validation Loss: 2.8516
Epoch 141, Avg Train Loss: 2.8443, Avg Validation Loss: 2.8504
Epoch 142, Avg Train Loss: 2.8442, Avg Validation Loss: 2.8513
Epoch 143, Avg Train Loss: 2.8439, Avg Validation Loss: 2.8507
Epoch 144, Avg Train Loss: 2.8437, Avg Validation Loss: 2.8505
Epoch 145, Avg Train Loss: 2.8434, Avg Validation Loss: 2.8516
Epoch 146, Avg Train Loss: 2.8438, Avg Validation Loss: 2.8499
Epoch 147, Avg Train Loss: 2.8437, Avg Validation Loss: 2.8499
Epoch 148, Avg Train Loss: 2.8435, Avg Validation Loss: 2.8506
Epoch 149, Avg Train Loss: 2.8431, Avg Validation Loss: 2.8497
Epoch 150, Avg Train Loss: 2.8434, Avg Validation Loss: 2.8496
Epoch 151, Avg Train Loss: 2.8427, Avg Validation Loss: 2.8504
Epoch 152, Avg Train Loss: 2.8431, Avg Validation Loss: 2.8494
Epoch 153, Avg Train Loss: 2.8431, Avg Validation Loss: 2.8506
Epoch 154, Avg Train Loss: 2.8436, Avg Validation Loss: 2.8502
Epoch 155, Avg Train Loss: 2.8425, Avg Validation Loss: 2.8496
Epoch 156, Avg Train Loss: 2.8421, Avg Validation Loss: 2.8517
Epoch 157, Avg Train Loss: 2.8423, Avg Validation Loss: 2.8496
Epoch 158, Avg Train Loss: 2.8425, Avg Validation Loss: 2.8487
Epoch 159, Avg Train Loss: 2.8422, Avg Validation Loss: 2.8502
Epoch 160, Avg Train Loss: 2.8427, Avg Validation Loss: 2.8491
Epoch 161, Avg Train Loss: 2.8418, Avg Validation Loss: 2.8490
Epoch 162, Avg Train Loss: 2.8422, Avg Validation Loss: 2.8497
Epoch 163, Avg Train Loss: 2.8432, Avg Validation Loss: 2.8498
Epoch 164, Avg Train Loss: 2.8421, Avg Validation Loss: 2.8488
Epoch 165, Avg Train Loss: 2.8425, Avg Validation Loss: 2.8522
Epoch 166, Avg Train Loss: 2.8428, Avg Validation Loss: 2.8496
Epoch 167, Avg Train Loss: 2.8414, Avg Validation Loss: 2.8493
Epoch 168, Avg Train Loss: 2.8418, Avg Validation Loss: 2.8480
Epoch 169, Avg Train Loss: 2.8419, Avg Validation Loss: 2.8493
Epoch 170, Avg Train Loss: 2.8422, Avg Validation Loss: 2.8477
Epoch 171, Avg Train Loss: 2.8420, Avg Validation Loss: 2.8479
Epoch 172, Avg Train Loss: 2.8413, Avg Validation Loss: 2.8500
Epoch 173, Avg Train Loss: 2.8415, Avg Validation Loss: 2.8486
Epoch 174, Avg Train Loss: 2.8411, Avg Validation Loss: 2.8483
Epoch 175, Avg Train Loss: 2.8420, Avg Validation Loss: 2.8486
Epoch 176, Avg Train Loss: 2.8410, Avg Validation Loss: 2.8497
Epoch 177, Avg Train Loss: 2.8413, Avg Validation Loss: 2.8498
Epoch 178, Avg Train Loss: 2.8414, Avg Validation Loss: 2.8476
Epoch 179, Avg Train Loss: 2.8410, Avg Validation Loss: 2.8480
Epoch 180, Avg Train Loss: 2.8411, Avg Validation Loss: 2.8483
Epoch 181, Avg Train Loss: 2.8413, Avg Validation Loss: 2.8485
Epoch 182, Avg Train Loss: 2.8410, Avg Validation Loss: 2.8477
Epoch 183, Avg Train Loss: 2.8411, Avg Validation Loss: 2.8470
Epoch 184, Avg Train Loss: 2.8407, Avg Validation Loss: 2.8475
Epoch 185, Avg Train Loss: 2.8400, Avg Validation Loss: 2.8475
Epoch 186, Avg Train Loss: 2.8406, Avg Validation Loss: 2.8488
Epoch 187, Avg Train Loss: 2.8413, Avg Validation Loss: 2.8473
Epoch 188, Avg Train Loss: 2.8407, Avg Validation Loss: 2.8479
Epoch 189, Avg Train Loss: 2.8403, Avg Validation Loss: 2.8484
Epoch 190, Avg Train Loss: 2.8409, Avg Validation Loss: 2.8477
Epoch 191, Avg Train Loss: 2.8407, Avg Validation Loss: 2.8481
Epoch 192, Avg Train Loss: 2.8411, Avg Validation Loss: 2.8475
Early stopping triggered
Best model loaded successfully.
KL divergence saved successfully.
KL divergence saved successfully.
