Initial weights: [0.01666667 0.01666667 0.01666667 0.01666667 0.01666667 0.01666667
 0.01666667 0.01666667 0.01666667 0.01666667 0.01666667 0.01666667
 0.01666667 0.01666667 0.01666667 0.01666667 0.01666667 0.01666667
 0.01666667 0.01666667 0.01666667 0.01666667 0.01666667 0.01666667
 0.01666667 0.01666667 0.01666667 0.01666667 0.01666667 0.01666667
 0.01666667 0.01666667 0.01666667 0.01666667 0.01666667 0.01666667
 0.01666667 0.01666667 0.01666667 0.01666667 0.01666667 0.01666667
 0.01666667 0.01666667 0.01666667 0.01666667 0.01666667 0.01666667
 0.01666667 0.01666667 0.01666667 0.01666667 0.01666667 0.01666667
 0.01666667 0.01666667 0.01666667 0.01666667 0.01666667 0.01666667]
w_i_init_torch: tensor([ 0.0034, -0.0036, -0.0163,  0.0215, -0.0348, -0.0131, -0.0564, -0.0163,
         0.0052,  0.0081,  0.0272, -0.0167,  0.0003,  0.0460,  0.0025,  0.0142,
         0.0172, -0.0427, -0.0075,  0.0302, -0.0088, -0.0349, -0.0017, -0.0087,
         0.0172, -0.0354, -0.0187, -0.0042,  0.0148,  0.0443, -0.0286, -0.0344,
         0.0227, -0.0266,  0.0020,  0.0032,  0.0548, -0.0101,  0.0141,  0.0455,
        -0.0214, -0.0381, -0.0099,  0.0369, -0.0190,  0.0094,  0.0138,  0.0369,
         0.0003, -0.0098, -0.0372,  0.0445, -0.0490,  0.0036, -0.0370, -0.0059,
        -0.0345,  0.0787,  0.0050,  0.0231], dtype=torch.float64,
       requires_grad=True)
Attempt 1 failed with exception: list index out of range
w_i_init_torch: tensor([-0.0362,  0.0124,  0.0256,  0.0119,  0.0294,  0.0238,  0.0680,  0.0201,
         0.0107,  0.0143, -0.0179,  0.0147,  0.0035, -0.0559, -0.0238,  0.0168,
         0.0236, -0.0103,  0.0141,  0.0254, -0.0379, -0.0589, -0.0042,  0.0061,
         0.0286,  0.0395,  0.0006,  0.0206,  0.0283,  0.0262, -0.0155,  0.0240,
        -0.0182, -0.0596, -0.0130,  0.0123, -0.0570,  0.0071, -0.0138, -0.0364,
         0.0152, -0.0464, -0.0013, -0.0420, -0.0198, -0.0079,  0.0048, -0.0328,
         0.0010,  0.0093, -0.0343,  0.0357,  0.0629,  0.0181,  0.0548, -0.0097,
         0.0295,  0.0629, -0.0056,  0.0313], dtype=torch.float64,
       requires_grad=True)
Attempt 2 failed with exception: list index out of range
w_i_init_torch: tensor([-2.3906e-02, -6.3202e-03,  3.7684e-02, -1.7524e-02,  3.8223e-02,
         5.6292e-03, -4.5653e-02,  2.0305e-03,  1.4075e-04,  3.1019e-05,
        -7.6041e-03,  2.7632e-03, -7.5920e-03,  5.4346e-02,  3.6637e-02,
         2.2815e-02,  3.1579e-02, -3.1197e-02,  1.5199e-02, -1.5982e-02,
         2.3703e-02, -7.9177e-02, -9.7284e-03,  1.4833e-02, -4.4404e-02,
         2.7524e-02,  9.1793e-03,  1.3161e-02,  2.9718e-02,  2.1711e-02,
        -2.0328e-02, -3.0855e-02, -4.2884e-03, -4.5951e-02,  1.3047e-02,
        -1.0787e-02, -4.9829e-02, -1.7630e-02, -1.3323e-02,  3.7096e-02,
        -3.5549e-02,  5.7942e-02,  1.2351e-02,  2.2357e-02, -9.2086e-03,
        -4.6410e-04,  9.0549e-03,  3.6501e-02, -4.3489e-03, -7.0334e-04,
         3.6028e-02, -3.4680e-02, -5.4465e-02,  1.8779e-02,  5.3735e-02,
        -9.3802e-03, -2.2649e-02, -9.3509e-02,  3.7599e-02,  1.3327e-02],
       dtype=torch.float64, requires_grad=True)
Attempt 3 failed with exception: list index out of range
w_i_init_torch: tensor([ 1.8094e-03,  2.1608e-02,  3.4876e-02,  1.8365e-02,  3.5488e-02,
         1.1520e-02, -3.7561e-02,  1.9185e-02, -2.5971e-02, -1.3245e-02,
        -2.7672e-02,  1.5452e-02,  8.8663e-04, -2.2595e-02,  8.2907e-03,
         2.1941e-02, -9.4163e-03,  1.0172e-02,  8.5723e-03,  2.5672e-02,
         2.7610e-02,  4.8546e-02, -4.9263e-03,  7.9245e-03,  4.8379e-02,
        -4.0882e-02, -6.8111e-03,  1.8794e-03, -2.1518e-02,  3.7955e-02,
         1.8859e-02, -2.0179e-02, -1.6256e-02, -4.8623e-02,  1.8501e-02,
         1.3692e-02,  5.5699e-02, -8.8567e-04,  1.9255e-02,  4.3754e-02,
        -1.9652e-02,  4.1385e-02,  3.7553e-03, -4.9912e-02, -1.6814e-02,
         3.5197e-03,  1.5282e-02,  1.4100e-02, -1.5147e-02,  2.1513e-03,
         3.5821e-02,  3.9353e-02,  6.0097e-02,  4.4766e-03,  4.9677e-02,
         9.0482e-05,  3.8545e-02, -6.7139e-02, -2.5405e-02,  3.7274e-02],
       dtype=torch.float64, requires_grad=True)
Final loss (NLL): 0.5386555569022635
Final weights: tensor([ 2.6660e-02,  4.9029e-03,  5.4670e-05,  1.9149e-02,  6.4070e-02,
         9.3286e-03,  3.6494e-02,  8.7958e-02,  7.6974e-02, -1.5255e-02,
        -3.9479e-02, -1.5420e-02, -1.5285e-02,  8.7044e-02,  5.7290e-02,
         1.5961e-02, -3.6252e-02, -4.3677e-02, -1.4823e-04, -3.4308e-02,
        -2.3378e-02,  3.6204e-02,  3.1594e-02,  8.5678e-03,  1.2468e-02,
         2.5487e-02,  1.9723e-02,  2.5634e-02,  6.8171e-02, -9.8194e-03,
         8.0849e-03,  2.1400e-02,  3.2348e-02,  6.7841e-02,  4.6322e-02,
         4.8491e-02, -3.6525e-02, -1.7060e-02,  4.7686e-02,  1.4837e-02,
         3.4592e-02, -2.2595e-02, -6.4887e-02,  1.0992e-01, -3.1935e-03,
        -7.6124e-02, -2.0110e-02,  4.2485e-02,  3.6925e-02, -1.5192e-02,
         4.6197e-02,  4.1148e-02, -9.9237e-03,  4.3357e-02,  3.0554e-02,
        -1.3172e-02, -2.7091e-02,  6.0365e-02,  2.3911e-02,  6.8697e-02],
       dtype=torch.float64)
Sum of weights: 0.9999999439945081
