Initial weights: [0.01666667 0.01666667 0.01666667 0.01666667 0.01666667 0.01666667
 0.01666667 0.01666667 0.01666667 0.01666667 0.01666667 0.01666667
 0.01666667 0.01666667 0.01666667 0.01666667 0.01666667 0.01666667
 0.01666667 0.01666667 0.01666667 0.01666667 0.01666667 0.01666667
 0.01666667 0.01666667 0.01666667 0.01666667 0.01666667 0.01666667
 0.01666667 0.01666667 0.01666667 0.01666667 0.01666667 0.01666667
 0.01666667 0.01666667 0.01666667 0.01666667 0.01666667 0.01666667
 0.01666667 0.01666667 0.01666667 0.01666667 0.01666667 0.01666667
 0.01666667 0.01666667 0.01666667 0.01666667 0.01666667 0.01666667
 0.01666667 0.01666667 0.01666667 0.01666667 0.01666667 0.01666667]
w_i_init_torch tensor([ 0.0180, -0.0167,  0.0130,  0.0244,  0.0227,  0.0269,  0.0272,  0.0052,
        -0.0081,  0.0328, -0.0184,  0.0147, -0.0139, -0.0405,  0.0106, -0.0187,
        -0.0166,  0.0162, -0.0191, -0.0251,  0.0130,  0.0270, -0.0033, -0.0265,
         0.0073, -0.0096, -0.0193,  0.0124,  0.0277, -0.0178, -0.0239, -0.0324,
        -0.0074,  0.0136, -0.0304, -0.0260,  0.0215, -0.0191, -0.0024, -0.0125,
         0.0260, -0.0332, -0.0261,  0.0152,  0.0102, -0.0102,  0.0200,  0.0149,
        -0.0105,  0.0168, -0.0209, -0.0170, -0.0030,  0.0008, -0.0145, -0.0116,
        -0.0161,  0.0144,  0.0123, -0.0086], dtype=torch.float64,
       requires_grad=True)
Attempt 1: Optimization failed with error: list index out of range
w_i_init_torch tensor([ 0.0320,  0.0263,  0.0280,  0.0095,  0.0114,  0.0212,  0.0238,  0.0095,
         0.0100, -0.0227,  0.0122,  0.0118, -0.0243, -0.0154,  0.0184, -0.0090,
        -0.0009,  0.0249, -0.0265,  0.0208, -0.0098, -0.0216,  0.0152,  0.0033,
        -0.0271,  0.0234, -0.0198, -0.0019, -0.0096,  0.0072, -0.0157, -0.0061,
        -0.0036, -0.0291,  0.0162, -0.0166, -0.0206, -0.0096,  0.0387,  0.0207,
         0.0050,  0.0103,  0.0073,  0.0223,  0.0114,  0.0245, -0.0311, -0.0158,
        -0.0342,  0.0108, -0.0324,  0.0120,  0.0226, -0.0130,  0.0119,  0.0176,
         0.0299,  0.0265, -0.0142,  0.0221], dtype=torch.float64,
       requires_grad=True)
Attempt 2: Optimization failed with error: list index out of range
w_i_init_torch tensor([-0.0145,  0.0156,  0.0222, -0.0267,  0.0351, -0.0176,  0.0053, -0.0130,
        -0.0004,  0.0015,  0.0238, -0.0120, -0.0079, -0.0173,  0.0129, -0.0044,
         0.0185, -0.0008,  0.0064, -0.0081, -0.0119, -0.0204, -0.0215, -0.0003,
         0.0125, -0.0053, -0.0288,  0.0101, -0.0124,  0.0178, -0.0270,  0.0069,
        -0.0186, -0.0245, -0.0077, -0.0038, -0.0209, -0.0083,  0.0059, -0.0183,
         0.0131, -0.0171, -0.0201, -0.0264, -0.0215, -0.0170, -0.0156,  0.0162,
         0.0230, -0.0099,  0.0205, -0.0078,  0.0407, -0.0299, -0.0228,  0.0092,
         0.0202, -0.0244,  0.0138,  0.0139], dtype=torch.float64,
       requires_grad=True)
Attempt 3: Optimization failed with error: list index out of range
w_i_init_torch tensor([ 0.0275, -0.0181,  0.0117,  0.0294, -0.0327, -0.0207, -0.0229, -0.0050,
        -0.0313,  0.0120, -0.0030,  0.0103, -0.0020,  0.0130, -0.0233,  0.0202,
        -0.0285, -0.0157, -0.0236, -0.0242,  0.0240,  0.0158, -0.0218,  0.0252,
        -0.0149, -0.0088,  0.0038, -0.0282,  0.0030, -0.0177, -0.0228, -0.0221,
         0.0162, -0.0279, -0.0194,  0.0323,  0.0117, -0.0106,  0.0166,  0.0219,
        -0.0232, -0.0375,  0.0154,  0.0236, -0.0224, -0.0227,  0.0324,  0.0103,
        -0.0131,  0.0300,  0.0344, -0.0112, -0.0203, -0.0258, -0.0350, -0.0262,
         0.0195, -0.0031,  0.0324, -0.0200], dtype=torch.float64,
       requires_grad=True)
Attempt 4: Optimization failed with error: list index out of range
w_i_init_torch tensor([-1.4511e-02,  2.2487e-02, -1.6819e-02, -3.8528e-03, -4.8991e-03,
         2.8938e-03, -4.3755e-03,  2.1541e-02,  1.0951e-02, -4.5827e-03,
        -3.0023e-02,  3.1436e-02,  2.4490e-03, -1.2866e-02, -1.4670e-02,
         1.4195e-02,  2.8287e-02,  1.4175e-02, -1.3332e-02,  7.6275e-03,
         2.1125e-02, -5.0111e-03, -1.8137e-02,  2.2762e-02, -2.7806e-02,
        -1.4982e-02, -1.1265e-02, -1.4902e-02, -3.4374e-03,  1.3246e-02,
         1.1070e-02,  1.9203e-02, -7.5523e-05,  1.5767e-02, -2.8487e-02,
         9.2307e-03,  2.5250e-02, -3.2725e-02,  3.2267e-02, -1.9319e-02,
         2.3875e-02, -1.7747e-02, -1.9557e-02,  4.6484e-03, -1.1483e-03,
         2.5005e-02,  3.0998e-02,  2.7323e-02,  3.0841e-02,  1.0344e-02,
        -3.1122e-02,  1.3190e-02, -1.1236e-02,  2.2920e-02, -3.0361e-02,
        -1.9109e-02, -1.7439e-02,  2.7575e-02,  2.7533e-02, -1.2441e-02],
       dtype=torch.float64, requires_grad=True)
Attempt 5: Optimization failed with error: list index out of range
w_i_init_torch tensor([ 0.0344, -0.0075, -0.0335,  0.0072,  0.0109, -0.0196,  0.0187,  0.0178,
        -0.0223,  0.0107,  0.0030, -0.0217, -0.0349,  0.0116, -0.0085,  0.0124,
        -0.0086,  0.0290,  0.0037, -0.0371, -0.0241, -0.0057,  0.0229, -0.0403,
         0.0345, -0.0174,  0.0077,  0.0211, -0.0346, -0.0280,  0.0074,  0.0071,
        -0.0266,  0.0325,  0.0118, -0.0155, -0.0271,  0.0320,  0.0269, -0.0205,
        -0.0209, -0.0241, -0.0318,  0.0156, -0.0008, -0.0096, -0.0161, -0.0261,
        -0.0246, -0.0434, -0.0104, -0.0018,  0.0282,  0.0077,  0.0157, -0.0005,
         0.0198, -0.0315, -0.0111, -0.0301], dtype=torch.float64,
       requires_grad=True)
Attempt 6: Optimization failed with error: list index out of range
w_i_init_torch tensor([-0.0259,  0.0326,  0.0313,  0.0083,  0.0240, -0.0254,  0.0103, -0.0305,
         0.0003,  0.0306, -0.0243, -0.0249,  0.0476, -0.0253,  0.0400,  0.0158,
         0.0240,  0.0331, -0.0061, -0.0239,  0.0120,  0.0245,  0.0199, -0.0187,
        -0.0144, -0.0084,  0.0031,  0.0227,  0.0249, -0.0123, -0.0183,  0.0295,
        -0.0267,  0.0050, -0.0125, -0.0055, -0.0250, -0.0197,  0.0242, -0.0145,
         0.0052, -0.0099, -0.0346, -0.0289, -0.0233,  0.0221,  0.0185,  0.0191,
        -0.0159,  0.0240, -0.0471, -0.0215, -0.0264, -0.0105, -0.0030,  0.0092,
         0.0251,  0.0103,  0.0087, -0.0022], dtype=torch.float64,
       requires_grad=True)
Attempt 7: Optimization failed with error: list index out of range
w_i_init_torch tensor([ 0.0140, -0.0268,  0.0183,  0.0147,  0.0302,  0.0134,  0.0189,  0.0351,
        -0.0206, -0.0132,  0.0228,  0.0046, -0.0087, -0.0193,  0.0391,  0.0301,
         0.0369, -0.0280,  0.0327, -0.0270,  0.0147,  0.0106,  0.0221,  0.0152,
        -0.0162,  0.0058,  0.0231,  0.0321,  0.0250, -0.0136, -0.0146, -0.0154,
         0.0148, -0.0407,  0.0288,  0.0031,  0.0057, -0.0039,  0.0066,  0.0160,
        -0.0019,  0.0197, -0.0199, -0.0228,  0.0201,  0.0379, -0.0214, -0.0294,
        -0.0173,  0.0028,  0.0141,  0.0060,  0.0343,  0.0036,  0.0184,  0.0094,
        -0.0317, -0.0042,  0.0244,  0.0113], dtype=torch.float64,
       requires_grad=True)
Attempt 8: Optimization failed with error: list index out of range
w_i_init_torch tensor([-0.0108,  0.0095,  0.0145,  0.0096,  0.0124, -0.0341, -0.0184, -0.0017,
        -0.0075,  0.0237, -0.0261, -0.0103,  0.0016,  0.0184, -0.0072, -0.0162,
        -0.0192, -0.0229, -0.0083, -0.0210, -0.0078,  0.0318, -0.0154,  0.0049,
        -0.0200,  0.0202,  0.0222,  0.0155,  0.0391, -0.0212, -0.0110,  0.0410,
         0.0332, -0.0214,  0.0088, -0.0241, -0.0103, -0.0269, -0.0177, -0.0046,
         0.0119, -0.0115,  0.0225,  0.0165,  0.0023,  0.0259,  0.0344,  0.0183,
         0.0167,  0.0230,  0.0017,  0.0024, -0.0072,  0.0205, -0.0096, -0.0193,
         0.0183, -0.0192, -0.0324, -0.0092], dtype=torch.float64,
       requires_grad=True)
Attempt 9: Optimization failed with error: list index out of range
w_i_init_torch tensor([ 0.0126, -0.0229,  0.0173,  0.0291,  0.0247,  0.0213,  0.0239, -0.0202,
        -0.0139,  0.0004, -0.0179,  0.0123, -0.0096, -0.0020,  0.0089,  0.0206,
        -0.0073, -0.0126, -0.0280, -0.0104,  0.0305, -0.0203, -0.0259,  0.0199,
        -0.0258,  0.0241,  0.0126, -0.0066, -0.0101,  0.0174, -0.0154, -0.0049,
        -0.0056, -0.0026,  0.0277, -0.0108, -0.0093,  0.0249,  0.0263, -0.0150,
         0.0147, -0.0107,  0.0244,  0.0202,  0.0135, -0.0152, -0.0107,  0.0237,
        -0.0052, -0.0314, -0.0039,  0.0219, -0.0193,  0.0019,  0.0152,  0.0040,
         0.0263,  0.0183,  0.0058,  0.0225], dtype=torch.float64,
       requires_grad=True)
Attempt 10: Optimization failed with error: list index out of range
w_i_init_torch tensor([-2.4213e-02, -3.6010e-02,  1.2596e-02, -6.3475e-03,  1.0438e-02,
        -1.1929e-02, -2.4313e-02, -8.9680e-04, -1.4245e-02,  2.2708e-02,
         2.0620e-02, -2.2722e-02, -1.8291e-02,  2.5570e-02,  1.6600e-02,
        -4.4695e-05,  3.8134e-03, -1.5080e-02, -8.3866e-03, -3.3752e-02,
        -1.9593e-02, -2.4669e-02,  2.3201e-02,  1.1614e-02,  1.8422e-02,
         1.1067e-02, -1.8345e-02,  4.6708e-04, -2.5176e-02,  1.5190e-02,
         2.9561e-02, -4.7191e-03,  1.2570e-02,  1.4668e-02,  1.4314e-02,
         1.8992e-02, -2.2878e-02,  2.0490e-02,  2.6488e-02,  7.0082e-03,
        -1.0090e-02, -2.8480e-02, -2.2250e-02, -7.1411e-03, -1.3660e-02,
        -1.1086e-02, -2.5957e-02,  3.3144e-02, -4.2917e-04, -1.1177e-02,
         2.1072e-02,  5.6116e-03,  1.6652e-02, -4.0132e-02,  7.0791e-03,
         6.5065e-03, -8.3555e-03,  3.1128e-03,  3.6966e-02,  4.9295e-04],
       dtype=torch.float64, requires_grad=True)
Attempt 11: Optimization failed with error: list index out of range
w_i_init_torch tensor([ 0.0364,  0.0276, -0.0122,  0.0255, -0.0160,  0.0094, -0.0162, -0.0308,
        -0.0062,  0.0298,  0.0146,  0.0074,  0.0234,  0.0318, -0.0140,  0.0113,
         0.0283,  0.0163,  0.0204,  0.0300,  0.0192,  0.0060, -0.0090, -0.0277,
        -0.0188, -0.0178,  0.0218,  0.0219,  0.0192,  0.0082,  0.0218, -0.0021,
        -0.0251, -0.0070, -0.0222,  0.0241,  0.0080,  0.0333, -0.0231, -0.0146,
         0.0248,  0.0103,  0.0005,  0.0204,  0.0233,  0.0106, -0.0139, -0.0133,
         0.0304,  0.0368,  0.0240, -0.0266,  0.0025, -0.0043,  0.0173, -0.0102,
        -0.0414, -0.0120, -0.0191, -0.0168], dtype=torch.float64,
       requires_grad=True)
Final loss (NLL): 0.5386156898276684
Final weights: tensor([ 0.0489, -0.0549,  0.0217,  0.0400,  0.0104,  0.0634,  0.0098,  0.0756,
         0.0213,  0.0335,  0.0505, -0.0053,  0.0017,  0.0108,  0.0127,  0.0066,
         0.0315,  0.0264,  0.0262,  0.1018,  0.0717,  0.0223,  0.0015, -0.0130,
         0.0351,  0.0155,  0.0271,  0.0563,  0.0065,  0.0513,  0.0528, -0.0659,
         0.0601, -0.0258, -0.0198, -0.0387,  0.0280, -0.0160,  0.0431, -0.0626,
         0.0246,  0.0034, -0.0270,  0.0072, -0.0303,  0.0098, -0.0195, -0.0674,
         0.0384,  0.0571,  0.0251, -0.0116,  0.0485,  0.0325,  0.0231,  0.0251,
         0.0107, -0.0070,  0.0596,  0.0358], dtype=torch.float64)
Sum of weights: 0.9999999438658627
Weight covariance matrix:
 tensor([[ 4.9175e-04, -6.3037e-05, -2.3964e-05,  ..., -6.9634e-05,
          1.0438e-05, -4.4022e-06],
        [-6.3037e-05,  8.0673e-04, -2.6049e-05,  ...,  5.4975e-05,
         -2.0241e-05, -8.7293e-05],
        [-2.3964e-05, -2.6049e-05,  6.7484e-04,  ...,  1.2246e-04,
         -4.3884e-06, -3.6696e-05],
        ...,
        [-6.9634e-05,  5.4975e-05,  1.2246e-04,  ...,  1.1473e-03,
         -4.5271e-05, -1.0217e-04],
        [ 1.0438e-05, -2.0241e-05, -4.3884e-06,  ..., -4.5271e-05,
          7.8209e-04, -9.7282e-06],
        [-4.4022e-06, -8.7293e-05, -3.6696e-05,  ..., -1.0217e-04,
         -9.7282e-06,  6.6669e-04]], dtype=torch.float64,
       grad_fn=<DivBackward0>)
