Initial weights: [0.03125 0.03125 0.03125 0.03125 0.03125 0.03125 0.03125 0.03125 0.03125
 0.03125 0.03125 0.03125 0.03125 0.03125 0.03125 0.03125 0.03125 0.03125
 0.03125 0.03125 0.03125 0.03125 0.03125 0.03125 0.03125 0.03125 0.03125
 0.03125 0.03125 0.03125 0.03125 0.03125]
Optimization terminated successfully.
         Current function value: 0.545588
         Iterations: 95
         Function evaluations: 236
w_i_opt: tensor([2.3267e-01, 1.5204e-01, 1.6584e-02, 2.5588e-05, 2.6094e-01, 2.9486e-01,
        2.6749e-04, 1.7420e-01, 3.1189e-03, 4.4225e-02, 3.5818e-01, 1.3376e-01,
        2.1189e-01, 1.9625e-03, 2.9031e-01, 1.9912e-02, 1.4867e-01, 2.8095e-01,
        9.9373e-02, 3.0712e-02, 3.1013e-04, 7.7281e-02, 5.2087e-02, 4.4591e-04,
        1.0010e-04, 7.6622e-03, 4.6265e-01, 5.7470e-02, 1.1569e-01, 2.5004e-01,
        4.8648e-04, 2.3546e-01])
Sum of weights raw: 4.014314
Final weights: tensor([5.4134e-02, 2.3116e-02, 2.7504e-04, 6.5475e-10, 6.8088e-02, 8.6942e-02,
        7.1552e-08, 3.0344e-02, 9.7275e-06, 1.9558e-03, 1.2830e-01, 1.7893e-02,
        4.4896e-02, 3.8515e-06, 8.4279e-02, 3.9648e-04, 2.2103e-02, 7.8931e-02,
        9.8750e-03, 9.4321e-04, 9.6180e-08, 5.9724e-03, 2.7131e-03, 1.9884e-07,
        1.0020e-08, 5.8709e-05, 2.1404e-01, 3.3028e-03, 1.3384e-02, 6.2520e-02,
        2.3666e-07, 5.5439e-02])
Sum of weights: 1.0099146
