Initial weights: [0.03125 0.03125 0.03125 0.03125 0.03125 0.03125 0.03125 0.03125 0.03125
 0.03125 0.03125 0.03125 0.03125 0.03125 0.03125 0.03125 0.03125 0.03125
 0.03125 0.03125 0.03125 0.03125 0.03125 0.03125 0.03125 0.03125 0.03125
 0.03125 0.03125 0.03125 0.03125 0.03125]
Optimization terminated successfully.
         Current function value: 0.521061
         Iterations: 59
         Function evaluations: 165
w_i_opt: tensor([2.3852e-01, 1.5667e-01, 1.5676e-02, 1.3486e-05, 2.6904e-01, 3.0230e-01,
        1.4725e-04, 1.7683e-01, 1.9280e-03, 3.8229e-02, 3.6904e-01, 1.3273e-01,
        2.1826e-01, 1.1542e-03, 2.9769e-01, 1.5050e-02, 1.4810e-01, 2.8922e-01,
        9.4953e-02, 2.5105e-02, 1.7003e-04, 7.1563e-02, 4.6053e-02, 2.4786e-04,
        5.4806e-05, 5.1307e-03, 4.7396e-01, 5.0081e-02, 1.1427e-01, 2.6045e-01,
        2.6438e-04, 2.4502e-01])
Sum of weights raw: 4.05792
Final weights: tensor([5.6891e-02, 2.4546e-02, 2.4573e-04, 1.8186e-10, 7.2384e-02, 9.1386e-02,
        2.1684e-08, 3.1268e-02, 3.7172e-06, 1.4615e-03, 1.3619e-01, 1.7616e-02,
        4.7636e-02, 1.3322e-06, 8.8617e-02, 2.2650e-04, 2.1935e-02, 8.3650e-02,
        9.0161e-03, 6.3026e-04, 2.8911e-08, 5.1213e-03, 2.1209e-03, 6.1434e-08,
        3.0037e-09, 2.6324e-05, 2.2464e-01, 2.5081e-03, 1.3058e-02, 6.7832e-02,
        6.9894e-08, 6.0036e-02])
Sum of weights: 1.0590496
