Initial weights: [0.03125 0.03125 0.03125 0.03125 0.03125 0.03125 0.03125 0.03125 0.03125
 0.03125 0.03125 0.03125 0.03125 0.03125 0.03125 0.03125 0.03125 0.03125
 0.03125 0.03125 0.03125 0.03125 0.03125 0.03125 0.03125 0.03125 0.03125
 0.03125 0.03125 0.03125 0.03125 0.03125]
Optimization terminated successfully.
         Current function value: 0.550930
         Iterations: 9
         Function evaluations: 31
w_i_opt: tensor([0.1788, 0.1769, 0.1685, 0.1723, 0.1788, 0.1820, 0.1737, 0.1782, 0.1755,
        0.1764, 0.1793, 0.1778, 0.1778, 0.1757, 0.1794, 0.1758, 0.1785, 0.1787,
        0.1781, 0.1770, 0.1747, 0.1774, 0.1760, 0.1746, 0.1720, 0.1764, 0.1848,
        0.1767, 0.1773, 0.1776, 0.1741, 0.1783])
Sum of weights raw: 5.659216
Final weights: tensor([0.0320, 0.0313, 0.0284, 0.0297, 0.0320, 0.0331, 0.0302, 0.0318, 0.0308,
        0.0311, 0.0322, 0.0316, 0.0316, 0.0309, 0.0322, 0.0309, 0.0319, 0.0319,
        0.0317, 0.0313, 0.0305, 0.0315, 0.0310, 0.0305, 0.0296, 0.0311, 0.0341,
        0.0312, 0.0314, 0.0316, 0.0303, 0.0318])
Sum of weights: 1.001106
H_manual: 22.253821003075977
H:manual eigenvalues: [2.20928427e-03 3.98731419e+00 3.99445663e+00 3.99544086e+00
 3.99573320e+00 3.99595169e+00 3.99597856e+00 3.99627569e+00
 3.99654071e+00 3.99663080e+00 3.99671283e+00 3.99679755e+00
 3.99695010e+00 3.99702019e+00 3.99714161e+00 3.99727496e+00
 3.99735672e+00 3.99742206e+00 3.99746397e+00 3.99758766e+00
 3.99766243e+00 3.99772211e+00 3.99774440e+00 3.99778737e+00
 3.99783556e+00 3.99792003e+00 3.99803709e+00 3.99808717e+00
 3.99814101e+00 3.99832937e+00 3.99876332e+00 3.99993494e+00]
H_manual condition number: 1810.5116639031855
H_autograd eigenvalues: [6.52009474e-05 1.23680850e-03 1.67076279e-03 1.85911545e-03
 1.91296033e-03 1.96304185e-03 2.08010020e-03 2.16456434e-03
 2.21275239e-03 2.25573644e-03 2.27802405e-03 2.33770674e-03
 2.41246847e-03 2.53615336e-03 2.57806390e-03 2.64340134e-03
 2.72516865e-03 2.85851939e-03 2.97993305e-03 3.05002831e-03
 3.20257874e-03 3.28729359e-03 3.36932521e-03 3.45941931e-03
 3.72443594e-03 4.02156477e-03 4.04843287e-03 4.26691739e-03
 4.55926292e-03 5.54349301e-03 1.26859320e-02 3.99779037e+00]
H_autograd condition number: 61314.91224642628
‖H_manual - H_autograd‖ = 22.592710715276187
‖V @ U - I‖ = 5.655689906976128
‖V @ U @ V - V‖ = 452.63738353254246
[DEBUG] Feature 1
  f_binned stats: min=2.1035e-04, max=1.5618e+00, mean=4.4574e-01
  f_err stats   : min=7.9756e-09, max=5.6039e-05, mean=1.5905e-05
  Relative error f_err/f_binned: min=3.0242e-05, max=6.2570e-05
[DEBUG] Feature 2
  f_binned stats: min=1.8288e-04, max=1.0088e+00, mean=2.6774e-01
  f_err stats   : min=8.4949e-09, max=3.6120e-05, mean=1.0241e-05
  Relative error f_err/f_binned: min=3.3232e-05, max=1.2047e-04
