Initial weights: [0.03125 0.03125 0.03125 0.03125 0.03125 0.03125 0.03125 0.03125 0.03125
 0.03125 0.03125 0.03125 0.03125 0.03125 0.03125 0.03125 0.03125 0.03125
 0.03125 0.03125 0.03125 0.03125 0.03125 0.03125 0.03125 0.03125 0.03125
 0.03125 0.03125 0.03125 0.03125 0.03125]
Optimization terminated successfully.
         Current function value: 0.504846
         Iterations: 55
         Function evaluations: 154
w_i_opt: tensor([2.4230e-01, 1.5961e-01, 1.5478e-02, 1.1731e-05, 2.7386e-01, 3.0706e-01,
        1.2450e-04, 1.7887e-01, 1.6248e-03, 3.5897e-02, 3.7554e-01, 1.3301e-01,
        2.2205e-01, 9.6167e-04, 3.0239e-01, 1.3377e-02, 1.4874e-01, 2.9419e-01,
        9.3541e-02, 2.3054e-02, 1.4315e-04, 6.9314e-02, 4.3635e-02, 2.0828e-04,
        4.7206e-05, 4.3959e-03, 4.8126e-01, 4.7063e-02, 1.1422e-01, 2.6603e-01,
        2.1966e-04, 2.5032e-01])
Sum of weights raw: 4.098548
Final weights: tensor([5.8708e-02, 2.5477e-02, 2.3955e-04, 1.3761e-10, 7.4997e-02, 9.4287e-02,
        1.5501e-08, 3.1996e-02, 2.6398e-06, 1.2886e-03, 1.4103e-01, 1.7692e-02,
        4.9305e-02, 9.2480e-07, 9.1439e-02, 1.7895e-04, 2.2125e-02, 8.6549e-02,
        8.7499e-03, 5.3149e-04, 2.0493e-08, 4.8044e-03, 1.9040e-03, 4.3379e-08,
        2.2284e-09, 1.9324e-05, 2.3161e-01, 2.2149e-03, 1.3047e-02, 7.0770e-02,
        4.8250e-08, 6.2661e-02])
Sum of weights: 1.0916235
