Initial weights: [0.03125 0.03125 0.03125 0.03125 0.03125 0.03125 0.03125 0.03125 0.03125
 0.03125 0.03125 0.03125 0.03125 0.03125 0.03125 0.03125 0.03125 0.03125
 0.03125 0.03125 0.03125 0.03125 0.03125 0.03125 0.03125 0.03125 0.03125
 0.03125 0.03125 0.03125 0.03125 0.03125]
Optimization terminated successfully.
         Current function value: 0.534397
         Iterations: 80
         Function evaluations: 207
w_i_opt: tensor([2.3620e-01, 1.5707e-01, 1.2462e-02, 8.1784e-07, 2.6853e-01, 2.9913e-01,
        1.6705e-05, 1.7185e-01, 4.2908e-04, 2.4019e-02, 3.6792e-01, 1.2357e-01,
        2.1747e-01, 2.1181e-04, 2.9454e-01, 6.4857e-03, 1.3885e-01, 2.8811e-01,
        8.0325e-02, 1.3507e-02, 1.9713e-05, 5.5250e-02, 3.0886e-02, 3.1776e-05,
        5.0849e-06, 1.5354e-03, 4.6830e-01, 3.2321e-02, 1.0445e-01, 2.6346e-01,
        3.2341e-05, 2.4835e-01])
Sum of weights raw: 3.9053555
Final weights: tensor([5.5791e-02, 2.4671e-02, 1.5530e-04, 6.6886e-13, 7.2108e-02, 8.9482e-02,
        2.7904e-10, 2.9533e-02, 1.8411e-07, 5.7691e-04, 1.3537e-01, 1.5270e-02,
        4.7294e-02, 4.4863e-08, 8.6755e-02, 4.2064e-05, 1.9280e-02, 8.3005e-02,
        6.4520e-03, 1.8244e-04, 3.8861e-10, 3.0525e-03, 9.5394e-04, 1.0097e-09,
        2.5856e-11, 2.3574e-06, 2.1930e-01, 1.0447e-03, 1.0909e-02, 6.9412e-02,
        1.0460e-09, 6.1680e-02])
Sum of weights: 1.0323238
