Initial weights: [0.03125 0.03125 0.03125 0.03125 0.03125 0.03125 0.03125 0.03125 0.03125
 0.03125 0.03125 0.03125 0.03125 0.03125 0.03125 0.03125 0.03125 0.03125
 0.03125 0.03125 0.03125 0.03125 0.03125 0.03125 0.03125 0.03125 0.03125
 0.03125 0.03125 0.03125 0.03125 0.03125]
Optimization terminated successfully.
         Current function value: 0.542342
         Iterations: 72
         Function evaluations: 187
w_i_opt: tensor([2.3392e-01, 1.5104e-01, 2.1335e-02, 3.4875e-04, 2.5597e-01, 2.9518e-01,
        1.8083e-03, 1.7825e-01, 1.0514e-02, 6.2746e-02, 3.5148e-01, 1.4480e-01,
        2.0824e-01, 7.9249e-03, 2.9005e-01, 3.7167e-02, 1.6007e-01, 2.7625e-01,
        1.1746e-01, 4.9335e-02, 2.0663e-03, 9.5012e-02, 6.9584e-02, 2.6485e-03,
        8.4789e-04, 1.9738e-02, 4.6375e-01, 7.8463e-02, 1.2625e-01, 2.3665e-01,
        2.9564e-03, 2.2563e-01])
Sum of weights raw: 4.177485
Final weights: tensor([5.4718e-02, 2.2814e-02, 4.5519e-04, 1.2163e-07, 6.5521e-02, 8.7130e-02,
        3.2699e-06, 3.1774e-02, 1.1054e-04, 3.9371e-03, 1.2354e-01, 2.0966e-02,
        4.3364e-02, 6.2804e-05, 8.4130e-02, 1.3814e-03, 2.5624e-02, 7.6312e-02,
        1.3796e-02, 2.4339e-03, 4.2697e-06, 9.0273e-03, 4.8419e-03, 7.0144e-06,
        7.1892e-07, 3.8958e-04, 2.1507e-01, 6.1565e-03, 1.5939e-02, 5.6004e-02,
        8.7401e-06, 5.0908e-02])
Sum of weights: 1.0164253
