Initial weights: [0.03125 0.03125 0.03125 0.03125 0.03125 0.03125 0.03125 0.03125 0.03125
 0.03125 0.03125 0.03125 0.03125 0.03125 0.03125 0.03125 0.03125 0.03125
 0.03125 0.03125 0.03125 0.03125 0.03125 0.03125 0.03125 0.03125 0.03125
 0.03125 0.03125 0.03125 0.03125 0.03125]
Optimization terminated successfully.
         Current function value: 0.373006
         Iterations: 16
         Function evaluations: 52
w_i_opt: tensor([0.2080, 0.2066, 0.2007, 0.2033, 0.2080, 0.2103, 0.2043, 0.2076, 0.2056,
        0.2063, 0.2084, 0.2072, 0.2073, 0.2058, 0.2084, 0.2058, 0.2078, 0.2079,
        0.2075, 0.2067, 0.2050, 0.2070, 0.2060, 0.2049, 0.2031, 0.2063, 0.2124,
        0.2065, 0.2069, 0.2071, 0.2046, 0.2076])
Sum of weights raw: 6.6108313
Final weights: tensor([0.0433, 0.0427, 0.0403, 0.0413, 0.0433, 0.0442, 0.0417, 0.0431, 0.0423,
        0.0426, 0.0434, 0.0430, 0.0430, 0.0423, 0.0434, 0.0423, 0.0432, 0.0432,
        0.0431, 0.0427, 0.0420, 0.0429, 0.0424, 0.0420, 0.0412, 0.0425, 0.0451,
        0.0426, 0.0428, 0.0429, 0.0419, 0.0431])
Sum of weights: 1.3658618
w shape: torch.Size([32])
df_dw shape: torch.Size([100000, 32])
H_manual: 19.29212914265833
H:manual eigenvalues: [0.53572284 3.45633714 3.46181668 3.46255719 3.46277512 3.46293599
 3.46295818 3.4631759  3.46337193 3.46343783 3.46349777 3.46355944
 3.46367559 3.4637238  3.46381511 3.46391188 3.46397433 3.46402164
 3.46405235 3.46414572 3.46419686 3.4642422  3.46425949 3.46429236
 3.46432554 3.46438999 3.46447614 3.46451264 3.46455214 3.46468844
 3.46502656 3.46589021]
H_manual condition number: 6.469558420893642
H_autograd eigenvalues: [-2.44275786e-03 -1.57910875e-03 -1.24100466e-03 -1.10470932e-03
 -1.06521327e-03 -1.02871243e-03 -9.42563341e-04 -8.78116399e-04
 -8.44930874e-04 -8.12056547e-04 -7.94764921e-04 -7.49429098e-04
 -6.98291989e-04 -6.04920669e-04 -5.74212535e-04 -5.26897794e-04
 -4.64456613e-04 -3.67687283e-04 -2.76371150e-04 -2.28155069e-04
 -1.12009536e-04 -5.03426840e-05  9.61198948e-06  7.54941506e-05
  2.71521544e-04  4.89259843e-04  5.11433318e-04  6.72319208e-04
  8.90241206e-04  1.63076259e-03  7.11032347e-03  1.38546189e+01]
H_autograd condition number: -5671.711906035025
‖H_manual - H_autograd‖ = 23.43783523396859
