Initial weights: [0.03125 0.03125 0.03125 0.03125 0.03125 0.03125 0.03125 0.03125 0.03125
 0.03125 0.03125 0.03125 0.03125 0.03125 0.03125 0.03125 0.03125 0.03125
 0.03125 0.03125 0.03125 0.03125 0.03125 0.03125 0.03125 0.03125 0.03125
 0.03125 0.03125 0.03125 0.03125 0.03125]
Optimization terminated successfully.
         Current function value: 0.542341
         Iterations: 84
         Function evaluations: 206
w_i_opt: tensor([2.3342e-01, 1.5204e-01, 1.7855e-02, 6.3368e-05, 2.6033e-01, 2.9557e-01,
        5.1057e-04, 1.7575e-01, 4.6504e-03, 4.9351e-02, 3.5750e-01, 1.3709e-01,
        2.1154e-01, 3.1166e-03, 2.9095e-01, 2.4326e-02, 1.5208e-01, 2.8059e-01,
        1.0455e-01, 3.5682e-02, 5.8922e-04, 8.2468e-02, 5.7074e-02, 8.1248e-04,
        2.0729e-04, 1.0421e-02, 4.6402e-01, 6.3448e-02, 1.1893e-01, 2.4739e-01,
        8.9295e-04, 2.3347e-01])
Sum of weights raw: 4.066669
Final weights: tensor([5.4487e-02, 2.3115e-02, 3.1881e-04, 4.0156e-09, 6.7770e-02, 8.7359e-02,
        2.6068e-07, 3.0887e-02, 2.1626e-05, 2.4355e-03, 1.2780e-01, 1.8793e-02,
        4.4750e-02, 9.7134e-06, 8.4650e-02, 5.9178e-04, 2.3128e-02, 7.8731e-02,
        1.0930e-02, 1.2732e-03, 3.4718e-07, 6.8009e-03, 3.2574e-03, 6.6012e-07,
        4.2969e-08, 1.0859e-04, 2.1532e-01, 4.0256e-03, 1.4145e-02, 6.1202e-02,
        7.9736e-07, 5.4506e-02])
Sum of weights: 1.0164207
H_manual: 244.92678540167356
H:manual eigenvalues: [  3.93372461   3.93568044   3.93608339   3.93646134   3.93650075
   3.93659431   3.93691973   3.93694845   3.93706823   3.93707812
   3.93713362   3.93715138   3.93734672   3.93739119   3.93741706
   3.93746619   3.93750128   3.93765587   3.93766328   3.93780131
   3.93783457   3.93787703   3.93790144   3.93791334   3.9379313
   3.93793768   3.93795723   3.93797144   3.93798509   3.9380026
   3.93801905 243.94378204]
H_manual condition number: 62.01343661451831
H_autograd eigenvalues: [2.96179316e-03 2.97823872e-03 2.99576039e-03 3.00940786e-03
 3.02363177e-03 3.04324530e-03 3.04954154e-03 3.06750801e-03
 3.07940381e-03 3.10380181e-03 3.14625052e-03 3.17951787e-03
 3.31754516e-03 3.32495676e-03 3.47954858e-03 3.51464484e-03
 3.56377079e-03 3.58963479e-03 3.63411274e-03 3.82945193e-03
 3.84720240e-03 3.90270594e-03 3.91261318e-03 4.03237364e-03
 4.06109484e-03 4.38652326e-03 4.48007083e-03 4.51948723e-03
 4.89743514e-03 5.30038416e-03 7.25620568e-03 2.47879160e+02]
H_autograd condition number: 83692.25871206653
‖H_manual - H_autograd‖ = 22.251734811384107
