Initial weights: [0.03125 0.03125 0.03125 0.03125 0.03125 0.03125 0.03125 0.03125 0.03125
 0.03125 0.03125 0.03125 0.03125 0.03125 0.03125 0.03125 0.03125 0.03125
 0.03125 0.03125 0.03125 0.03125 0.03125 0.03125 0.03125 0.03125 0.03125
 0.03125 0.03125 0.03125 0.03125 0.03125]
Optimization terminated successfully.
         Current function value: 0.545589
         Iterations: 93
         Function evaluations: 227
w_i_opt: tensor([2.3288e-01, 1.5092e-01, 1.9596e-02, 1.6494e-04, 2.5717e-01, 2.9437e-01,
        1.0484e-03, 1.7662e-01, 7.4590e-03, 5.6599e-02, 3.5325e-01, 1.4104e-01,
        2.0916e-01, 5.3484e-03, 2.8951e-01, 3.1142e-02, 1.5605e-01, 2.7750e-01,
        1.1137e-01, 4.2979e-02, 1.2044e-03, 8.9308e-02, 6.3937e-02, 1.5962e-03,
        4.5877e-04, 1.5115e-02, 4.6237e-01, 7.1744e-02, 1.2267e-01, 2.4083e-01,
        1.7763e-03, 2.2837e-01])
Sum of weights raw: 4.1135607
Final weights: tensor([5.4234e-02, 2.2777e-02, 3.8402e-04, 2.7206e-08, 6.6134e-02, 8.6651e-02,
        1.0991e-06, 3.1196e-02, 5.5636e-05, 3.2035e-03, 1.2478e-01, 1.9893e-02,
        4.3747e-02, 2.8605e-05, 8.3818e-02, 9.6985e-04, 2.4352e-02, 7.7007e-02,
        1.2404e-02, 1.8472e-03, 1.4507e-06, 7.9759e-03, 4.0879e-03, 2.5479e-06,
        2.1047e-07, 2.2846e-04, 2.1379e-01, 5.1472e-03, 1.5049e-02, 5.7998e-02,
        3.1552e-06, 5.2152e-02])
Sum of weights: 1.0099188
8 * lam * w[:, None] * w[None, :] torch.Size([32, 32])
H_manual: 404.5731553916788
H:manual eigenvalues: [  3.95964945   3.96164561   3.96204342   3.96240579   3.9624495
   3.96252721   3.96284949   3.96290154   3.96300059   3.96301026
   3.96307382   3.963085     3.96328651   3.96332919   3.96336283
   3.96341847   3.96343932   3.96358963   3.96360217   3.96374003
   3.96376626   3.96379753   3.9638181    3.96383534   3.96385077
   3.96385833   3.96388332   3.9638981    3.96391549   3.96393828
   3.9639483  403.97094534]
H_manual condition number: 102.02189629994395
H_autograd eigenvalues: [3.58681164e-03 3.59681407e-03 3.61962474e-03 3.63701040e-03
 3.65178254e-03 3.67679392e-03 3.68435704e-03 3.69982703e-03
 3.71704128e-03 3.73757381e-03 3.76883941e-03 3.79506773e-03
 3.93292710e-03 3.94546761e-03 4.09578042e-03 4.11662679e-03
 4.17227538e-03 4.20590514e-03 4.24859515e-03 4.45009661e-03
 4.46126701e-03 4.52483542e-03 4.53451317e-03 4.63355263e-03
 4.68560188e-03 5.00789690e-03 5.08558637e-03 5.12929721e-03
 5.49167324e-03 5.88947354e-03 7.88563931e-03 4.07931659e+02]
H_autograd condition number: 113730.99558247106
‖H_manual - H_autograd‖ = 22.394951667575818
