Using device: cuda
Data shape: torch.Size([100000, 2])
Loaded 60 models
f_max 2
total hits 36
len(accepted) 1
total hits 65
len(accepted) 2
total hits 99
len(accepted) 3
total hits 140
len(accepted) 4
total hits 176
len(accepted) 5
total hits 221
len(accepted) 6
total hits 255
len(accepted) 7
total hits 300
len(accepted) 8
total hits 336
len(accepted) 9
total hits 383
len(accepted) 10
total hits 432
len(accepted) 11
total hits 473
len(accepted) 12
total hits 512
len(accepted) 13
total hits 558
len(accepted) 14
total hits 595
len(accepted) 15
total hits 635
len(accepted) 16
total hits 677
len(accepted) 17
total hits 719
len(accepted) 18
total hits 750
len(accepted) 19
total hits 805
len(accepted) 20
total hits 849
len(accepted) 21
total hits 887
len(accepted) 22
total hits 931
len(accepted) 23
total hits 967
len(accepted) 24
total hits 1000
len(accepted) 25
total hits 1040
len(accepted) 26
total hits 1084
len(accepted) 27
total hits 1121
len(accepted) 28
total hits 1158
len(accepted) 29
total hits 1191
len(accepted) 30
total hits 1231
len(accepted) 31
total hits 1262
len(accepted) 32
total hits 1299
len(accepted) 33
total hits 1334
len(accepted) 34
total hits 1366
len(accepted) 35
total hits 1403
len(accepted) 36
total hits 1442
len(accepted) 37
total hits 1481
len(accepted) 38
total hits 1526
len(accepted) 39
total hits 1571
len(accepted) 40
total hits 1616
len(accepted) 41
total hits 1646
len(accepted) 42
total hits 1685
len(accepted) 43
total hits 1723
len(accepted) 44
total hits 1762
len(accepted) 45
total hits 1807
len(accepted) 46
total hits 1844
len(accepted) 47
total hits 1888
len(accepted) 48
total hits 1910
len(accepted) 49
total hits 1946
len(accepted) 50
total hits 1976
len(accepted) 51
total hits 2019
len(accepted) 52
total hits 2051
len(accepted) 53
total hits 2086
len(accepted) 54
total hits 2130
len(accepted) 55
total hits 2173
len(accepted) 56
total hits 2211
len(accepted) 57
total hits 2255
len(accepted) 58
total hits 2288
len(accepted) 59
total hits 2317
len(accepted) 60
total hits 2353
len(accepted) 61
total hits 2395
len(accepted) 62
total hits 2433
len(accepted) 63
total hits 2472
len(accepted) 64
total hits 2501
len(accepted) 65
total hits 2537
len(accepted) 66
total hits 2576
len(accepted) 67
total hits 2610
len(accepted) 68
total hits 2647
len(accepted) 69
total hits 2689
len(accepted) 70
total hits 2720
len(accepted) 71
total hits 2756
len(accepted) 72
total hits 2787
len(accepted) 73
total hits 2826
len(accepted) 74
total hits 2853
len(accepted) 75
total hits 2886
len(accepted) 76
total hits 2930
len(accepted) 77
total hits 2970
len(accepted) 78
total hits 3015
len(accepted) 79
total hits 3055
len(accepted) 80
total hits 3093
len(accepted) 81
total hits 3130
len(accepted) 82
total hits 3171
len(accepted) 83
total hits 3213
len(accepted) 84
total hits 3260
len(accepted) 85
total hits 3297
len(accepted) 86
total hits 3334
len(accepted) 87
total hits 3372
len(accepted) 88
total hits 3409
len(accepted) 89
total hits 3450
len(accepted) 90
total hits 3481
len(accepted) 91
total hits 3516
len(accepted) 92
total hits 3550
len(accepted) 93
total hits 3578
len(accepted) 94
total hits 3621
len(accepted) 95
total hits 3668
len(accepted) 96
total hits 3705
len(accepted) 97
total hits 3733
len(accepted) 98
total hits 3769
len(accepted) 99
total hits 3815
len(accepted) 100
total hits 3855
len(accepted) 101
total hits 3889
len(accepted) 102
total hits 3929
len(accepted) 103
total hits 3978
len(accepted) 104
total hits 4013
len(accepted) 105
total hits 4053
len(accepted) 106
total hits 4080
len(accepted) 107
total hits 4126
len(accepted) 108
total hits 4170
len(accepted) 109
total hits 4215
len(accepted) 110
total hits 4251
len(accepted) 111
total hits 4293
len(accepted) 112
total hits 4341
len(accepted) 113
total hits 4382
len(accepted) 114
total hits 4430
len(accepted) 115
total hits 4476
len(accepted) 116
total hits 4506
len(accepted) 117
total hits 4547
len(accepted) 118
total hits 4583
len(accepted) 119
total hits 4626
len(accepted) 120
total hits 4672
len(accepted) 121
total hits 4714
len(accepted) 122
total hits 4748
len(accepted) 123
total hits 4786
len(accepted) 124
total hits 4836
len(accepted) 125
total hits 4881
len(accepted) 126
total hits 4931
len(accepted) 127
total hits 4966
len(accepted) 128
total hits 5010
len(accepted) 129
sampl size torch.Size([5000, 2])
Saved generated samples.
