Using device: cuda
Data shape: torch.Size([100000, 2])
Loaded 60 models
f_max 2
total hits 41
len(accepted) 1
total hits 82
len(accepted) 2
total hits 115
len(accepted) 3
total hits 164
len(accepted) 4
total hits 198
len(accepted) 5
total hits 249
len(accepted) 6
total hits 302
len(accepted) 7
total hits 345
len(accepted) 8
total hits 393
len(accepted) 9
total hits 449
len(accepted) 10
total hits 488
len(accepted) 11
total hits 531
len(accepted) 12
total hits 573
len(accepted) 13
total hits 604
len(accepted) 14
total hits 651
len(accepted) 15
total hits 691
len(accepted) 16
total hits 730
len(accepted) 17
total hits 771
len(accepted) 18
total hits 818
len(accepted) 19
total hits 860
len(accepted) 20
total hits 898
len(accepted) 21
total hits 941
len(accepted) 22
total hits 982
len(accepted) 23
total hits 1024
len(accepted) 24
total hits 1066
len(accepted) 25
total hits 1104
len(accepted) 26
total hits 1140
len(accepted) 27
total hits 1185
len(accepted) 28
total hits 1230
len(accepted) 29
total hits 1269
len(accepted) 30
total hits 1305
len(accepted) 31
total hits 1347
len(accepted) 32
total hits 1390
len(accepted) 33
total hits 1427
len(accepted) 34
total hits 1464
len(accepted) 35
total hits 1503
len(accepted) 36
total hits 1544
len(accepted) 37
total hits 1583
len(accepted) 38
total hits 1626
len(accepted) 39
total hits 1668
len(accepted) 40
total hits 1708
len(accepted) 41
total hits 1752
len(accepted) 42
total hits 1776
len(accepted) 43
total hits 1817
len(accepted) 44
total hits 1865
len(accepted) 45
total hits 1897
len(accepted) 46
total hits 1932
len(accepted) 47
total hits 1972
len(accepted) 48
total hits 2009
len(accepted) 49
total hits 2047
len(accepted) 50
total hits 2094
len(accepted) 51
total hits 2131
len(accepted) 52
total hits 2164
len(accepted) 53
total hits 2212
len(accepted) 54
total hits 2254
len(accepted) 55
total hits 2300
len(accepted) 56
total hits 2346
len(accepted) 57
total hits 2376
len(accepted) 58
total hits 2426
len(accepted) 59
total hits 2467
len(accepted) 60
total hits 2512
len(accepted) 61
total hits 2545
len(accepted) 62
total hits 2589
len(accepted) 63
total hits 2628
len(accepted) 64
total hits 2666
len(accepted) 65
total hits 2711
len(accepted) 66
total hits 2749
len(accepted) 67
total hits 2796
len(accepted) 68
total hits 2826
len(accepted) 69
total hits 2863
len(accepted) 70
total hits 2908
len(accepted) 71
total hits 2949
len(accepted) 72
total hits 3004
len(accepted) 73
total hits 3031
len(accepted) 74
total hits 3070
len(accepted) 75
total hits 3130
len(accepted) 76
total hits 3174
len(accepted) 77
total hits 3214
len(accepted) 78
total hits 3255
len(accepted) 79
total hits 3301
len(accepted) 80
total hits 3329
len(accepted) 81
total hits 3368
len(accepted) 82
total hits 3406
len(accepted) 83
total hits 3443
len(accepted) 84
total hits 3494
len(accepted) 85
total hits 3538
len(accepted) 86
total hits 3577
len(accepted) 87
total hits 3613
len(accepted) 88
total hits 3652
len(accepted) 89
total hits 3689
len(accepted) 90
total hits 3724
len(accepted) 91
total hits 3769
len(accepted) 92
total hits 3810
len(accepted) 93
total hits 3849
len(accepted) 94
total hits 3889
len(accepted) 95
total hits 3938
len(accepted) 96
total hits 3989
len(accepted) 97
total hits 4029
len(accepted) 98
total hits 4076
len(accepted) 99
total hits 4105
len(accepted) 100
total hits 4147
len(accepted) 101
total hits 4181
len(accepted) 102
total hits 4213
len(accepted) 103
total hits 4251
len(accepted) 104
total hits 4293
len(accepted) 105
total hits 4328
len(accepted) 106
total hits 4380
len(accepted) 107
total hits 4421
len(accepted) 108
total hits 4461
len(accepted) 109
total hits 4493
len(accepted) 110
total hits 4541
len(accepted) 111
total hits 4583
len(accepted) 112
total hits 4618
len(accepted) 113
total hits 4649
len(accepted) 114
total hits 4686
len(accepted) 115
total hits 4723
len(accepted) 116
total hits 4762
len(accepted) 117
total hits 4801
len(accepted) 118
total hits 4843
len(accepted) 119
total hits 4872
len(accepted) 120
total hits 4909
len(accepted) 121
total hits 4947
len(accepted) 122
total hits 4988
len(accepted) 123
total hits 5034
len(accepted) 124
sampl size torch.Size([5000, 2])
Saved generated samples.
