Using device: cuda
Data shape: torch.Size([100000, 2])
Loaded 60 models
f_max 2
total hits 36
len(accepted) 1
total hits 76
len(accepted) 2
total hits 112
len(accepted) 3
total hits 138
len(accepted) 4
total hits 178
len(accepted) 5
total hits 214
len(accepted) 6
total hits 250
len(accepted) 7
total hits 299
len(accepted) 8
total hits 341
len(accepted) 9
total hits 384
len(accepted) 10
total hits 422
len(accepted) 11
total hits 466
len(accepted) 12
total hits 517
len(accepted) 13
total hits 558
len(accepted) 14
total hits 604
len(accepted) 15
total hits 638
len(accepted) 16
total hits 677
len(accepted) 17
total hits 708
len(accepted) 18
total hits 746
len(accepted) 19
total hits 783
len(accepted) 20
total hits 819
len(accepted) 21
total hits 876
len(accepted) 22
total hits 917
len(accepted) 23
total hits 968
len(accepted) 24
total hits 1002
len(accepted) 25
total hits 1034
len(accepted) 26
total hits 1080
len(accepted) 27
total hits 1118
len(accepted) 28
total hits 1157
len(accepted) 29
total hits 1199
len(accepted) 30
total hits 1237
len(accepted) 31
total hits 1278
len(accepted) 32
total hits 1316
len(accepted) 33
total hits 1349
len(accepted) 34
total hits 1397
len(accepted) 35
total hits 1424
len(accepted) 36
total hits 1462
len(accepted) 37
total hits 1500
len(accepted) 38
total hits 1539
len(accepted) 39
total hits 1585
len(accepted) 40
total hits 1628
len(accepted) 41
total hits 1657
len(accepted) 42
total hits 1699
len(accepted) 43
total hits 1739
len(accepted) 44
total hits 1775
len(accepted) 45
total hits 1821
len(accepted) 46
total hits 1854
len(accepted) 47
total hits 1884
len(accepted) 48
total hits 1931
len(accepted) 49
total hits 1971
len(accepted) 50
total hits 2017
len(accepted) 51
total hits 2056
len(accepted) 52
total hits 2098
len(accepted) 53
total hits 2140
len(accepted) 54
total hits 2185
len(accepted) 55
total hits 2229
len(accepted) 56
total hits 2268
len(accepted) 57
total hits 2312
len(accepted) 58
total hits 2355
len(accepted) 59
total hits 2394
len(accepted) 60
total hits 2441
len(accepted) 61
total hits 2478
len(accepted) 62
total hits 2523
len(accepted) 63
total hits 2563
len(accepted) 64
total hits 2601
len(accepted) 65
total hits 2634
len(accepted) 66
total hits 2680
len(accepted) 67
total hits 2724
len(accepted) 68
total hits 2766
len(accepted) 69
total hits 2799
len(accepted) 70
total hits 2838
len(accepted) 71
total hits 2886
len(accepted) 72
total hits 2921
len(accepted) 73
total hits 2953
len(accepted) 74
total hits 2987
len(accepted) 75
total hits 3018
len(accepted) 76
total hits 3055
len(accepted) 77
total hits 3100
len(accepted) 78
total hits 3144
len(accepted) 79
total hits 3183
len(accepted) 80
total hits 3228
len(accepted) 81
total hits 3265
len(accepted) 82
total hits 3300
len(accepted) 83
total hits 3343
len(accepted) 84
total hits 3381
len(accepted) 85
total hits 3424
len(accepted) 86
total hits 3465
len(accepted) 87
total hits 3504
len(accepted) 88
total hits 3536
len(accepted) 89
total hits 3572
len(accepted) 90
total hits 3619
len(accepted) 91
total hits 3674
len(accepted) 92
total hits 3717
len(accepted) 93
total hits 3760
len(accepted) 94
total hits 3803
len(accepted) 95
total hits 3853
len(accepted) 96
total hits 3896
len(accepted) 97
total hits 3932
len(accepted) 98
total hits 3982
len(accepted) 99
total hits 4017
len(accepted) 100
total hits 4056
len(accepted) 101
total hits 4097
len(accepted) 102
total hits 4138
len(accepted) 103
total hits 4188
len(accepted) 104
total hits 4240
len(accepted) 105
total hits 4282
len(accepted) 106
total hits 4307
len(accepted) 107
total hits 4346
len(accepted) 108
total hits 4392
len(accepted) 109
total hits 4437
len(accepted) 110
total hits 4476
len(accepted) 111
total hits 4513
len(accepted) 112
total hits 4558
len(accepted) 113
total hits 4595
len(accepted) 114
total hits 4628
len(accepted) 115
total hits 4664
len(accepted) 116
total hits 4713
len(accepted) 117
total hits 4749
len(accepted) 118
total hits 4792
len(accepted) 119
total hits 4836
len(accepted) 120
total hits 4869
len(accepted) 121
total hits 4911
len(accepted) 122
total hits 4958
len(accepted) 123
total hits 5008
len(accepted) 124
sampl size torch.Size([5000, 2])
Saved generated samples.
