Using device: cuda
Data shape: torch.Size([100000, 2])
Loaded 60 models
f_max 2
total hits 42
len(accepted) 1
total hits 86
len(accepted) 2
total hits 124
len(accepted) 3
total hits 160
len(accepted) 4
total hits 200
len(accepted) 5
total hits 238
len(accepted) 6
total hits 280
len(accepted) 7
total hits 336
len(accepted) 8
total hits 374
len(accepted) 9
total hits 411
len(accepted) 10
total hits 445
len(accepted) 11
total hits 498
len(accepted) 12
total hits 546
len(accepted) 13
total hits 582
len(accepted) 14
total hits 630
len(accepted) 15
total hits 669
len(accepted) 16
total hits 703
len(accepted) 17
total hits 735
len(accepted) 18
total hits 773
len(accepted) 19
total hits 821
len(accepted) 20
total hits 852
len(accepted) 21
total hits 888
len(accepted) 22
total hits 928
len(accepted) 23
total hits 964
len(accepted) 24
total hits 1013
len(accepted) 25
total hits 1050
len(accepted) 26
total hits 1083
len(accepted) 27
total hits 1121
len(accepted) 28
total hits 1158
len(accepted) 29
total hits 1189
len(accepted) 30
total hits 1236
len(accepted) 31
total hits 1272
len(accepted) 32
total hits 1304
len(accepted) 33
total hits 1328
len(accepted) 34
total hits 1378
len(accepted) 35
total hits 1423
len(accepted) 36
total hits 1466
len(accepted) 37
total hits 1505
len(accepted) 38
total hits 1544
len(accepted) 39
total hits 1580
len(accepted) 40
total hits 1622
len(accepted) 41
total hits 1666
len(accepted) 42
total hits 1714
len(accepted) 43
total hits 1761
len(accepted) 44
total hits 1804
len(accepted) 45
total hits 1840
len(accepted) 46
total hits 1880
len(accepted) 47
total hits 1915
len(accepted) 48
total hits 1957
len(accepted) 49
total hits 2000
len(accepted) 50
total hits 2030
len(accepted) 51
total hits 2061
len(accepted) 52
total hits 2091
len(accepted) 53
total hits 2125
len(accepted) 54
total hits 2165
len(accepted) 55
total hits 2203
len(accepted) 56
total hits 2241
len(accepted) 57
total hits 2287
len(accepted) 58
total hits 2325
len(accepted) 59
total hits 2380
len(accepted) 60
total hits 2417
len(accepted) 61
total hits 2464
len(accepted) 62
total hits 2512
len(accepted) 63
total hits 2552
len(accepted) 64
total hits 2592
len(accepted) 65
total hits 2636
len(accepted) 66
total hits 2689
len(accepted) 67
total hits 2723
len(accepted) 68
total hits 2769
len(accepted) 69
total hits 2815
len(accepted) 70
total hits 2850
len(accepted) 71
total hits 2879
len(accepted) 72
total hits 2917
len(accepted) 73
total hits 2955
len(accepted) 74
total hits 2988
len(accepted) 75
total hits 3034
len(accepted) 76
total hits 3067
len(accepted) 77
total hits 3093
len(accepted) 78
total hits 3129
len(accepted) 79
total hits 3185
len(accepted) 80
total hits 3225
len(accepted) 81
total hits 3258
len(accepted) 82
total hits 3303
len(accepted) 83
total hits 3348
len(accepted) 84
total hits 3403
len(accepted) 85
total hits 3446
len(accepted) 86
total hits 3483
len(accepted) 87
total hits 3538
len(accepted) 88
total hits 3575
len(accepted) 89
total hits 3621
len(accepted) 90
total hits 3661
len(accepted) 91
total hits 3704
len(accepted) 92
total hits 3737
len(accepted) 93
total hits 3776
len(accepted) 94
total hits 3832
len(accepted) 95
total hits 3867
len(accepted) 96
total hits 3914
len(accepted) 97
total hits 3961
len(accepted) 98
total hits 4007
len(accepted) 99
total hits 4047
len(accepted) 100
total hits 4088
len(accepted) 101
total hits 4146
len(accepted) 102
total hits 4188
len(accepted) 103
total hits 4222
len(accepted) 104
total hits 4259
len(accepted) 105
total hits 4295
len(accepted) 106
total hits 4342
len(accepted) 107
total hits 4376
len(accepted) 108
total hits 4416
len(accepted) 109
total hits 4451
len(accepted) 110
total hits 4483
len(accepted) 111
total hits 4517
len(accepted) 112
total hits 4552
len(accepted) 113
total hits 4590
len(accepted) 114
total hits 4615
len(accepted) 115
total hits 4655
len(accepted) 116
total hits 4690
len(accepted) 117
total hits 4731
len(accepted) 118
total hits 4780
len(accepted) 119
total hits 4819
len(accepted) 120
total hits 4855
len(accepted) 121
total hits 4887
len(accepted) 122
total hits 4921
len(accepted) 123
total hits 4954
len(accepted) 124
total hits 4997
len(accepted) 125
total hits 5024
len(accepted) 126
sampl size torch.Size([5000, 2])
Saved generated samples.
