Using device: cuda
Data shape: torch.Size([100000, 2])
Loaded 60 models
f_max 2
total hits 41
len(accepted) 1
total hits 78
len(accepted) 2
total hits 115
len(accepted) 3
total hits 154
len(accepted) 4
total hits 192
len(accepted) 5
total hits 220
len(accepted) 6
total hits 252
len(accepted) 7
total hits 293
len(accepted) 8
total hits 335
len(accepted) 9
total hits 376
len(accepted) 10
total hits 425
len(accepted) 11
total hits 463
len(accepted) 12
total hits 505
len(accepted) 13
total hits 547
len(accepted) 14
total hits 599
len(accepted) 15
total hits 641
len(accepted) 16
total hits 677
len(accepted) 17
total hits 719
len(accepted) 18
total hits 773
len(accepted) 19
total hits 804
len(accepted) 20
total hits 850
len(accepted) 21
total hits 890
len(accepted) 22
total hits 925
len(accepted) 23
total hits 965
len(accepted) 24
total hits 1007
len(accepted) 25
total hits 1043
len(accepted) 26
total hits 1081
len(accepted) 27
total hits 1116
len(accepted) 28
total hits 1153
len(accepted) 29
total hits 1187
len(accepted) 30
total hits 1225
len(accepted) 31
total hits 1261
len(accepted) 32
total hits 1300
len(accepted) 33
total hits 1350
len(accepted) 34
total hits 1395
len(accepted) 35
total hits 1436
len(accepted) 36
total hits 1476
len(accepted) 37
total hits 1514
len(accepted) 38
total hits 1559
len(accepted) 39
total hits 1605
len(accepted) 40
total hits 1643
len(accepted) 41
total hits 1686
len(accepted) 42
total hits 1730
len(accepted) 43
total hits 1768
len(accepted) 44
total hits 1800
len(accepted) 45
total hits 1828
len(accepted) 46
total hits 1866
len(accepted) 47
total hits 1904
len(accepted) 48
total hits 1943
len(accepted) 49
total hits 1982
len(accepted) 50
total hits 2030
len(accepted) 51
total hits 2070
len(accepted) 52
total hits 2104
len(accepted) 53
total hits 2139
len(accepted) 54
total hits 2172
len(accepted) 55
total hits 2202
len(accepted) 56
total hits 2252
len(accepted) 57
total hits 2299
len(accepted) 58
total hits 2334
len(accepted) 59
total hits 2384
len(accepted) 60
total hits 2415
len(accepted) 61
total hits 2445
len(accepted) 62
total hits 2488
len(accepted) 63
total hits 2532
len(accepted) 64
total hits 2570
len(accepted) 65
total hits 2615
len(accepted) 66
total hits 2643
len(accepted) 67
total hits 2684
len(accepted) 68
total hits 2717
len(accepted) 69
total hits 2763
len(accepted) 70
total hits 2800
len(accepted) 71
total hits 2839
len(accepted) 72
total hits 2886
len(accepted) 73
total hits 2915
len(accepted) 74
total hits 2952
len(accepted) 75
total hits 3001
len(accepted) 76
total hits 3053
len(accepted) 77
total hits 3098
len(accepted) 78
total hits 3141
len(accepted) 79
total hits 3184
len(accepted) 80
total hits 3222
len(accepted) 81
total hits 3255
len(accepted) 82
total hits 3297
len(accepted) 83
total hits 3335
len(accepted) 84
total hits 3379
len(accepted) 85
total hits 3431
len(accepted) 86
total hits 3481
len(accepted) 87
total hits 3513
len(accepted) 88
total hits 3549
len(accepted) 89
total hits 3577
len(accepted) 90
total hits 3621
len(accepted) 91
total hits 3663
len(accepted) 92
total hits 3695
len(accepted) 93
total hits 3735
len(accepted) 94
total hits 3776
len(accepted) 95
total hits 3796
len(accepted) 96
total hits 3836
len(accepted) 97
total hits 3860
len(accepted) 98
total hits 3901
len(accepted) 99
total hits 3939
len(accepted) 100
total hits 3980
len(accepted) 101
total hits 4022
len(accepted) 102
total hits 4059
len(accepted) 103
total hits 4102
len(accepted) 104
total hits 4138
len(accepted) 105
total hits 4175
len(accepted) 106
total hits 4214
len(accepted) 107
total hits 4253
len(accepted) 108
total hits 4293
len(accepted) 109
total hits 4343
len(accepted) 110
total hits 4384
len(accepted) 111
total hits 4414
len(accepted) 112
total hits 4449
len(accepted) 113
total hits 4504
len(accepted) 114
total hits 4543
len(accepted) 115
total hits 4584
len(accepted) 116
total hits 4626
len(accepted) 117
total hits 4655
len(accepted) 118
total hits 4699
len(accepted) 119
total hits 4742
len(accepted) 120
total hits 4786
len(accepted) 121
total hits 4833
len(accepted) 122
total hits 4871
len(accepted) 123
total hits 4908
len(accepted) 124
total hits 4945
len(accepted) 125
total hits 4976
len(accepted) 126
total hits 5024
len(accepted) 127
sampl size torch.Size([5000, 2])
Saved generated samples.
