Using device: cuda
Data shape: torch.Size([100000, 2])
Loaded 60 models
f_max 2
total hits 32
len(accepted) 1
total hits 79
len(accepted) 2
total hits 120
len(accepted) 3
total hits 163
len(accepted) 4
total hits 204
len(accepted) 5
total hits 240
len(accepted) 6
total hits 268
len(accepted) 7
total hits 302
len(accepted) 8
total hits 348
len(accepted) 9
total hits 386
len(accepted) 10
total hits 420
len(accepted) 11
total hits 468
len(accepted) 12
total hits 515
len(accepted) 13
total hits 562
len(accepted) 14
total hits 602
len(accepted) 15
total hits 636
len(accepted) 16
total hits 673
len(accepted) 17
total hits 709
len(accepted) 18
total hits 744
len(accepted) 19
total hits 783
len(accepted) 20
total hits 814
len(accepted) 21
total hits 845
len(accepted) 22
total hits 884
len(accepted) 23
total hits 927
len(accepted) 24
total hits 976
len(accepted) 25
total hits 1018
len(accepted) 26
total hits 1051
len(accepted) 27
total hits 1085
len(accepted) 28
total hits 1123
len(accepted) 29
total hits 1163
len(accepted) 30
total hits 1202
len(accepted) 31
total hits 1237
len(accepted) 32
total hits 1276
len(accepted) 33
total hits 1309
len(accepted) 34
total hits 1347
len(accepted) 35
total hits 1386
len(accepted) 36
total hits 1421
len(accepted) 37
total hits 1453
len(accepted) 38
total hits 1487
len(accepted) 39
total hits 1526
len(accepted) 40
total hits 1558
len(accepted) 41
total hits 1595
len(accepted) 42
total hits 1624
len(accepted) 43
total hits 1659
len(accepted) 44
total hits 1690
len(accepted) 45
total hits 1734
len(accepted) 46
total hits 1765
len(accepted) 47
total hits 1809
len(accepted) 48
total hits 1852
len(accepted) 49
total hits 1893
len(accepted) 50
total hits 1928
len(accepted) 51
total hits 1969
len(accepted) 52
total hits 2017
len(accepted) 53
total hits 2064
len(accepted) 54
total hits 2102
len(accepted) 55
total hits 2142
len(accepted) 56
total hits 2187
len(accepted) 57
total hits 2215
len(accepted) 58
total hits 2266
len(accepted) 59
total hits 2304
len(accepted) 60
total hits 2347
len(accepted) 61
total hits 2382
len(accepted) 62
total hits 2419
len(accepted) 63
total hits 2462
len(accepted) 64
total hits 2505
len(accepted) 65
total hits 2547
len(accepted) 66
total hits 2584
len(accepted) 67
total hits 2625
len(accepted) 68
total hits 2662
len(accepted) 69
total hits 2702
len(accepted) 70
total hits 2743
len(accepted) 71
total hits 2774
len(accepted) 72
total hits 2803
len(accepted) 73
total hits 2845
len(accepted) 74
total hits 2892
len(accepted) 75
total hits 2929
len(accepted) 76
total hits 2964
len(accepted) 77
total hits 2994
len(accepted) 78
total hits 3031
len(accepted) 79
total hits 3064
len(accepted) 80
total hits 3098
len(accepted) 81
total hits 3135
len(accepted) 82
total hits 3170
len(accepted) 83
total hits 3218
len(accepted) 84
total hits 3246
len(accepted) 85
total hits 3294
len(accepted) 86
total hits 3341
len(accepted) 87
total hits 3378
len(accepted) 88
total hits 3416
len(accepted) 89
total hits 3458
len(accepted) 90
total hits 3500
len(accepted) 91
total hits 3549
len(accepted) 92
total hits 3593
len(accepted) 93
total hits 3630
len(accepted) 94
total hits 3675
len(accepted) 95
total hits 3710
len(accepted) 96
total hits 3746
len(accepted) 97
total hits 3791
len(accepted) 98
total hits 3827
len(accepted) 99
total hits 3862
len(accepted) 100
total hits 3900
len(accepted) 101
total hits 3930
len(accepted) 102
total hits 3962
len(accepted) 103
total hits 3990
len(accepted) 104
total hits 4019
len(accepted) 105
total hits 4047
len(accepted) 106
total hits 4096
len(accepted) 107
total hits 4140
len(accepted) 108
total hits 4175
len(accepted) 109
total hits 4215
len(accepted) 110
total hits 4265
len(accepted) 111
total hits 4310
len(accepted) 112
total hits 4348
len(accepted) 113
total hits 4393
len(accepted) 114
total hits 4437
len(accepted) 115
total hits 4461
len(accepted) 116
total hits 4498
len(accepted) 117
total hits 4531
len(accepted) 118
total hits 4570
len(accepted) 119
total hits 4595
len(accepted) 120
total hits 4619
len(accepted) 121
total hits 4661
len(accepted) 122
total hits 4688
len(accepted) 123
total hits 4730
len(accepted) 124
total hits 4769
len(accepted) 125
total hits 4805
len(accepted) 126
total hits 4854
len(accepted) 127
total hits 4901
len(accepted) 128
total hits 4940
len(accepted) 129
total hits 4979
len(accepted) 130
total hits 5023
len(accepted) 131
sampl size torch.Size([5000, 2])
Saved generated samples.
