Using device: cuda
Data shape: torch.Size([100000, 2])
Loaded 60 models
f_max 2
total hits 38
len(accepted) 1
total hits 81
len(accepted) 2
total hits 119
len(accepted) 3
total hits 163
len(accepted) 4
total hits 196
len(accepted) 5
total hits 231
len(accepted) 6
total hits 263
len(accepted) 7
total hits 296
len(accepted) 8
total hits 339
len(accepted) 9
total hits 381
len(accepted) 10
total hits 422
len(accepted) 11
total hits 456
len(accepted) 12
total hits 494
len(accepted) 13
total hits 528
len(accepted) 14
total hits 568
len(accepted) 15
total hits 612
len(accepted) 16
total hits 649
len(accepted) 17
total hits 684
len(accepted) 18
total hits 724
len(accepted) 19
total hits 766
len(accepted) 20
total hits 800
len(accepted) 21
total hits 847
len(accepted) 22
total hits 887
len(accepted) 23
total hits 915
len(accepted) 24
total hits 956
len(accepted) 25
total hits 996
len(accepted) 26
total hits 1042
len(accepted) 27
total hits 1087
len(accepted) 28
total hits 1133
len(accepted) 29
total hits 1179
len(accepted) 30
total hits 1210
len(accepted) 31
total hits 1260
len(accepted) 32
total hits 1302
len(accepted) 33
total hits 1350
len(accepted) 34
total hits 1395
len(accepted) 35
total hits 1438
len(accepted) 36
total hits 1491
len(accepted) 37
total hits 1529
len(accepted) 38
total hits 1571
len(accepted) 39
total hits 1600
len(accepted) 40
total hits 1642
len(accepted) 41
total hits 1691
len(accepted) 42
total hits 1722
len(accepted) 43
total hits 1771
len(accepted) 44
total hits 1803
len(accepted) 45
total hits 1843
len(accepted) 46
total hits 1890
len(accepted) 47
total hits 1924
len(accepted) 48
total hits 1963
len(accepted) 49
total hits 2024
len(accepted) 50
total hits 2069
len(accepted) 51
total hits 2100
len(accepted) 52
total hits 2128
len(accepted) 53
total hits 2162
len(accepted) 54
total hits 2197
len(accepted) 55
total hits 2231
len(accepted) 56
total hits 2269
len(accepted) 57
total hits 2314
len(accepted) 58
total hits 2358
len(accepted) 59
total hits 2400
len(accepted) 60
total hits 2437
len(accepted) 61
total hits 2481
len(accepted) 62
total hits 2524
len(accepted) 63
total hits 2560
len(accepted) 64
total hits 2604
len(accepted) 65
total hits 2646
len(accepted) 66
total hits 2677
len(accepted) 67
total hits 2715
len(accepted) 68
total hits 2740
len(accepted) 69
total hits 2777
len(accepted) 70
total hits 2814
len(accepted) 71
total hits 2852
len(accepted) 72
total hits 2904
len(accepted) 73
total hits 2938
len(accepted) 74
total hits 2989
len(accepted) 75
total hits 3019
len(accepted) 76
total hits 3061
len(accepted) 77
total hits 3105
len(accepted) 78
total hits 3140
len(accepted) 79
total hits 3178
len(accepted) 80
total hits 3227
len(accepted) 81
total hits 3275
len(accepted) 82
total hits 3305
len(accepted) 83
total hits 3350
len(accepted) 84
total hits 3394
len(accepted) 85
total hits 3440
len(accepted) 86
total hits 3474
len(accepted) 87
total hits 3511
len(accepted) 88
total hits 3547
len(accepted) 89
total hits 3587
len(accepted) 90
total hits 3615
len(accepted) 91
total hits 3652
len(accepted) 92
total hits 3682
len(accepted) 93
total hits 3713
len(accepted) 94
total hits 3748
len(accepted) 95
total hits 3780
len(accepted) 96
total hits 3809
len(accepted) 97
total hits 3841
len(accepted) 98
total hits 3884
len(accepted) 99
total hits 3923
len(accepted) 100
total hits 3965
len(accepted) 101
total hits 3998
len(accepted) 102
total hits 4031
len(accepted) 103
total hits 4074
len(accepted) 104
total hits 4112
len(accepted) 105
total hits 4163
len(accepted) 106
total hits 4204
len(accepted) 107
total hits 4242
len(accepted) 108
total hits 4295
len(accepted) 109
total hits 4334
len(accepted) 110
total hits 4374
len(accepted) 111
total hits 4412
len(accepted) 112
total hits 4447
len(accepted) 113
total hits 4486
len(accepted) 114
total hits 4532
len(accepted) 115
total hits 4565
len(accepted) 116
total hits 4613
len(accepted) 117
total hits 4653
len(accepted) 118
total hits 4696
len(accepted) 119
total hits 4743
len(accepted) 120
total hits 4787
len(accepted) 121
total hits 4827
len(accepted) 122
total hits 4860
len(accepted) 123
total hits 4892
len(accepted) 124
total hits 4936
len(accepted) 125
total hits 4983
len(accepted) 126
total hits 5023
len(accepted) 127
sampl size torch.Size([5000, 2])
Saved generated samples.
