Using device: cuda
Data shape: torch.Size([100000, 2])
Loaded 60 models
f_max 2
total hits 39
len(accepted) 1
total hits 83
len(accepted) 2
total hits 126
len(accepted) 3
total hits 167
len(accepted) 4
total hits 205
len(accepted) 5
total hits 240
len(accepted) 6
total hits 281
len(accepted) 7
total hits 317
len(accepted) 8
total hits 355
len(accepted) 9
total hits 397
len(accepted) 10
total hits 434
len(accepted) 11
total hits 461
len(accepted) 12
total hits 509
len(accepted) 13
total hits 551
len(accepted) 14
total hits 589
len(accepted) 15
total hits 626
len(accepted) 16
total hits 662
len(accepted) 17
total hits 704
len(accepted) 18
total hits 742
len(accepted) 19
total hits 768
len(accepted) 20
total hits 801
len(accepted) 21
total hits 840
len(accepted) 22
total hits 884
len(accepted) 23
total hits 913
len(accepted) 24
total hits 952
len(accepted) 25
total hits 994
len(accepted) 26
total hits 1022
len(accepted) 27
total hits 1059
len(accepted) 28
total hits 1103
len(accepted) 29
total hits 1147
len(accepted) 30
total hits 1187
len(accepted) 31
total hits 1231
len(accepted) 32
total hits 1277
len(accepted) 33
total hits 1327
len(accepted) 34
total hits 1370
len(accepted) 35
total hits 1417
len(accepted) 36
total hits 1452
len(accepted) 37
total hits 1486
len(accepted) 38
total hits 1524
len(accepted) 39
total hits 1567
len(accepted) 40
total hits 1600
len(accepted) 41
total hits 1650
len(accepted) 42
total hits 1681
len(accepted) 43
total hits 1725
len(accepted) 44
total hits 1767
len(accepted) 45
total hits 1810
len(accepted) 46
total hits 1845
len(accepted) 47
total hits 1876
len(accepted) 48
total hits 1914
len(accepted) 49
total hits 1948
len(accepted) 50
total hits 1987
len(accepted) 51
total hits 2024
len(accepted) 52
total hits 2063
len(accepted) 53
total hits 2107
len(accepted) 54
total hits 2140
len(accepted) 55
total hits 2176
len(accepted) 56
total hits 2219
len(accepted) 57
total hits 2250
len(accepted) 58
total hits 2287
len(accepted) 59
total hits 2318
len(accepted) 60
total hits 2362
len(accepted) 61
total hits 2400
len(accepted) 62
total hits 2445
len(accepted) 63
total hits 2494
len(accepted) 64
total hits 2537
len(accepted) 65
total hits 2575
len(accepted) 66
total hits 2611
len(accepted) 67
total hits 2666
len(accepted) 68
total hits 2703
len(accepted) 69
total hits 2741
len(accepted) 70
total hits 2791
len(accepted) 71
total hits 2829
len(accepted) 72
total hits 2874
len(accepted) 73
total hits 2921
len(accepted) 74
total hits 2956
len(accepted) 75
total hits 2999
len(accepted) 76
total hits 3042
len(accepted) 77
total hits 3075
len(accepted) 78
total hits 3109
len(accepted) 79
total hits 3151
len(accepted) 80
total hits 3185
len(accepted) 81
total hits 3217
len(accepted) 82
total hits 3259
len(accepted) 83
total hits 3303
len(accepted) 84
total hits 3334
len(accepted) 85
total hits 3376
len(accepted) 86
total hits 3416
len(accepted) 87
total hits 3456
len(accepted) 88
total hits 3497
len(accepted) 89
total hits 3537
len(accepted) 90
total hits 3583
len(accepted) 91
total hits 3613
len(accepted) 92
total hits 3659
len(accepted) 93
total hits 3695
len(accepted) 94
total hits 3741
len(accepted) 95
total hits 3779
len(accepted) 96
total hits 3828
len(accepted) 97
total hits 3872
len(accepted) 98
total hits 3911
len(accepted) 99
total hits 3935
len(accepted) 100
total hits 3976
len(accepted) 101
total hits 4015
len(accepted) 102
total hits 4051
len(accepted) 103
total hits 4094
len(accepted) 104
total hits 4139
len(accepted) 105
total hits 4168
len(accepted) 106
total hits 4213
len(accepted) 107
total hits 4257
len(accepted) 108
total hits 4300
len(accepted) 109
total hits 4344
len(accepted) 110
total hits 4387
len(accepted) 111
total hits 4429
len(accepted) 112
total hits 4465
len(accepted) 113
total hits 4513
len(accepted) 114
total hits 4551
len(accepted) 115
total hits 4585
len(accepted) 116
total hits 4634
len(accepted) 117
total hits 4676
len(accepted) 118
total hits 4709
len(accepted) 119
total hits 4744
len(accepted) 120
total hits 4778
len(accepted) 121
total hits 4819
len(accepted) 122
total hits 4865
len(accepted) 123
total hits 4899
len(accepted) 124
total hits 4937
len(accepted) 125
total hits 4979
len(accepted) 126
total hits 5009
len(accepted) 127
sampl size torch.Size([5000, 2])
Saved generated samples.
