Using device: cuda
Data shape: torch.Size([100000, 2])
Loaded 60 models
f_max 2
total hits 27
len(accepted) 1
total hits 73
len(accepted) 2
total hits 115
len(accepted) 3
total hits 160
len(accepted) 4
total hits 193
len(accepted) 5
total hits 240
len(accepted) 6
total hits 297
len(accepted) 7
total hits 335
len(accepted) 8
total hits 376
len(accepted) 9
total hits 417
len(accepted) 10
total hits 452
len(accepted) 11
total hits 494
len(accepted) 12
total hits 529
len(accepted) 13
total hits 568
len(accepted) 14
total hits 606
len(accepted) 15
total hits 640
len(accepted) 16
total hits 684
len(accepted) 17
total hits 731
len(accepted) 18
total hits 778
len(accepted) 19
total hits 821
len(accepted) 20
total hits 860
len(accepted) 21
total hits 898
len(accepted) 22
total hits 930
len(accepted) 23
total hits 965
len(accepted) 24
total hits 1015
len(accepted) 25
total hits 1045
len(accepted) 26
total hits 1092
len(accepted) 27
total hits 1144
len(accepted) 28
total hits 1193
len(accepted) 29
total hits 1232
len(accepted) 30
total hits 1270
len(accepted) 31
total hits 1308
len(accepted) 32
total hits 1348
len(accepted) 33
total hits 1380
len(accepted) 34
total hits 1428
len(accepted) 35
total hits 1473
len(accepted) 36
total hits 1505
len(accepted) 37
total hits 1545
len(accepted) 38
total hits 1599
len(accepted) 39
total hits 1633
len(accepted) 40
total hits 1684
len(accepted) 41
total hits 1727
len(accepted) 42
total hits 1757
len(accepted) 43
total hits 1811
len(accepted) 44
total hits 1847
len(accepted) 45
total hits 1889
len(accepted) 46
total hits 1926
len(accepted) 47
total hits 1967
len(accepted) 48
total hits 2018
len(accepted) 49
total hits 2064
len(accepted) 50
total hits 2104
len(accepted) 51
total hits 2137
len(accepted) 52
total hits 2187
len(accepted) 53
total hits 2225
len(accepted) 54
total hits 2260
len(accepted) 55
total hits 2309
len(accepted) 56
total hits 2345
len(accepted) 57
total hits 2384
len(accepted) 58
total hits 2427
len(accepted) 59
total hits 2466
len(accepted) 60
total hits 2505
len(accepted) 61
total hits 2544
len(accepted) 62
total hits 2582
len(accepted) 63
total hits 2621
len(accepted) 64
total hits 2659
len(accepted) 65
total hits 2708
len(accepted) 66
total hits 2740
len(accepted) 67
total hits 2785
len(accepted) 68
total hits 2824
len(accepted) 69
total hits 2871
len(accepted) 70
total hits 2907
len(accepted) 71
total hits 2943
len(accepted) 72
total hits 2982
len(accepted) 73
total hits 3023
len(accepted) 74
total hits 3064
len(accepted) 75
total hits 3099
len(accepted) 76
total hits 3148
len(accepted) 77
total hits 3189
len(accepted) 78
total hits 3237
len(accepted) 79
total hits 3273
len(accepted) 80
total hits 3310
len(accepted) 81
total hits 3341
len(accepted) 82
total hits 3382
len(accepted) 83
total hits 3418
len(accepted) 84
total hits 3456
len(accepted) 85
total hits 3493
len(accepted) 86
total hits 3527
len(accepted) 87
total hits 3561
len(accepted) 88
total hits 3603
len(accepted) 89
total hits 3642
len(accepted) 90
total hits 3671
len(accepted) 91
total hits 3704
len(accepted) 92
total hits 3749
len(accepted) 93
total hits 3790
len(accepted) 94
total hits 3829
len(accepted) 95
total hits 3872
len(accepted) 96
total hits 3908
len(accepted) 97
total hits 3937
len(accepted) 98
total hits 3981
len(accepted) 99
total hits 4011
len(accepted) 100
total hits 4055
len(accepted) 101
total hits 4093
len(accepted) 102
total hits 4124
len(accepted) 103
total hits 4162
len(accepted) 104
total hits 4206
len(accepted) 105
total hits 4242
len(accepted) 106
total hits 4271
len(accepted) 107
total hits 4307
len(accepted) 108
total hits 4332
len(accepted) 109
total hits 4372
len(accepted) 110
total hits 4409
len(accepted) 111
total hits 4451
len(accepted) 112
total hits 4494
len(accepted) 113
total hits 4530
len(accepted) 114
total hits 4571
len(accepted) 115
total hits 4617
len(accepted) 116
total hits 4661
len(accepted) 117
total hits 4699
len(accepted) 118
total hits 4742
len(accepted) 119
total hits 4775
len(accepted) 120
total hits 4824
len(accepted) 121
total hits 4861
len(accepted) 122
total hits 4907
len(accepted) 123
total hits 4939
len(accepted) 124
total hits 4972
len(accepted) 125
total hits 5004
len(accepted) 126
sampl size torch.Size([5000, 2])
Saved generated samples.
