Using device: cuda
Data shape: torch.Size([100000, 2])
Loaded 60 models
f_max 2
total hits 42
len(accepted) 1
total hits 92
len(accepted) 2
total hits 135
len(accepted) 3
total hits 176
len(accepted) 4
total hits 217
len(accepted) 5
total hits 249
len(accepted) 6
total hits 284
len(accepted) 7
total hits 320
len(accepted) 8
total hits 366
len(accepted) 9
total hits 396
len(accepted) 10
total hits 433
len(accepted) 11
total hits 483
len(accepted) 12
total hits 518
len(accepted) 13
total hits 557
len(accepted) 14
total hits 594
len(accepted) 15
total hits 639
len(accepted) 16
total hits 679
len(accepted) 17
total hits 722
len(accepted) 18
total hits 760
len(accepted) 19
total hits 804
len(accepted) 20
total hits 845
len(accepted) 21
total hits 873
len(accepted) 22
total hits 923
len(accepted) 23
total hits 965
len(accepted) 24
total hits 1003
len(accepted) 25
total hits 1038
len(accepted) 26
total hits 1077
len(accepted) 27
total hits 1107
len(accepted) 28
total hits 1146
len(accepted) 29
total hits 1181
len(accepted) 30
total hits 1212
len(accepted) 31
total hits 1248
len(accepted) 32
total hits 1286
len(accepted) 33
total hits 1329
len(accepted) 34
total hits 1360
len(accepted) 35
total hits 1401
len(accepted) 36
total hits 1437
len(accepted) 37
total hits 1476
len(accepted) 38
total hits 1518
len(accepted) 39
total hits 1563
len(accepted) 40
total hits 1599
len(accepted) 41
total hits 1634
len(accepted) 42
total hits 1678
len(accepted) 43
total hits 1719
len(accepted) 44
total hits 1766
len(accepted) 45
total hits 1812
len(accepted) 46
total hits 1858
len(accepted) 47
total hits 1903
len(accepted) 48
total hits 1950
len(accepted) 49
total hits 2000
len(accepted) 50
total hits 2031
len(accepted) 51
total hits 2085
len(accepted) 52
total hits 2132
len(accepted) 53
total hits 2164
len(accepted) 54
total hits 2196
len(accepted) 55
total hits 2233
len(accepted) 56
total hits 2268
len(accepted) 57
total hits 2307
len(accepted) 58
total hits 2351
len(accepted) 59
total hits 2383
len(accepted) 60
total hits 2426
len(accepted) 61
total hits 2459
len(accepted) 62
total hits 2503
len(accepted) 63
total hits 2535
len(accepted) 64
total hits 2569
len(accepted) 65
total hits 2611
len(accepted) 66
total hits 2650
len(accepted) 67
total hits 2694
len(accepted) 68
total hits 2732
len(accepted) 69
total hits 2778
len(accepted) 70
total hits 2809
len(accepted) 71
total hits 2859
len(accepted) 72
total hits 2889
len(accepted) 73
total hits 2929
len(accepted) 74
total hits 2972
len(accepted) 75
total hits 3007
len(accepted) 76
total hits 3036
len(accepted) 77
total hits 3080
len(accepted) 78
total hits 3117
len(accepted) 79
total hits 3160
len(accepted) 80
total hits 3207
len(accepted) 81
total hits 3253
len(accepted) 82
total hits 3294
len(accepted) 83
total hits 3328
len(accepted) 84
total hits 3365
len(accepted) 85
total hits 3400
len(accepted) 86
total hits 3432
len(accepted) 87
total hits 3479
len(accepted) 88
total hits 3513
len(accepted) 89
total hits 3548
len(accepted) 90
total hits 3592
len(accepted) 91
total hits 3622
len(accepted) 92
total hits 3669
len(accepted) 93
total hits 3700
len(accepted) 94
total hits 3744
len(accepted) 95
total hits 3772
len(accepted) 96
total hits 3804
len(accepted) 97
total hits 3845
len(accepted) 98
total hits 3887
len(accepted) 99
total hits 3924
len(accepted) 100
total hits 3965
len(accepted) 101
total hits 4020
len(accepted) 102
total hits 4063
len(accepted) 103
total hits 4089
len(accepted) 104
total hits 4134
len(accepted) 105
total hits 4170
len(accepted) 106
total hits 4216
len(accepted) 107
total hits 4257
len(accepted) 108
total hits 4299
len(accepted) 109
total hits 4352
len(accepted) 110
total hits 4386
len(accepted) 111
total hits 4419
len(accepted) 112
total hits 4478
len(accepted) 113
total hits 4529
len(accepted) 114
total hits 4578
len(accepted) 115
total hits 4611
len(accepted) 116
total hits 4656
len(accepted) 117
total hits 4695
len(accepted) 118
total hits 4731
len(accepted) 119
total hits 4771
len(accepted) 120
total hits 4813
len(accepted) 121
total hits 4853
len(accepted) 122
total hits 4881
len(accepted) 123
total hits 4912
len(accepted) 124
total hits 4951
len(accepted) 125
total hits 4994
len(accepted) 126
total hits 5034
len(accepted) 127
sampl size torch.Size([5000, 2])
Saved generated samples.
