Using device: cuda
Data shape: torch.Size([100000, 2])
Loaded 60 models
f_max 2
total hits 35
len(accepted) 1
total hits 75
len(accepted) 2
total hits 119
len(accepted) 3
total hits 158
len(accepted) 4
total hits 205
len(accepted) 5
total hits 242
len(accepted) 6
total hits 283
len(accepted) 7
total hits 325
len(accepted) 8
total hits 355
len(accepted) 9
total hits 394
len(accepted) 10
total hits 445
len(accepted) 11
total hits 476
len(accepted) 12
total hits 518
len(accepted) 13
total hits 564
len(accepted) 14
total hits 613
len(accepted) 15
total hits 656
len(accepted) 16
total hits 700
len(accepted) 17
total hits 740
len(accepted) 18
total hits 784
len(accepted) 19
total hits 821
len(accepted) 20
total hits 853
len(accepted) 21
total hits 897
len(accepted) 22
total hits 943
len(accepted) 23
total hits 970
len(accepted) 24
total hits 1015
len(accepted) 25
total hits 1060
len(accepted) 26
total hits 1100
len(accepted) 27
total hits 1135
len(accepted) 28
total hits 1168
len(accepted) 29
total hits 1210
len(accepted) 30
total hits 1253
len(accepted) 31
total hits 1302
len(accepted) 32
total hits 1338
len(accepted) 33
total hits 1374
len(accepted) 34
total hits 1413
len(accepted) 35
total hits 1454
len(accepted) 36
total hits 1487
len(accepted) 37
total hits 1533
len(accepted) 38
total hits 1581
len(accepted) 39
total hits 1619
len(accepted) 40
total hits 1661
len(accepted) 41
total hits 1702
len(accepted) 42
total hits 1742
len(accepted) 43
total hits 1789
len(accepted) 44
total hits 1829
len(accepted) 45
total hits 1870
len(accepted) 46
total hits 1911
len(accepted) 47
total hits 1948
len(accepted) 48
total hits 1968
len(accepted) 49
total hits 2000
len(accepted) 50
total hits 2047
len(accepted) 51
total hits 2080
len(accepted) 52
total hits 2126
len(accepted) 53
total hits 2171
len(accepted) 54
total hits 2201
len(accepted) 55
total hits 2231
len(accepted) 56
total hits 2263
len(accepted) 57
total hits 2303
len(accepted) 58
total hits 2342
len(accepted) 59
total hits 2372
len(accepted) 60
total hits 2410
len(accepted) 61
total hits 2457
len(accepted) 62
total hits 2488
len(accepted) 63
total hits 2527
len(accepted) 64
total hits 2555
len(accepted) 65
total hits 2601
len(accepted) 66
total hits 2637
len(accepted) 67
total hits 2674
len(accepted) 68
total hits 2711
len(accepted) 69
total hits 2747
len(accepted) 70
total hits 2794
len(accepted) 71
total hits 2836
len(accepted) 72
total hits 2876
len(accepted) 73
total hits 2919
len(accepted) 74
total hits 2961
len(accepted) 75
total hits 2998
len(accepted) 76
total hits 3038
len(accepted) 77
total hits 3079
len(accepted) 78
total hits 3118
len(accepted) 79
total hits 3158
len(accepted) 80
total hits 3193
len(accepted) 81
total hits 3234
len(accepted) 82
total hits 3270
len(accepted) 83
total hits 3308
len(accepted) 84
total hits 3347
len(accepted) 85
total hits 3389
len(accepted) 86
total hits 3424
len(accepted) 87
total hits 3462
len(accepted) 88
total hits 3497
len(accepted) 89
total hits 3532
len(accepted) 90
total hits 3571
len(accepted) 91
total hits 3604
len(accepted) 92
total hits 3646
len(accepted) 93
total hits 3668
len(accepted) 94
total hits 3707
len(accepted) 95
total hits 3745
len(accepted) 96
total hits 3785
len(accepted) 97
total hits 3827
len(accepted) 98
total hits 3860
len(accepted) 99
total hits 3911
len(accepted) 100
total hits 3957
len(accepted) 101
total hits 4000
len(accepted) 102
total hits 4042
len(accepted) 103
total hits 4082
len(accepted) 104
total hits 4128
len(accepted) 105
total hits 4178
len(accepted) 106
total hits 4219
len(accepted) 107
total hits 4263
len(accepted) 108
total hits 4295
len(accepted) 109
total hits 4336
len(accepted) 110
total hits 4374
len(accepted) 111
total hits 4416
len(accepted) 112
total hits 4461
len(accepted) 113
total hits 4497
len(accepted) 114
total hits 4532
len(accepted) 115
total hits 4569
len(accepted) 116
total hits 4605
len(accepted) 117
total hits 4654
len(accepted) 118
total hits 4694
len(accepted) 119
total hits 4733
len(accepted) 120
total hits 4778
len(accepted) 121
total hits 4809
len(accepted) 122
total hits 4847
len(accepted) 123
total hits 4878
len(accepted) 124
total hits 4918
len(accepted) 125
total hits 4960
len(accepted) 126
total hits 5003
len(accepted) 127
sampl size torch.Size([5000, 2])
Saved generated samples.
