Using device: cuda
Data shape: torch.Size([100000, 2])
Loaded 60 models
f_max 2
total hits 40
len(accepted) 1
total hits 76
len(accepted) 2
total hits 111
len(accepted) 3
total hits 148
len(accepted) 4
total hits 184
len(accepted) 5
total hits 228
len(accepted) 6
total hits 263
len(accepted) 7
total hits 315
len(accepted) 8
total hits 353
len(accepted) 9
total hits 385
len(accepted) 10
total hits 419
len(accepted) 11
total hits 455
len(accepted) 12
total hits 495
len(accepted) 13
total hits 535
len(accepted) 14
total hits 577
len(accepted) 15
total hits 620
len(accepted) 16
total hits 654
len(accepted) 17
total hits 701
len(accepted) 18
total hits 739
len(accepted) 19
total hits 773
len(accepted) 20
total hits 807
len(accepted) 21
total hits 845
len(accepted) 22
total hits 894
len(accepted) 23
total hits 932
len(accepted) 24
total hits 965
len(accepted) 25
total hits 1008
len(accepted) 26
total hits 1047
len(accepted) 27
total hits 1074
len(accepted) 28
total hits 1128
len(accepted) 29
total hits 1174
len(accepted) 30
total hits 1209
len(accepted) 31
total hits 1241
len(accepted) 32
total hits 1282
len(accepted) 33
total hits 1324
len(accepted) 34
total hits 1365
len(accepted) 35
total hits 1403
len(accepted) 36
total hits 1435
len(accepted) 37
total hits 1473
len(accepted) 38
total hits 1511
len(accepted) 39
total hits 1560
len(accepted) 40
total hits 1598
len(accepted) 41
total hits 1629
len(accepted) 42
total hits 1673
len(accepted) 43
total hits 1707
len(accepted) 44
total hits 1751
len(accepted) 45
total hits 1790
len(accepted) 46
total hits 1837
len(accepted) 47
total hits 1872
len(accepted) 48
total hits 1909
len(accepted) 49
total hits 1946
len(accepted) 50
total hits 1974
len(accepted) 51
total hits 2024
len(accepted) 52
total hits 2063
len(accepted) 53
total hits 2098
len(accepted) 54
total hits 2146
len(accepted) 55
total hits 2191
len(accepted) 56
total hits 2228
len(accepted) 57
total hits 2272
len(accepted) 58
total hits 2305
len(accepted) 59
total hits 2341
len(accepted) 60
total hits 2380
len(accepted) 61
total hits 2409
len(accepted) 62
total hits 2461
len(accepted) 63
total hits 2495
len(accepted) 64
total hits 2529
len(accepted) 65
total hits 2571
len(accepted) 66
total hits 2619
len(accepted) 67
total hits 2656
len(accepted) 68
total hits 2693
len(accepted) 69
total hits 2724
len(accepted) 70
total hits 2747
len(accepted) 71
total hits 2788
len(accepted) 72
total hits 2818
len(accepted) 73
total hits 2852
len(accepted) 74
total hits 2900
len(accepted) 75
total hits 2937
len(accepted) 76
total hits 2987
len(accepted) 77
total hits 3026
len(accepted) 78
total hits 3069
len(accepted) 79
total hits 3111
len(accepted) 80
total hits 3152
len(accepted) 81
total hits 3195
len(accepted) 82
total hits 3236
len(accepted) 83
total hits 3274
len(accepted) 84
total hits 3319
len(accepted) 85
total hits 3361
len(accepted) 86
total hits 3400
len(accepted) 87
total hits 3439
len(accepted) 88
total hits 3475
len(accepted) 89
total hits 3497
len(accepted) 90
total hits 3536
len(accepted) 91
total hits 3584
len(accepted) 92
total hits 3626
len(accepted) 93
total hits 3665
len(accepted) 94
total hits 3708
len(accepted) 95
total hits 3750
len(accepted) 96
total hits 3789
len(accepted) 97
total hits 3833
len(accepted) 98
total hits 3873
len(accepted) 99
total hits 3912
len(accepted) 100
total hits 3960
len(accepted) 101
total hits 4002
len(accepted) 102
total hits 4037
len(accepted) 103
total hits 4065
len(accepted) 104
total hits 4098
len(accepted) 105
total hits 4150
len(accepted) 106
total hits 4196
len(accepted) 107
total hits 4238
len(accepted) 108
total hits 4281
len(accepted) 109
total hits 4314
len(accepted) 110
total hits 4351
len(accepted) 111
total hits 4393
len(accepted) 112
total hits 4421
len(accepted) 113
total hits 4467
len(accepted) 114
total hits 4511
len(accepted) 115
total hits 4551
len(accepted) 116
total hits 4582
len(accepted) 117
total hits 4622
len(accepted) 118
total hits 4658
len(accepted) 119
total hits 4690
len(accepted) 120
total hits 4715
len(accepted) 121
total hits 4749
len(accepted) 122
total hits 4797
len(accepted) 123
total hits 4832
len(accepted) 124
total hits 4876
len(accepted) 125
total hits 4929
len(accepted) 126
total hits 4969
len(accepted) 127
total hits 5000
len(accepted) 128
sampl size torch.Size([5000, 2])
Saved generated samples.
