Using device: cuda
Data shape: torch.Size([100000, 2])
Loaded 60 models
f_max 2
total hits 42
len(accepted) 1
total hits 78
len(accepted) 2
total hits 115
len(accepted) 3
total hits 151
len(accepted) 4
total hits 191
len(accepted) 5
total hits 227
len(accepted) 6
total hits 265
len(accepted) 7
total hits 303
len(accepted) 8
total hits 342
len(accepted) 9
total hits 393
len(accepted) 10
total hits 429
len(accepted) 11
total hits 467
len(accepted) 12
total hits 507
len(accepted) 13
total hits 550
len(accepted) 14
total hits 599
len(accepted) 15
total hits 633
len(accepted) 16
total hits 676
len(accepted) 17
total hits 734
len(accepted) 18
total hits 782
len(accepted) 19
total hits 824
len(accepted) 20
total hits 870
len(accepted) 21
total hits 915
len(accepted) 22
total hits 958
len(accepted) 23
total hits 1005
len(accepted) 24
total hits 1051
len(accepted) 25
total hits 1096
len(accepted) 26
total hits 1127
len(accepted) 27
total hits 1165
len(accepted) 28
total hits 1219
len(accepted) 29
total hits 1250
len(accepted) 30
total hits 1289
len(accepted) 31
total hits 1330
len(accepted) 32
total hits 1376
len(accepted) 33
total hits 1410
len(accepted) 34
total hits 1456
len(accepted) 35
total hits 1492
len(accepted) 36
total hits 1530
len(accepted) 37
total hits 1574
len(accepted) 38
total hits 1609
len(accepted) 39
total hits 1651
len(accepted) 40
total hits 1685
len(accepted) 41
total hits 1728
len(accepted) 42
total hits 1765
len(accepted) 43
total hits 1804
len(accepted) 44
total hits 1845
len(accepted) 45
total hits 1887
len(accepted) 46
total hits 1932
len(accepted) 47
total hits 1978
len(accepted) 48
total hits 2021
len(accepted) 49
total hits 2071
len(accepted) 50
total hits 2112
len(accepted) 51
total hits 2164
len(accepted) 52
total hits 2212
len(accepted) 53
total hits 2243
len(accepted) 54
total hits 2276
len(accepted) 55
total hits 2315
len(accepted) 56
total hits 2343
len(accepted) 57
total hits 2392
len(accepted) 58
total hits 2429
len(accepted) 59
total hits 2483
len(accepted) 60
total hits 2522
len(accepted) 61
total hits 2557
len(accepted) 62
total hits 2604
len(accepted) 63
total hits 2646
len(accepted) 64
total hits 2688
len(accepted) 65
total hits 2722
len(accepted) 66
total hits 2756
len(accepted) 67
total hits 2797
len(accepted) 68
total hits 2844
len(accepted) 69
total hits 2885
len(accepted) 70
total hits 2930
len(accepted) 71
total hits 2966
len(accepted) 72
total hits 3020
len(accepted) 73
total hits 3061
len(accepted) 74
total hits 3098
len(accepted) 75
total hits 3145
len(accepted) 76
total hits 3197
len(accepted) 77
total hits 3234
len(accepted) 78
total hits 3261
len(accepted) 79
total hits 3297
len(accepted) 80
total hits 3339
len(accepted) 81
total hits 3377
len(accepted) 82
total hits 3414
len(accepted) 83
total hits 3451
len(accepted) 84
total hits 3498
len(accepted) 85
total hits 3543
len(accepted) 86
total hits 3570
len(accepted) 87
total hits 3613
len(accepted) 88
total hits 3656
len(accepted) 89
total hits 3697
len(accepted) 90
total hits 3748
len(accepted) 91
total hits 3794
len(accepted) 92
total hits 3836
len(accepted) 93
total hits 3877
len(accepted) 94
total hits 3927
len(accepted) 95
total hits 3965
len(accepted) 96
total hits 4001
len(accepted) 97
total hits 4032
len(accepted) 98
total hits 4069
len(accepted) 99
total hits 4103
len(accepted) 100
total hits 4153
len(accepted) 101
total hits 4192
len(accepted) 102
total hits 4233
len(accepted) 103
total hits 4266
len(accepted) 104
total hits 4302
len(accepted) 105
total hits 4345
len(accepted) 106
total hits 4385
len(accepted) 107
total hits 4418
len(accepted) 108
total hits 4446
len(accepted) 109
total hits 4480
len(accepted) 110
total hits 4530
len(accepted) 111
total hits 4567
len(accepted) 112
total hits 4615
len(accepted) 113
total hits 4668
len(accepted) 114
total hits 4703
len(accepted) 115
total hits 4740
len(accepted) 116
total hits 4774
len(accepted) 117
total hits 4813
len(accepted) 118
total hits 4855
len(accepted) 119
total hits 4892
len(accepted) 120
total hits 4935
len(accepted) 121
total hits 4976
len(accepted) 122
total hits 5020
len(accepted) 123
sampl size torch.Size([5000, 2])
Saved generated samples.
