Using device: cuda
Data shape: torch.Size([100000, 2])
Loaded 60 models
f_max 2
total hits 37
len(accepted) 1
total hits 74
len(accepted) 2
total hits 116
len(accepted) 3
total hits 150
len(accepted) 4
total hits 190
len(accepted) 5
total hits 234
len(accepted) 6
total hits 283
len(accepted) 7
total hits 323
len(accepted) 8
total hits 363
len(accepted) 9
total hits 409
len(accepted) 10
total hits 444
len(accepted) 11
total hits 488
len(accepted) 12
total hits 519
len(accepted) 13
total hits 560
len(accepted) 14
total hits 593
len(accepted) 15
total hits 642
len(accepted) 16
total hits 683
len(accepted) 17
total hits 721
len(accepted) 18
total hits 771
len(accepted) 19
total hits 809
len(accepted) 20
total hits 842
len(accepted) 21
total hits 886
len(accepted) 22
total hits 921
len(accepted) 23
total hits 951
len(accepted) 24
total hits 978
len(accepted) 25
total hits 1009
len(accepted) 26
total hits 1042
len(accepted) 27
total hits 1076
len(accepted) 28
total hits 1109
len(accepted) 29
total hits 1147
len(accepted) 30
total hits 1178
len(accepted) 31
total hits 1220
len(accepted) 32
total hits 1277
len(accepted) 33
total hits 1320
len(accepted) 34
total hits 1355
len(accepted) 35
total hits 1391
len(accepted) 36
total hits 1422
len(accepted) 37
total hits 1454
len(accepted) 38
total hits 1510
len(accepted) 39
total hits 1546
len(accepted) 40
total hits 1585
len(accepted) 41
total hits 1621
len(accepted) 42
total hits 1663
len(accepted) 43
total hits 1698
len(accepted) 44
total hits 1747
len(accepted) 45
total hits 1787
len(accepted) 46
total hits 1837
len(accepted) 47
total hits 1871
len(accepted) 48
total hits 1920
len(accepted) 49
total hits 1956
len(accepted) 50
total hits 2008
len(accepted) 51
total hits 2055
len(accepted) 52
total hits 2091
len(accepted) 53
total hits 2130
len(accepted) 54
total hits 2172
len(accepted) 55
total hits 2212
len(accepted) 56
total hits 2250
len(accepted) 57
total hits 2300
len(accepted) 58
total hits 2331
len(accepted) 59
total hits 2373
len(accepted) 60
total hits 2411
len(accepted) 61
total hits 2461
len(accepted) 62
total hits 2504
len(accepted) 63
total hits 2544
len(accepted) 64
total hits 2585
len(accepted) 65
total hits 2640
len(accepted) 66
total hits 2690
len(accepted) 67
total hits 2731
len(accepted) 68
total hits 2772
len(accepted) 69
total hits 2818
len(accepted) 70
total hits 2853
len(accepted) 71
total hits 2886
len(accepted) 72
total hits 2930
len(accepted) 73
total hits 2971
len(accepted) 74
total hits 3015
len(accepted) 75
total hits 3059
len(accepted) 76
total hits 3100
len(accepted) 77
total hits 3135
len(accepted) 78
total hits 3180
len(accepted) 79
total hits 3219
len(accepted) 80
total hits 3262
len(accepted) 81
total hits 3295
len(accepted) 82
total hits 3337
len(accepted) 83
total hits 3379
len(accepted) 84
total hits 3424
len(accepted) 85
total hits 3465
len(accepted) 86
total hits 3510
len(accepted) 87
total hits 3560
len(accepted) 88
total hits 3594
len(accepted) 89
total hits 3633
len(accepted) 90
total hits 3669
len(accepted) 91
total hits 3715
len(accepted) 92
total hits 3759
len(accepted) 93
total hits 3804
len(accepted) 94
total hits 3837
len(accepted) 95
total hits 3880
len(accepted) 96
total hits 3914
len(accepted) 97
total hits 3958
len(accepted) 98
total hits 4001
len(accepted) 99
total hits 4043
len(accepted) 100
total hits 4080
len(accepted) 101
total hits 4120
len(accepted) 102
total hits 4157
len(accepted) 103
total hits 4191
len(accepted) 104
total hits 4240
len(accepted) 105
total hits 4276
len(accepted) 106
total hits 4312
len(accepted) 107
total hits 4352
len(accepted) 108
total hits 4386
len(accepted) 109
total hits 4432
len(accepted) 110
total hits 4477
len(accepted) 111
total hits 4522
len(accepted) 112
total hits 4562
len(accepted) 113
total hits 4600
len(accepted) 114
total hits 4644
len(accepted) 115
total hits 4690
len(accepted) 116
total hits 4731
len(accepted) 117
total hits 4775
len(accepted) 118
total hits 4806
len(accepted) 119
total hits 4851
len(accepted) 120
total hits 4882
len(accepted) 121
total hits 4924
len(accepted) 122
total hits 4969
len(accepted) 123
total hits 5006
len(accepted) 124
sampl size torch.Size([5000, 2])
Saved generated samples.
