Using device: cuda
Data shape: torch.Size([100000, 2])
Loaded 60 models
f_max 2
total hits 35
len(accepted) 1
total hits 75
len(accepted) 2
total hits 107
len(accepted) 3
total hits 141
len(accepted) 4
total hits 187
len(accepted) 5
total hits 235
len(accepted) 6
total hits 274
len(accepted) 7
total hits 304
len(accepted) 8
total hits 334
len(accepted) 9
total hits 368
len(accepted) 10
total hits 401
len(accepted) 11
total hits 440
len(accepted) 12
total hits 467
len(accepted) 13
total hits 500
len(accepted) 14
total hits 548
len(accepted) 15
total hits 588
len(accepted) 16
total hits 623
len(accepted) 17
total hits 658
len(accepted) 18
total hits 698
len(accepted) 19
total hits 738
len(accepted) 20
total hits 788
len(accepted) 21
total hits 829
len(accepted) 22
total hits 876
len(accepted) 23
total hits 916
len(accepted) 24
total hits 955
len(accepted) 25
total hits 995
len(accepted) 26
total hits 1031
len(accepted) 27
total hits 1064
len(accepted) 28
total hits 1107
len(accepted) 29
total hits 1150
len(accepted) 30
total hits 1193
len(accepted) 31
total hits 1224
len(accepted) 32
total hits 1260
len(accepted) 33
total hits 1296
len(accepted) 34
total hits 1332
len(accepted) 35
total hits 1367
len(accepted) 36
total hits 1408
len(accepted) 37
total hits 1435
len(accepted) 38
total hits 1476
len(accepted) 39
total hits 1527
len(accepted) 40
total hits 1565
len(accepted) 41
total hits 1612
len(accepted) 42
total hits 1642
len(accepted) 43
total hits 1684
len(accepted) 44
total hits 1715
len(accepted) 45
total hits 1761
len(accepted) 46
total hits 1806
len(accepted) 47
total hits 1836
len(accepted) 48
total hits 1873
len(accepted) 49
total hits 1919
len(accepted) 50
total hits 1950
len(accepted) 51
total hits 1986
len(accepted) 52
total hits 2018
len(accepted) 53
total hits 2049
len(accepted) 54
total hits 2084
len(accepted) 55
total hits 2122
len(accepted) 56
total hits 2162
len(accepted) 57
total hits 2198
len(accepted) 58
total hits 2234
len(accepted) 59
total hits 2277
len(accepted) 60
total hits 2326
len(accepted) 61
total hits 2386
len(accepted) 62
total hits 2429
len(accepted) 63
total hits 2461
len(accepted) 64
total hits 2493
len(accepted) 65
total hits 2524
len(accepted) 66
total hits 2560
len(accepted) 67
total hits 2594
len(accepted) 68
total hits 2633
len(accepted) 69
total hits 2677
len(accepted) 70
total hits 2720
len(accepted) 71
total hits 2749
len(accepted) 72
total hits 2792
len(accepted) 73
total hits 2825
len(accepted) 74
total hits 2870
len(accepted) 75
total hits 2919
len(accepted) 76
total hits 2956
len(accepted) 77
total hits 2999
len(accepted) 78
total hits 3037
len(accepted) 79
total hits 3068
len(accepted) 80
total hits 3110
len(accepted) 81
total hits 3153
len(accepted) 82
total hits 3204
len(accepted) 83
total hits 3240
len(accepted) 84
total hits 3284
len(accepted) 85
total hits 3317
len(accepted) 86
total hits 3351
len(accepted) 87
total hits 3389
len(accepted) 88
total hits 3435
len(accepted) 89
total hits 3470
len(accepted) 90
total hits 3509
len(accepted) 91
total hits 3547
len(accepted) 92
total hits 3582
len(accepted) 93
total hits 3622
len(accepted) 94
total hits 3657
len(accepted) 95
total hits 3700
len(accepted) 96
total hits 3735
len(accepted) 97
total hits 3775
len(accepted) 98
total hits 3811
len(accepted) 99
total hits 3846
len(accepted) 100
total hits 3892
len(accepted) 101
total hits 3931
len(accepted) 102
total hits 3976
len(accepted) 103
total hits 4017
len(accepted) 104
total hits 4057
len(accepted) 105
total hits 4111
len(accepted) 106
total hits 4142
len(accepted) 107
total hits 4179
len(accepted) 108
total hits 4226
len(accepted) 109
total hits 4277
len(accepted) 110
total hits 4308
len(accepted) 111
total hits 4347
len(accepted) 112
total hits 4395
len(accepted) 113
total hits 4434
len(accepted) 114
total hits 4467
len(accepted) 115
total hits 4512
len(accepted) 116
total hits 4545
len(accepted) 117
total hits 4597
len(accepted) 118
total hits 4621
len(accepted) 119
total hits 4665
len(accepted) 120
total hits 4698
len(accepted) 121
total hits 4733
len(accepted) 122
total hits 4762
len(accepted) 123
total hits 4804
len(accepted) 124
total hits 4838
len(accepted) 125
total hits 4879
len(accepted) 126
total hits 4919
len(accepted) 127
total hits 4942
len(accepted) 128
total hits 4981
len(accepted) 129
total hits 5022
len(accepted) 130
sampl size torch.Size([5000, 2])
Saved generated samples.
