Using device: cuda
Data shape: torch.Size([100000, 2])
Loaded 60 models
f_max 2
total hits 41
len(accepted) 1
total hits 81
len(accepted) 2
total hits 121
len(accepted) 3
total hits 157
len(accepted) 4
total hits 199
len(accepted) 5
total hits 259
len(accepted) 6
total hits 303
len(accepted) 7
total hits 332
len(accepted) 8
total hits 364
len(accepted) 9
total hits 403
len(accepted) 10
total hits 440
len(accepted) 11
total hits 496
len(accepted) 12
total hits 539
len(accepted) 13
total hits 585
len(accepted) 14
total hits 623
len(accepted) 15
total hits 663
len(accepted) 16
total hits 701
len(accepted) 17
total hits 741
len(accepted) 18
total hits 781
len(accepted) 19
total hits 828
len(accepted) 20
total hits 873
len(accepted) 21
total hits 917
len(accepted) 22
total hits 953
len(accepted) 23
total hits 982
len(accepted) 24
total hits 1018
len(accepted) 25
total hits 1051
len(accepted) 26
total hits 1092
len(accepted) 27
total hits 1134
len(accepted) 28
total hits 1181
len(accepted) 29
total hits 1207
len(accepted) 30
total hits 1250
len(accepted) 31
total hits 1280
len(accepted) 32
total hits 1309
len(accepted) 33
total hits 1365
len(accepted) 34
total hits 1401
len(accepted) 35
total hits 1440
len(accepted) 36
total hits 1467
len(accepted) 37
total hits 1500
len(accepted) 38
total hits 1531
len(accepted) 39
total hits 1569
len(accepted) 40
total hits 1606
len(accepted) 41
total hits 1652
len(accepted) 42
total hits 1689
len(accepted) 43
total hits 1719
len(accepted) 44
total hits 1768
len(accepted) 45
total hits 1799
len(accepted) 46
total hits 1834
len(accepted) 47
total hits 1866
len(accepted) 48
total hits 1914
len(accepted) 49
total hits 1952
len(accepted) 50
total hits 2001
len(accepted) 51
total hits 2038
len(accepted) 52
total hits 2075
len(accepted) 53
total hits 2109
len(accepted) 54
total hits 2142
len(accepted) 55
total hits 2178
len(accepted) 56
total hits 2211
len(accepted) 57
total hits 2265
len(accepted) 58
total hits 2303
len(accepted) 59
total hits 2342
len(accepted) 60
total hits 2398
len(accepted) 61
total hits 2441
len(accepted) 62
total hits 2489
len(accepted) 63
total hits 2538
len(accepted) 64
total hits 2574
len(accepted) 65
total hits 2611
len(accepted) 66
total hits 2654
len(accepted) 67
total hits 2691
len(accepted) 68
total hits 2729
len(accepted) 69
total hits 2772
len(accepted) 70
total hits 2813
len(accepted) 71
total hits 2845
len(accepted) 72
total hits 2893
len(accepted) 73
total hits 2935
len(accepted) 74
total hits 2975
len(accepted) 75
total hits 3009
len(accepted) 76
total hits 3043
len(accepted) 77
total hits 3084
len(accepted) 78
total hits 3123
len(accepted) 79
total hits 3172
len(accepted) 80
total hits 3213
len(accepted) 81
total hits 3256
len(accepted) 82
total hits 3292
len(accepted) 83
total hits 3328
len(accepted) 84
total hits 3378
len(accepted) 85
total hits 3422
len(accepted) 86
total hits 3460
len(accepted) 87
total hits 3507
len(accepted) 88
total hits 3552
len(accepted) 89
total hits 3594
len(accepted) 90
total hits 3634
len(accepted) 91
total hits 3678
len(accepted) 92
total hits 3724
len(accepted) 93
total hits 3764
len(accepted) 94
total hits 3804
len(accepted) 95
total hits 3837
len(accepted) 96
total hits 3876
len(accepted) 97
total hits 3916
len(accepted) 98
total hits 3957
len(accepted) 99
total hits 3990
len(accepted) 100
total hits 4024
len(accepted) 101
total hits 4054
len(accepted) 102
total hits 4096
len(accepted) 103
total hits 4145
len(accepted) 104
total hits 4184
len(accepted) 105
total hits 4215
len(accepted) 106
total hits 4259
len(accepted) 107
total hits 4301
len(accepted) 108
total hits 4341
len(accepted) 109
total hits 4373
len(accepted) 110
total hits 4409
len(accepted) 111
total hits 4447
len(accepted) 112
total hits 4482
len(accepted) 113
total hits 4524
len(accepted) 114
total hits 4557
len(accepted) 115
total hits 4589
len(accepted) 116
total hits 4625
len(accepted) 117
total hits 4663
len(accepted) 118
total hits 4700
len(accepted) 119
total hits 4742
len(accepted) 120
total hits 4783
len(accepted) 121
total hits 4826
len(accepted) 122
total hits 4868
len(accepted) 123
total hits 4897
len(accepted) 124
total hits 4939
len(accepted) 125
total hits 4974
len(accepted) 126
total hits 5006
len(accepted) 127
sampl size torch.Size([5000, 2])
Saved generated samples.
