Using device: cuda
Data shape: torch.Size([100000, 2])
Loaded 60 models
f_max 2
total hits 45
len(accepted) 1
total hits 74
len(accepted) 2
total hits 117
len(accepted) 3
total hits 156
len(accepted) 4
total hits 206
len(accepted) 5
total hits 259
len(accepted) 6
total hits 303
len(accepted) 7
total hits 346
len(accepted) 8
total hits 384
len(accepted) 9
total hits 414
len(accepted) 10
total hits 451
len(accepted) 11
total hits 494
len(accepted) 12
total hits 539
len(accepted) 13
total hits 576
len(accepted) 14
total hits 609
len(accepted) 15
total hits 640
len(accepted) 16
total hits 677
len(accepted) 17
total hits 719
len(accepted) 18
total hits 744
len(accepted) 19
total hits 778
len(accepted) 20
total hits 827
len(accepted) 21
total hits 873
len(accepted) 22
total hits 902
len(accepted) 23
total hits 944
len(accepted) 24
total hits 983
len(accepted) 25
total hits 1030
len(accepted) 26
total hits 1080
len(accepted) 27
total hits 1120
len(accepted) 28
total hits 1163
len(accepted) 29
total hits 1192
len(accepted) 30
total hits 1236
len(accepted) 31
total hits 1281
len(accepted) 32
total hits 1320
len(accepted) 33
total hits 1360
len(accepted) 34
total hits 1395
len(accepted) 35
total hits 1434
len(accepted) 36
total hits 1476
len(accepted) 37
total hits 1512
len(accepted) 38
total hits 1556
len(accepted) 39
total hits 1600
len(accepted) 40
total hits 1635
len(accepted) 41
total hits 1675
len(accepted) 42
total hits 1721
len(accepted) 43
total hits 1770
len(accepted) 44
total hits 1811
len(accepted) 45
total hits 1847
len(accepted) 46
total hits 1888
len(accepted) 47
total hits 1926
len(accepted) 48
total hits 1970
len(accepted) 49
total hits 2019
len(accepted) 50
total hits 2065
len(accepted) 51
total hits 2113
len(accepted) 52
total hits 2152
len(accepted) 53
total hits 2189
len(accepted) 54
total hits 2240
len(accepted) 55
total hits 2271
len(accepted) 56
total hits 2307
len(accepted) 57
total hits 2344
len(accepted) 58
total hits 2384
len(accepted) 59
total hits 2422
len(accepted) 60
total hits 2461
len(accepted) 61
total hits 2503
len(accepted) 62
total hits 2547
len(accepted) 63
total hits 2596
len(accepted) 64
total hits 2636
len(accepted) 65
total hits 2682
len(accepted) 66
total hits 2716
len(accepted) 67
total hits 2747
len(accepted) 68
total hits 2793
len(accepted) 69
total hits 2842
len(accepted) 70
total hits 2871
len(accepted) 71
total hits 2915
len(accepted) 72
total hits 2960
len(accepted) 73
total hits 2997
len(accepted) 74
total hits 3032
len(accepted) 75
total hits 3068
len(accepted) 76
total hits 3105
len(accepted) 77
total hits 3138
len(accepted) 78
total hits 3182
len(accepted) 79
total hits 3216
len(accepted) 80
total hits 3244
len(accepted) 81
total hits 3279
len(accepted) 82
total hits 3318
len(accepted) 83
total hits 3358
len(accepted) 84
total hits 3398
len(accepted) 85
total hits 3438
len(accepted) 86
total hits 3470
len(accepted) 87
total hits 3511
len(accepted) 88
total hits 3551
len(accepted) 89
total hits 3608
len(accepted) 90
total hits 3647
len(accepted) 91
total hits 3684
len(accepted) 92
total hits 3725
len(accepted) 93
total hits 3775
len(accepted) 94
total hits 3824
len(accepted) 95
total hits 3870
len(accepted) 96
total hits 3913
len(accepted) 97
total hits 3955
len(accepted) 98
total hits 3996
len(accepted) 99
total hits 4035
len(accepted) 100
total hits 4070
len(accepted) 101
total hits 4114
len(accepted) 102
total hits 4163
len(accepted) 103
total hits 4197
len(accepted) 104
total hits 4234
len(accepted) 105
total hits 4276
len(accepted) 106
total hits 4323
len(accepted) 107
total hits 4359
len(accepted) 108
total hits 4401
len(accepted) 109
total hits 4449
len(accepted) 110
total hits 4489
len(accepted) 111
total hits 4534
len(accepted) 112
total hits 4575
len(accepted) 113
total hits 4626
len(accepted) 114
total hits 4678
len(accepted) 115
total hits 4720
len(accepted) 116
total hits 4760
len(accepted) 117
total hits 4801
len(accepted) 118
total hits 4844
len(accepted) 119
total hits 4882
len(accepted) 120
total hits 4911
len(accepted) 121
total hits 4952
len(accepted) 122
total hits 4982
len(accepted) 123
total hits 5018
len(accepted) 124
sampl size torch.Size([5000, 2])
Saved generated samples.
