Using device: cuda
Data shape: torch.Size([100000, 2])
Loaded 60 models
f_max 2
total hits 48
len(accepted) 1
total hits 84
len(accepted) 2
total hits 119
len(accepted) 3
total hits 162
len(accepted) 4
total hits 196
len(accepted) 5
total hits 238
len(accepted) 6
total hits 275
len(accepted) 7
total hits 315
len(accepted) 8
total hits 361
len(accepted) 9
total hits 391
len(accepted) 10
total hits 426
len(accepted) 11
total hits 469
len(accepted) 12
total hits 522
len(accepted) 13
total hits 557
len(accepted) 14
total hits 604
len(accepted) 15
total hits 642
len(accepted) 16
total hits 687
len(accepted) 17
total hits 734
len(accepted) 18
total hits 771
len(accepted) 19
total hits 820
len(accepted) 20
total hits 872
len(accepted) 21
total hits 904
len(accepted) 22
total hits 940
len(accepted) 23
total hits 992
len(accepted) 24
total hits 1030
len(accepted) 25
total hits 1064
len(accepted) 26
total hits 1100
len(accepted) 27
total hits 1134
len(accepted) 28
total hits 1169
len(accepted) 29
total hits 1198
len(accepted) 30
total hits 1231
len(accepted) 31
total hits 1261
len(accepted) 32
total hits 1302
len(accepted) 33
total hits 1337
len(accepted) 34
total hits 1378
len(accepted) 35
total hits 1410
len(accepted) 36
total hits 1455
len(accepted) 37
total hits 1491
len(accepted) 38
total hits 1542
len(accepted) 39
total hits 1584
len(accepted) 40
total hits 1627
len(accepted) 41
total hits 1683
len(accepted) 42
total hits 1723
len(accepted) 43
total hits 1764
len(accepted) 44
total hits 1807
len(accepted) 45
total hits 1845
len(accepted) 46
total hits 1890
len(accepted) 47
total hits 1943
len(accepted) 48
total hits 1980
len(accepted) 49
total hits 2025
len(accepted) 50
total hits 2063
len(accepted) 51
total hits 2118
len(accepted) 52
total hits 2158
len(accepted) 53
total hits 2203
len(accepted) 54
total hits 2238
len(accepted) 55
total hits 2275
len(accepted) 56
total hits 2310
len(accepted) 57
total hits 2345
len(accepted) 58
total hits 2374
len(accepted) 59
total hits 2409
len(accepted) 60
total hits 2446
len(accepted) 61
total hits 2490
len(accepted) 62
total hits 2527
len(accepted) 63
total hits 2571
len(accepted) 64
total hits 2616
len(accepted) 65
total hits 2651
len(accepted) 66
total hits 2691
len(accepted) 67
total hits 2744
len(accepted) 68
total hits 2789
len(accepted) 69
total hits 2830
len(accepted) 70
total hits 2878
len(accepted) 71
total hits 2913
len(accepted) 72
total hits 2952
len(accepted) 73
total hits 2987
len(accepted) 74
total hits 3030
len(accepted) 75
total hits 3072
len(accepted) 76
total hits 3108
len(accepted) 77
total hits 3150
len(accepted) 78
total hits 3185
len(accepted) 79
total hits 3220
len(accepted) 80
total hits 3256
len(accepted) 81
total hits 3290
len(accepted) 82
total hits 3329
len(accepted) 83
total hits 3374
len(accepted) 84
total hits 3424
len(accepted) 85
total hits 3465
len(accepted) 86
total hits 3507
len(accepted) 87
total hits 3553
len(accepted) 88
total hits 3587
len(accepted) 89
total hits 3633
len(accepted) 90
total hits 3675
len(accepted) 91
total hits 3724
len(accepted) 92
total hits 3766
len(accepted) 93
total hits 3803
len(accepted) 94
total hits 3836
len(accepted) 95
total hits 3859
len(accepted) 96
total hits 3901
len(accepted) 97
total hits 3940
len(accepted) 98
total hits 3990
len(accepted) 99
total hits 4021
len(accepted) 100
total hits 4068
len(accepted) 101
total hits 4099
len(accepted) 102
total hits 4146
len(accepted) 103
total hits 4184
len(accepted) 104
total hits 4224
len(accepted) 105
total hits 4266
len(accepted) 106
total hits 4297
len(accepted) 107
total hits 4341
len(accepted) 108
total hits 4377
len(accepted) 109
total hits 4421
len(accepted) 110
total hits 4461
len(accepted) 111
total hits 4499
len(accepted) 112
total hits 4538
len(accepted) 113
total hits 4579
len(accepted) 114
total hits 4611
len(accepted) 115
total hits 4657
len(accepted) 116
total hits 4695
len(accepted) 117
total hits 4734
len(accepted) 118
total hits 4766
len(accepted) 119
total hits 4812
len(accepted) 120
total hits 4848
len(accepted) 121
total hits 4883
len(accepted) 122
total hits 4928
len(accepted) 123
total hits 4975
len(accepted) 124
total hits 5032
len(accepted) 125
sampl size torch.Size([5000, 2])
Saved generated samples.
