Using device: cuda
Data shape: torch.Size([100000, 2])
Loaded 60 models
f_max 2
total hits 37
len(accepted) 1
total hits 72
len(accepted) 2
total hits 107
len(accepted) 3
total hits 143
len(accepted) 4
total hits 186
len(accepted) 5
total hits 235
len(accepted) 6
total hits 276
len(accepted) 7
total hits 323
len(accepted) 8
total hits 364
len(accepted) 9
total hits 407
len(accepted) 10
total hits 461
len(accepted) 11
total hits 499
len(accepted) 12
total hits 534
len(accepted) 13
total hits 556
len(accepted) 14
total hits 588
len(accepted) 15
total hits 630
len(accepted) 16
total hits 661
len(accepted) 17
total hits 698
len(accepted) 18
total hits 742
len(accepted) 19
total hits 792
len(accepted) 20
total hits 830
len(accepted) 21
total hits 870
len(accepted) 22
total hits 921
len(accepted) 23
total hits 964
len(accepted) 24
total hits 995
len(accepted) 25
total hits 1047
len(accepted) 26
total hits 1083
len(accepted) 27
total hits 1136
len(accepted) 28
total hits 1176
len(accepted) 29
total hits 1208
len(accepted) 30
total hits 1248
len(accepted) 31
total hits 1284
len(accepted) 32
total hits 1324
len(accepted) 33
total hits 1366
len(accepted) 34
total hits 1415
len(accepted) 35
total hits 1454
len(accepted) 36
total hits 1492
len(accepted) 37
total hits 1544
len(accepted) 38
total hits 1585
len(accepted) 39
total hits 1621
len(accepted) 40
total hits 1660
len(accepted) 41
total hits 1704
len(accepted) 42
total hits 1736
len(accepted) 43
total hits 1777
len(accepted) 44
total hits 1816
len(accepted) 45
total hits 1859
len(accepted) 46
total hits 1901
len(accepted) 47
total hits 1943
len(accepted) 48
total hits 1974
len(accepted) 49
total hits 2010
len(accepted) 50
total hits 2050
len(accepted) 51
total hits 2093
len(accepted) 52
total hits 2142
len(accepted) 53
total hits 2187
len(accepted) 54
total hits 2220
len(accepted) 55
total hits 2244
len(accepted) 56
total hits 2278
len(accepted) 57
total hits 2315
len(accepted) 58
total hits 2354
len(accepted) 59
total hits 2396
len(accepted) 60
total hits 2444
len(accepted) 61
total hits 2486
len(accepted) 62
total hits 2525
len(accepted) 63
total hits 2565
len(accepted) 64
total hits 2608
len(accepted) 65
total hits 2654
len(accepted) 66
total hits 2685
len(accepted) 67
total hits 2716
len(accepted) 68
total hits 2749
len(accepted) 69
total hits 2786
len(accepted) 70
total hits 2830
len(accepted) 71
total hits 2862
len(accepted) 72
total hits 2907
len(accepted) 73
total hits 2938
len(accepted) 74
total hits 2982
len(accepted) 75
total hits 3021
len(accepted) 76
total hits 3066
len(accepted) 77
total hits 3106
len(accepted) 78
total hits 3135
len(accepted) 79
total hits 3177
len(accepted) 80
total hits 3221
len(accepted) 81
total hits 3264
len(accepted) 82
total hits 3305
len(accepted) 83
total hits 3346
len(accepted) 84
total hits 3387
len(accepted) 85
total hits 3419
len(accepted) 86
total hits 3456
len(accepted) 87
total hits 3500
len(accepted) 88
total hits 3544
len(accepted) 89
total hits 3586
len(accepted) 90
total hits 3621
len(accepted) 91
total hits 3666
len(accepted) 92
total hits 3704
len(accepted) 93
total hits 3749
len(accepted) 94
total hits 3785
len(accepted) 95
total hits 3823
len(accepted) 96
total hits 3854
len(accepted) 97
total hits 3895
len(accepted) 98
total hits 3939
len(accepted) 99
total hits 3988
len(accepted) 100
total hits 4022
len(accepted) 101
total hits 4060
len(accepted) 102
total hits 4103
len(accepted) 103
total hits 4133
len(accepted) 104
total hits 4181
len(accepted) 105
total hits 4216
len(accepted) 106
total hits 4269
len(accepted) 107
total hits 4310
len(accepted) 108
total hits 4353
len(accepted) 109
total hits 4394
len(accepted) 110
total hits 4436
len(accepted) 111
total hits 4476
len(accepted) 112
total hits 4521
len(accepted) 113
total hits 4551
len(accepted) 114
total hits 4601
len(accepted) 115
total hits 4634
len(accepted) 116
total hits 4674
len(accepted) 117
total hits 4714
len(accepted) 118
total hits 4758
len(accepted) 119
total hits 4793
len(accepted) 120
total hits 4835
len(accepted) 121
total hits 4881
len(accepted) 122
total hits 4923
len(accepted) 123
total hits 4959
len(accepted) 124
total hits 4992
len(accepted) 125
total hits 5028
len(accepted) 126
sampl size torch.Size([5000, 2])
Saved generated samples.
