Using device: cuda
Data shape: torch.Size([100000, 2])
Loaded 60 models
f_max 2
total hits 31
len(accepted) 1
total hits 78
len(accepted) 2
total hits 104
len(accepted) 3
total hits 134
len(accepted) 4
total hits 170
len(accepted) 5
total hits 218
len(accepted) 6
total hits 263
len(accepted) 7
total hits 293
len(accepted) 8
total hits 334
len(accepted) 9
total hits 370
len(accepted) 10
total hits 412
len(accepted) 11
total hits 452
len(accepted) 12
total hits 492
len(accepted) 13
total hits 531
len(accepted) 14
total hits 571
len(accepted) 15
total hits 614
len(accepted) 16
total hits 652
len(accepted) 17
total hits 691
len(accepted) 18
total hits 725
len(accepted) 19
total hits 772
len(accepted) 20
total hits 822
len(accepted) 21
total hits 861
len(accepted) 22
total hits 893
len(accepted) 23
total hits 936
len(accepted) 24
total hits 977
len(accepted) 25
total hits 1015
len(accepted) 26
total hits 1049
len(accepted) 27
total hits 1093
len(accepted) 28
total hits 1142
len(accepted) 29
total hits 1188
len(accepted) 30
total hits 1235
len(accepted) 31
total hits 1272
len(accepted) 32
total hits 1305
len(accepted) 33
total hits 1336
len(accepted) 34
total hits 1369
len(accepted) 35
total hits 1401
len(accepted) 36
total hits 1442
len(accepted) 37
total hits 1476
len(accepted) 38
total hits 1515
len(accepted) 39
total hits 1547
len(accepted) 40
total hits 1581
len(accepted) 41
total hits 1622
len(accepted) 42
total hits 1669
len(accepted) 43
total hits 1702
len(accepted) 44
total hits 1748
len(accepted) 45
total hits 1783
len(accepted) 46
total hits 1814
len(accepted) 47
total hits 1853
len(accepted) 48
total hits 1895
len(accepted) 49
total hits 1943
len(accepted) 50
total hits 1978
len(accepted) 51
total hits 2016
len(accepted) 52
total hits 2054
len(accepted) 53
total hits 2098
len(accepted) 54
total hits 2132
len(accepted) 55
total hits 2167
len(accepted) 56
total hits 2208
len(accepted) 57
total hits 2245
len(accepted) 58
total hits 2282
len(accepted) 59
total hits 2309
len(accepted) 60
total hits 2365
len(accepted) 61
total hits 2404
len(accepted) 62
total hits 2442
len(accepted) 63
total hits 2488
len(accepted) 64
total hits 2518
len(accepted) 65
total hits 2551
len(accepted) 66
total hits 2589
len(accepted) 67
total hits 2629
len(accepted) 68
total hits 2663
len(accepted) 69
total hits 2707
len(accepted) 70
total hits 2756
len(accepted) 71
total hits 2791
len(accepted) 72
total hits 2824
len(accepted) 73
total hits 2872
len(accepted) 74
total hits 2913
len(accepted) 75
total hits 2956
len(accepted) 76
total hits 2996
len(accepted) 77
total hits 3036
len(accepted) 78
total hits 3072
len(accepted) 79
total hits 3109
len(accepted) 80
total hits 3151
len(accepted) 81
total hits 3204
len(accepted) 82
total hits 3235
len(accepted) 83
total hits 3279
len(accepted) 84
total hits 3327
len(accepted) 85
total hits 3374
len(accepted) 86
total hits 3409
len(accepted) 87
total hits 3445
len(accepted) 88
total hits 3483
len(accepted) 89
total hits 3523
len(accepted) 90
total hits 3562
len(accepted) 91
total hits 3595
len(accepted) 92
total hits 3624
len(accepted) 93
total hits 3649
len(accepted) 94
total hits 3698
len(accepted) 95
total hits 3728
len(accepted) 96
total hits 3761
len(accepted) 97
total hits 3794
len(accepted) 98
total hits 3830
len(accepted) 99
total hits 3873
len(accepted) 100
total hits 3918
len(accepted) 101
total hits 3952
len(accepted) 102
total hits 3992
len(accepted) 103
total hits 4044
len(accepted) 104
total hits 4079
len(accepted) 105
total hits 4122
len(accepted) 106
total hits 4176
len(accepted) 107
total hits 4211
len(accepted) 108
total hits 4241
len(accepted) 109
total hits 4283
len(accepted) 110
total hits 4321
len(accepted) 111
total hits 4362
len(accepted) 112
total hits 4400
len(accepted) 113
total hits 4431
len(accepted) 114
total hits 4464
len(accepted) 115
total hits 4503
len(accepted) 116
total hits 4539
len(accepted) 117
total hits 4580
len(accepted) 118
total hits 4629
len(accepted) 119
total hits 4670
len(accepted) 120
total hits 4709
len(accepted) 121
total hits 4750
len(accepted) 122
total hits 4786
len(accepted) 123
total hits 4822
len(accepted) 124
total hits 4863
len(accepted) 125
total hits 4899
len(accepted) 126
total hits 4934
len(accepted) 127
total hits 4965
len(accepted) 128
total hits 5004
len(accepted) 129
sampl size torch.Size([5000, 2])
Saved generated samples.
