Using device: cuda
Data shape: torch.Size([100000, 2])
Loaded 60 models
f_max 2
total hits 37
len(accepted) 1
total hits 69
len(accepted) 2
total hits 126
len(accepted) 3
total hits 156
len(accepted) 4
total hits 203
len(accepted) 5
total hits 232
len(accepted) 6
total hits 272
len(accepted) 7
total hits 306
len(accepted) 8
total hits 353
len(accepted) 9
total hits 396
len(accepted) 10
total hits 441
len(accepted) 11
total hits 483
len(accepted) 12
total hits 520
len(accepted) 13
total hits 566
len(accepted) 14
total hits 599
len(accepted) 15
total hits 636
len(accepted) 16
total hits 676
len(accepted) 17
total hits 704
len(accepted) 18
total hits 742
len(accepted) 19
total hits 780
len(accepted) 20
total hits 816
len(accepted) 21
total hits 859
len(accepted) 22
total hits 896
len(accepted) 23
total hits 939
len(accepted) 24
total hits 979
len(accepted) 25
total hits 1017
len(accepted) 26
total hits 1062
len(accepted) 27
total hits 1106
len(accepted) 28
total hits 1149
len(accepted) 29
total hits 1190
len(accepted) 30
total hits 1230
len(accepted) 31
total hits 1272
len(accepted) 32
total hits 1319
len(accepted) 33
total hits 1358
len(accepted) 34
total hits 1387
len(accepted) 35
total hits 1422
len(accepted) 36
total hits 1459
len(accepted) 37
total hits 1503
len(accepted) 38
total hits 1543
len(accepted) 39
total hits 1575
len(accepted) 40
total hits 1622
len(accepted) 41
total hits 1665
len(accepted) 42
total hits 1699
len(accepted) 43
total hits 1734
len(accepted) 44
total hits 1768
len(accepted) 45
total hits 1797
len(accepted) 46
total hits 1841
len(accepted) 47
total hits 1880
len(accepted) 48
total hits 1921
len(accepted) 49
total hits 1960
len(accepted) 50
total hits 2005
len(accepted) 51
total hits 2041
len(accepted) 52
total hits 2088
len(accepted) 53
total hits 2119
len(accepted) 54
total hits 2159
len(accepted) 55
total hits 2194
len(accepted) 56
total hits 2243
len(accepted) 57
total hits 2280
len(accepted) 58
total hits 2314
len(accepted) 59
total hits 2364
len(accepted) 60
total hits 2405
len(accepted) 61
total hits 2444
len(accepted) 62
total hits 2486
len(accepted) 63
total hits 2529
len(accepted) 64
total hits 2575
len(accepted) 65
total hits 2624
len(accepted) 66
total hits 2668
len(accepted) 67
total hits 2701
len(accepted) 68
total hits 2738
len(accepted) 69
total hits 2771
len(accepted) 70
total hits 2813
len(accepted) 71
total hits 2867
len(accepted) 72
total hits 2905
len(accepted) 73
total hits 2946
len(accepted) 74
total hits 2990
len(accepted) 75
total hits 3039
len(accepted) 76
total hits 3086
len(accepted) 77
total hits 3121
len(accepted) 78
total hits 3152
len(accepted) 79
total hits 3189
len(accepted) 80
total hits 3230
len(accepted) 81
total hits 3271
len(accepted) 82
total hits 3315
len(accepted) 83
total hits 3359
len(accepted) 84
total hits 3391
len(accepted) 85
total hits 3424
len(accepted) 86
total hits 3457
len(accepted) 87
total hits 3493
len(accepted) 88
total hits 3535
len(accepted) 89
total hits 3576
len(accepted) 90
total hits 3613
len(accepted) 91
total hits 3660
len(accepted) 92
total hits 3693
len(accepted) 93
total hits 3739
len(accepted) 94
total hits 3782
len(accepted) 95
total hits 3822
len(accepted) 96
total hits 3860
len(accepted) 97
total hits 3900
len(accepted) 98
total hits 3950
len(accepted) 99
total hits 3991
len(accepted) 100
total hits 4025
len(accepted) 101
total hits 4075
len(accepted) 102
total hits 4118
len(accepted) 103
total hits 4162
len(accepted) 104
total hits 4205
len(accepted) 105
total hits 4244
len(accepted) 106
total hits 4282
len(accepted) 107
total hits 4314
len(accepted) 108
total hits 4357
len(accepted) 109
total hits 4407
len(accepted) 110
total hits 4447
len(accepted) 111
total hits 4485
len(accepted) 112
total hits 4515
len(accepted) 113
total hits 4555
len(accepted) 114
total hits 4600
len(accepted) 115
total hits 4637
len(accepted) 116
total hits 4671
len(accepted) 117
total hits 4718
len(accepted) 118
total hits 4746
len(accepted) 119
total hits 4790
len(accepted) 120
total hits 4842
len(accepted) 121
total hits 4883
len(accepted) 122
total hits 4929
len(accepted) 123
total hits 4973
len(accepted) 124
total hits 5023
len(accepted) 125
sampl size torch.Size([5000, 2])
Saved generated samples.
