Using device: cuda
Data shape: torch.Size([100000, 2])
Loaded 60 models
f_max 2
total hits 39
len(accepted) 1
total hits 81
len(accepted) 2
total hits 123
len(accepted) 3
total hits 151
len(accepted) 4
total hits 182
len(accepted) 5
total hits 216
len(accepted) 6
total hits 260
len(accepted) 7
total hits 306
len(accepted) 8
total hits 347
len(accepted) 9
total hits 384
len(accepted) 10
total hits 417
len(accepted) 11
total hits 460
len(accepted) 12
total hits 496
len(accepted) 13
total hits 541
len(accepted) 14
total hits 575
len(accepted) 15
total hits 612
len(accepted) 16
total hits 654
len(accepted) 17
total hits 693
len(accepted) 18
total hits 742
len(accepted) 19
total hits 778
len(accepted) 20
total hits 818
len(accepted) 21
total hits 859
len(accepted) 22
total hits 896
len(accepted) 23
total hits 932
len(accepted) 24
total hits 962
len(accepted) 25
total hits 998
len(accepted) 26
total hits 1038
len(accepted) 27
total hits 1091
len(accepted) 28
total hits 1124
len(accepted) 29
total hits 1157
len(accepted) 30
total hits 1206
len(accepted) 31
total hits 1241
len(accepted) 32
total hits 1284
len(accepted) 33
total hits 1322
len(accepted) 34
total hits 1357
len(accepted) 35
total hits 1391
len(accepted) 36
total hits 1426
len(accepted) 37
total hits 1460
len(accepted) 38
total hits 1488
len(accepted) 39
total hits 1532
len(accepted) 40
total hits 1576
len(accepted) 41
total hits 1617
len(accepted) 42
total hits 1669
len(accepted) 43
total hits 1705
len(accepted) 44
total hits 1748
len(accepted) 45
total hits 1790
len(accepted) 46
total hits 1826
len(accepted) 47
total hits 1862
len(accepted) 48
total hits 1905
len(accepted) 49
total hits 1955
len(accepted) 50
total hits 1987
len(accepted) 51
total hits 2038
len(accepted) 52
total hits 2077
len(accepted) 53
total hits 2119
len(accepted) 54
total hits 2157
len(accepted) 55
total hits 2194
len(accepted) 56
total hits 2228
len(accepted) 57
total hits 2266
len(accepted) 58
total hits 2298
len(accepted) 59
total hits 2341
len(accepted) 60
total hits 2394
len(accepted) 61
total hits 2425
len(accepted) 62
total hits 2472
len(accepted) 63
total hits 2510
len(accepted) 64
total hits 2533
len(accepted) 65
total hits 2575
len(accepted) 66
total hits 2613
len(accepted) 67
total hits 2653
len(accepted) 68
total hits 2692
len(accepted) 69
total hits 2734
len(accepted) 70
total hits 2764
len(accepted) 71
total hits 2799
len(accepted) 72
total hits 2844
len(accepted) 73
total hits 2880
len(accepted) 74
total hits 2916
len(accepted) 75
total hits 2949
len(accepted) 76
total hits 2989
len(accepted) 77
total hits 3031
len(accepted) 78
total hits 3076
len(accepted) 79
total hits 3107
len(accepted) 80
total hits 3149
len(accepted) 81
total hits 3190
len(accepted) 82
total hits 3230
len(accepted) 83
total hits 3268
len(accepted) 84
total hits 3317
len(accepted) 85
total hits 3356
len(accepted) 86
total hits 3398
len(accepted) 87
total hits 3424
len(accepted) 88
total hits 3471
len(accepted) 89
total hits 3516
len(accepted) 90
total hits 3560
len(accepted) 91
total hits 3585
len(accepted) 92
total hits 3629
len(accepted) 93
total hits 3662
len(accepted) 94
total hits 3701
len(accepted) 95
total hits 3734
len(accepted) 96
total hits 3770
len(accepted) 97
total hits 3804
len(accepted) 98
total hits 3833
len(accepted) 99
total hits 3868
len(accepted) 100
total hits 3911
len(accepted) 101
total hits 3948
len(accepted) 102
total hits 3993
len(accepted) 103
total hits 4029
len(accepted) 104
total hits 4069
len(accepted) 105
total hits 4106
len(accepted) 106
total hits 4149
len(accepted) 107
total hits 4192
len(accepted) 108
total hits 4238
len(accepted) 109
total hits 4279
len(accepted) 110
total hits 4330
len(accepted) 111
total hits 4362
len(accepted) 112
total hits 4394
len(accepted) 113
total hits 4421
len(accepted) 114
total hits 4466
len(accepted) 115
total hits 4518
len(accepted) 116
total hits 4573
len(accepted) 117
total hits 4613
len(accepted) 118
total hits 4654
len(accepted) 119
total hits 4691
len(accepted) 120
total hits 4722
len(accepted) 121
total hits 4758
len(accepted) 122
total hits 4794
len(accepted) 123
total hits 4827
len(accepted) 124
total hits 4872
len(accepted) 125
total hits 4900
len(accepted) 126
total hits 4944
len(accepted) 127
total hits 4982
len(accepted) 128
total hits 5012
len(accepted) 129
sampl size torch.Size([5000, 2])
Saved generated samples.
