Using device: cuda
Data shape: torch.Size([100000, 2])
Loaded 60 models
f_max 2
total hits 43
len(accepted) 1
total hits 83
len(accepted) 2
total hits 116
len(accepted) 3
total hits 169
len(accepted) 4
total hits 210
len(accepted) 5
total hits 242
len(accepted) 6
total hits 284
len(accepted) 7
total hits 325
len(accepted) 8
total hits 372
len(accepted) 9
total hits 402
len(accepted) 10
total hits 443
len(accepted) 11
total hits 486
len(accepted) 12
total hits 534
len(accepted) 13
total hits 573
len(accepted) 14
total hits 606
len(accepted) 15
total hits 649
len(accepted) 16
total hits 685
len(accepted) 17
total hits 724
len(accepted) 18
total hits 768
len(accepted) 19
total hits 810
len(accepted) 20
total hits 857
len(accepted) 21
total hits 884
len(accepted) 22
total hits 923
len(accepted) 23
total hits 979
len(accepted) 24
total hits 1011
len(accepted) 25
total hits 1048
len(accepted) 26
total hits 1090
len(accepted) 27
total hits 1121
len(accepted) 28
total hits 1150
len(accepted) 29
total hits 1185
len(accepted) 30
total hits 1220
len(accepted) 31
total hits 1257
len(accepted) 32
total hits 1300
len(accepted) 33
total hits 1343
len(accepted) 34
total hits 1381
len(accepted) 35
total hits 1424
len(accepted) 36
total hits 1468
len(accepted) 37
total hits 1510
len(accepted) 38
total hits 1552
len(accepted) 39
total hits 1595
len(accepted) 40
total hits 1633
len(accepted) 41
total hits 1664
len(accepted) 42
total hits 1709
len(accepted) 43
total hits 1756
len(accepted) 44
total hits 1809
len(accepted) 45
total hits 1848
len(accepted) 46
total hits 1884
len(accepted) 47
total hits 1929
len(accepted) 48
total hits 1961
len(accepted) 49
total hits 1998
len(accepted) 50
total hits 2043
len(accepted) 51
total hits 2092
len(accepted) 52
total hits 2144
len(accepted) 53
total hits 2175
len(accepted) 54
total hits 2207
len(accepted) 55
total hits 2246
len(accepted) 56
total hits 2285
len(accepted) 57
total hits 2318
len(accepted) 58
total hits 2355
len(accepted) 59
total hits 2401
len(accepted) 60
total hits 2446
len(accepted) 61
total hits 2488
len(accepted) 62
total hits 2532
len(accepted) 63
total hits 2575
len(accepted) 64
total hits 2614
len(accepted) 65
total hits 2658
len(accepted) 66
total hits 2700
len(accepted) 67
total hits 2744
len(accepted) 68
total hits 2771
len(accepted) 69
total hits 2822
len(accepted) 70
total hits 2863
len(accepted) 71
total hits 2918
len(accepted) 72
total hits 2954
len(accepted) 73
total hits 2989
len(accepted) 74
total hits 3030
len(accepted) 75
total hits 3060
len(accepted) 76
total hits 3099
len(accepted) 77
total hits 3137
len(accepted) 78
total hits 3178
len(accepted) 79
total hits 3207
len(accepted) 80
total hits 3249
len(accepted) 81
total hits 3297
len(accepted) 82
total hits 3342
len(accepted) 83
total hits 3396
len(accepted) 84
total hits 3435
len(accepted) 85
total hits 3477
len(accepted) 86
total hits 3522
len(accepted) 87
total hits 3565
len(accepted) 88
total hits 3602
len(accepted) 89
total hits 3635
len(accepted) 90
total hits 3675
len(accepted) 91
total hits 3713
len(accepted) 92
total hits 3774
len(accepted) 93
total hits 3827
len(accepted) 94
total hits 3853
len(accepted) 95
total hits 3893
len(accepted) 96
total hits 3946
len(accepted) 97
total hits 3984
len(accepted) 98
total hits 4021
len(accepted) 99
total hits 4051
len(accepted) 100
total hits 4103
len(accepted) 101
total hits 4133
len(accepted) 102
total hits 4184
len(accepted) 103
total hits 4233
len(accepted) 104
total hits 4274
len(accepted) 105
total hits 4315
len(accepted) 106
total hits 4368
len(accepted) 107
total hits 4400
len(accepted) 108
total hits 4438
len(accepted) 109
total hits 4474
len(accepted) 110
total hits 4515
len(accepted) 111
total hits 4544
len(accepted) 112
total hits 4590
len(accepted) 113
total hits 4633
len(accepted) 114
total hits 4677
len(accepted) 115
total hits 4722
len(accepted) 116
total hits 4754
len(accepted) 117
total hits 4788
len(accepted) 118
total hits 4826
len(accepted) 119
total hits 4867
len(accepted) 120
total hits 4907
len(accepted) 121
total hits 4949
len(accepted) 122
total hits 4986
len(accepted) 123
total hits 5024
len(accepted) 124
sampl size torch.Size([5000, 2])
Saved generated samples.
