Using device: cuda
Data shape: torch.Size([100000, 2])
Loaded 60 models
f_max 2
total hits 44
len(accepted) 1
total hits 74
len(accepted) 2
total hits 110
len(accepted) 3
total hits 150
len(accepted) 4
total hits 189
len(accepted) 5
total hits 221
len(accepted) 6
total hits 269
len(accepted) 7
total hits 303
len(accepted) 8
total hits 330
len(accepted) 9
total hits 365
len(accepted) 10
total hits 407
len(accepted) 11
total hits 448
len(accepted) 12
total hits 502
len(accepted) 13
total hits 553
len(accepted) 14
total hits 600
len(accepted) 15
total hits 648
len(accepted) 16
total hits 692
len(accepted) 17
total hits 738
len(accepted) 18
total hits 779
len(accepted) 19
total hits 831
len(accepted) 20
total hits 873
len(accepted) 21
total hits 913
len(accepted) 22
total hits 941
len(accepted) 23
total hits 974
len(accepted) 24
total hits 1017
len(accepted) 25
total hits 1056
len(accepted) 26
total hits 1103
len(accepted) 27
total hits 1147
len(accepted) 28
total hits 1182
len(accepted) 29
total hits 1224
len(accepted) 30
total hits 1254
len(accepted) 31
total hits 1297
len(accepted) 32
total hits 1335
len(accepted) 33
total hits 1387
len(accepted) 34
total hits 1421
len(accepted) 35
total hits 1460
len(accepted) 36
total hits 1492
len(accepted) 37
total hits 1532
len(accepted) 38
total hits 1580
len(accepted) 39
total hits 1614
len(accepted) 40
total hits 1652
len(accepted) 41
total hits 1711
len(accepted) 42
total hits 1744
len(accepted) 43
total hits 1781
len(accepted) 44
total hits 1820
len(accepted) 45
total hits 1853
len(accepted) 46
total hits 1883
len(accepted) 47
total hits 1927
len(accepted) 48
total hits 1958
len(accepted) 49
total hits 1994
len(accepted) 50
total hits 2038
len(accepted) 51
total hits 2080
len(accepted) 52
total hits 2125
len(accepted) 53
total hits 2164
len(accepted) 54
total hits 2197
len(accepted) 55
total hits 2230
len(accepted) 56
total hits 2276
len(accepted) 57
total hits 2311
len(accepted) 58
total hits 2359
len(accepted) 59
total hits 2403
len(accepted) 60
total hits 2441
len(accepted) 61
total hits 2484
len(accepted) 62
total hits 2523
len(accepted) 63
total hits 2562
len(accepted) 64
total hits 2605
len(accepted) 65
total hits 2639
len(accepted) 66
total hits 2687
len(accepted) 67
total hits 2728
len(accepted) 68
total hits 2769
len(accepted) 69
total hits 2809
len(accepted) 70
total hits 2848
len(accepted) 71
total hits 2888
len(accepted) 72
total hits 2927
len(accepted) 73
total hits 2973
len(accepted) 74
total hits 3013
len(accepted) 75
total hits 3056
len(accepted) 76
total hits 3104
len(accepted) 77
total hits 3147
len(accepted) 78
total hits 3190
len(accepted) 79
total hits 3232
len(accepted) 80
total hits 3266
len(accepted) 81
total hits 3304
len(accepted) 82
total hits 3339
len(accepted) 83
total hits 3385
len(accepted) 84
total hits 3425
len(accepted) 85
total hits 3466
len(accepted) 86
total hits 3508
len(accepted) 87
total hits 3551
len(accepted) 88
total hits 3588
len(accepted) 89
total hits 3622
len(accepted) 90
total hits 3670
len(accepted) 91
total hits 3706
len(accepted) 92
total hits 3744
len(accepted) 93
total hits 3785
len(accepted) 94
total hits 3812
len(accepted) 95
total hits 3838
len(accepted) 96
total hits 3880
len(accepted) 97
total hits 3917
len(accepted) 98
total hits 3959
len(accepted) 99
total hits 3999
len(accepted) 100
total hits 4053
len(accepted) 101
total hits 4088
len(accepted) 102
total hits 4123
len(accepted) 103
total hits 4161
len(accepted) 104
total hits 4204
len(accepted) 105
total hits 4243
len(accepted) 106
total hits 4278
len(accepted) 107
total hits 4323
len(accepted) 108
total hits 4366
len(accepted) 109
total hits 4397
len(accepted) 110
total hits 4436
len(accepted) 111
total hits 4475
len(accepted) 112
total hits 4520
len(accepted) 113
total hits 4564
len(accepted) 114
total hits 4595
len(accepted) 115
total hits 4630
len(accepted) 116
total hits 4666
len(accepted) 117
total hits 4712
len(accepted) 118
total hits 4745
len(accepted) 119
total hits 4787
len(accepted) 120
total hits 4831
len(accepted) 121
total hits 4868
len(accepted) 122
total hits 4913
len(accepted) 123
total hits 4957
len(accepted) 124
total hits 4996
len(accepted) 125
total hits 5023
len(accepted) 126
sampl size torch.Size([5000, 2])
Saved generated samples.
