Using device: cuda
Data shape: torch.Size([100000, 2])
Loaded 60 models
f_max 2
total hits 42
len(accepted) 1
total hits 75
len(accepted) 2
total hits 115
len(accepted) 3
total hits 147
len(accepted) 4
total hits 197
len(accepted) 5
total hits 232
len(accepted) 6
total hits 270
len(accepted) 7
total hits 308
len(accepted) 8
total hits 337
len(accepted) 9
total hits 378
len(accepted) 10
total hits 426
len(accepted) 11
total hits 480
len(accepted) 12
total hits 527
len(accepted) 13
total hits 580
len(accepted) 14
total hits 623
len(accepted) 15
total hits 658
len(accepted) 16
total hits 697
len(accepted) 17
total hits 739
len(accepted) 18
total hits 776
len(accepted) 19
total hits 822
len(accepted) 20
total hits 862
len(accepted) 21
total hits 903
len(accepted) 22
total hits 951
len(accepted) 23
total hits 993
len(accepted) 24
total hits 1027
len(accepted) 25
total hits 1072
len(accepted) 26
total hits 1107
len(accepted) 27
total hits 1150
len(accepted) 28
total hits 1184
len(accepted) 29
total hits 1228
len(accepted) 30
total hits 1268
len(accepted) 31
total hits 1315
len(accepted) 32
total hits 1352
len(accepted) 33
total hits 1398
len(accepted) 34
total hits 1448
len(accepted) 35
total hits 1492
len(accepted) 36
total hits 1530
len(accepted) 37
total hits 1570
len(accepted) 38
total hits 1619
len(accepted) 39
total hits 1665
len(accepted) 40
total hits 1720
len(accepted) 41
total hits 1760
len(accepted) 42
total hits 1803
len(accepted) 43
total hits 1854
len(accepted) 44
total hits 1887
len(accepted) 45
total hits 1915
len(accepted) 46
total hits 1961
len(accepted) 47
total hits 2010
len(accepted) 48
total hits 2056
len(accepted) 49
total hits 2089
len(accepted) 50
total hits 2121
len(accepted) 51
total hits 2160
len(accepted) 52
total hits 2196
len(accepted) 53
total hits 2248
len(accepted) 54
total hits 2295
len(accepted) 55
total hits 2326
len(accepted) 56
total hits 2378
len(accepted) 57
total hits 2425
len(accepted) 58
total hits 2465
len(accepted) 59
total hits 2503
len(accepted) 60
total hits 2543
len(accepted) 61
total hits 2590
len(accepted) 62
total hits 2626
len(accepted) 63
total hits 2670
len(accepted) 64
total hits 2713
len(accepted) 65
total hits 2766
len(accepted) 66
total hits 2800
len(accepted) 67
total hits 2836
len(accepted) 68
total hits 2896
len(accepted) 69
total hits 2928
len(accepted) 70
total hits 2968
len(accepted) 71
total hits 3012
len(accepted) 72
total hits 3054
len(accepted) 73
total hits 3108
len(accepted) 74
total hits 3149
len(accepted) 75
total hits 3185
len(accepted) 76
total hits 3214
len(accepted) 77
total hits 3251
len(accepted) 78
total hits 3298
len(accepted) 79
total hits 3325
len(accepted) 80
total hits 3362
len(accepted) 81
total hits 3396
len(accepted) 82
total hits 3439
len(accepted) 83
total hits 3476
len(accepted) 84
total hits 3515
len(accepted) 85
total hits 3560
len(accepted) 86
total hits 3607
len(accepted) 87
total hits 3647
len(accepted) 88
total hits 3677
len(accepted) 89
total hits 3727
len(accepted) 90
total hits 3770
len(accepted) 91
total hits 3815
len(accepted) 92
total hits 3851
len(accepted) 93
total hits 3889
len(accepted) 94
total hits 3914
len(accepted) 95
total hits 3962
len(accepted) 96
total hits 3993
len(accepted) 97
total hits 4034
len(accepted) 98
total hits 4083
len(accepted) 99
total hits 4125
len(accepted) 100
total hits 4159
len(accepted) 101
total hits 4190
len(accepted) 102
total hits 4235
len(accepted) 103
total hits 4277
len(accepted) 104
total hits 4314
len(accepted) 105
total hits 4355
len(accepted) 106
total hits 4396
len(accepted) 107
total hits 4427
len(accepted) 108
total hits 4473
len(accepted) 109
total hits 4504
len(accepted) 110
total hits 4553
len(accepted) 111
total hits 4594
len(accepted) 112
total hits 4636
len(accepted) 113
total hits 4676
len(accepted) 114
total hits 4706
len(accepted) 115
total hits 4748
len(accepted) 116
total hits 4804
len(accepted) 117
total hits 4842
len(accepted) 118
total hits 4891
len(accepted) 119
total hits 4934
len(accepted) 120
total hits 4975
len(accepted) 121
total hits 5011
len(accepted) 122
sampl size torch.Size([5000, 2])
Saved generated samples.
