Initial weights: [0.01666667 0.01666667 0.01666667 0.01666667 0.01666667 0.01666667
 0.01666667 0.01666667 0.01666667 0.01666667 0.01666667 0.01666667
 0.01666667 0.01666667 0.01666667 0.01666667 0.01666667 0.01666667
 0.01666667 0.01666667 0.01666667 0.01666667 0.01666667 0.01666667
 0.01666667 0.01666667 0.01666667 0.01666667 0.01666667 0.01666667
 0.01666667 0.01666667 0.01666667 0.01666667 0.01666667 0.01666667
 0.01666667 0.01666667 0.01666667 0.01666667 0.01666667 0.01666667
 0.01666667 0.01666667 0.01666667 0.01666667 0.01666667 0.01666667
 0.01666667 0.01666667 0.01666667 0.01666667 0.01666667 0.01666667
 0.01666667 0.01666667 0.01666667 0.01666667 0.01666667 0.01666667]
w_i_init_torch: tensor([-0.0559,  0.0414, -0.0877,  0.0112,  0.0751,  0.1033,  0.0866, -0.1727,
         0.0470, -0.1339,  0.1130,  0.0266,  0.0207,  0.2118,  0.0470, -0.1162,
         0.0007,  0.0231,  0.0824, -0.2084,  0.0088, -0.1051,  0.0079, -0.0635,
        -0.0910, -0.1429, -0.0763, -0.0698, -0.0275, -0.0039,  0.0675,  0.1442,
        -0.0565, -0.0400,  0.0101,  0.0426, -0.0442,  0.0223, -0.2140,  0.0688,
         0.0419,  0.0726, -0.0008, -0.0223, -0.0508, -0.0606,  0.1745, -0.0537,
        -0.0242, -0.0905, -0.0491, -0.0564,  0.0831, -0.0013,  0.1360, -0.0097,
        -0.1197, -0.0508,  0.0374,  0.0490], dtype=torch.float64,
       requires_grad=True)
Attempt 1: Optimization failed with error: list index out of range
w_i_init_torch: tensor([ 0.0473, -0.0023,  0.0910,  0.0159, -0.0694, -0.1048,  0.0786,  0.1968,
        -0.0445, -0.1091, -0.1442, -0.0292, -0.0416,  0.2133, -0.0659,  0.1041,
         0.0087,  0.0247, -0.0544,  0.2076, -0.0204, -0.1152, -0.0126, -0.0795,
         0.1030,  0.1033,  0.0752, -0.0690, -0.0317,  0.0049, -0.0655, -0.1484,
        -0.0778,  0.0655, -0.0358,  0.0344,  0.0566, -0.0082, -0.2281,  0.0561,
         0.0430,  0.0908, -0.0057,  0.0221,  0.0504,  0.0340,  0.1753,  0.0336,
         0.0284,  0.0884,  0.0533,  0.0480,  0.0835, -0.0092,  0.1529, -0.0145,
         0.1026,  0.0635,  0.0203, -0.0468], dtype=torch.float64,
       requires_grad=True)
Attempt 2: Optimization failed with error: list index out of range
w_i_init_torch: tensor([-0.0425,  0.0176, -0.0828,  0.0098, -0.0662,  0.1130,  0.0825,  0.1805,
         0.0462,  0.1262, -0.1370, -0.0161,  0.0439, -0.2443, -0.0432, -0.1184,
         0.0117,  0.0449, -0.0584,  0.1980, -0.0217,  0.1222, -0.0170, -0.0707,
         0.1106, -0.1221, -0.0580,  0.0399,  0.0319,  0.0009, -0.0536, -0.1529,
         0.0697,  0.0494,  0.0320,  0.0198, -0.0603, -0.0078, -0.2256,  0.0723,
         0.0483, -0.0830,  0.0100,  0.0121,  0.0529,  0.0427, -0.1671, -0.0127,
         0.0166,  0.0713,  0.0618, -0.0463, -0.0843, -0.0193, -0.1493,  0.0138,
        -0.1208, -0.0294, -0.0265,  0.0568], dtype=torch.float64,
       requires_grad=True)
Attempt 3: Optimization failed with error: list index out of range
w_i_init_torch: tensor([ 0.0723,  0.0106, -0.0859,  0.0159, -0.0792,  0.1208, -0.0753, -0.1810,
         0.0353, -0.1009, -0.1346, -0.0104,  0.0204, -0.2058,  0.0437, -0.1208,
         0.0122,  0.0500, -0.0580, -0.1895, -0.0175, -0.1051, -0.0105,  0.0627,
         0.0964,  0.1243,  0.0752,  0.0653, -0.0207, -0.0201,  0.0561, -0.1607,
         0.0729,  0.0597,  0.0313, -0.0376, -0.0538, -0.0295, -0.2361,  0.0649,
        -0.0451, -0.0642,  0.0024, -0.0026,  0.0449, -0.0308, -0.1906, -0.0617,
        -0.0300,  0.0894, -0.0671, -0.0320,  0.0733, -0.0075,  0.1226, -0.0198,
         0.0962, -0.0584,  0.0398,  0.0515], dtype=torch.float64,
       requires_grad=True)
Attempt 4: Optimization failed with error: list index out of range
w_i_init_torch: tensor([ 0.0659,  0.0412, -0.0970,  0.0142, -0.0897, -0.1133, -0.0854,  0.1675,
        -0.0553,  0.1365, -0.1302, -0.0265, -0.0275,  0.2227, -0.0431,  0.1045,
        -0.0164,  0.0320,  0.0673,  0.1871,  0.0179,  0.1013, -0.0085,  0.0563,
         0.1018,  0.1314, -0.0611,  0.0842, -0.0209, -0.0227, -0.0650, -0.1403,
        -0.0709, -0.0491,  0.0352, -0.0197,  0.0508,  0.0367,  0.2288, -0.0405,
        -0.0551, -0.0598, -0.0027, -0.0212, -0.0383, -0.0495, -0.2024,  0.0428,
        -0.0212, -0.0914, -0.0631, -0.0434,  0.0808, -0.0161,  0.1346,  0.0145,
        -0.1111, -0.0624,  0.0262, -0.0474], dtype=torch.float64,
       requires_grad=True)
Attempt 5: Optimization failed with error: list index out of range
w_i_init_torch: tensor([ 0.0411,  0.0293, -0.0820, -0.0257,  0.0669, -0.1258,  0.0671,  0.1694,
         0.0384, -0.1127, -0.1273,  0.0292, -0.0274,  0.2301,  0.0572, -0.1189,
        -0.0149,  0.0069,  0.0672, -0.1953,  0.0284, -0.1009, -0.0047, -0.0732,
        -0.1105,  0.1195, -0.0777,  0.0733, -0.0235,  0.0006, -0.0565,  0.1281,
         0.0824,  0.0506,  0.0043,  0.0174,  0.0505, -0.0210, -0.2309, -0.0590,
        -0.0418, -0.0758,  0.0077, -0.0103, -0.0613, -0.0630,  0.1771,  0.0502,
         0.0290, -0.0863, -0.0452,  0.0575,  0.0809, -0.0056, -0.1361,  0.0093,
         0.1100, -0.0609, -0.0325,  0.0590], dtype=torch.float64,
       requires_grad=True)
Attempt 6: Optimization failed with error: list index out of range
w_i_init_torch: tensor([-0.0582,  0.0128,  0.0818,  0.0029, -0.0843, -0.1177,  0.0788,  0.1925,
         0.0366,  0.1262,  0.1298,  0.0376,  0.0207,  0.2227, -0.0529,  0.1030,
        -0.0225, -0.0210, -0.0792,  0.1979,  0.0178, -0.0858, -0.0117, -0.0772,
         0.0910,  0.1251, -0.0659, -0.0731, -0.0096,  0.0136, -0.0620,  0.1479,
         0.0870, -0.0363,  0.0407, -0.0404,  0.0709, -0.0186, -0.2162,  0.0608,
        -0.0522, -0.0852,  0.0038,  0.0102, -0.0535,  0.0305,  0.1862,  0.0551,
         0.0140,  0.0841,  0.0320,  0.0507,  0.0828, -0.0063, -0.1479, -0.0106,
        -0.1125,  0.0595, -0.0364, -0.0469], dtype=torch.float64,
       requires_grad=True)
Attempt 7: Optimization failed with error: list index out of range
w_i_init_torch: tensor([-0.0497,  0.0155,  0.0694, -0.0355,  0.0826,  0.1182,  0.0651, -0.1720,
         0.0359,  0.1303,  0.1313,  0.0125,  0.0308,  0.2335, -0.0347, -0.1096,
        -0.0049, -0.0312, -0.0740, -0.2105, -0.0137, -0.1064,  0.0003, -0.0758,
        -0.0948, -0.1239, -0.0693,  0.0704,  0.0303,  0.0064,  0.0546, -0.1426,
        -0.0755,  0.0464, -0.0236,  0.0202, -0.0498,  0.0027, -0.2362,  0.0537,
         0.0527,  0.0739, -0.0050, -0.0144, -0.0413,  0.0374,  0.1897,  0.0203,
        -0.0239, -0.0988,  0.0478, -0.0321, -0.0817, -0.0185,  0.1509,  0.0257,
         0.1166, -0.0488, -0.0459, -0.0458], dtype=torch.float64,
       requires_grad=True)
Attempt 8: Optimization failed with error: list index out of range
w_i_init_torch: tensor([ 0.0629, -0.0186,  0.0859, -0.0267, -0.0869, -0.1139,  0.0735, -0.1969,
        -0.0378, -0.1218, -0.1297,  0.0313,  0.0393,  0.2191,  0.0390,  0.1142,
        -0.0128,  0.0399,  0.0685,  0.1960,  0.0172,  0.0988,  0.0009, -0.0715,
         0.1078, -0.1256, -0.0828, -0.0496,  0.0234,  0.0070, -0.0708, -0.1416,
         0.0754,  0.0555,  0.0526, -0.0180,  0.0663,  0.0092,  0.2365,  0.0702,
         0.0436, -0.0817, -0.0069, -0.0328,  0.0570, -0.0436,  0.1892,  0.0448,
         0.0090,  0.0909,  0.0528,  0.0436,  0.0733,  0.0022,  0.1327, -0.0191,
         0.1046, -0.0518, -0.0332,  0.0502], dtype=torch.float64,
       requires_grad=True)
Attempt 9: Optimization failed with error: list index out of range
w_i_init_torch: tensor([-6.0363e-02,  2.4157e-02, -7.4633e-02,  2.2134e-02, -9.0530e-02,
         1.0935e-01,  7.2460e-02,  1.6430e-01, -3.3398e-02, -1.4243e-01,
        -1.2960e-01, -4.1725e-02,  3.4250e-02, -2.2006e-01, -4.5436e-02,
        -1.1153e-01,  3.5232e-02, -4.2616e-02, -7.6858e-02, -2.0492e-01,
         1.2486e-03, -1.1264e-01,  1.9534e-03,  5.1971e-02, -8.8810e-02,
        -1.3716e-01,  6.4791e-02,  6.5101e-02, -4.2634e-02, -4.1722e-03,
        -3.8299e-02,  1.4744e-01,  8.2296e-02,  5.2828e-02, -3.4111e-02,
         3.4110e-02,  4.2339e-02,  3.8947e-02, -1.9697e-01, -5.6311e-02,
        -4.1582e-02, -8.2117e-02, -1.1863e-02, -1.6525e-02, -4.1869e-02,
         6.2011e-02, -1.8346e-01, -5.0418e-02,  1.6217e-02, -8.1860e-02,
         3.9269e-02, -7.3728e-02,  9.3024e-02, -1.2608e-02, -1.2771e-01,
        -1.2189e-04,  9.7720e-02,  5.6063e-02,  3.6338e-02,  5.2180e-02],
       dtype=torch.float64, requires_grad=True)
Attempt 10: Optimization failed with error: list index out of range
w_i_init_torch: tensor([ 0.0530, -0.0131,  0.0926,  0.0276,  0.0784,  0.1094,  0.0781,  0.1772,
         0.0364,  0.1160, -0.1386, -0.0296, -0.0370, -0.2132,  0.0534,  0.1022,
        -0.0171,  0.0201, -0.0762,  0.1944,  0.0283,  0.0883, -0.0203, -0.0718,
         0.1105, -0.1205, -0.0475, -0.0815,  0.0251,  0.0184, -0.0595, -0.1544,
         0.0532, -0.0430,  0.0289, -0.0396,  0.0499, -0.0161, -0.2299,  0.0442,
         0.0355,  0.0623,  0.0027, -0.0037,  0.0633,  0.0432, -0.1781, -0.0351,
        -0.0191,  0.0892,  0.0484,  0.0476,  0.0955,  0.0219,  0.1473,  0.0137,
         0.1169,  0.0469,  0.0441, -0.0481], dtype=torch.float64,
       requires_grad=True)
Attempt 11: Optimization failed with error: list index out of range
w_i_init_torch: tensor([ 0.0513,  0.0348, -0.0883,  0.0004,  0.1150,  0.1093, -0.0822,  0.1902,
        -0.0584,  0.1011,  0.1464,  0.0223,  0.0384,  0.2248,  0.0436, -0.1115,
        -0.0083,  0.0047,  0.0521, -0.1858, -0.0191,  0.1033, -0.0092, -0.0607,
         0.0928, -0.1273,  0.0732,  0.0785,  0.0191,  0.0088, -0.0479, -0.1319,
        -0.0622,  0.0454, -0.0270, -0.0074,  0.0280, -0.0227, -0.2265, -0.0511,
        -0.0497,  0.0869, -0.0021,  0.0236,  0.0478,  0.0485,  0.1815,  0.0470,
         0.0093,  0.0876,  0.0381,  0.0554,  0.0691, -0.0093, -0.1249,  0.0104,
         0.1283, -0.0495,  0.0234, -0.0426], dtype=torch.float64,
       requires_grad=True)
Attempt 12: Optimization failed with error: list index out of range
w_i_init_torch: tensor([-0.0641,  0.0244,  0.0886,  0.0148,  0.0759, -0.1189, -0.0937, -0.1905,
         0.0449, -0.1299, -0.1208, -0.0302,  0.0007,  0.2149, -0.0485, -0.1074,
         0.0153, -0.0367, -0.0759, -0.1905, -0.0019,  0.1076, -0.0084,  0.0466,
         0.1240, -0.1198,  0.0835,  0.0778,  0.0287,  0.0151,  0.0639,  0.1371,
        -0.0845,  0.0471, -0.0450, -0.0256, -0.0552, -0.0207, -0.2198, -0.0554,
        -0.0507, -0.0840,  0.0067, -0.0026,  0.0408, -0.0330, -0.1831,  0.0648,
         0.0298,  0.0887,  0.0536,  0.0413, -0.0654, -0.0072, -0.1432,  0.0138,
        -0.1275,  0.0617, -0.0312, -0.0479], dtype=torch.float64,
       requires_grad=True)
Attempt 13: Optimization failed with error: list index out of range
w_i_init_torch: tensor([-0.0488,  0.0343, -0.0840,  0.0431, -0.0894, -0.1128, -0.0695, -0.1880,
        -0.0357, -0.1015,  0.1304,  0.0311, -0.0374,  0.2276,  0.0403, -0.1044,
        -0.0183, -0.0249,  0.0529,  0.1910, -0.0201, -0.1122, -0.0108,  0.0501,
         0.1022,  0.1139, -0.0712,  0.0649, -0.0332,  0.0113, -0.0530,  0.1339,
        -0.0691,  0.0516, -0.0255, -0.0314,  0.0628,  0.0170, -0.2219, -0.0459,
         0.0383,  0.0798,  0.0030,  0.0240,  0.0478,  0.0404,  0.1763,  0.0255,
        -0.0262, -0.1045,  0.0400, -0.0637,  0.0805,  0.0117, -0.1422,  0.0030,
         0.1100, -0.0517,  0.0374,  0.0425], dtype=torch.float64,
       requires_grad=True)
Attempt 14: Optimization failed with error: list index out of range
w_i_init_torch: tensor([-0.0533,  0.0090,  0.0723,  0.0230,  0.0812,  0.1097, -0.0593,  0.1925,
        -0.0492,  0.1264,  0.1395, -0.0394,  0.0255,  0.2170,  0.0482,  0.1084,
         0.0163,  0.0291,  0.0620,  0.1968,  0.0267,  0.1113, -0.0105,  0.0785,
        -0.1155, -0.1264, -0.0565, -0.0714, -0.0435,  0.0130, -0.0481, -0.1546,
         0.0817,  0.0563,  0.0178, -0.0353, -0.0659, -0.0366,  0.2330, -0.0539,
        -0.0469, -0.0736, -0.0014, -0.0274,  0.0446,  0.0589, -0.1863,  0.0394,
         0.0287, -0.0955,  0.0673, -0.0520,  0.0704,  0.0116, -0.1352,  0.0040,
         0.1085,  0.0688,  0.0342,  0.0478], dtype=torch.float64,
       requires_grad=True)
Final loss (NLL): 0.5381945277042102
Final weights: tensor([ 0.0174,  0.0074,  0.0313,  0.0224,  0.0356, -0.0086,  0.0519,  0.0085,
        -0.0164, -0.0086,  0.0199,  0.0127, -0.0041,  0.0437,  0.0221,  0.0060,
         0.0220, -0.0261,  0.0108, -0.0351,  0.0228,  0.0493,  0.0067,  0.0081,
         0.0358,  0.0382,  0.0101,  0.0057,  0.0160,  0.0202,  0.0216,  0.0249,
         0.0163,  0.0486,  0.0145,  0.0147,  0.0562,  0.0031, -0.0201,  0.0413,
         0.0228,  0.0385,  0.0075,  0.0337,  0.0034, -0.0046, -0.0009,  0.0330,
        -0.0002,  0.0098,  0.0390,  0.0313,  0.0483, -0.0005,  0.0434,  0.0066,
        -0.0229,  0.0703,  0.0195, -0.0251], dtype=torch.float64)
Sum of weights: 0.9999999475945162
