Initial weights: [0.5 0.5]
Step 000: NLL = 1.244992, weights = [0.5 0.5]
            → f₀(x) [good]: 0.5000, f₁(x) [bad]: 0.5000
Step 025: NLL = 1.029777, weights = [0.62008244 0.3799176 ]
            → f₀(x) [good]: 0.6201, f₁(x) [bad]: 0.3799
Step 050: NLL = 0.884432, weights = [0.7170986 0.2829014]
            → f₀(x) [good]: 0.7171, f₁(x) [bad]: 0.2829
Step 075: NLL = 0.791924, weights = [0.7866087  0.21339133]
            → f₀(x) [good]: 0.7866, f₁(x) [bad]: 0.2134
Step 100: NLL = 0.732381, weights = [0.83487254 0.16512752]
            → f₀(x) [good]: 0.8349, f₁(x) [bad]: 0.1651
Step 125: NLL = 0.692600, weights = [0.86875707 0.1312429 ]
            → f₀(x) [good]: 0.8688, f₁(x) [bad]: 0.1312
Step 150: NLL = 0.664911, weights = [0.8931505  0.10684954]
            → f₀(x) [good]: 0.8932, f₁(x) [bad]: 0.1068
Step 175: NLL = 0.644905, weights = [0.9112003  0.08879969]
            → f₀(x) [good]: 0.9112, f₁(x) [bad]: 0.0888
Step 200: NLL = 0.629977, weights = [0.9249057 0.0750943]
            → f₀(x) [good]: 0.9249, f₁(x) [bad]: 0.0751
Step 225: NLL = 0.618530, weights = [0.9355552  0.06444483]
            → f₀(x) [good]: 0.9356, f₁(x) [bad]: 0.0644
Step 250: NLL = 0.609545, weights = [0.9439992  0.05600087]
            → f₀(x) [good]: 0.9440, f₁(x) [bad]: 0.0560
Step 275: NLL = 0.602353, weights = [0.9508135  0.04918648]
            → f₀(x) [good]: 0.9508, f₁(x) [bad]: 0.0492
Step 299: NLL = 0.596710, weights = [0.9561946  0.04380542]
            → f₀(x) [good]: 0.9562, f₁(x) [bad]: 0.0438

Final fitted weights (PyTorch): [0.95639825 0.0436018 ]
  → Weight on f₀(x) : 0.9564
  → Weight on f₁(x) : 0.0436
Weight covariance matrix:
 [[ 0.03999577 -0.03999577]
 [-0.04260207  0.04260207]]
Uncertainty on weights: [0.19998942 0.20640267]
Model 0 std along feature 1: 4.4562e-01
Model 0 std along feature 2: 4.4562e-01
Model 1 std along feature 1: 8.7686e-06
Model 1 std along feature 2: 8.7686e-06
[Feature 2] Uncertainty stats:
  f_unc min: 1.1382e-05, max: 3.0820e-01, mean: 1.5506e-01, std: 8.9119e-02
f_binned Feature 1: [0.00000000e+00 2.75418980e-03 2.73410446e-03 5.31533236e-03
 8.77380026e-03 1.39912537e-02 2.41905430e-02 4.13842230e-02
 8.59758845e-02 1.73505749e-01 2.46577755e-01 3.41068833e-01
 4.89962720e-01 6.67902124e-01 8.80964200e-01 1.11598168e+00
 1.30886910e+00 1.47354592e+00 1.57377578e+00 1.59803013e+00
 1.53390665e+00 1.37642537e+00 1.19433890e+00 9.94446567e-01
 8.12739826e-01 6.43183753e-01 4.52421120e-01 3.01639762e-01
 1.86800919e-01 1.14117509e-01 7.52801758e-02 4.42603618e-02
 2.54941605e-02 1.14242130e-02 5.01480834e-03 1.53770344e-03
 8.55574115e-04 3.03679498e-04 2.20978759e-04 0.00000000e+00]
f_err Feature 1: [0.00000000e+00 4.07733359e-04 2.00152737e-04 3.18728114e-04
 3.11885326e-04 3.99739697e-04 4.64293785e-04 6.33087089e-04
 9.60588853e-04 1.39643628e-03 1.62574437e-03 1.80381230e-03
 2.14682294e-03 2.48603976e-03 2.86654423e-03 3.19768460e-03
 3.46657698e-03 3.63701188e-03 3.82094779e-03 3.79803774e-03
 3.70123021e-03 3.45417052e-03 3.18781593e-03 2.90690824e-03
 2.66767197e-03 2.38573406e-03 1.97236863e-03 1.60165681e-03
 1.23205344e-03 9.66057736e-04 8.71768515e-04 6.41522155e-04
 4.91879929e-04 3.47663983e-04 2.14205848e-04 1.16796663e-04
 8.01510533e-05 4.43785737e-05 4.61279156e-05 0.00000000e+00]
f_binned Feature 2: [0.00000000e+00 5.87415558e-04 6.72942506e-04 9.25853253e-04
 1.46723649e-03 3.90165899e-03 1.12002063e-02 2.30693355e-02
 4.41202400e-02 7.08830783e-02 1.12377513e-01 1.66041931e-01
 2.52615098e-01 3.69622375e-01 4.93843189e-01 6.14394032e-01
 7.39276923e-01 8.62691635e-01 9.45415498e-01 9.56477880e-01
 9.56282725e-01 9.08504018e-01 7.88630251e-01 6.39211430e-01
 5.26137528e-01 4.12865098e-01 2.98681600e-01 1.93281160e-01
 1.22997876e-01 8.50825815e-02 5.18845880e-02 2.95350272e-02
 1.47733613e-02 7.90001113e-03 3.05532395e-03 7.54072154e-04
 1.23886764e-04 1.32681189e-04 1.05158070e-04 0.00000000e+00]
f_err Feature 2: [0.00000000e+00 1.19889425e-04 7.85949754e-05 7.15025539e-05
 6.57681886e-05 1.75663419e-04 2.69852209e-04 3.59888801e-04
 5.34694421e-04 6.73068141e-04 8.21021807e-04 9.26017109e-04
 1.18862210e-03 1.45067759e-03 1.64536183e-03 1.79938780e-03
 1.95627417e-03 2.13948803e-03 2.25739158e-03 2.23079915e-03
 2.24620648e-03 2.23901888e-03 2.06631149e-03 1.83223036e-03
 1.70010235e-03 1.57665784e-03 1.32949667e-03 1.06568314e-03
 8.34919287e-04 7.46054141e-04 5.97812795e-04 4.95502537e-04
 3.02770049e-04 2.60486295e-04 1.36790837e-04 5.35270656e-05
 1.30357346e-05 1.32167703e-05 2.04632952e-05 0.00000000e+00]
