Initial weights: [0.5 0.5]
Step 000: NLL = 0.552171, weights = [0.5 0.5]
            → f₀(x): 0.5000, f₁(x): 0.5000
Step 025: NLL = 0.552150, weights = [0.5799236  0.42007637]
            → f₀(x): 0.5799, f₁(x): 0.4201
Step 050: NLL = 0.552149, weights = [0.5617718  0.43822825]
            → f₀(x): 0.5618, f₁(x): 0.4382
Step 075: NLL = 0.552149, weights = [0.5669737  0.43302625]
            → f₀(x): 0.5670, f₁(x): 0.4330
Step 100: NLL = 0.552149, weights = [0.566012   0.43398803]
            → f₀(x): 0.5660, f₁(x): 0.4340
Step 125: NLL = 0.552149, weights = [0.56589186 0.43410817]
            → f₀(x): 0.5659, f₁(x): 0.4341
Step 150: NLL = 0.552149, weights = [0.56598496 0.434015  ]
            → f₀(x): 0.5660, f₁(x): 0.4340
Step 175: NLL = 0.552149, weights = [0.56598794 0.43401206]
            → f₀(x): 0.5660, f₁(x): 0.4340
Step 200: NLL = 0.552149, weights = [0.5659823  0.43401772]
            → f₀(x): 0.5660, f₁(x): 0.4340
Step 225: NLL = 0.552149, weights = [0.565984 0.434016]
            → f₀(x): 0.5660, f₁(x): 0.4340
Step 250: NLL = 0.552149, weights = [0.5659837  0.43401623]
            → f₀(x): 0.5660, f₁(x): 0.4340
Step 275: NLL = 0.552149, weights = [0.5659864  0.43401363]
            → f₀(x): 0.5660, f₁(x): 0.4340
Step 299: NLL = 0.552149, weights = [0.5659853 0.4340147]
            → f₀(x): 0.5660, f₁(x): 0.4340

Final fitted weights (PyTorch): [0.56598544 0.43401462]
  → Weight on f₀(x) : 0.5660
  → Weight on f₁(x) : 0.4340
Weight covariance matrix:
 [[ 96.65136  -96.65137 ]
 [-96.651344  96.65137 ]]
