Initial weights: [0.5 0.5]
Step 000: NLL = 0.552171, weights = [0.5 0.5]
            → f₀(x): 0.5000, f₁(x): 0.5000
Step 025: NLL = 0.552150, weights = [0.5799236  0.42007637]
            → f₀(x): 0.5799, f₁(x): 0.4201
Step 050: NLL = 0.552149, weights = [0.5617718  0.43822825]
            → f₀(x): 0.5618, f₁(x): 0.4382
Step 075: NLL = 0.552149, weights = [0.5669737  0.43302625]
            → f₀(x): 0.5670, f₁(x): 0.4330
Step 100: NLL = 0.552149, weights = [0.566012   0.43398803]
            → f₀(x): 0.5660, f₁(x): 0.4340
Step 125: NLL = 0.552149, weights = [0.56589186 0.43410817]
            → f₀(x): 0.5659, f₁(x): 0.4341
Step 150: NLL = 0.552149, weights = [0.56598496 0.434015  ]
            → f₀(x): 0.5660, f₁(x): 0.4340
Step 175: NLL = 0.552149, weights = [0.56598794 0.43401206]
            → f₀(x): 0.5660, f₁(x): 0.4340
Step 200: NLL = 0.552149, weights = [0.5659823  0.43401772]
            → f₀(x): 0.5660, f₁(x): 0.4340
Step 225: NLL = 0.552149, weights = [0.565984 0.434016]
            → f₀(x): 0.5660, f₁(x): 0.4340
Step 250: NLL = 0.552149, weights = [0.5659837  0.43401623]
            → f₀(x): 0.5660, f₁(x): 0.4340
Step 275: NLL = 0.552149, weights = [0.5659864  0.43401363]
            → f₀(x): 0.5660, f₁(x): 0.4340
Step 299: NLL = 0.552149, weights = [0.5659853 0.4340147]
            → f₀(x): 0.5660, f₁(x): 0.4340

Final fitted weights (PyTorch): [0.56598544 0.43401462]
  → Weight on f₀(x) : 0.5660
  → Weight on f₁(x) : 0.4340
Weight covariance matrix:
 [[-96.65136   96.65137 ]
 [ 96.651344 -96.65137 ]]
Model 0 std along feature 1: 4.5435e-01
Model 0 std along feature 2: 4.5435e-01
Model 1 std along feature 1: 4.6111e-01
Model 1 std along feature 2: 4.6111e-01
[Feature 2] Uncertainty stats:
  f_unc min: nan, max: nan, mean: nan, std: nan
f_binned Feature 1: [0.00000000e+00 1.71145359e-03 1.62416069e-03 3.42889276e-03
 6.12465343e-03 1.06738629e-02 2.08707130e-02 3.96354643e-02
 7.82841283e-02 1.41770533e-01 2.40385010e-01 3.54223952e-01
 4.77203800e-01 6.35214172e-01 8.62899498e-01 1.10897180e+00
 1.29759010e+00 1.44388539e+00 1.54915271e+00 1.60016562e+00
 1.56612639e+00 1.43006271e+00 1.25743396e+00 1.05040914e+00
 8.17095067e-01 6.13247037e-01 4.27981249e-01 2.94143010e-01
 1.92628694e-01 1.22359825e-01 8.09904027e-02 5.18986488e-02
 2.67785639e-02 1.23592918e-02 7.69908368e-03 3.01669531e-03
 1.24696042e-03 2.77893872e-04 1.44792972e-04 0.00000000e+00]
f_err Feature 1: [ 0. nan nan nan nan nan nan nan nan nan nan nan nan nan nan nan nan nan
 nan nan nan nan nan nan nan nan nan nan nan nan nan nan nan nan nan nan
 nan nan nan  0.]
f_binned Feature 2: [0.00000000e+00 3.85107988e-04 5.39502754e-04 8.53377020e-04
 1.47406383e-03 3.83206984e-03 9.09212546e-03 1.93538453e-02
 3.87745538e-02 6.69347974e-02 1.12226527e-01 1.64840290e-01
 2.50534522e-01 3.64730787e-01 4.84277561e-01 6.12743956e-01
 7.59251114e-01 8.69814139e-01 9.25166420e-01 9.68383408e-01
 9.82875140e-01 9.01471118e-01 8.12376697e-01 6.72541823e-01
 5.35261506e-01 3.93139606e-01 2.78556985e-01 1.79768717e-01
 1.18414631e-01 8.03463663e-02 4.88797501e-02 2.81395498e-02
 1.38801759e-02 6.34839765e-03 1.99908872e-03 9.49684894e-04
 3.87330723e-04 5.20870438e-04 4.56815306e-04 0.00000000e+00]
f_err Feature 2: [ 0. nan nan nan nan nan nan nan nan nan nan nan nan nan nan nan nan nan
 nan nan nan nan nan nan nan nan nan nan nan nan nan nan nan nan nan nan
 nan nan nan  0.]
