Initial weights: [0.16666667 0.16666667 0.16666667 0.16666667 0.16666667 0.16666667]
Mean abs(prob_0 - prob_1): 4.398842e-03
Max abs diff: 2.582825e-02
Std of diff: 4.328787e-03

Inspecting model_probs range:
Model 0: min=5.113e-09, mean=7.965e-02, max=1.599e-01
Model 1: min=4.671e-08, mean=7.936e-02, max=1.600e-01
Model 2: min=4.243e-09, mean=7.993e-02, max=1.614e-01
Model 3: min=5.640e-08, mean=7.970e-02, max=1.688e-01
Model 4: min=6.798e-07, mean=7.935e-02, max=1.634e-01
Model 5: min=2.331e-07, mean=7.944e-02, max=1.775e-01

Starting PyTorch optimization:
Step 000: NLL = 2.838595, weights = [0.16666667 0.16666667 0.16666667 0.16666667 0.16666667 0.16666667]
Step 025: NLL = 2.838576, weights = [0.18692327 0.19017443 0.16033937 0.1280156  0.13375555 0.2007918 ]
Step 050: NLL = 2.838576, weights = [0.18399528 0.18235214 0.15767287 0.11511239 0.14162461 0.2192426 ]
Step 075: NLL = 2.838575, weights = [0.18479711 0.18392573 0.15732275 0.11327517 0.14350745 0.2171717 ]
Step 100: NLL = 2.838575, weights = [0.18477009 0.18335985 0.15753125 0.11465678 0.14252062 0.21716139]
Step 125: NLL = 2.838575, weights = [0.18468337 0.18354934 0.1575427  0.11470073 0.14261538 0.2169085 ]
Step 150: NLL = 2.838575, weights = [0.18471785 0.18349755 0.15751341 0.11459526 0.14263768 0.21703817]
Step 175: NLL = 2.838575, weights = [0.184716   0.1835056  0.15753965 0.11460124 0.14262827 0.21700932]
Step 200: NLL = 2.838575, weights = [0.18471968 0.1834801  0.15755591 0.11461453 0.14262637 0.21700343]
Step 225: NLL = 2.838575, weights = [0.18471454 0.18350278 0.1575331  0.11461443 0.1426271  0.21700808]
Step 250: NLL = 2.838575, weights = [0.18471293 0.18350604 0.15751712 0.11461363 0.14263423 0.2170161 ]
Step 275: NLL = 2.838575, weights = [0.1847163  0.18349549 0.15754527 0.11460713 0.1426286  0.21700723]
Step 299: NLL = 2.838575, weights = [0.1847164  0.18348366 0.15755518 0.11461251 0.1426268  0.21700542]
Final fitted weights (PyTorch): [0.18471943 0.18348522 0.15755215 0.11461188 0.14262682 0.21700451]
Hessian diag: [0. 0. 0. 0. 0. 0.]
