Initial weights: [0.5 0.5]

Log-prob diagnostics:
  Good model: mean = -2.8270, std = 0.9837
  Bad  model: mean = -2.8264, std = 0.9792
  Diff (mean): 0.0006
Mean abs(prob_0 - prob_1): 3.521319e-03
Max abs diff: 2.063379e-02
Std of diff: 3.567102e-03

NLL sweep over alpha ∈ [0, 1]:
  alpha = 0.0  -> NLL = 2.840054
  alpha = 0.1  -> NLL = 2.839700
  alpha = 0.2  -> NLL = 2.839391
  alpha = 0.3  -> NLL = 2.839126
  alpha = 0.4  -> NLL = 2.838904
  alpha = 0.5  -> NLL = 2.838723
  alpha = 0.6  -> NLL = 2.838584
  alpha = 0.7  -> NLL = 2.838487
  alpha = 0.8  -> NLL = 2.838431
  alpha = 0.9  -> NLL = 2.838417
  alpha = 1.0  -> NLL = 2.838444

Starting PyTorch optimization:
Step 000: NLL = 2.838723, weights = [0.5 0.5]
Step 025: NLL = 2.838563, weights = [0.3811803 0.6188197]
Step 050: NLL = 2.838481, weights = [0.29221645 0.7077835 ]
Step 075: NLL = 2.838447, weights = [0.23632672 0.76367325]
Step 100: NLL = 2.838432, weights = [0.20180015 0.79819983]
Step 125: NLL = 2.838424, weights = [0.1793025 0.8206974]
Step 150: NLL = 2.838421, weights = [0.16377214 0.83622783]
Step 175: NLL = 2.838419, weights = [0.15256923 0.84743077]
Step 200: NLL = 2.838418, weights = [0.14422725 0.85577273]
Step 225: NLL = 2.838417, weights = [0.13787541 0.8621246 ]
Step 250: NLL = 2.838417, weights = [0.13296647 0.8670335 ]
Step 275: NLL = 2.838417, weights = [0.12912981 0.8708702 ]
Step 299: NLL = 2.838417, weights = [0.12621704 0.87378293]
Final fitted weights (PyTorch): [0.12610953 0.8738905 ]

Computing Hessian manually (no softmax)...
Manual Hessian diag (raw weights): [[ 3.1177402e-03 -4.9549341e-04]
 [-4.9549341e-04  7.7843666e-05]]
