Initial weights: [0.5 0.5]

Log-prob diagnostics:
  f₀(x) [good model]: mean = -0.5392, std = 0.9848
  f₁(x) [bad  model]: mean = -4.8182, std = 1.8752
  Diff (mean): 4.2790
Saved probability comparison histogram to: /work/gbadarac/MonoJet_NPLM/MonoJet_NPLM_analysis/Uncertainty_Modeling/result_weights_NF/test_0_1_unscaled/model_probability_comparison.png

Probability difference statistics:
  Mean |Δf(x)|: 7.677202e-01
  Max  |Δf(x)|: 1.535647e+00
  Std  |Δf(x)|: 4.600602e-01

NLL sweep over alpha ∈ [0, 1]:
  NLL evaluated on: f(x) = (1 - α) * f₀(x) [good] + α * f₁(x) [bad]
  alpha = 0.0  -> NLL = 0.543712
  alpha = 0.1  -> NLL = 0.637986
  alpha = 0.2  -> NLL = 0.744087
  alpha = 0.3  -> NLL = 0.864272
  alpha = 0.4  -> NLL = 1.002466
  alpha = 0.5  -> NLL = 1.164803
  alpha = 0.6  -> NLL = 1.361427
  alpha = 0.7  -> NLL = 1.610891
  alpha = 0.8  -> NLL = 1.953259
  alpha = 0.9  -> NLL = 2.507553
  alpha = 1.0  -> NLL = 4.838314

Starting PyTorch optimization:
Step 000: NLL = 1.164803, weights = [0.5 0.5]
            → f₀(x) [good]: 0.5000, f₁(x) [bad]: 0.5000
Step 025: NLL = 0.972880, weights = [0.6201756  0.37982443]
            → f₀(x) [good]: 0.6202, f₁(x) [bad]: 0.3798
Step 050: NLL = 0.842088, weights = [0.7174877  0.28251234]
            → f₀(x) [good]: 0.7175, f₁(x) [bad]: 0.2825
Step 075: NLL = 0.758578, weights = [0.7872352  0.21276486]
            → f₀(x) [good]: 0.7872, f₁(x) [bad]: 0.2128
Step 100: NLL = 0.704878, weights = [0.83557904 0.1644209 ]
            → f₀(x) [good]: 0.8356, f₁(x) [bad]: 0.1644
Step 125: NLL = 0.669090, weights = [0.8694382  0.13056183]
            → f₀(x) [good]: 0.8694, f₁(x) [bad]: 0.1306
Step 150: NLL = 0.644248, weights = [0.8937597  0.10624032]
            → f₀(x) [good]: 0.8938, f₁(x) [bad]: 0.1062
Step 175: NLL = 0.626342, weights = [0.91172546 0.0882746 ]
            → f₀(x) [good]: 0.9117, f₁(x) [bad]: 0.0883
Step 200: NLL = 0.613009, weights = [0.9253497  0.07465029]
            → f₀(x) [good]: 0.9253, f₁(x) [bad]: 0.0747
Step 225: NLL = 0.602802, weights = [0.9359268  0.06407318]
            → f₀(x) [good]: 0.9359, f₁(x) [bad]: 0.0641
Step 250: NLL = 0.594802, weights = [0.9443084  0.05569158]
            → f₀(x) [good]: 0.9443, f₁(x) [bad]: 0.0557
Step 275: NLL = 0.588405, weights = [0.95106995 0.04893008]
            → f₀(x) [good]: 0.9511, f₁(x) [bad]: 0.0489
Step 299: NLL = 0.583391, weights = [0.95640814 0.04359183]
            → f₀(x) [good]: 0.9564, f₁(x) [bad]: 0.0436

Final fitted weights (PyTorch): [0.95661014 0.04338982]
  → Weight on f₀(x) [good model]: 0.9566
  → Weight on f₁(x) [bad  model]: 0.0434

Computing Hessian manually
Hessian diagonal: [[ 0.08334124 -0.90131205]
 [-0.90131205 -0.7669462 ]]
Uncertainty (1/√Hessian): [[3.4639373       nan]
 [      nan       nan]]
