Assigned GPU ID (CUDA_VISIBLE_DEVICES): 5
Mon Jun  2 17:42:42 2025       
+-----------------------------------------------------------------------------+
| NVIDIA-SMI 495.29.05    Driver Version: 495.29.05    CUDA Version: 11.5     |
|-------------------------------+----------------------+----------------------+
| GPU  Name        Persistence-M| Bus-Id        Disp.A | Volatile Uncorr. ECC |
| Fan  Temp  Perf  Pwr:Usage/Cap|         Memory-Usage | GPU-Util  Compute M. |
|                               |                      |               MIG M. |
|===============================+======================+======================|
|   0  NVIDIA GeForce ...  On   | 00000000:04:00.0 Off |                  N/A |
| 27%   35C    P2    60W / 250W |    535MiB / 11178MiB |     15%      Default |
|                               |                      |                  N/A |
+-------------------------------+----------------------+----------------------+
|   1  NVIDIA GeForce ...  On   | 00000000:06:00.0 Off |                  N/A |
| 30%   62C    P2    70W / 250W |   9605MiB / 11178MiB |      0%      Default |
|                               |                      |                  N/A |
+-------------------------------+----------------------+----------------------+
|   2  NVIDIA GeForce ...  On   | 00000000:07:00.0 Off |                  N/A |
| 25%   27C    P8     7W / 250W |      1MiB / 11178MiB |      0%      Default |
|                               |                      |                  N/A |
+-------------------------------+----------------------+----------------------+
|   3  NVIDIA GeForce ...  On   | 00000000:08:00.0 Off |                  N/A |
| 20%   28C    P8     8W / 250W |      1MiB / 11178MiB |      0%      Default |
|                               |                      |                  N/A |
+-------------------------------+----------------------+----------------------+
|   4  NVIDIA GeForce ...  On   | 00000000:0C:00.0 Off |                  N/A |
| 26%   26C    P8     7W / 250W |      1MiB / 11178MiB |      0%      Default |
|                               |                      |                  N/A |
+-------------------------------+----------------------+----------------------+
|   5  NVIDIA GeForce ...  On   | 00000000:0D:00.0 Off |                  N/A |
| 22%   40C    P0    58W / 250W |      1MiB / 11178MiB |      0%      Default |
|                               |                      |                  N/A |
+-------------------------------+----------------------+----------------------+
|   6  NVIDIA GeForce ...  On   | 00000000:0E:00.0 Off |                  N/A |
| 20%   39C    P2    60W / 250W |    667MiB / 11178MiB |     15%      Default |
|                               |                      |                  N/A |
+-------------------------------+----------------------+----------------------+
|   7  NVIDIA GeForce ...  On   | 00000000:0F:00.0 Off |                  N/A |
| 21%   39C    P2    57W / 250W |    667MiB / 11178MiB |     16%      Default |
|                               |                      |                  N/A |
+-------------------------------+----------------------+----------------------+
                                                                               
+-----------------------------------------------------------------------------+
| Processes:                                                                  |
|  GPU   GI   CI        PID   Type   Process name                  GPU Memory |
|        ID   ID                                                   Usage      |
|=============================================================================|
|    0   N/A  N/A     14672      C   .../ML_pytorch/bin/python3.8      531MiB |
|    1   N/A  N/A     39233      C   python                           9601MiB |
|    6   N/A  N/A     17635      C   python                            663MiB |
|    7   N/A  N/A     18789      C   python                            663MiB |
+-----------------------------------------------------------------------------+
Using device: cuda
Training model f_003_001...
All models trained.
job submitted
