Assigned GPU ID (CUDA_VISIBLE_DEVICES): 7
Mon Jun  2 21:53:16 2025       
+-----------------------------------------------------------------------------+
| NVIDIA-SMI 495.29.05    Driver Version: 495.29.05    CUDA Version: 11.5     |
|-------------------------------+----------------------+----------------------+
| GPU  Name        Persistence-M| Bus-Id        Disp.A | Volatile Uncorr. ECC |
| Fan  Temp  Perf  Pwr:Usage/Cap|         Memory-Usage | GPU-Util  Compute M. |
|                               |                      |               MIG M. |
|===============================+======================+======================|
|   0  NVIDIA GeForce ...  On   | 00000000:04:00.0 Off |                  N/A |
| 25%   27C    P8    11W / 250W |      1MiB / 11178MiB |      0%      Default |
|                               |                      |                  N/A |
+-------------------------------+----------------------+----------------------+
|   1  NVIDIA GeForce ...  On   | 00000000:06:00.0 Off |                  N/A |
| 25%   26C    P8    10W / 250W |      1MiB / 11178MiB |      0%      Default |
|                               |                      |                  N/A |
+-------------------------------+----------------------+----------------------+
|   2  NVIDIA GeForce ...  On   | 00000000:07:00.0 Off |                  N/A |
| 36%   61C    P2   144W / 250W |   9571MiB / 11178MiB |     97%      Default |
|                               |                      |                  N/A |
+-------------------------------+----------------------+----------------------+
|   3  NVIDIA GeForce ...  On   | 00000000:08:00.0 Off |                  N/A |
| 25%   25C    P8    10W / 250W |      1MiB / 11178MiB |      0%      Default |
|                               |                      |                  N/A |
+-------------------------------+----------------------+----------------------+
|   4  NVIDIA GeForce ...  On   | 00000000:0C:00.0 Off |                  N/A |
| 25%   37C    P2    60W / 250W |    535MiB / 11178MiB |     17%      Default |
|                               |                      |                  N/A |
+-------------------------------+----------------------+----------------------+
|   5  NVIDIA GeForce ...  On   | 00000000:0D:00.0 Off |                  N/A |
| 25%   39C    P2    57W / 250W |    667MiB / 11178MiB |     16%      Default |
|                               |                      |                  N/A |
+-------------------------------+----------------------+----------------------+
|   6  NVIDIA GeForce ...  On   | 00000000:0E:00.0 Off |                  N/A |
| 25%   37C    P2    56W / 250W |    667MiB / 11178MiB |     16%      Default |
|                               |                      |                  N/A |
+-------------------------------+----------------------+----------------------+
|   7  NVIDIA GeForce ...  On   | 00000000:0F:00.0 Off |                  N/A |
| 25%   36C    P0    56W / 250W |      1MiB / 11178MiB |      0%      Default |
|                               |                      |                  N/A |
+-------------------------------+----------------------+----------------------+
                                                                               
+-----------------------------------------------------------------------------+
| Processes:                                                                  |
|  GPU   GI   CI        PID   Type   Process name                  GPU Memory |
|        ID   ID                                                   Usage      |
|=============================================================================|
|    2   N/A  N/A     39096      C   python                           9567MiB |
|    4   N/A  N/A     28347      C   .../ML_pytorch/bin/python3.8      531MiB |
|    5   N/A  N/A      1630      C   python                            663MiB |
|    6   N/A  N/A      6193      C   python                            663MiB |
+-----------------------------------------------------------------------------+
Using device: cuda
Training model f_010_002...
All models trained.
job submitted
