w_i_init_torch: tensor([ 0.0165,  0.0205,  0.0159,  0.0053,  0.0279,  0.0200,  0.0194,  0.0269,
         0.0118,  0.0075, -0.0021,  0.0522,  0.0141,  0.0302,  0.0294,  0.0027,
        -0.0016,  0.0083,  0.0239,  0.0057,  0.0204,  0.0080,  0.0379,  0.0209,
         0.0176,  0.0037,  0.0299,  0.0207,  0.0203,  0.0140,  0.0048,  0.0117,
         0.0126,  0.0309,  0.0146,  0.0021,  0.0397,  0.0301,  0.0074,  0.0169,
         0.0120,  0.0043,  0.0230,  0.0253,  0.0114,  0.0262,  0.0221,  0.0191,
         0.0028,  0.0042,  0.0066,  0.0229,  0.0278,  0.0326,  0.0057,  0.0214,
         0.0317,  0.0127,  0.0089,  0.0230], dtype=torch.float64,
       requires_grad=True)
Attempt 1: Starting optimization (loss = 179.2248)
Calling minimize with:
model_probs shape: torch.Size([100000, 60]), device: cpu
weights shape: torch.Size([60]), device: cpu
Allocated CUDA: 0.00 GB
Reserved CUDA: 0.00 GB
Optimization succeeded on attempt 0
Final loss (NLL): 0.5386530569150451
Final weights: tensor([ 2.6661e-02,  4.9029e-03,  5.4671e-05,  1.9149e-02,  6.4070e-02,
         9.3286e-03,  3.6494e-02,  8.7958e-02,  7.6974e-02, -1.5255e-02,
        -3.9479e-02, -1.5420e-02, -1.5285e-02,  8.7045e-02,  5.7291e-02,
         1.5961e-02, -3.6252e-02, -4.3677e-02, -1.4824e-04, -3.4309e-02,
        -2.3378e-02,  3.6204e-02,  3.1594e-02,  8.5678e-03,  1.2468e-02,
         2.5487e-02,  1.9723e-02,  2.5634e-02,  6.8171e-02, -9.8194e-03,
         8.0850e-03,  2.1400e-02,  3.2348e-02,  6.7841e-02,  4.6322e-02,
         4.8491e-02, -3.6525e-02, -1.7060e-02,  4.7686e-02,  1.4838e-02,
         3.4592e-02, -2.2595e-02, -6.4887e-02,  1.0992e-01, -3.1935e-03,
        -7.6125e-02, -2.0111e-02,  4.2485e-02,  3.6925e-02, -1.5192e-02,
         4.6197e-02,  4.1148e-02, -9.9237e-03,  4.3357e-02,  3.0554e-02,
        -1.3172e-02, -2.7091e-02,  6.0366e-02,  2.3911e-02,  6.8697e-02],
       dtype=torch.float64)
Sum of weights: 1.0000049999747203
