w_i_init_torch: tensor([ 0.0254,  0.0259,  0.0248, -0.0031,  0.0247,  0.0174,  0.0215,  0.0064,
         0.0131,  0.0113,  0.0217,  0.0133,  0.0113,  0.0149,  0.0085,  0.0217,
         0.0094,  0.0164,  0.0244,  0.0046,  0.0096,  0.0198,  0.0011, -0.0026,
         0.0189,  0.0270,  0.0259,  0.0268,  0.0083,  0.0108,  0.0038,  0.0119,
         0.0231,  0.0166,  0.0186,  0.0249, -0.0119,  0.0146,  0.0154,  0.0097,
         0.0196,  0.0072,  0.0064,  0.0167,  0.0271,  0.0158,  0.0188,  0.0263,
         0.0224,  0.0029, -0.0073,  0.0141,  0.0013,  0.0231,  0.0184,  0.0156,
         0.0156,  0.0242,  0.0149,  0.0314], dtype=torch.float64,
       requires_grad=True)
Attempt 1: Starting optimization (loss = 1.6492)
Calling minimize with:
model_probs shape: torch.Size([100000, 60]), device: cpu
weights shape: torch.Size([60]), device: cpu
Allocated CUDA: 3.81 GB
Reserved CUDA: 3.81 GB
Optimization succeeded on attempt 0
Final loss (NLL): 0.5361679537829381
Final weights: tensor([ 2.6793e-02,  4.9307e-03,  5.5700e-05,  1.9239e-02,  6.4390e-02,
         9.3777e-03,  3.6686e-02,  8.8395e-02,  7.7358e-02, -1.5332e-02,
        -3.9675e-02, -1.5496e-02, -1.5365e-02,  8.7474e-02,  5.7576e-02,
         1.6039e-02, -3.6434e-02, -4.3893e-02, -1.5018e-04, -3.4481e-02,
        -2.3496e-02,  3.6384e-02,  3.1755e-02,  8.6097e-03,  1.2531e-02,
         2.5611e-02,  1.9822e-02,  2.5764e-02,  6.8510e-02, -9.8659e-03,
         8.1256e-03,  2.1504e-02,  3.2505e-02,  6.8177e-02,  4.6549e-02,
         4.8739e-02, -3.6708e-02, -1.7145e-02,  4.7924e-02,  1.4910e-02,
         3.4766e-02, -2.2707e-02, -6.5207e-02,  1.1046e-01, -3.2087e-03,
        -7.6503e-02, -2.0208e-02,  4.2696e-02,  3.7109e-02, -1.5270e-02,
         4.6426e-02,  4.1352e-02, -9.9734e-03,  4.3570e-02,  3.0706e-02,
        -1.3237e-02, -2.7228e-02,  6.0666e-02,  2.4029e-02,  6.9038e-02],
       dtype=torch.float64)
Sum of weights: 1.0049752466422077
