Assigned GPU ID (CUDA_VISIBLE_DEVICES): 7
Wed May 28 00:19:55 2025       
+-----------------------------------------------------------------------------+
| NVIDIA-SMI 495.29.05    Driver Version: 495.29.05    CUDA Version: 11.5     |
|-------------------------------+----------------------+----------------------+
| GPU  Name        Persistence-M| Bus-Id        Disp.A | Volatile Uncorr. ECC |
| Fan  Temp  Perf  Pwr:Usage/Cap|         Memory-Usage | GPU-Util  Compute M. |
|                               |                      |               MIG M. |
|===============================+======================+======================|
|   0  NVIDIA GeForce ...  On   | 00000000:04:00.0 Off |                  N/A |
| 25%   26C    P8    11W / 250W |      1MiB / 11178MiB |      0%      Default |
|                               |                      |                  N/A |
+-------------------------------+----------------------+----------------------+
|   1  NVIDIA GeForce ...  On   | 00000000:06:00.0 Off |                  N/A |
| 25%   25C    P8    11W / 250W |      1MiB / 11178MiB |      0%      Default |
|                               |                      |                  N/A |
+-------------------------------+----------------------+----------------------+
|   2  NVIDIA GeForce ...  On   | 00000000:07:00.0 Off |                  N/A |
| 25%   26C    P8    11W / 250W |      1MiB / 11178MiB |      0%      Default |
|                               |                      |                  N/A |
+-------------------------------+----------------------+----------------------+
|   3  NVIDIA GeForce ...  On   | 00000000:08:00.0 Off |                  N/A |
| 25%   25C    P8    10W / 250W |      1MiB / 11178MiB |      0%      Default |
|                               |                      |                  N/A |
+-------------------------------+----------------------+----------------------+
|   4  NVIDIA GeForce ...  On   | 00000000:0C:00.0 Off |                  N/A |
| 25%   25C    P8    11W / 250W |      1MiB / 11178MiB |      0%      Default |
|                               |                      |                  N/A |
+-------------------------------+----------------------+----------------------+
|   5  NVIDIA GeForce ...  On   | 00000000:0D:00.0 Off |                  N/A |
| 25%   28C    P8    11W / 250W |      1MiB / 11178MiB |      0%      Default |
|                               |                      |                  N/A |
+-------------------------------+----------------------+----------------------+
|   6  NVIDIA GeForce ...  On   | 00000000:0E:00.0 Off |                  N/A |
| 25%   26C    P8    11W / 250W |      1MiB / 11178MiB |      0%      Default |
|                               |                      |                  N/A |
+-------------------------------+----------------------+----------------------+
|   7  NVIDIA GeForce ...  On   | 00000000:0F:00.0 Off |                  N/A |
| 25%   24C    P8    11W / 250W |      1MiB / 11178MiB |      0%      Default |
|                               |                      |                  N/A |
+-------------------------------+----------------------+----------------------+
                                                                               
+-----------------------------------------------------------------------------+
| Processes:                                                                  |
|  GPU   GI   CI        PID   Type   Process name                  GPU Memory |
|        ID   ID                                                   Usage      |
|=============================================================================|
|  No running processes found                                                 |
+-----------------------------------------------------------------------------+
Using device: cuda
Training model f_000_000...
All models trained.
job submitted
