+ model_seeds=2
+ bootstrap_runs=2
+ n_epochs=1001
+ learning_rate=5e-6
+ batch_size=512
+ hidden_features=64
+ num_blocks=2
+ num_bins=6
+ num_layers=2
+ base_dir=/work/gbadarac/MonoJet_NPLM/MonoJet_NPLM_analysis/Uncertainty_Modeling/EstimationNF_gaussians_bootstrap_outputs
+ trial_id=0
++ printf %03d 0
+ '[' -d /work/gbadarac/MonoJet_NPLM/MonoJet_NPLM_analysis/Uncertainty_Modeling/EstimationNF_gaussians_bootstrap_outputs/trial_000 ']'
+ trial_id=1
++ printf %03d 1
+ '[' -d /work/gbadarac/MonoJet_NPLM/MonoJet_NPLM_analysis/Uncertainty_Modeling/EstimationNF_gaussians_bootstrap_outputs/trial_001 ']'
++ printf %03d 1
+ trial_dir=/work/gbadarac/MonoJet_NPLM/MonoJet_NPLM_analysis/Uncertainty_Modeling/EstimationNF_gaussians_bootstrap_outputs/trial_001
+ mkdir -p /work/gbadarac/MonoJet_NPLM/MonoJet_NPLM_analysis/Uncertainty_Modeling/EstimationNF_gaussians_bootstrap_outputs/trial_001
+ echo 'Saving to trial /work/gbadarac/MonoJet_NPLM/MonoJet_NPLM_analysis/Uncertainty_Modeling/EstimationNF_gaussians_bootstrap_outputs/trial_001'
++ seq 0 1
+ for seed in '$(seq 0 $((model_seeds-1)))'
++ seq 0 1
+ for run_id in '$(seq 0 $((bootstrap_runs-1)))'
+ sbatch --export=ALL,MODEL_SEED=0,BOOTSTRAP_ID=0,TRIAL_DIR=/work/gbadarac/MonoJet_NPLM/MonoJet_NPLM_analysis/Uncertainty_Modeling/EstimationNF_gaussians_bootstrap_outputs/trial_001,N_EPOCHS=1001,LR=5e-6,BATCH_SIZE=512,HIDDEN_FEATURES=64,NUM_BLOCKS=2,NUM_BINS=6,NUM_LAYERS=2 submit_one_NF_job.sh
+ for run_id in '$(seq 0 $((bootstrap_runs-1)))'
+ sbatch --export=ALL,MODEL_SEED=0,BOOTSTRAP_ID=1,TRIAL_DIR=/work/gbadarac/MonoJet_NPLM/MonoJet_NPLM_analysis/Uncertainty_Modeling/EstimationNF_gaussians_bootstrap_outputs/trial_001,N_EPOCHS=1001,LR=5e-6,BATCH_SIZE=512,HIDDEN_FEATURES=64,NUM_BLOCKS=2,NUM_BINS=6,NUM_LAYERS=2 submit_one_NF_job.sh
+ for seed in '$(seq 0 $((model_seeds-1)))'
++ seq 0 1
+ for run_id in '$(seq 0 $((bootstrap_runs-1)))'
+ sbatch --export=ALL,MODEL_SEED=1,BOOTSTRAP_ID=0,TRIAL_DIR=/work/gbadarac/MonoJet_NPLM/MonoJet_NPLM_analysis/Uncertainty_Modeling/EstimationNF_gaussians_bootstrap_outputs/trial_001,N_EPOCHS=1001,LR=5e-6,BATCH_SIZE=512,HIDDEN_FEATURES=64,NUM_BLOCKS=2,NUM_BINS=6,NUM_LAYERS=2 submit_one_NF_job.sh
+ for run_id in '$(seq 0 $((bootstrap_runs-1)))'
+ sbatch --export=ALL,MODEL_SEED=1,BOOTSTRAP_ID=1,TRIAL_DIR=/work/gbadarac/MonoJet_NPLM/MonoJet_NPLM_analysis/Uncertainty_Modeling/EstimationNF_gaussians_bootstrap_outputs/trial_001,N_EPOCHS=1001,LR=5e-6,BATCH_SIZE=512,HIDDEN_FEATURES=64,NUM_BLOCKS=2,NUM_BINS=6,NUM_LAYERS=2 submit_one_NF_job.sh
+ echo 'All jobs submitted'
