/work/gbadarac/MonoJet_NPLM/MonoJet_NPLM_analysis/Normalizing_Flows/EstimationNF_gaussians_outputs/job_4_4_64_12_302783
Epoch 0, Avg Train Loss: 15.9221, Avg Validation Loss: 10.0147
Epoch 1, Avg Train Loss: 7.6913, Avg Validation Loss: 6.2909
Epoch 2, Avg Train Loss: 5.4851, Avg Validation Loss: 4.8146
Epoch 3, Avg Train Loss: 4.2732, Avg Validation Loss: 3.8685
Epoch 4, Avg Train Loss: 3.6707, Avg Validation Loss: 3.5740
Epoch 5, Avg Train Loss: 3.4812, Avg Validation Loss: 3.4503
Epoch 6, Avg Train Loss: 3.3916, Avg Validation Loss: 3.3837
Epoch 7, Avg Train Loss: 3.3400, Avg Validation Loss: 3.3405
Epoch 8, Avg Train Loss: 3.3028, Avg Validation Loss: 3.3070
Epoch 9, Avg Train Loss: 3.2730, Avg Validation Loss: 3.2770
Epoch 10, Avg Train Loss: 3.2455, Avg Validation Loss: 3.2490
Epoch 11, Avg Train Loss: 3.2195, Avg Validation Loss: 3.2235
Epoch 12, Avg Train Loss: 3.1972, Avg Validation Loss: 3.2001
Epoch 13, Avg Train Loss: 3.1748, Avg Validation Loss: 3.1780
Epoch 14, Avg Train Loss: 3.1534, Avg Validation Loss: 3.1574
Epoch 15, Avg Train Loss: 3.1328, Avg Validation Loss: 3.1382
Epoch 16, Avg Train Loss: 3.1142, Avg Validation Loss: 3.1200
Epoch 17, Avg Train Loss: 3.0978, Avg Validation Loss: 3.1032
Epoch 18, Avg Train Loss: 3.0820, Avg Validation Loss: 3.0874
Epoch 19, Avg Train Loss: 3.0672, Avg Validation Loss: 3.0722
Epoch 20, Avg Train Loss: 3.0529, Avg Validation Loss: 3.0578
Epoch 21, Avg Train Loss: 3.0392, Avg Validation Loss: 3.0444
Epoch 22, Avg Train Loss: 3.0286, Avg Validation Loss: 3.0322
Epoch 23, Avg Train Loss: 3.0170, Avg Validation Loss: 3.0208
Epoch 24, Avg Train Loss: 3.0064, Avg Validation Loss: 3.0100
Epoch 25, Avg Train Loss: 2.9955, Avg Validation Loss: 2.9995
Epoch 26, Avg Train Loss: 2.9846, Avg Validation Loss: 2.9895
Epoch 27, Avg Train Loss: 2.9762, Avg Validation Loss: 2.9798
Epoch 28, Avg Train Loss: 2.9663, Avg Validation Loss: 2.9703
Epoch 29, Avg Train Loss: 2.9579, Avg Validation Loss: 2.9615
Epoch 30, Avg Train Loss: 2.9496, Avg Validation Loss: 2.9533
Epoch 31, Avg Train Loss: 2.9428, Avg Validation Loss: 2.9456
Epoch 32, Avg Train Loss: 2.9354, Avg Validation Loss: 2.9385
Epoch 33, Avg Train Loss: 2.9291, Avg Validation Loss: 2.9323
Epoch 34, Avg Train Loss: 2.9234, Avg Validation Loss: 2.9264
Epoch 35, Avg Train Loss: 2.9179, Avg Validation Loss: 2.9212
Epoch 36, Avg Train Loss: 2.9137, Avg Validation Loss: 2.9169
Epoch 37, Avg Train Loss: 2.9089, Avg Validation Loss: 2.9124
Epoch 38, Avg Train Loss: 2.9053, Avg Validation Loss: 2.9084
Epoch 39, Avg Train Loss: 2.9019, Avg Validation Loss: 2.9053
Epoch 40, Avg Train Loss: 2.8985, Avg Validation Loss: 2.9023
Epoch 41, Avg Train Loss: 2.8958, Avg Validation Loss: 2.8998
Epoch 42, Avg Train Loss: 2.8928, Avg Validation Loss: 2.8970
Epoch 43, Avg Train Loss: 2.8897, Avg Validation Loss: 2.8943
Epoch 44, Avg Train Loss: 2.8872, Avg Validation Loss: 2.8919
Epoch 45, Avg Train Loss: 2.8849, Avg Validation Loss: 2.8897
Epoch 46, Avg Train Loss: 2.8833, Avg Validation Loss: 2.8876
Epoch 47, Avg Train Loss: 2.8813, Avg Validation Loss: 2.8858
Epoch 48, Avg Train Loss: 2.8782, Avg Validation Loss: 2.8841
Epoch 49, Avg Train Loss: 2.8759, Avg Validation Loss: 2.8821
Epoch 50, Avg Train Loss: 2.8750, Avg Validation Loss: 2.8798
Epoch 51, Avg Train Loss: 2.8727, Avg Validation Loss: 2.8780
Epoch 52, Avg Train Loss: 2.8707, Avg Validation Loss: 2.8766
Epoch 53, Avg Train Loss: 2.8696, Avg Validation Loss: 2.8753
Epoch 54, Avg Train Loss: 2.8678, Avg Validation Loss: 2.8743
Epoch 55, Avg Train Loss: 2.8676, Avg Validation Loss: 2.8730
Epoch 56, Avg Train Loss: 2.8655, Avg Validation Loss: 2.8729
Epoch 57, Avg Train Loss: 2.8639, Avg Validation Loss: 2.8733
Epoch 58, Avg Train Loss: 2.8645, Avg Validation Loss: 2.8706
Epoch 59, Avg Train Loss: 2.8628, Avg Validation Loss: 2.8697
Epoch 60, Avg Train Loss: 2.8614, Avg Validation Loss: 2.8686
Epoch 61, Avg Train Loss: 2.8606, Avg Validation Loss: 2.8682
Epoch 62, Avg Train Loss: 2.8604, Avg Validation Loss: 2.8671
Epoch 63, Avg Train Loss: 2.8587, Avg Validation Loss: 2.8673
Epoch 64, Avg Train Loss: 2.8579, Avg Validation Loss: 2.8681
Epoch 65, Avg Train Loss: 2.8576, Avg Validation Loss: 2.8655
Epoch 66, Avg Train Loss: 2.8560, Avg Validation Loss: 2.8648
Epoch 67, Avg Train Loss: 2.8565, Avg Validation Loss: 2.8669
Epoch 68, Avg Train Loss: 2.8560, Avg Validation Loss: 2.8633
Epoch 69, Avg Train Loss: 2.8543, Avg Validation Loss: 2.8627
Epoch 70, Avg Train Loss: 2.8544, Avg Validation Loss: 2.8631
Epoch 71, Avg Train Loss: 2.8537, Avg Validation Loss: 2.8619
Epoch 72, Avg Train Loss: 2.8539, Avg Validation Loss: 2.8616
Epoch 73, Avg Train Loss: 2.8526, Avg Validation Loss: 2.8603
Epoch 74, Avg Train Loss: 2.8518, Avg Validation Loss: 2.8601
Epoch 75, Avg Train Loss: 2.8511, Avg Validation Loss: 2.8594
Epoch 76, Avg Train Loss: 2.8513, Avg Validation Loss: 2.8599
Epoch 77, Avg Train Loss: 2.8510, Avg Validation Loss: 2.8596
Epoch 78, Avg Train Loss: 2.8501, Avg Validation Loss: 2.8582
Epoch 79, Avg Train Loss: 2.8502, Avg Validation Loss: 2.8586
Epoch 80, Avg Train Loss: 2.8500, Avg Validation Loss: 2.8595
Epoch 81, Avg Train Loss: 2.8500, Avg Validation Loss: 2.8583
Epoch 82, Avg Train Loss: 2.8491, Avg Validation Loss: 2.8578
Epoch 83, Avg Train Loss: 2.8491, Avg Validation Loss: 2.8582
Epoch 84, Avg Train Loss: 2.8482, Avg Validation Loss: 2.8582
Epoch 85, Avg Train Loss: 2.8484, Avg Validation Loss: 2.8583
Epoch 86, Avg Train Loss: 2.8480, Avg Validation Loss: 2.8585
Epoch 87, Avg Train Loss: 2.8483, Avg Validation Loss: 2.8577
Epoch 88, Avg Train Loss: 2.8482, Avg Validation Loss: 2.8609
Epoch 89, Avg Train Loss: 2.8474, Avg Validation Loss: 2.8559
Epoch 90, Avg Train Loss: 2.8472, Avg Validation Loss: 2.8566
Epoch 91, Avg Train Loss: 2.8470, Avg Validation Loss: 2.8562
Epoch 92, Avg Train Loss: 2.8463, Avg Validation Loss: 2.8554
Epoch 93, Avg Train Loss: 2.8468, Avg Validation Loss: 2.8570
Epoch 94, Avg Train Loss: 2.8473, Avg Validation Loss: 2.8562
Epoch 95, Avg Train Loss: 2.8458, Avg Validation Loss: 2.8551
Epoch 96, Avg Train Loss: 2.8454, Avg Validation Loss: 2.8556
Epoch 97, Avg Train Loss: 2.8459, Avg Validation Loss: 2.8575
Epoch 98, Avg Train Loss: 2.8458, Avg Validation Loss: 2.8548
Epoch 99, Avg Train Loss: 2.8449, Avg Validation Loss: 2.8613
Epoch 100, Avg Train Loss: 2.8459, Avg Validation Loss: 2.8571
Epoch 101, Avg Train Loss: 2.8458, Avg Validation Loss: 2.8575
Epoch 102, Avg Train Loss: 2.8451, Avg Validation Loss: 2.8554
Epoch 103, Avg Train Loss: 2.8446, Avg Validation Loss: 2.8538
Epoch 104, Avg Train Loss: 2.8438, Avg Validation Loss: 2.8555
Epoch 105, Avg Train Loss: 2.8452, Avg Validation Loss: 2.8588
Epoch 106, Avg Train Loss: 2.8448, Avg Validation Loss: 2.8543
Epoch 107, Avg Train Loss: 2.8444, Avg Validation Loss: 2.8553
Epoch 108, Avg Train Loss: 2.8440, Avg Validation Loss: 2.8611
Epoch 109, Avg Train Loss: 2.8448, Avg Validation Loss: 2.8541
Epoch 110, Avg Train Loss: 2.8456, Avg Validation Loss: 2.8539
Epoch 111, Avg Train Loss: 2.8440, Avg Validation Loss: 2.8553
Epoch 112, Avg Train Loss: 2.8433, Avg Validation Loss: 2.8552
Epoch 113, Avg Train Loss: 2.8441, Avg Validation Loss: 2.8560
Epoch 114, Avg Train Loss: 2.8428, Avg Validation Loss: 2.8529
Epoch 115, Avg Train Loss: 2.8425, Avg Validation Loss: 2.8542
Epoch 116, Avg Train Loss: 2.8425, Avg Validation Loss: 2.8536
Epoch 117, Avg Train Loss: 2.8430, Avg Validation Loss: 2.8526
Epoch 118, Avg Train Loss: 2.8432, Avg Validation Loss: 2.8528
Epoch 119, Avg Train Loss: 2.8424, Avg Validation Loss: 2.8569
Epoch 120, Avg Train Loss: 2.8429, Avg Validation Loss: 2.8542
Epoch 121, Avg Train Loss: 2.8425, Avg Validation Loss: 2.8571
Epoch 122, Avg Train Loss: 2.8422, Avg Validation Loss: 2.8524
Epoch 123, Avg Train Loss: 2.8431, Avg Validation Loss: 2.8584
Epoch 124, Avg Train Loss: 2.8431, Avg Validation Loss: 2.8584
Epoch 125, Avg Train Loss: 2.8423, Avg Validation Loss: 2.8531
Epoch 126, Avg Train Loss: 2.8436, Avg Validation Loss: 2.8532
Epoch 127, Avg Train Loss: 2.8422, Avg Validation Loss: 2.8533
Epoch 128, Avg Train Loss: 2.8429, Avg Validation Loss: 2.8537
Epoch 129, Avg Train Loss: 2.8421, Avg Validation Loss: 2.8550
Epoch 130, Avg Train Loss: 2.8414, Avg Validation Loss: 2.8518
Epoch 131, Avg Train Loss: 2.8420, Avg Validation Loss: 2.8548
Epoch 132, Avg Train Loss: 2.8427, Avg Validation Loss: 2.8525
Epoch 133, Avg Train Loss: 2.8412, Avg Validation Loss: 2.8511
Epoch 134, Avg Train Loss: 2.8417, Avg Validation Loss: 2.8571
Epoch 135, Avg Train Loss: 2.8426, Avg Validation Loss: 2.8523
Epoch 136, Avg Train Loss: 2.8409, Avg Validation Loss: 2.8518
Epoch 137, Avg Train Loss: 2.8417, Avg Validation Loss: 2.8522
Epoch 138, Avg Train Loss: 2.8413, Avg Validation Loss: 2.8532
Epoch 139, Avg Train Loss: 2.8434, Avg Validation Loss: 2.8544
Epoch 140, Avg Train Loss: 2.8413, Avg Validation Loss: 2.8525
Epoch 141, Avg Train Loss: 2.8423, Avg Validation Loss: 2.8527
Epoch 142, Avg Train Loss: 2.8415, Avg Validation Loss: 2.8537
Epoch 143, Avg Train Loss: 2.8415, Avg Validation Loss: 2.8538
Epoch 144, Avg Train Loss: 2.8407, Avg Validation Loss: 2.8578
Epoch 145, Avg Train Loss: 2.8419, Avg Validation Loss: 2.8513
Epoch 146, Avg Train Loss: 2.8400, Avg Validation Loss: 2.8525
Epoch 147, Avg Train Loss: 2.8405, Avg Validation Loss: 2.8564
Epoch 148, Avg Train Loss: 2.8417, Avg Validation Loss: 2.8560
Epoch 149, Avg Train Loss: 2.8402, Avg Validation Loss: 2.8617
Epoch 150, Avg Train Loss: 2.8412, Avg Validation Loss: 2.8542
Epoch 151, Avg Train Loss: 2.8404, Avg Validation Loss: 2.8503
Epoch 152, Avg Train Loss: 2.8407, Avg Validation Loss: 2.8553
Epoch 153, Avg Train Loss: 2.8409, Avg Validation Loss: 2.8512
Epoch 154, Avg Train Loss: 2.8400, Avg Validation Loss: 2.8517
Epoch 155, Avg Train Loss: 2.8402, Avg Validation Loss: 2.8520
Epoch 156, Avg Train Loss: 2.8414, Avg Validation Loss: 2.8535
Epoch 157, Avg Train Loss: 2.8433, Avg Validation Loss: 2.8541
Epoch 158, Avg Train Loss: 2.8407, Avg Validation Loss: 2.8532
Epoch 159, Avg Train Loss: 2.8404, Avg Validation Loss: 2.8513
Epoch 160, Avg Train Loss: 2.8396, Avg Validation Loss: 2.8512
Epoch 161, Avg Train Loss: 2.8411, Avg Validation Loss: 2.8505
Epoch 162, Avg Train Loss: 2.8406, Avg Validation Loss: 2.8656
Epoch 163, Avg Train Loss: 2.8393, Avg Validation Loss: 2.8516
Epoch 164, Avg Train Loss: 2.8410, Avg Validation Loss: 2.8513
Epoch 165, Avg Train Loss: 2.8395, Avg Validation Loss: 2.8524
Epoch 166, Avg Train Loss: 2.8393, Avg Validation Loss: 2.8558
Epoch 167, Avg Train Loss: 2.8404, Avg Validation Loss: 2.8501
Epoch 168, Avg Train Loss: 2.8396, Avg Validation Loss: 2.8557
Epoch 169, Avg Train Loss: 2.8400, Avg Validation Loss: 2.8521
Epoch 170, Avg Train Loss: 2.8397, Avg Validation Loss: 2.8517
Epoch 171, Avg Train Loss: 2.8391, Avg Validation Loss: 2.8528
Epoch 172, Avg Train Loss: 2.8401, Avg Validation Loss: 2.8511
Epoch 173, Avg Train Loss: 2.8400, Avg Validation Loss: 2.8522
Epoch 174, Avg Train Loss: 2.8396, Avg Validation Loss: 2.8535
Epoch 175, Avg Train Loss: 2.8401, Avg Validation Loss: 2.8526
Epoch 176, Avg Train Loss: 2.8401, Avg Validation Loss: 2.8526
Epoch 177, Avg Train Loss: 2.8403, Avg Validation Loss: 2.8568
Epoch 178, Avg Train Loss: 2.8390, Avg Validation Loss: 2.8499
Epoch 179, Avg Train Loss: 2.8403, Avg Validation Loss: 2.8508
Epoch 180, Avg Train Loss: 2.8393, Avg Validation Loss: 2.8503
Epoch 181, Avg Train Loss: 2.8387, Avg Validation Loss: 2.8495
Epoch 182, Avg Train Loss: 2.8389, Avg Validation Loss: 2.8630
Epoch 183, Avg Train Loss: 2.8392, Avg Validation Loss: 2.8510
Epoch 184, Avg Train Loss: 2.8392, Avg Validation Loss: 2.8529
Epoch 185, Avg Train Loss: 2.8394, Avg Validation Loss: 2.8534
Epoch 186, Avg Train Loss: 2.8393, Avg Validation Loss: 2.8500
Epoch 187, Avg Train Loss: 2.8390, Avg Validation Loss: 2.8557
Epoch 188, Avg Train Loss: 2.8390, Avg Validation Loss: 2.8543
Epoch 189, Avg Train Loss: 2.8409, Avg Validation Loss: 2.8517
Epoch 190, Avg Train Loss: 2.8393, Avg Validation Loss: 2.8499
Epoch 191, Avg Train Loss: 2.8397, Avg Validation Loss: 2.8504
Epoch 192, Avg Train Loss: 2.8400, Avg Validation Loss: 2.8533
Epoch 193, Avg Train Loss: 2.8385, Avg Validation Loss: 2.8500
Epoch 194, Avg Train Loss: 2.8390, Avg Validation Loss: 2.8503
Epoch 195, Avg Train Loss: 2.8386, Avg Validation Loss: 2.8512
Epoch 196, Avg Train Loss: 2.8382, Avg Validation Loss: 2.8505
Epoch 197, Avg Train Loss: 2.8390, Avg Validation Loss: 2.8529
Epoch 198, Avg Train Loss: 2.8396, Avg Validation Loss: 2.8495
Epoch 199, Avg Train Loss: 2.8390, Avg Validation Loss: 2.8509
Epoch 200, Avg Train Loss: 2.8396, Avg Validation Loss: 2.8510
Epoch 201, Avg Train Loss: 2.8404, Avg Validation Loss: 2.8571
Epoch 202, Avg Train Loss: 2.8405, Avg Validation Loss: 2.8533
Epoch 203, Avg Train Loss: 2.8383, Avg Validation Loss: 2.8511
Epoch 204, Avg Train Loss: 2.8395, Avg Validation Loss: 2.8502
Epoch 205, Avg Train Loss: 2.8383, Avg Validation Loss: 2.8509
Epoch 206, Avg Train Loss: 2.8381, Avg Validation Loss: 2.8526
Epoch 207, Avg Train Loss: 2.8381, Avg Validation Loss: 2.8585
Epoch 208, Avg Train Loss: 2.8392, Avg Validation Loss: 2.8579
Epoch 209, Avg Train Loss: 2.8389, Avg Validation Loss: 2.8612
Epoch 210, Avg Train Loss: 2.8387, Avg Validation Loss: 2.8516
Epoch 211, Avg Train Loss: 2.8387, Avg Validation Loss: 2.8518
Epoch 212, Avg Train Loss: 2.8390, Avg Validation Loss: 2.8514
Epoch 213, Avg Train Loss: 2.8392, Avg Validation Loss: 2.8660
Epoch 214, Avg Train Loss: 2.8398, Avg Validation Loss: 2.8513
Epoch 215, Avg Train Loss: 2.8377, Avg Validation Loss: 2.8532
Epoch 216, Avg Train Loss: 2.8402, Avg Validation Loss: 2.8495
Epoch 217, Avg Train Loss: 2.8375, Avg Validation Loss: 2.8515
Epoch 218, Avg Train Loss: 2.8378, Avg Validation Loss: 2.8496
Epoch 219, Avg Train Loss: 2.8384, Avg Validation Loss: 2.8495
Epoch 220, Avg Train Loss: 2.8388, Avg Validation Loss: 2.8592
Epoch 221, Avg Train Loss: 2.8401, Avg Validation Loss: 2.8508
Epoch 222, Avg Train Loss: 2.8377, Avg Validation Loss: 2.8541
Epoch 223, Avg Train Loss: 2.8396, Avg Validation Loss: 2.8497
Epoch 224, Avg Train Loss: 2.8384, Avg Validation Loss: 2.8525
Epoch 225, Avg Train Loss: 2.8401, Avg Validation Loss: 2.8547
Epoch 226, Avg Train Loss: 2.8403, Avg Validation Loss: 2.8488
Epoch 227, Avg Train Loss: 2.8374, Avg Validation Loss: 2.8553
Epoch 228, Avg Train Loss: 2.8388, Avg Validation Loss: 2.8505
Epoch 229, Avg Train Loss: 2.8390, Avg Validation Loss: 2.8499
Epoch 230, Avg Train Loss: 2.8390, Avg Validation Loss: 2.8510
Epoch 231, Avg Train Loss: 2.8377, Avg Validation Loss: 2.8511
Epoch 232, Avg Train Loss: 2.8396, Avg Validation Loss: 2.8514
Epoch 233, Avg Train Loss: 2.8389, Avg Validation Loss: 2.8520
Epoch 234, Avg Train Loss: 2.8385, Avg Validation Loss: 2.8507
Epoch 235, Avg Train Loss: 2.8373, Avg Validation Loss: 2.8506
Epoch 236, Avg Train Loss: 2.8382, Avg Validation Loss: 2.8542
Epoch 237, Avg Train Loss: 2.8391, Avg Validation Loss: 2.8494
Epoch 238, Avg Train Loss: 2.8382, Avg Validation Loss: 2.8500
Epoch 239, Avg Train Loss: 2.8385, Avg Validation Loss: 2.8510
Epoch 240, Avg Train Loss: 2.8380, Avg Validation Loss: 2.8515
Epoch 241, Avg Train Loss: 2.8394, Avg Validation Loss: 2.8558
Epoch 242, Avg Train Loss: 2.8384, Avg Validation Loss: 2.8539
Epoch 243, Avg Train Loss: 2.8377, Avg Validation Loss: 2.8513
Epoch 244, Avg Train Loss: 2.8396, Avg Validation Loss: 2.8578
Epoch 245, Avg Train Loss: 2.8380, Avg Validation Loss: 2.8561
Epoch 246, Avg Train Loss: 2.8396, Avg Validation Loss: 2.8569
Epoch 247, Avg Train Loss: 2.8394, Avg Validation Loss: 2.8521
Epoch 248, Avg Train Loss: 2.8392, Avg Validation Loss: 2.8509
Epoch 249, Avg Train Loss: 2.8374, Avg Validation Loss: 2.8488
Epoch 250, Avg Train Loss: 2.8392, Avg Validation Loss: 2.8582
Epoch 251, Avg Train Loss: 2.8391, Avg Validation Loss: 2.8509
Epoch 252, Avg Train Loss: 2.8387, Avg Validation Loss: 2.8591
Epoch 253, Avg Train Loss: 2.8389, Avg Validation Loss: 2.8495
Epoch 254, Avg Train Loss: 2.8387, Avg Validation Loss: 2.8496
Epoch 255, Avg Train Loss: 2.8385, Avg Validation Loss: 2.8531
Epoch 256, Avg Train Loss: 2.8379, Avg Validation Loss: 2.8512
Epoch 257, Avg Train Loss: 2.8384, Avg Validation Loss: 2.8530
Epoch 258, Avg Train Loss: 2.8386, Avg Validation Loss: 2.8523
Epoch 259, Avg Train Loss: 2.8377, Avg Validation Loss: 2.8488
Epoch 260, Avg Train Loss: 2.8386, Avg Validation Loss: 2.8545
Epoch 261, Avg Train Loss: 2.8385, Avg Validation Loss: 2.8491
Epoch 262, Avg Train Loss: 2.8401, Avg Validation Loss: 2.8824
Epoch 263, Avg Train Loss: 2.8405, Avg Validation Loss: 2.8555
Epoch 264, Avg Train Loss: 2.8373, Avg Validation Loss: 2.8560
Epoch 265, Avg Train Loss: 2.8380, Avg Validation Loss: 2.8523
Epoch 266, Avg Train Loss: 2.8385, Avg Validation Loss: 2.8539
Epoch 267, Avg Train Loss: 2.8396, Avg Validation Loss: 2.8570
Epoch 268, Avg Train Loss: 2.8387, Avg Validation Loss: 2.8517
Epoch 269, Avg Train Loss: 2.8379, Avg Validation Loss: 2.8518
Epoch 270, Avg Train Loss: 2.8403, Avg Validation Loss: 2.8534
Epoch 271, Avg Train Loss: 2.8391, Avg Validation Loss: 2.8602
Epoch 272, Avg Train Loss: 2.8386, Avg Validation Loss: 2.8564
Epoch 273, Avg Train Loss: 2.8380, Avg Validation Loss: 2.8606
Epoch 274, Avg Train Loss: 2.8413, Avg Validation Loss: 2.8570
Epoch 275, Avg Train Loss: 2.8369, Avg Validation Loss: 2.8499
Epoch 276, Avg Train Loss: 2.8401, Avg Validation Loss: 2.8512
Epoch 277, Avg Train Loss: 2.8375, Avg Validation Loss: 2.8488
Epoch 278, Avg Train Loss: 2.8391, Avg Validation Loss: 2.8777
Epoch 279, Avg Train Loss: 2.8405, Avg Validation Loss: 2.8484
Epoch 280, Avg Train Loss: 2.8390, Avg Validation Loss: 2.8503
Epoch 281, Avg Train Loss: 2.8384, Avg Validation Loss: 2.8506
Epoch 282, Avg Train Loss: 2.8375, Avg Validation Loss: 2.8483
Epoch 283, Avg Train Loss: 2.8412, Avg Validation Loss: 2.8511
Epoch 284, Avg Train Loss: 2.8398, Avg Validation Loss: 2.8500
Epoch 285, Avg Train Loss: 2.8400, Avg Validation Loss: 2.8586
Epoch 286, Avg Train Loss: 2.8393, Avg Validation Loss: 2.8515
Epoch 287, Avg Train Loss: 2.8392, Avg Validation Loss: 2.8482
Epoch 288, Avg Train Loss: 2.8371, Avg Validation Loss: 2.8505
Epoch 289, Avg Train Loss: 2.8380, Avg Validation Loss: 2.8525
Epoch 290, Avg Train Loss: 2.8382, Avg Validation Loss: 2.8508
Epoch 291, Avg Train Loss: 2.8373, Avg Validation Loss: 2.8508
Epoch 292, Avg Train Loss: 2.8381, Avg Validation Loss: 2.8567
Epoch 293, Avg Train Loss: 2.8377, Avg Validation Loss: 2.8521
Epoch 294, Avg Train Loss: 2.8389, Avg Validation Loss: 2.8489
Epoch 295, Avg Train Loss: 2.8376, Avg Validation Loss: 2.8504
Epoch 296, Avg Train Loss: 2.8387, Avg Validation Loss: 2.8555
Epoch 297, Avg Train Loss: 2.8396, Avg Validation Loss: 2.8526
Epoch 298, Avg Train Loss: 2.8391, Avg Validation Loss: 2.8526
Epoch 299, Avg Train Loss: 2.8380, Avg Validation Loss: 2.8605
Epoch 300, Avg Train Loss: 2.8392, Avg Validation Loss: 2.8504
Epoch 301, Avg Train Loss: 2.8387, Avg Validation Loss: 2.8608
Epoch 302, Avg Train Loss: 2.8400, Avg Validation Loss: 2.8493
Epoch 303, Avg Train Loss: 2.8390, Avg Validation Loss: 2.8549
Epoch 304, Avg Train Loss: 2.8395, Avg Validation Loss: 2.8559
Epoch 305, Avg Train Loss: 2.8387, Avg Validation Loss: 2.8610
Epoch 306, Avg Train Loss: 2.8410, Avg Validation Loss: 2.8487
Epoch 307, Avg Train Loss: 2.8377, Avg Validation Loss: 2.8546
Epoch 308, Avg Train Loss: 2.8393, Avg Validation Loss: 2.8513
Epoch 309, Avg Train Loss: 2.8390, Avg Validation Loss: 2.8609
Epoch 310, Avg Train Loss: 2.8396, Avg Validation Loss: 2.8502
Epoch 311, Avg Train Loss: 2.8375, Avg Validation Loss: 2.8502
Epoch 312, Avg Train Loss: 2.8374, Avg Validation Loss: 2.8537
Epoch 313, Avg Train Loss: 2.8381, Avg Validation Loss: 2.8565
Epoch 314, Avg Train Loss: 2.8394, Avg Validation Loss: 2.8512
Epoch 315, Avg Train Loss: 2.8373, Avg Validation Loss: 2.8498
Epoch 316, Avg Train Loss: 2.8388, Avg Validation Loss: 2.8522
Epoch 317, Avg Train Loss: 2.8390, Avg Validation Loss: 2.8550
Epoch 318, Avg Train Loss: 2.8386, Avg Validation Loss: 2.8487
Epoch 319, Avg Train Loss: 2.8396, Avg Validation Loss: 2.8537
Epoch 320, Avg Train Loss: 2.8400, Avg Validation Loss: 2.8566
Epoch 321, Avg Train Loss: 2.8404, Avg Validation Loss: 2.8494
Epoch 322, Avg Train Loss: 2.8387, Avg Validation Loss: 2.8474
Epoch 323, Avg Train Loss: 2.8390, Avg Validation Loss: 2.8556
Epoch 324, Avg Train Loss: 2.8386, Avg Validation Loss: 2.8588
Epoch 325, Avg Train Loss: 2.8400, Avg Validation Loss: 2.8541
Epoch 326, Avg Train Loss: 2.8399, Avg Validation Loss: 2.8508
Epoch 327, Avg Train Loss: 2.8388, Avg Validation Loss: 2.8527
Epoch 328, Avg Train Loss: 2.8371, Avg Validation Loss: 2.8503
Epoch 329, Avg Train Loss: 2.8386, Avg Validation Loss: 2.8483
Epoch 330, Avg Train Loss: 2.8378, Avg Validation Loss: 2.8545
Epoch 331, Avg Train Loss: 2.8386, Avg Validation Loss: 2.8512
Epoch 332, Avg Train Loss: 2.8384, Avg Validation Loss: 2.8531
Epoch 333, Avg Train Loss: 2.8388, Avg Validation Loss: 2.8565
Epoch 334, Avg Train Loss: 2.8385, Avg Validation Loss: 2.8485
Epoch 335, Avg Train Loss: 2.8392, Avg Validation Loss: 2.8547
Epoch 336, Avg Train Loss: 2.8391, Avg Validation Loss: 2.8520
Epoch 337, Avg Train Loss: 2.8403, Avg Validation Loss: 2.8526
Epoch 338, Avg Train Loss: 2.8380, Avg Validation Loss: 2.8696
Epoch 339, Avg Train Loss: 2.8407, Avg Validation Loss: 2.8532
Epoch 340, Avg Train Loss: 2.8383, Avg Validation Loss: 2.8552
Epoch 341, Avg Train Loss: 2.8405, Avg Validation Loss: 2.8569
Epoch 342, Avg Train Loss: 2.8417, Avg Validation Loss: 2.8600
Epoch 343, Avg Train Loss: 2.8381, Avg Validation Loss: 2.8519
Epoch 344, Avg Train Loss: 2.8385, Avg Validation Loss: 2.8483
Epoch 345, Avg Train Loss: 2.8387, Avg Validation Loss: 2.8513
Epoch 346, Avg Train Loss: 2.8407, Avg Validation Loss: 2.8567
Epoch 347, Avg Train Loss: 2.8386, Avg Validation Loss: 2.8551
Epoch 348, Avg Train Loss: 2.8409, Avg Validation Loss: 2.8483
Epoch 349, Avg Train Loss: 2.8384, Avg Validation Loss: 2.8538
Epoch 350, Avg Train Loss: 2.8391, Avg Validation Loss: 2.8584
Epoch 351, Avg Train Loss: 2.8403, Avg Validation Loss: 2.8523
Epoch 352, Avg Train Loss: 2.8372, Avg Validation Loss: 2.8609
Epoch 353, Avg Train Loss: 2.8398, Avg Validation Loss: 2.8546
Epoch 354, Avg Train Loss: 2.8396, Avg Validation Loss: 2.8597
Epoch 355, Avg Train Loss: 2.8392, Avg Validation Loss: 2.8555
Epoch 356, Avg Train Loss: 2.8393, Avg Validation Loss: 2.8512
Epoch 357, Avg Train Loss: 2.8389, Avg Validation Loss: 2.8560
Epoch 358, Avg Train Loss: 2.8407, Avg Validation Loss: 2.8613
Epoch 359, Avg Train Loss: 2.8400, Avg Validation Loss: 2.8567
Epoch 360, Avg Train Loss: 2.8384, Avg Validation Loss: 2.8541
Epoch 361, Avg Train Loss: 2.8392, Avg Validation Loss: 2.8505
Epoch 362, Avg Train Loss: 2.8382, Avg Validation Loss: 2.8512
Epoch 363, Avg Train Loss: 2.8392, Avg Validation Loss: 2.8567
Epoch 364, Avg Train Loss: 2.8387, Avg Validation Loss: 2.8528
Epoch 365, Avg Train Loss: 2.8402, Avg Validation Loss: 2.8587
Epoch 366, Avg Train Loss: 2.8396, Avg Validation Loss: 2.8549
Epoch 367, Avg Train Loss: 2.8384, Avg Validation Loss: 2.8522
Epoch 368, Avg Train Loss: 2.8409, Avg Validation Loss: 2.8524
Epoch 369, Avg Train Loss: 2.8386, Avg Validation Loss: 2.8496
Epoch 370, Avg Train Loss: 2.8380, Avg Validation Loss: 2.8569
Epoch 371, Avg Train Loss: 2.8402, Avg Validation Loss: 2.8547
Early stopping triggered
Best model loaded successfully.
KL divergence saved successfully.
KL divergence saved successfully.
