Initial weights: [0.01 0.01 0.01 0.01 0.01 0.01 0.01 0.01 0.01 0.01 0.01 0.01 0.01 0.01
 0.01 0.01 0.01 0.01 0.01 0.01 0.01 0.01 0.01 0.01 0.01 0.01 0.01 0.01
 0.01 0.01 0.01 0.01 0.01 0.01 0.01 0.01 0.01 0.01 0.01 0.01 0.01 0.01
 0.01 0.01 0.01 0.01 0.01 0.01 0.01 0.01 0.01 0.01 0.01 0.01 0.01 0.01
 0.01 0.01 0.01 0.01 0.01 0.01 0.01 0.01 0.01 0.01 0.01 0.01 0.01 0.01
 0.01 0.01 0.01 0.01 0.01 0.01 0.01 0.01 0.01 0.01 0.01 0.01 0.01 0.01
 0.01 0.01 0.01 0.01 0.01 0.01 0.01 0.01 0.01 0.01 0.01 0.01 0.01 0.01
 0.01 0.01]
w_i_init_torch: tensor([ 1.7787e-02, -1.2193e-02,  2.8146e-02,  1.7273e-02,  3.0113e-03,
        -6.8617e-03, -3.8032e-03,  6.9522e-04,  3.7760e-03, -8.1824e-03,
         7.9619e-03,  2.6359e-02,  2.6792e-02,  5.4777e-04,  2.6234e-02,
         8.5097e-03, -1.3422e-02,  1.8378e-04, -9.1694e-04, -1.5482e-02,
         3.2784e-03,  1.6957e-02, -8.6052e-03,  1.1990e-02,  1.2543e-02,
        -2.9809e-03,  9.2690e-03, -2.4967e-02,  1.4576e-02,  1.0179e-02,
         1.2156e-02,  3.2422e-02, -2.0153e-02,  1.8636e-02, -1.5506e-02,
         1.1854e-02, -2.0342e-03, -1.2826e-02,  1.6560e-02, -1.9109e-02,
        -3.1795e-03, -7.6240e-03, -2.4679e-03,  1.3465e-03,  1.2680e-02,
         2.0505e-02,  7.7356e-03, -6.1120e-03, -4.6069e-03,  1.0290e-02,
        -2.2994e-02,  1.4266e-02, -6.7370e-04,  6.6061e-03, -1.6132e-02,
        -3.3625e-02, -1.8767e-04, -7.6782e-03, -7.1413e-03, -1.3024e-02,
        -4.7920e-03,  6.1478e-03,  1.9871e-03, -6.8978e-03, -1.8567e-02,
         2.3062e-02, -1.6845e-02,  9.4905e-03,  3.2712e-02, -2.2440e-03,
        -1.0587e-02,  3.3023e-02, -7.6163e-03,  1.2090e-02,  9.2958e-03,
         4.7210e-03, -1.1265e-02,  7.4753e-05,  6.6706e-03,  2.7172e-02,
         6.8424e-03,  8.6438e-03, -1.8675e-03, -3.0820e-02,  4.2897e-03,
        -6.7264e-04,  1.5448e-02, -7.4830e-03,  4.2780e-03, -4.1306e-03,
        -1.5626e-02, -3.8009e-03, -1.5040e-02,  6.7803e-03, -2.8025e-03,
        -8.6591e-03,  7.9537e-03,  1.9130e-02, -4.5676e-03, -1.1551e-02],
       dtype=torch.float64, requires_grad=True)
Attempt 1: Optimization failed with error: list index out of range
w_i_init_torch: tensor([ 1.2751e-02, -1.0628e-02, -1.9605e-02, -1.4027e-02,  1.0731e-02,
         3.0057e-03, -1.0764e-02,  8.9427e-03, -2.9068e-03,  5.5196e-03,
         1.3807e-02,  7.6739e-05,  2.1644e-02,  1.2792e-02,  1.6565e-02,
        -2.0637e-02,  1.1208e-02, -1.3422e-02,  2.9343e-03, -9.3656e-03,
        -2.9719e-02,  1.3724e-02, -6.0374e-03,  9.7878e-04,  1.4252e-03,
        -2.0590e-02,  2.4936e-02,  6.4874e-03,  9.2317e-03, -1.4495e-02,
        -1.2553e-02,  8.6783e-03,  1.8527e-02,  1.6645e-02, -1.0228e-03,
         9.9618e-03,  2.1305e-02,  2.7473e-03,  4.0815e-03,  2.9071e-03,
         2.8827e-03, -2.6077e-02,  8.3787e-03,  7.4527e-03,  5.2143e-03,
         4.6993e-03,  6.4316e-03,  1.1121e-02,  2.8452e-02,  2.3979e-03,
         2.1771e-02,  1.9921e-02, -9.8723e-03, -9.3973e-03,  1.4814e-03,
        -1.2803e-02, -3.2722e-04, -1.2069e-02,  1.5819e-02,  1.6546e-02,
        -2.1191e-02,  2.5227e-02,  1.2268e-02, -1.8188e-02, -5.1263e-03,
        -3.9295e-03, -1.3877e-02, -2.4939e-02, -3.3800e-03, -2.5669e-03,
        -1.8314e-02, -2.9306e-03,  3.0544e-02,  7.0252e-03, -5.2807e-03,
         8.3059e-03, -6.8350e-03, -5.5705e-03,  1.9972e-02,  1.3047e-02,
        -1.3339e-02, -1.2140e-02, -1.6520e-02,  1.7587e-02,  5.5859e-04,
        -7.1996e-03, -3.0979e-03,  4.5858e-03,  1.4405e-02, -9.6076e-03,
        -2.6828e-02,  1.6994e-03, -2.6154e-03, -2.5120e-02, -1.7873e-02,
         3.4843e-02,  2.1096e-02,  9.4970e-03,  1.7453e-03, -2.1011e-02],
       dtype=torch.float64, requires_grad=True)
Attempt 2: Optimization failed with error: list index out of range
w_i_init_torch: tensor([-2.2641e-02,  2.3039e-02, -1.0675e-02,  1.5038e-02,  2.3022e-02,
        -7.6244e-03, -8.6532e-03,  1.3799e-02, -1.6085e-02, -1.5205e-02,
         2.2943e-03,  3.8610e-03,  1.4759e-05,  4.5041e-03,  1.9438e-03,
         1.3117e-02,  1.6944e-02,  8.1973e-03,  1.6868e-02,  8.6228e-03,
         8.6867e-03, -1.2652e-03,  1.4485e-02,  9.4470e-03, -9.4366e-03,
         2.8896e-02, -5.1365e-03,  1.2056e-02,  2.5639e-02,  1.2537e-02,
        -3.3114e-03, -7.0985e-03, -1.5755e-02,  3.0617e-03, -4.1253e-03,
         1.5941e-03, -1.2783e-02,  2.7378e-02, -1.9650e-02, -2.6967e-03,
         1.4763e-02, -3.1643e-02,  1.7412e-02, -1.5965e-03, -8.2381e-03,
         1.6330e-02, -7.4539e-03,  2.5658e-02,  8.3143e-04, -5.0310e-03,
         8.8094e-03, -2.8793e-03, -1.1721e-02, -8.5978e-03, -6.1284e-03,
         9.9906e-04, -5.5865e-03, -7.2600e-03,  6.9416e-03,  2.4427e-02,
        -3.3255e-04,  8.2423e-03, -1.3171e-02,  2.4757e-04,  2.8918e-02,
         4.6106e-02, -3.1929e-02, -3.1868e-03,  1.0685e-02,  3.6886e-03,
         3.0995e-03,  7.4550e-03, -7.8117e-03, -4.7443e-03, -9.5599e-03,
        -7.2960e-03,  2.5877e-02, -2.3030e-02,  4.1444e-03,  9.4071e-03,
         7.6609e-03,  2.7662e-02,  8.7993e-04,  1.5134e-02, -5.5915e-04,
        -2.8852e-03,  4.0287e-03,  1.3937e-02,  2.4523e-04,  6.3762e-03,
         5.0333e-03, -3.9819e-04, -1.2680e-02,  2.0313e-02,  1.5493e-02,
        -1.6159e-02,  1.4653e-02, -8.7606e-03, -1.0133e-02,  8.8674e-03],
       dtype=torch.float64, requires_grad=True)
Final loss (NLL): 0.5382694876246826
Final weights: tensor([ 0.0150,  0.0187,  0.0450,  0.0422,  0.0162,  0.0992,  0.0047, -0.0053,
         0.0427,  0.0444,  0.0385, -0.0286, -0.0107, -0.0165, -0.0018,  0.0081,
        -0.0451, -0.0298,  0.0328, -0.0139, -0.0814,  0.0423, -0.0760, -0.0573,
        -0.0137, -0.0512,  0.0364,  0.0454, -0.0017,  0.0532, -0.0647, -0.0719,
         0.0641,  0.0636, -0.0204,  0.0027,  0.0688,  0.0096,  0.0140, -0.0219,
        -0.0446, -0.0190,  0.0087,  0.0813,  0.0173, -0.0408, -0.0317,  0.0251,
         0.0197,  0.0181,  0.0552,  0.0465, -0.0143,  0.0344,  0.0592, -0.0480,
         0.0533, -0.0035,  0.1020,  0.0438, -0.0113, -0.0444,  0.0055,  0.0303,
        -0.0312,  0.0558,  0.0932,  0.0203,  0.0201,  0.0698,  0.0005,  0.0529,
        -0.0109, -0.0076, -0.0486, -0.0220, -0.0123, -0.0235,  0.0381, -0.0405,
         0.0326,  0.0327,  0.0686,  0.0469,  0.0087,  0.0159, -0.0277,  0.0631,
         0.0290,  0.0705, -0.0290, -0.0137,  0.0685,  0.0508, -0.0095,  0.0147,
        -0.0014, -0.0785, -0.0351,  0.0005], dtype=torch.float64)
Sum of weights: 0.9999999428028844
