w_i_init_torch tensor([-0.0560, -0.0175,  0.0879,  0.0173, -0.0798,  0.1132, -0.0779,  0.1823,
         0.0411,  0.1199,  0.1308, -0.0283,  0.0303, -0.2220, -0.0483, -0.1097,
        -0.0115,  0.0294,  0.0640,  0.1994,  0.0181,  0.1054,  0.0027,  0.0639,
        -0.1045,  0.1262,  0.0713,  0.0673, -0.0320,  0.0080,  0.0598, -0.1492,
         0.0786,  0.0501,  0.0270, -0.0269,  0.0496, -0.0210,  0.2292,  0.0553,
        -0.0439, -0.0717, -0.0065, -0.0134, -0.0471, -0.0475,  0.1849, -0.0451,
         0.0177, -0.0921,  0.0528,  0.0493, -0.0757,  0.0068,  0.1353, -0.0066,
        -0.1119,  0.0534, -0.0302,  0.0478], dtype=torch.float64,
       requires_grad=True)
Final loss (NLL): nan
Final weights: tensor([ 1.1246e-01, -2.5066e-01, -1.6929e-01,  4.5413e-02, -2.4781e-01,
         2.8090e-01, -1.9271e-01,  6.6846e-01, -8.8304e-02,  3.2929e-01,
         3.0375e-01, -1.4482e-02,  7.3419e-02,  1.0682e-01, -6.5019e-01,
        -4.4577e-01,  1.3409e-01, -9.4238e-02,  2.1169e-01,  2.2041e-02,
        -1.7916e-01, -3.1474e-01, -2.1439e-01, -1.7199e-01, -1.8190e-01,
         4.0509e-01,  2.1714e-01,  2.1177e-01, -2.3608e-01, -2.3446e-02,
        -1.6011e-01, -5.6296e-01, -7.5877e-02, -8.6315e-02, -3.6631e-01,
         7.0782e-02,  2.0440e-01,  1.4409e-01,  2.6742e-01,  2.4836e-01,
         1.1853e-01,  2.7633e-01,  2.8794e-01,  1.3639e-01,  3.5388e-03,
        -1.2666e-02,  2.8946e-01,  2.7857e-01, -9.1995e-02,  6.4710e-01,
        -2.4038e-02,  6.4534e-03, -1.3811e-01,  2.5149e-01, -2.0876e-01,
        -2.1330e-01,  6.4643e-04,  1.0673e-01, -5.0898e-02, -5.3187e-02],
       dtype=torch.float64)
Sum of weights: 0.9409020302753575
