w_i_init_torch tensor([-0.0560, -0.0175,  0.0879,  0.0173, -0.0798,  0.1132, -0.0779,  0.1823,
         0.0411,  0.1199,  0.1308, -0.0283,  0.0303, -0.2220, -0.0483, -0.1097,
        -0.0115,  0.0294,  0.0640,  0.1994,  0.0181,  0.1054,  0.0027,  0.0639,
        -0.1045,  0.1262,  0.0713,  0.0673, -0.0320,  0.0080,  0.0598, -0.1492,
         0.0786,  0.0501,  0.0270, -0.0269,  0.0496, -0.0210,  0.2292,  0.0553,
        -0.0439, -0.0717, -0.0065, -0.0134, -0.0471, -0.0475,  0.1849, -0.0451,
         0.0177, -0.0921,  0.0528,  0.0493, -0.0757,  0.0068,  0.1353, -0.0066,
        -0.1119,  0.0534, -0.0302,  0.0478], dtype=torch.float64,
       requires_grad=True)
Final loss (NLL): 0.5121147708210811
Final weights: tensor([-9.1586e-02, -3.2596e-04,  1.4260e-01, -1.8787e-01,  1.5680e-01,
         2.8333e-01, -2.7546e-01,  2.3348e-01,  2.3404e-01,  1.3474e-01,
         1.1669e-01,  1.1948e-01,  8.0174e-03, -7.2882e-02, -2.6986e-01,
        -5.2702e-01, -1.9540e-02,  1.4405e-01,  5.3249e-02, -3.2081e-02,
        -2.3865e-02, -7.5990e-02, -1.3828e-01, -1.1488e-01, -2.3298e-01,
         4.4166e-02,  2.9524e-01,  5.0385e-02, -2.8801e-01,  1.6191e-02,
         1.3054e-01,  1.0443e-01,  2.9015e-01, -5.7473e-02, -1.6315e-01,
        -9.5056e-02,  7.8401e-02,  1.9175e-01,  1.8944e-01,  5.3058e-02,
         1.2038e-01,  2.5691e-01, -1.0110e-01, -4.3368e-01, -2.3608e-01,
         2.5554e-01, -8.7603e-03, -1.6511e-01,  4.3879e-02,  3.1670e-01,
         1.4416e-01, -1.6174e-01, -5.6035e-02,  2.2117e-01,  1.9388e-01,
         3.0001e-02,  2.3998e-01,  8.4241e-02,  5.9726e-02, -2.0801e-01],
       dtype=torch.float64)
Sum of weights: 0.9999999525926015
