w_i_init_torch tensor([-0.0560, -0.0175,  0.0879,  0.0173, -0.0798,  0.1132, -0.0779,  0.1823,
         0.0411,  0.1199,  0.1308, -0.0283,  0.0303, -0.2220, -0.0483, -0.1097,
        -0.0115,  0.0294,  0.0640,  0.1994,  0.0181,  0.1054,  0.0027,  0.0639,
        -0.1045,  0.1262,  0.0713,  0.0673, -0.0320,  0.0080,  0.0598, -0.1492,
         0.0786,  0.0501,  0.0270, -0.0269,  0.0496, -0.0210,  0.2292,  0.0553,
        -0.0439, -0.0717, -0.0065, -0.0134, -0.0471, -0.0475,  0.1849, -0.0451,
         0.0177, -0.0921,  0.0528,  0.0493, -0.0757,  0.0068,  0.1353, -0.0066,
        -0.1119,  0.0534, -0.0302,  0.0478], dtype=torch.float64,
       requires_grad=True)
Final loss (NLL): nan
Final weights: tensor([ 4.4295e-03, -2.8688e-03, -7.5438e-02,  7.6055e-03, -6.6061e-02,
         8.7182e-02, -7.4455e-02,  2.2883e-01,  4.5149e-02,  1.0252e-01,
         1.2064e-01, -6.2662e-03,  1.7265e-03, -2.7406e-01, -9.8332e-02,
        -1.8550e-01,  8.5990e-02,  1.2760e-01,  1.1119e-01,  1.7275e-01,
         1.0089e-01,  3.0814e-02, -3.0187e-02,  4.9943e-02, -2.3536e-01,
         1.5948e-02,  1.3044e-01,  2.8597e-02, -1.7520e-01,  1.9946e-02,
        -8.1392e-02, -2.6804e-02,  1.6672e-01,  9.3393e-05,  1.7662e-02,
        -3.3497e-03,  1.9024e-02,  1.1859e-02,  2.1118e-01,  3.1989e-02,
         9.0262e-02,  4.6398e-02,  1.1042e-01, -1.3425e-02, -7.1128e-02,
        -1.3368e-02,  1.9565e-01, -9.8626e-02,  7.6681e-02, -5.9805e-03,
         8.7190e-02, -1.3271e-01, -6.6346e-02,  1.5666e-01,  9.4821e-02,
        -2.6975e-02, -8.8741e-02,  3.3005e-02, -1.0070e-02,  2.1458e-02],
       dtype=torch.float64)
Sum of weights: 0.9806008970719375
