w_i_init_torch tensor([-0.0560, -0.0175,  0.0879,  0.0173, -0.0798,  0.1132, -0.0779,  0.1823,
         0.0411,  0.1199,  0.1308, -0.0283,  0.0303, -0.2220, -0.0483, -0.1097,
        -0.0115,  0.0294,  0.0640,  0.1994,  0.0181,  0.1054,  0.0027,  0.0639,
        -0.1045,  0.1262,  0.0713,  0.0673, -0.0320,  0.0080,  0.0598, -0.1492,
         0.0786,  0.0501,  0.0270, -0.0269,  0.0496, -0.0210,  0.2292,  0.0553,
        -0.0439, -0.0717, -0.0065, -0.0134, -0.0471, -0.0475,  0.1849, -0.0451,
         0.0177, -0.0921,  0.0528,  0.0493, -0.0757,  0.0068,  0.1353, -0.0066,
        -0.1119,  0.0534, -0.0302,  0.0478], dtype=torch.float64,
       requires_grad=True)
Final loss (NLL): nan
Final weights: tensor([ 4.9876e+17, -2.7722e+17, -2.1978e+16, -3.6415e+17, -1.9100e+15,
         8.4466e+17,  4.4622e+16,  3.6184e+17, -1.4647e+17, -1.1430e+17,
         3.7040e+17,  3.4485e+17, -5.4436e+16,  4.4559e+16, -7.5830e+17,
         2.6947e+16, -1.3967e+17,  6.0115e+16, -3.4900e+17, -2.2140e+17,
         1.9916e+17, -3.1518e+17, -3.2299e+17, -4.1542e+16, -3.1725e+17,
        -5.7764e+17,  4.7209e+17, -4.6428e+17, -6.5123e+17, -5.9601e+17,
        -2.8965e+17, -5.4259e+15, -2.1429e+17, -4.7654e+17, -3.5540e+17,
        -2.6583e+17, -1.8484e+17,  9.4509e+17, -3.8596e+16,  8.1023e+17,
         1.3207e+18,  7.7057e+17,  1.6694e+17, -4.8914e+17, -2.4878e+17,
        -1.7152e+17, -3.6903e+17, -1.3707e+18,  1.0213e+18,  4.0846e+17,
         6.9531e+17,  2.6086e+17, -2.5239e+17,  1.2160e+18, -6.8085e+17,
        -9.1107e+17,  3.4912e+17,  7.3172e+17,  2.7012e+17, -3.2757e+17],
       dtype=torch.float64)
Sum of weights: -1.5221662742871475e+17
