w_i_init_torch tensor([-0.0560, -0.0175,  0.0879,  0.0173, -0.0798,  0.1132, -0.0779,  0.1823,
         0.0411,  0.1199,  0.1308, -0.0283,  0.0303, -0.2220, -0.0483, -0.1097,
        -0.0115,  0.0294,  0.0640,  0.1994,  0.0181,  0.1054,  0.0027,  0.0639,
        -0.1045,  0.1262,  0.0713,  0.0673, -0.0320,  0.0080,  0.0598, -0.1492,
         0.0786,  0.0501,  0.0270, -0.0269,  0.0496, -0.0210,  0.2292,  0.0553,
        -0.0439, -0.0717, -0.0065, -0.0134, -0.0471, -0.0475,  0.1849, -0.0451,
         0.0177, -0.0921,  0.0528,  0.0493, -0.0757,  0.0068,  0.1353, -0.0066,
        -0.1119,  0.0534, -0.0302,  0.0478], dtype=torch.float64,
       requires_grad=True)
Final loss (NLL): nan
Final weights: tensor([-9.0606e+16, -2.6636e+17, -7.2024e+17,  5.6149e+17,  9.1855e+16,
         5.8711e+17,  4.0079e+17,  3.9316e+17,  5.1762e+17, -2.4907e+16,
         5.1716e+17, -7.9842e+16, -1.1636e+18,  8.6727e+17, -7.4121e+17,
        -5.7690e+17,  2.1425e+17,  3.1606e+17, -9.1583e+15,  8.5511e+16,
         2.9895e+17, -4.4613e+17, -8.2784e+17, -1.8013e+17, -7.6236e+17,
        -3.7110e+17,  4.1858e+17, -8.7163e+17, -6.1500e+17,  4.8606e+17,
         2.8135e+17,  2.8583e+15,  6.6502e+17,  3.7172e+17, -1.0317e+18,
         5.1967e+17, -6.2067e+17,  7.9524e+17,  1.1582e+17,  2.3826e+17,
        -3.9557e+17,  5.5933e+17, -2.0386e+17, -1.2864e+18, -4.8037e+17,
         1.0656e+17,  5.0272e+17,  9.4138e+17,  7.9139e+17,  3.2593e+17,
         2.4721e+17,  2.8713e+17, -5.1953e+17,  1.7381e+17, -1.3477e+18,
         6.9833e+17, -8.8587e+17,  4.5240e+17,  8.4691e+17, -3.6113e+17],
       dtype=torch.float64)
Sum of weights: -2.009227558578807e+17
