w_i_init_torch tensor([ 2.7465e-02,  3.9775e-02,  2.9415e-02,  6.0815e-02,  1.6158e-02,
         8.9291e-02,  5.7799e-03, -1.1811e-02,  2.4000e-02,  3.1447e-02,
         8.1284e-02, -2.3717e-02,  2.6356e-02, -1.7371e-02, -1.0964e-02,
         8.3690e-03, -8.1378e-03, -2.3745e-02,  2.1039e-02, -2.9559e-04,
        -4.8600e-02,  6.1569e-02, -4.8001e-02, -3.0407e-02, -1.4790e-02,
        -2.3764e-02,  5.1739e-02,  3.5346e-02,  8.6797e-03,  4.0055e-02,
        -8.1824e-03, -7.8225e-02,  5.8031e-02,  5.0158e-02, -5.7191e-03,
         1.7794e-02,  6.6486e-02,  1.7646e-02, -1.0253e-02,  1.3935e-02,
        -4.6986e-02,  3.5882e-03,  3.0478e-02,  9.8500e-02,  1.6057e-02,
        -4.4616e-03,  5.2506e-03, -4.2853e-03,  2.5735e-02,  1.7025e-02,
         7.2026e-02,  1.9939e-02, -1.0673e-02,  2.1200e-02,  9.2340e-02,
        -3.0226e-02,  4.8697e-02,  7.0628e-05,  7.8944e-02,  4.8129e-02],
       dtype=torch.float64, requires_grad=True)
Attempt 1: Optimization failed with error: list index out of range
w_i_init_torch tensor([ 2.7465e-02,  3.9775e-02,  2.9415e-02,  6.0815e-02,  1.6158e-02,
         8.9291e-02,  5.7799e-03, -1.1811e-02,  2.4000e-02,  3.1447e-02,
         8.1284e-02, -2.3717e-02,  2.6356e-02, -1.7371e-02, -1.0964e-02,
         8.3690e-03, -8.1378e-03, -2.3745e-02,  2.1039e-02, -2.9559e-04,
        -4.8600e-02,  6.1569e-02, -4.8001e-02, -3.0407e-02, -1.4790e-02,
        -2.3764e-02,  5.1739e-02,  3.5346e-02,  8.6797e-03,  4.0055e-02,
        -8.1824e-03, -7.8225e-02,  5.8031e-02,  5.0158e-02, -5.7191e-03,
         1.7794e-02,  6.6486e-02,  1.7646e-02, -1.0253e-02,  1.3935e-02,
        -4.6986e-02,  3.5882e-03,  3.0478e-02,  9.8500e-02,  1.6057e-02,
        -4.4616e-03,  5.2506e-03, -4.2853e-03,  2.5735e-02,  1.7025e-02,
         7.2026e-02,  1.9939e-02, -1.0673e-02,  2.1200e-02,  9.2340e-02,
        -3.0226e-02,  4.8697e-02,  7.0628e-05,  7.8944e-02,  4.8129e-02],
       dtype=torch.float64, requires_grad=True)
Attempt 2: Optimization failed with error: list index out of range
w_i_init_torch tensor([ 2.7465e-02,  3.9775e-02,  2.9415e-02,  6.0815e-02,  1.6158e-02,
         8.9291e-02,  5.7799e-03, -1.1811e-02,  2.4000e-02,  3.1447e-02,
         8.1284e-02, -2.3717e-02,  2.6356e-02, -1.7371e-02, -1.0964e-02,
         8.3690e-03, -8.1378e-03, -2.3745e-02,  2.1039e-02, -2.9559e-04,
        -4.8600e-02,  6.1569e-02, -4.8001e-02, -3.0407e-02, -1.4790e-02,
        -2.3764e-02,  5.1739e-02,  3.5346e-02,  8.6797e-03,  4.0055e-02,
        -8.1824e-03, -7.8225e-02,  5.8031e-02,  5.0158e-02, -5.7191e-03,
         1.7794e-02,  6.6486e-02,  1.7646e-02, -1.0253e-02,  1.3935e-02,
        -4.6986e-02,  3.5882e-03,  3.0478e-02,  9.8500e-02,  1.6057e-02,
        -4.4616e-03,  5.2506e-03, -4.2853e-03,  2.5735e-02,  1.7025e-02,
         7.2026e-02,  1.9939e-02, -1.0673e-02,  2.1200e-02,  9.2340e-02,
        -3.0226e-02,  4.8697e-02,  7.0628e-05,  7.8944e-02,  4.8129e-02],
       dtype=torch.float64, requires_grad=True)
Attempt 3: Optimization failed with error: list index out of range
w_i_init_torch tensor([ 2.7465e-02,  3.9775e-02,  2.9415e-02,  6.0815e-02,  1.6158e-02,
         8.9291e-02,  5.7799e-03, -1.1811e-02,  2.4000e-02,  3.1447e-02,
         8.1284e-02, -2.3717e-02,  2.6356e-02, -1.7371e-02, -1.0964e-02,
         8.3690e-03, -8.1378e-03, -2.3745e-02,  2.1039e-02, -2.9559e-04,
        -4.8600e-02,  6.1569e-02, -4.8001e-02, -3.0407e-02, -1.4790e-02,
        -2.3764e-02,  5.1739e-02,  3.5346e-02,  8.6797e-03,  4.0055e-02,
        -8.1824e-03, -7.8225e-02,  5.8031e-02,  5.0158e-02, -5.7191e-03,
         1.7794e-02,  6.6486e-02,  1.7646e-02, -1.0253e-02,  1.3935e-02,
        -4.6986e-02,  3.5882e-03,  3.0478e-02,  9.8500e-02,  1.6057e-02,
        -4.4616e-03,  5.2506e-03, -4.2853e-03,  2.5735e-02,  1.7025e-02,
         7.2026e-02,  1.9939e-02, -1.0673e-02,  2.1200e-02,  9.2340e-02,
        -3.0226e-02,  4.8697e-02,  7.0628e-05,  7.8944e-02,  4.8129e-02],
       dtype=torch.float64, requires_grad=True)
Attempt 4: Optimization failed with error: list index out of range
w_i_init_torch tensor([ 2.7465e-02,  3.9775e-02,  2.9415e-02,  6.0815e-02,  1.6158e-02,
         8.9291e-02,  5.7799e-03, -1.1811e-02,  2.4000e-02,  3.1447e-02,
         8.1284e-02, -2.3717e-02,  2.6356e-02, -1.7371e-02, -1.0964e-02,
         8.3690e-03, -8.1378e-03, -2.3745e-02,  2.1039e-02, -2.9559e-04,
        -4.8600e-02,  6.1569e-02, -4.8001e-02, -3.0407e-02, -1.4790e-02,
        -2.3764e-02,  5.1739e-02,  3.5346e-02,  8.6797e-03,  4.0055e-02,
        -8.1824e-03, -7.8225e-02,  5.8031e-02,  5.0158e-02, -5.7191e-03,
         1.7794e-02,  6.6486e-02,  1.7646e-02, -1.0253e-02,  1.3935e-02,
        -4.6986e-02,  3.5882e-03,  3.0478e-02,  9.8500e-02,  1.6057e-02,
        -4.4616e-03,  5.2506e-03, -4.2853e-03,  2.5735e-02,  1.7025e-02,
         7.2026e-02,  1.9939e-02, -1.0673e-02,  2.1200e-02,  9.2340e-02,
        -3.0226e-02,  4.8697e-02,  7.0628e-05,  7.8944e-02,  4.8129e-02],
       dtype=torch.float64, requires_grad=True)
Attempt 5: Optimization failed with error: list index out of range
w_i_init_torch tensor([ 2.7465e-02,  3.9775e-02,  2.9415e-02,  6.0815e-02,  1.6158e-02,
         8.9291e-02,  5.7799e-03, -1.1811e-02,  2.4000e-02,  3.1447e-02,
         8.1284e-02, -2.3717e-02,  2.6356e-02, -1.7371e-02, -1.0964e-02,
         8.3690e-03, -8.1378e-03, -2.3745e-02,  2.1039e-02, -2.9559e-04,
        -4.8600e-02,  6.1569e-02, -4.8001e-02, -3.0407e-02, -1.4790e-02,
        -2.3764e-02,  5.1739e-02,  3.5346e-02,  8.6797e-03,  4.0055e-02,
        -8.1824e-03, -7.8225e-02,  5.8031e-02,  5.0158e-02, -5.7191e-03,
         1.7794e-02,  6.6486e-02,  1.7646e-02, -1.0253e-02,  1.3935e-02,
        -4.6986e-02,  3.5882e-03,  3.0478e-02,  9.8500e-02,  1.6057e-02,
        -4.4616e-03,  5.2506e-03, -4.2853e-03,  2.5735e-02,  1.7025e-02,
         7.2026e-02,  1.9939e-02, -1.0673e-02,  2.1200e-02,  9.2340e-02,
        -3.0226e-02,  4.8697e-02,  7.0628e-05,  7.8944e-02,  4.8129e-02],
       dtype=torch.float64, requires_grad=True)
Attempt 6: Optimization failed with error: list index out of range
w_i_init_torch tensor([ 2.7465e-02,  3.9775e-02,  2.9415e-02,  6.0815e-02,  1.6158e-02,
         8.9291e-02,  5.7799e-03, -1.1811e-02,  2.4000e-02,  3.1447e-02,
         8.1284e-02, -2.3717e-02,  2.6356e-02, -1.7371e-02, -1.0964e-02,
         8.3690e-03, -8.1378e-03, -2.3745e-02,  2.1039e-02, -2.9559e-04,
        -4.8600e-02,  6.1569e-02, -4.8001e-02, -3.0407e-02, -1.4790e-02,
        -2.3764e-02,  5.1739e-02,  3.5346e-02,  8.6797e-03,  4.0055e-02,
        -8.1824e-03, -7.8225e-02,  5.8031e-02,  5.0158e-02, -5.7191e-03,
         1.7794e-02,  6.6486e-02,  1.7646e-02, -1.0253e-02,  1.3935e-02,
        -4.6986e-02,  3.5882e-03,  3.0478e-02,  9.8500e-02,  1.6057e-02,
        -4.4616e-03,  5.2506e-03, -4.2853e-03,  2.5735e-02,  1.7025e-02,
         7.2026e-02,  1.9939e-02, -1.0673e-02,  2.1200e-02,  9.2340e-02,
        -3.0226e-02,  4.8697e-02,  7.0628e-05,  7.8944e-02,  4.8129e-02],
       dtype=torch.float64, requires_grad=True)
Attempt 7: Optimization failed with error: list index out of range
w_i_init_torch tensor([ 2.7465e-02,  3.9775e-02,  2.9415e-02,  6.0815e-02,  1.6158e-02,
         8.9291e-02,  5.7799e-03, -1.1811e-02,  2.4000e-02,  3.1447e-02,
         8.1284e-02, -2.3717e-02,  2.6356e-02, -1.7371e-02, -1.0964e-02,
         8.3690e-03, -8.1378e-03, -2.3745e-02,  2.1039e-02, -2.9559e-04,
        -4.8600e-02,  6.1569e-02, -4.8001e-02, -3.0407e-02, -1.4790e-02,
        -2.3764e-02,  5.1739e-02,  3.5346e-02,  8.6797e-03,  4.0055e-02,
        -8.1824e-03, -7.8225e-02,  5.8031e-02,  5.0158e-02, -5.7191e-03,
         1.7794e-02,  6.6486e-02,  1.7646e-02, -1.0253e-02,  1.3935e-02,
        -4.6986e-02,  3.5882e-03,  3.0478e-02,  9.8500e-02,  1.6057e-02,
        -4.4616e-03,  5.2506e-03, -4.2853e-03,  2.5735e-02,  1.7025e-02,
         7.2026e-02,  1.9939e-02, -1.0673e-02,  2.1200e-02,  9.2340e-02,
        -3.0226e-02,  4.8697e-02,  7.0628e-05,  7.8944e-02,  4.8129e-02],
       dtype=torch.float64, requires_grad=True)
Attempt 8: Optimization failed with error: list index out of range
w_i_init_torch tensor([ 2.7465e-02,  3.9775e-02,  2.9415e-02,  6.0815e-02,  1.6158e-02,
         8.9291e-02,  5.7799e-03, -1.1811e-02,  2.4000e-02,  3.1447e-02,
         8.1284e-02, -2.3717e-02,  2.6356e-02, -1.7371e-02, -1.0964e-02,
         8.3690e-03, -8.1378e-03, -2.3745e-02,  2.1039e-02, -2.9559e-04,
        -4.8600e-02,  6.1569e-02, -4.8001e-02, -3.0407e-02, -1.4790e-02,
        -2.3764e-02,  5.1739e-02,  3.5346e-02,  8.6797e-03,  4.0055e-02,
        -8.1824e-03, -7.8225e-02,  5.8031e-02,  5.0158e-02, -5.7191e-03,
         1.7794e-02,  6.6486e-02,  1.7646e-02, -1.0253e-02,  1.3935e-02,
        -4.6986e-02,  3.5882e-03,  3.0478e-02,  9.8500e-02,  1.6057e-02,
        -4.4616e-03,  5.2506e-03, -4.2853e-03,  2.5735e-02,  1.7025e-02,
         7.2026e-02,  1.9939e-02, -1.0673e-02,  2.1200e-02,  9.2340e-02,
        -3.0226e-02,  4.8697e-02,  7.0628e-05,  7.8944e-02,  4.8129e-02],
       dtype=torch.float64, requires_grad=True)
Attempt 9: Optimization failed with error: list index out of range
w_i_init_torch tensor([ 2.7465e-02,  3.9775e-02,  2.9415e-02,  6.0815e-02,  1.6158e-02,
         8.9291e-02,  5.7799e-03, -1.1811e-02,  2.4000e-02,  3.1447e-02,
         8.1284e-02, -2.3717e-02,  2.6356e-02, -1.7371e-02, -1.0964e-02,
         8.3690e-03, -8.1378e-03, -2.3745e-02,  2.1039e-02, -2.9559e-04,
        -4.8600e-02,  6.1569e-02, -4.8001e-02, -3.0407e-02, -1.4790e-02,
        -2.3764e-02,  5.1739e-02,  3.5346e-02,  8.6797e-03,  4.0055e-02,
        -8.1824e-03, -7.8225e-02,  5.8031e-02,  5.0158e-02, -5.7191e-03,
         1.7794e-02,  6.6486e-02,  1.7646e-02, -1.0253e-02,  1.3935e-02,
        -4.6986e-02,  3.5882e-03,  3.0478e-02,  9.8500e-02,  1.6057e-02,
        -4.4616e-03,  5.2506e-03, -4.2853e-03,  2.5735e-02,  1.7025e-02,
         7.2026e-02,  1.9939e-02, -1.0673e-02,  2.1200e-02,  9.2340e-02,
        -3.0226e-02,  4.8697e-02,  7.0628e-05,  7.8944e-02,  4.8129e-02],
       dtype=torch.float64, requires_grad=True)
Attempt 10: Optimization failed with error: list index out of range
w_i_init_torch tensor([ 2.7465e-02,  3.9775e-02,  2.9415e-02,  6.0815e-02,  1.6158e-02,
         8.9291e-02,  5.7799e-03, -1.1811e-02,  2.4000e-02,  3.1447e-02,
         8.1284e-02, -2.3717e-02,  2.6356e-02, -1.7371e-02, -1.0964e-02,
         8.3690e-03, -8.1378e-03, -2.3745e-02,  2.1039e-02, -2.9559e-04,
        -4.8600e-02,  6.1569e-02, -4.8001e-02, -3.0407e-02, -1.4790e-02,
        -2.3764e-02,  5.1739e-02,  3.5346e-02,  8.6797e-03,  4.0055e-02,
        -8.1824e-03, -7.8225e-02,  5.8031e-02,  5.0158e-02, -5.7191e-03,
         1.7794e-02,  6.6486e-02,  1.7646e-02, -1.0253e-02,  1.3935e-02,
        -4.6986e-02,  3.5882e-03,  3.0478e-02,  9.8500e-02,  1.6057e-02,
        -4.4616e-03,  5.2506e-03, -4.2853e-03,  2.5735e-02,  1.7025e-02,
         7.2026e-02,  1.9939e-02, -1.0673e-02,  2.1200e-02,  9.2340e-02,
        -3.0226e-02,  4.8697e-02,  7.0628e-05,  7.8944e-02,  4.8129e-02],
       dtype=torch.float64, requires_grad=True)
Attempt 11: Optimization failed with error: list index out of range
w_i_init_torch tensor([ 2.7465e-02,  3.9775e-02,  2.9415e-02,  6.0815e-02,  1.6158e-02,
         8.9291e-02,  5.7799e-03, -1.1811e-02,  2.4000e-02,  3.1447e-02,
         8.1284e-02, -2.3717e-02,  2.6356e-02, -1.7371e-02, -1.0964e-02,
         8.3690e-03, -8.1378e-03, -2.3745e-02,  2.1039e-02, -2.9559e-04,
        -4.8600e-02,  6.1569e-02, -4.8001e-02, -3.0407e-02, -1.4790e-02,
        -2.3764e-02,  5.1739e-02,  3.5346e-02,  8.6797e-03,  4.0055e-02,
        -8.1824e-03, -7.8225e-02,  5.8031e-02,  5.0158e-02, -5.7191e-03,
         1.7794e-02,  6.6486e-02,  1.7646e-02, -1.0253e-02,  1.3935e-02,
        -4.6986e-02,  3.5882e-03,  3.0478e-02,  9.8500e-02,  1.6057e-02,
        -4.4616e-03,  5.2506e-03, -4.2853e-03,  2.5735e-02,  1.7025e-02,
         7.2026e-02,  1.9939e-02, -1.0673e-02,  2.1200e-02,  9.2340e-02,
        -3.0226e-02,  4.8697e-02,  7.0628e-05,  7.8944e-02,  4.8129e-02],
       dtype=torch.float64, requires_grad=True)
Attempt 12: Optimization failed with error: list index out of range
w_i_init_torch tensor([ 2.7465e-02,  3.9775e-02,  2.9415e-02,  6.0815e-02,  1.6158e-02,
         8.9291e-02,  5.7799e-03, -1.1811e-02,  2.4000e-02,  3.1447e-02,
         8.1284e-02, -2.3717e-02,  2.6356e-02, -1.7371e-02, -1.0964e-02,
         8.3690e-03, -8.1378e-03, -2.3745e-02,  2.1039e-02, -2.9559e-04,
        -4.8600e-02,  6.1569e-02, -4.8001e-02, -3.0407e-02, -1.4790e-02,
        -2.3764e-02,  5.1739e-02,  3.5346e-02,  8.6797e-03,  4.0055e-02,
        -8.1824e-03, -7.8225e-02,  5.8031e-02,  5.0158e-02, -5.7191e-03,
         1.7794e-02,  6.6486e-02,  1.7646e-02, -1.0253e-02,  1.3935e-02,
        -4.6986e-02,  3.5882e-03,  3.0478e-02,  9.8500e-02,  1.6057e-02,
        -4.4616e-03,  5.2506e-03, -4.2853e-03,  2.5735e-02,  1.7025e-02,
         7.2026e-02,  1.9939e-02, -1.0673e-02,  2.1200e-02,  9.2340e-02,
        -3.0226e-02,  4.8697e-02,  7.0628e-05,  7.8944e-02,  4.8129e-02],
       dtype=torch.float64, requires_grad=True)
Attempt 13: Optimization failed with error: list index out of range
w_i_init_torch tensor([ 2.7465e-02,  3.9775e-02,  2.9415e-02,  6.0815e-02,  1.6158e-02,
         8.9291e-02,  5.7799e-03, -1.1811e-02,  2.4000e-02,  3.1447e-02,
         8.1284e-02, -2.3717e-02,  2.6356e-02, -1.7371e-02, -1.0964e-02,
         8.3690e-03, -8.1378e-03, -2.3745e-02,  2.1039e-02, -2.9559e-04,
        -4.8600e-02,  6.1569e-02, -4.8001e-02, -3.0407e-02, -1.4790e-02,
        -2.3764e-02,  5.1739e-02,  3.5346e-02,  8.6797e-03,  4.0055e-02,
        -8.1824e-03, -7.8225e-02,  5.8031e-02,  5.0158e-02, -5.7191e-03,
         1.7794e-02,  6.6486e-02,  1.7646e-02, -1.0253e-02,  1.3935e-02,
        -4.6986e-02,  3.5882e-03,  3.0478e-02,  9.8500e-02,  1.6057e-02,
        -4.4616e-03,  5.2506e-03, -4.2853e-03,  2.5735e-02,  1.7025e-02,
         7.2026e-02,  1.9939e-02, -1.0673e-02,  2.1200e-02,  9.2340e-02,
        -3.0226e-02,  4.8697e-02,  7.0628e-05,  7.8944e-02,  4.8129e-02],
       dtype=torch.float64, requires_grad=True)
Attempt 14: Optimization failed with error: list index out of range
w_i_init_torch tensor([ 2.7465e-02,  3.9775e-02,  2.9415e-02,  6.0815e-02,  1.6158e-02,
         8.9291e-02,  5.7799e-03, -1.1811e-02,  2.4000e-02,  3.1447e-02,
         8.1284e-02, -2.3717e-02,  2.6356e-02, -1.7371e-02, -1.0964e-02,
         8.3690e-03, -8.1378e-03, -2.3745e-02,  2.1039e-02, -2.9559e-04,
        -4.8600e-02,  6.1569e-02, -4.8001e-02, -3.0407e-02, -1.4790e-02,
        -2.3764e-02,  5.1739e-02,  3.5346e-02,  8.6797e-03,  4.0055e-02,
        -8.1824e-03, -7.8225e-02,  5.8031e-02,  5.0158e-02, -5.7191e-03,
         1.7794e-02,  6.6486e-02,  1.7646e-02, -1.0253e-02,  1.3935e-02,
        -4.6986e-02,  3.5882e-03,  3.0478e-02,  9.8500e-02,  1.6057e-02,
        -4.4616e-03,  5.2506e-03, -4.2853e-03,  2.5735e-02,  1.7025e-02,
         7.2026e-02,  1.9939e-02, -1.0673e-02,  2.1200e-02,  9.2340e-02,
        -3.0226e-02,  4.8697e-02,  7.0628e-05,  7.8944e-02,  4.8129e-02],
       dtype=torch.float64, requires_grad=True)
Attempt 15: Optimization failed with error: list index out of range
w_i_init_torch tensor([ 2.7465e-02,  3.9775e-02,  2.9415e-02,  6.0815e-02,  1.6158e-02,
         8.9291e-02,  5.7799e-03, -1.1811e-02,  2.4000e-02,  3.1447e-02,
         8.1284e-02, -2.3717e-02,  2.6356e-02, -1.7371e-02, -1.0964e-02,
         8.3690e-03, -8.1378e-03, -2.3745e-02,  2.1039e-02, -2.9559e-04,
        -4.8600e-02,  6.1569e-02, -4.8001e-02, -3.0407e-02, -1.4790e-02,
        -2.3764e-02,  5.1739e-02,  3.5346e-02,  8.6797e-03,  4.0055e-02,
        -8.1824e-03, -7.8225e-02,  5.8031e-02,  5.0158e-02, -5.7191e-03,
         1.7794e-02,  6.6486e-02,  1.7646e-02, -1.0253e-02,  1.3935e-02,
        -4.6986e-02,  3.5882e-03,  3.0478e-02,  9.8500e-02,  1.6057e-02,
        -4.4616e-03,  5.2506e-03, -4.2853e-03,  2.5735e-02,  1.7025e-02,
         7.2026e-02,  1.9939e-02, -1.0673e-02,  2.1200e-02,  9.2340e-02,
        -3.0226e-02,  4.8697e-02,  7.0628e-05,  7.8944e-02,  4.8129e-02],
       dtype=torch.float64, requires_grad=True)
Attempt 16: Optimization failed with error: list index out of range
w_i_init_torch tensor([ 2.7465e-02,  3.9775e-02,  2.9415e-02,  6.0815e-02,  1.6158e-02,
         8.9291e-02,  5.7799e-03, -1.1811e-02,  2.4000e-02,  3.1447e-02,
         8.1284e-02, -2.3717e-02,  2.6356e-02, -1.7371e-02, -1.0964e-02,
         8.3690e-03, -8.1378e-03, -2.3745e-02,  2.1039e-02, -2.9559e-04,
        -4.8600e-02,  6.1569e-02, -4.8001e-02, -3.0407e-02, -1.4790e-02,
        -2.3764e-02,  5.1739e-02,  3.5346e-02,  8.6797e-03,  4.0055e-02,
        -8.1824e-03, -7.8225e-02,  5.8031e-02,  5.0158e-02, -5.7191e-03,
         1.7794e-02,  6.6486e-02,  1.7646e-02, -1.0253e-02,  1.3935e-02,
        -4.6986e-02,  3.5882e-03,  3.0478e-02,  9.8500e-02,  1.6057e-02,
        -4.4616e-03,  5.2506e-03, -4.2853e-03,  2.5735e-02,  1.7025e-02,
         7.2026e-02,  1.9939e-02, -1.0673e-02,  2.1200e-02,  9.2340e-02,
        -3.0226e-02,  4.8697e-02,  7.0628e-05,  7.8944e-02,  4.8129e-02],
       dtype=torch.float64, requires_grad=True)
Attempt 17: Optimization failed with error: list index out of range
w_i_init_torch tensor([ 2.7465e-02,  3.9775e-02,  2.9415e-02,  6.0815e-02,  1.6158e-02,
         8.9291e-02,  5.7799e-03, -1.1811e-02,  2.4000e-02,  3.1447e-02,
         8.1284e-02, -2.3717e-02,  2.6356e-02, -1.7371e-02, -1.0964e-02,
         8.3690e-03, -8.1378e-03, -2.3745e-02,  2.1039e-02, -2.9559e-04,
        -4.8600e-02,  6.1569e-02, -4.8001e-02, -3.0407e-02, -1.4790e-02,
        -2.3764e-02,  5.1739e-02,  3.5346e-02,  8.6797e-03,  4.0055e-02,
        -8.1824e-03, -7.8225e-02,  5.8031e-02,  5.0158e-02, -5.7191e-03,
         1.7794e-02,  6.6486e-02,  1.7646e-02, -1.0253e-02,  1.3935e-02,
        -4.6986e-02,  3.5882e-03,  3.0478e-02,  9.8500e-02,  1.6057e-02,
        -4.4616e-03,  5.2506e-03, -4.2853e-03,  2.5735e-02,  1.7025e-02,
         7.2026e-02,  1.9939e-02, -1.0673e-02,  2.1200e-02,  9.2340e-02,
        -3.0226e-02,  4.8697e-02,  7.0628e-05,  7.8944e-02,  4.8129e-02],
       dtype=torch.float64, requires_grad=True)
Attempt 18: Optimization failed with error: list index out of range
w_i_init_torch tensor([ 2.7465e-02,  3.9775e-02,  2.9415e-02,  6.0815e-02,  1.6158e-02,
         8.9291e-02,  5.7799e-03, -1.1811e-02,  2.4000e-02,  3.1447e-02,
         8.1284e-02, -2.3717e-02,  2.6356e-02, -1.7371e-02, -1.0964e-02,
         8.3690e-03, -8.1378e-03, -2.3745e-02,  2.1039e-02, -2.9559e-04,
        -4.8600e-02,  6.1569e-02, -4.8001e-02, -3.0407e-02, -1.4790e-02,
        -2.3764e-02,  5.1739e-02,  3.5346e-02,  8.6797e-03,  4.0055e-02,
        -8.1824e-03, -7.8225e-02,  5.8031e-02,  5.0158e-02, -5.7191e-03,
         1.7794e-02,  6.6486e-02,  1.7646e-02, -1.0253e-02,  1.3935e-02,
        -4.6986e-02,  3.5882e-03,  3.0478e-02,  9.8500e-02,  1.6057e-02,
        -4.4616e-03,  5.2506e-03, -4.2853e-03,  2.5735e-02,  1.7025e-02,
         7.2026e-02,  1.9939e-02, -1.0673e-02,  2.1200e-02,  9.2340e-02,
        -3.0226e-02,  4.8697e-02,  7.0628e-05,  7.8944e-02,  4.8129e-02],
       dtype=torch.float64, requires_grad=True)
Attempt 19: Optimization failed with error: list index out of range
w_i_init_torch tensor([ 2.7465e-02,  3.9775e-02,  2.9415e-02,  6.0815e-02,  1.6158e-02,
         8.9291e-02,  5.7799e-03, -1.1811e-02,  2.4000e-02,  3.1447e-02,
         8.1284e-02, -2.3717e-02,  2.6356e-02, -1.7371e-02, -1.0964e-02,
         8.3690e-03, -8.1378e-03, -2.3745e-02,  2.1039e-02, -2.9559e-04,
        -4.8600e-02,  6.1569e-02, -4.8001e-02, -3.0407e-02, -1.4790e-02,
        -2.3764e-02,  5.1739e-02,  3.5346e-02,  8.6797e-03,  4.0055e-02,
        -8.1824e-03, -7.8225e-02,  5.8031e-02,  5.0158e-02, -5.7191e-03,
         1.7794e-02,  6.6486e-02,  1.7646e-02, -1.0253e-02,  1.3935e-02,
        -4.6986e-02,  3.5882e-03,  3.0478e-02,  9.8500e-02,  1.6057e-02,
        -4.4616e-03,  5.2506e-03, -4.2853e-03,  2.5735e-02,  1.7025e-02,
         7.2026e-02,  1.9939e-02, -1.0673e-02,  2.1200e-02,  9.2340e-02,
        -3.0226e-02,  4.8697e-02,  7.0628e-05,  7.8944e-02,  4.8129e-02],
       dtype=torch.float64, requires_grad=True)
Attempt 20: Optimization failed with error: list index out of range
w_i_init_torch tensor([ 2.7465e-02,  3.9775e-02,  2.9415e-02,  6.0815e-02,  1.6158e-02,
         8.9291e-02,  5.7799e-03, -1.1811e-02,  2.4000e-02,  3.1447e-02,
         8.1284e-02, -2.3717e-02,  2.6356e-02, -1.7371e-02, -1.0964e-02,
         8.3690e-03, -8.1378e-03, -2.3745e-02,  2.1039e-02, -2.9559e-04,
        -4.8600e-02,  6.1569e-02, -4.8001e-02, -3.0407e-02, -1.4790e-02,
        -2.3764e-02,  5.1739e-02,  3.5346e-02,  8.6797e-03,  4.0055e-02,
        -8.1824e-03, -7.8225e-02,  5.8031e-02,  5.0158e-02, -5.7191e-03,
         1.7794e-02,  6.6486e-02,  1.7646e-02, -1.0253e-02,  1.3935e-02,
        -4.6986e-02,  3.5882e-03,  3.0478e-02,  9.8500e-02,  1.6057e-02,
        -4.4616e-03,  5.2506e-03, -4.2853e-03,  2.5735e-02,  1.7025e-02,
         7.2026e-02,  1.9939e-02, -1.0673e-02,  2.1200e-02,  9.2340e-02,
        -3.0226e-02,  4.8697e-02,  7.0628e-05,  7.8944e-02,  4.8129e-02],
       dtype=torch.float64, requires_grad=True)
Attempt 21: Optimization failed with error: list index out of range
w_i_init_torch tensor([ 2.7465e-02,  3.9775e-02,  2.9415e-02,  6.0815e-02,  1.6158e-02,
         8.9291e-02,  5.7799e-03, -1.1811e-02,  2.4000e-02,  3.1447e-02,
         8.1284e-02, -2.3717e-02,  2.6356e-02, -1.7371e-02, -1.0964e-02,
         8.3690e-03, -8.1378e-03, -2.3745e-02,  2.1039e-02, -2.9559e-04,
        -4.8600e-02,  6.1569e-02, -4.8001e-02, -3.0407e-02, -1.4790e-02,
        -2.3764e-02,  5.1739e-02,  3.5346e-02,  8.6797e-03,  4.0055e-02,
        -8.1824e-03, -7.8225e-02,  5.8031e-02,  5.0158e-02, -5.7191e-03,
         1.7794e-02,  6.6486e-02,  1.7646e-02, -1.0253e-02,  1.3935e-02,
        -4.6986e-02,  3.5882e-03,  3.0478e-02,  9.8500e-02,  1.6057e-02,
        -4.4616e-03,  5.2506e-03, -4.2853e-03,  2.5735e-02,  1.7025e-02,
         7.2026e-02,  1.9939e-02, -1.0673e-02,  2.1200e-02,  9.2340e-02,
        -3.0226e-02,  4.8697e-02,  7.0628e-05,  7.8944e-02,  4.8129e-02],
       dtype=torch.float64, requires_grad=True)
Attempt 22: Optimization failed with error: list index out of range
w_i_init_torch tensor([ 2.7465e-02,  3.9775e-02,  2.9415e-02,  6.0815e-02,  1.6158e-02,
         8.9291e-02,  5.7799e-03, -1.1811e-02,  2.4000e-02,  3.1447e-02,
         8.1284e-02, -2.3717e-02,  2.6356e-02, -1.7371e-02, -1.0964e-02,
         8.3690e-03, -8.1378e-03, -2.3745e-02,  2.1039e-02, -2.9559e-04,
        -4.8600e-02,  6.1569e-02, -4.8001e-02, -3.0407e-02, -1.4790e-02,
        -2.3764e-02,  5.1739e-02,  3.5346e-02,  8.6797e-03,  4.0055e-02,
        -8.1824e-03, -7.8225e-02,  5.8031e-02,  5.0158e-02, -5.7191e-03,
         1.7794e-02,  6.6486e-02,  1.7646e-02, -1.0253e-02,  1.3935e-02,
        -4.6986e-02,  3.5882e-03,  3.0478e-02,  9.8500e-02,  1.6057e-02,
        -4.4616e-03,  5.2506e-03, -4.2853e-03,  2.5735e-02,  1.7025e-02,
         7.2026e-02,  1.9939e-02, -1.0673e-02,  2.1200e-02,  9.2340e-02,
        -3.0226e-02,  4.8697e-02,  7.0628e-05,  7.8944e-02,  4.8129e-02],
       dtype=torch.float64, requires_grad=True)
Attempt 23: Optimization failed with error: list index out of range
w_i_init_torch tensor([ 2.7465e-02,  3.9775e-02,  2.9415e-02,  6.0815e-02,  1.6158e-02,
         8.9291e-02,  5.7799e-03, -1.1811e-02,  2.4000e-02,  3.1447e-02,
         8.1284e-02, -2.3717e-02,  2.6356e-02, -1.7371e-02, -1.0964e-02,
         8.3690e-03, -8.1378e-03, -2.3745e-02,  2.1039e-02, -2.9559e-04,
        -4.8600e-02,  6.1569e-02, -4.8001e-02, -3.0407e-02, -1.4790e-02,
        -2.3764e-02,  5.1739e-02,  3.5346e-02,  8.6797e-03,  4.0055e-02,
        -8.1824e-03, -7.8225e-02,  5.8031e-02,  5.0158e-02, -5.7191e-03,
         1.7794e-02,  6.6486e-02,  1.7646e-02, -1.0253e-02,  1.3935e-02,
        -4.6986e-02,  3.5882e-03,  3.0478e-02,  9.8500e-02,  1.6057e-02,
        -4.4616e-03,  5.2506e-03, -4.2853e-03,  2.5735e-02,  1.7025e-02,
         7.2026e-02,  1.9939e-02, -1.0673e-02,  2.1200e-02,  9.2340e-02,
        -3.0226e-02,  4.8697e-02,  7.0628e-05,  7.8944e-02,  4.8129e-02],
       dtype=torch.float64, requires_grad=True)
Attempt 24: Optimization failed with error: list index out of range
w_i_init_torch tensor([ 2.7465e-02,  3.9775e-02,  2.9415e-02,  6.0815e-02,  1.6158e-02,
         8.9291e-02,  5.7799e-03, -1.1811e-02,  2.4000e-02,  3.1447e-02,
         8.1284e-02, -2.3717e-02,  2.6356e-02, -1.7371e-02, -1.0964e-02,
         8.3690e-03, -8.1378e-03, -2.3745e-02,  2.1039e-02, -2.9559e-04,
        -4.8600e-02,  6.1569e-02, -4.8001e-02, -3.0407e-02, -1.4790e-02,
        -2.3764e-02,  5.1739e-02,  3.5346e-02,  8.6797e-03,  4.0055e-02,
        -8.1824e-03, -7.8225e-02,  5.8031e-02,  5.0158e-02, -5.7191e-03,
         1.7794e-02,  6.6486e-02,  1.7646e-02, -1.0253e-02,  1.3935e-02,
        -4.6986e-02,  3.5882e-03,  3.0478e-02,  9.8500e-02,  1.6057e-02,
        -4.4616e-03,  5.2506e-03, -4.2853e-03,  2.5735e-02,  1.7025e-02,
         7.2026e-02,  1.9939e-02, -1.0673e-02,  2.1200e-02,  9.2340e-02,
        -3.0226e-02,  4.8697e-02,  7.0628e-05,  7.8944e-02,  4.8129e-02],
       dtype=torch.float64, requires_grad=True)
Attempt 25: Optimization failed with error: list index out of range
w_i_init_torch tensor([ 2.7465e-02,  3.9775e-02,  2.9415e-02,  6.0815e-02,  1.6158e-02,
         8.9291e-02,  5.7799e-03, -1.1811e-02,  2.4000e-02,  3.1447e-02,
         8.1284e-02, -2.3717e-02,  2.6356e-02, -1.7371e-02, -1.0964e-02,
         8.3690e-03, -8.1378e-03, -2.3745e-02,  2.1039e-02, -2.9559e-04,
        -4.8600e-02,  6.1569e-02, -4.8001e-02, -3.0407e-02, -1.4790e-02,
        -2.3764e-02,  5.1739e-02,  3.5346e-02,  8.6797e-03,  4.0055e-02,
        -8.1824e-03, -7.8225e-02,  5.8031e-02,  5.0158e-02, -5.7191e-03,
         1.7794e-02,  6.6486e-02,  1.7646e-02, -1.0253e-02,  1.3935e-02,
        -4.6986e-02,  3.5882e-03,  3.0478e-02,  9.8500e-02,  1.6057e-02,
        -4.4616e-03,  5.2506e-03, -4.2853e-03,  2.5735e-02,  1.7025e-02,
         7.2026e-02,  1.9939e-02, -1.0673e-02,  2.1200e-02,  9.2340e-02,
        -3.0226e-02,  4.8697e-02,  7.0628e-05,  7.8944e-02,  4.8129e-02],
       dtype=torch.float64, requires_grad=True)
Attempt 26: Optimization failed with error: list index out of range
w_i_init_torch tensor([ 2.7465e-02,  3.9775e-02,  2.9415e-02,  6.0815e-02,  1.6158e-02,
         8.9291e-02,  5.7799e-03, -1.1811e-02,  2.4000e-02,  3.1447e-02,
         8.1284e-02, -2.3717e-02,  2.6356e-02, -1.7371e-02, -1.0964e-02,
         8.3690e-03, -8.1378e-03, -2.3745e-02,  2.1039e-02, -2.9559e-04,
        -4.8600e-02,  6.1569e-02, -4.8001e-02, -3.0407e-02, -1.4790e-02,
        -2.3764e-02,  5.1739e-02,  3.5346e-02,  8.6797e-03,  4.0055e-02,
        -8.1824e-03, -7.8225e-02,  5.8031e-02,  5.0158e-02, -5.7191e-03,
         1.7794e-02,  6.6486e-02,  1.7646e-02, -1.0253e-02,  1.3935e-02,
        -4.6986e-02,  3.5882e-03,  3.0478e-02,  9.8500e-02,  1.6057e-02,
        -4.4616e-03,  5.2506e-03, -4.2853e-03,  2.5735e-02,  1.7025e-02,
         7.2026e-02,  1.9939e-02, -1.0673e-02,  2.1200e-02,  9.2340e-02,
        -3.0226e-02,  4.8697e-02,  7.0628e-05,  7.8944e-02,  4.8129e-02],
       dtype=torch.float64, requires_grad=True)
Attempt 27: Optimization failed with error: list index out of range
w_i_init_torch tensor([ 2.7465e-02,  3.9775e-02,  2.9415e-02,  6.0815e-02,  1.6158e-02,
         8.9291e-02,  5.7799e-03, -1.1811e-02,  2.4000e-02,  3.1447e-02,
         8.1284e-02, -2.3717e-02,  2.6356e-02, -1.7371e-02, -1.0964e-02,
         8.3690e-03, -8.1378e-03, -2.3745e-02,  2.1039e-02, -2.9559e-04,
        -4.8600e-02,  6.1569e-02, -4.8001e-02, -3.0407e-02, -1.4790e-02,
        -2.3764e-02,  5.1739e-02,  3.5346e-02,  8.6797e-03,  4.0055e-02,
        -8.1824e-03, -7.8225e-02,  5.8031e-02,  5.0158e-02, -5.7191e-03,
         1.7794e-02,  6.6486e-02,  1.7646e-02, -1.0253e-02,  1.3935e-02,
        -4.6986e-02,  3.5882e-03,  3.0478e-02,  9.8500e-02,  1.6057e-02,
        -4.4616e-03,  5.2506e-03, -4.2853e-03,  2.5735e-02,  1.7025e-02,
         7.2026e-02,  1.9939e-02, -1.0673e-02,  2.1200e-02,  9.2340e-02,
        -3.0226e-02,  4.8697e-02,  7.0628e-05,  7.8944e-02,  4.8129e-02],
       dtype=torch.float64, requires_grad=True)
Attempt 28: Optimization failed with error: list index out of range
w_i_init_torch tensor([ 2.7465e-02,  3.9775e-02,  2.9415e-02,  6.0815e-02,  1.6158e-02,
         8.9291e-02,  5.7799e-03, -1.1811e-02,  2.4000e-02,  3.1447e-02,
         8.1284e-02, -2.3717e-02,  2.6356e-02, -1.7371e-02, -1.0964e-02,
         8.3690e-03, -8.1378e-03, -2.3745e-02,  2.1039e-02, -2.9559e-04,
        -4.8600e-02,  6.1569e-02, -4.8001e-02, -3.0407e-02, -1.4790e-02,
        -2.3764e-02,  5.1739e-02,  3.5346e-02,  8.6797e-03,  4.0055e-02,
        -8.1824e-03, -7.8225e-02,  5.8031e-02,  5.0158e-02, -5.7191e-03,
         1.7794e-02,  6.6486e-02,  1.7646e-02, -1.0253e-02,  1.3935e-02,
        -4.6986e-02,  3.5882e-03,  3.0478e-02,  9.8500e-02,  1.6057e-02,
        -4.4616e-03,  5.2506e-03, -4.2853e-03,  2.5735e-02,  1.7025e-02,
         7.2026e-02,  1.9939e-02, -1.0673e-02,  2.1200e-02,  9.2340e-02,
        -3.0226e-02,  4.8697e-02,  7.0628e-05,  7.8944e-02,  4.8129e-02],
       dtype=torch.float64, requires_grad=True)
Attempt 29: Optimization failed with error: list index out of range
w_i_init_torch tensor([ 2.7465e-02,  3.9775e-02,  2.9415e-02,  6.0815e-02,  1.6158e-02,
         8.9291e-02,  5.7799e-03, -1.1811e-02,  2.4000e-02,  3.1447e-02,
         8.1284e-02, -2.3717e-02,  2.6356e-02, -1.7371e-02, -1.0964e-02,
         8.3690e-03, -8.1378e-03, -2.3745e-02,  2.1039e-02, -2.9559e-04,
        -4.8600e-02,  6.1569e-02, -4.8001e-02, -3.0407e-02, -1.4790e-02,
        -2.3764e-02,  5.1739e-02,  3.5346e-02,  8.6797e-03,  4.0055e-02,
        -8.1824e-03, -7.8225e-02,  5.8031e-02,  5.0158e-02, -5.7191e-03,
         1.7794e-02,  6.6486e-02,  1.7646e-02, -1.0253e-02,  1.3935e-02,
        -4.6986e-02,  3.5882e-03,  3.0478e-02,  9.8500e-02,  1.6057e-02,
        -4.4616e-03,  5.2506e-03, -4.2853e-03,  2.5735e-02,  1.7025e-02,
         7.2026e-02,  1.9939e-02, -1.0673e-02,  2.1200e-02,  9.2340e-02,
        -3.0226e-02,  4.8697e-02,  7.0628e-05,  7.8944e-02,  4.8129e-02],
       dtype=torch.float64, requires_grad=True)
Attempt 30: Optimization failed with error: list index out of range
