w_i_init_torch tensor([-0.0560, -0.0175,  0.0879,  0.0173, -0.0798,  0.1132, -0.0779,  0.1823,
         0.0411,  0.1199,  0.1308, -0.0283,  0.0303, -0.2220, -0.0483, -0.1097,
        -0.0115,  0.0294,  0.0640,  0.1994,  0.0181,  0.1054,  0.0027,  0.0639,
        -0.1045,  0.1262,  0.0713,  0.0673, -0.0320,  0.0080,  0.0598, -0.1492,
         0.0786,  0.0501,  0.0270, -0.0269,  0.0496, -0.0210,  0.2292,  0.0553,
        -0.0439, -0.0717, -0.0065, -0.0134, -0.0471, -0.0475,  0.1849, -0.0451,
         0.0177, -0.0921,  0.0528,  0.0493, -0.0757,  0.0068,  0.1353, -0.0066,
        -0.1119,  0.0534, -0.0302,  0.0478], dtype=torch.float64,
       requires_grad=True)
Final loss (NLL): nan
Final weights: tensor([-2.1858e-02, -2.0819e-03,  1.6124e-01, -6.3118e-02, -1.4817e-01,
         1.8742e-01, -1.1236e-01,  1.9192e-01,  1.2111e-01,  2.7991e-02,
         5.3555e-02,  5.6129e-02,  5.4245e-02, -3.9947e-01, -1.8820e-01,
        -2.0769e-01,  4.8606e-03,  1.4350e-01,  9.1683e-02,  1.9650e-01,
         9.6418e-03, -2.7414e-02, -3.0673e-02,  2.9230e-02, -2.8661e-01,
         9.2129e-02,  2.5634e-01, -2.3874e-02, -6.0788e-02,  7.6664e-02,
        -1.2853e-02, -9.9513e-02, -6.4462e-02,  8.1314e-02, -5.5577e-03,
        -3.1990e-02, -1.6357e-03,  1.1348e-01,  2.3600e-01,  1.9560e-01,
        -2.9522e-02,  5.9215e-02,  1.6990e-01,  1.6711e-04, -9.6164e-02,
        -5.4409e-02,  3.7243e-02,  1.7945e-02,  9.9972e-02, -3.1234e-03,
         1.5426e-01,  7.8963e-02, -1.5158e-01,  4.2333e-02,  1.2752e-01,
        -7.1543e-02, -7.0935e-02,  6.3509e-02,  2.9161e-02, -2.1442e-02],
       dtype=torch.float64)
Sum of weights: 0.9736965374690408
