w_i_init_torch tensor([-0.0560, -0.0175,  0.0879,  0.0173, -0.0798,  0.1132, -0.0779,  0.1823,
         0.0411,  0.1199,  0.1308, -0.0283,  0.0303, -0.2220, -0.0483, -0.1097,
        -0.0115,  0.0294,  0.0640,  0.1994,  0.0181,  0.1054,  0.0027,  0.0639,
        -0.1045,  0.1262,  0.0713,  0.0673, -0.0320,  0.0080,  0.0598, -0.1492,
         0.0786,  0.0501,  0.0270, -0.0269,  0.0496, -0.0210,  0.2292,  0.0553,
        -0.0439, -0.0717, -0.0065, -0.0134, -0.0471, -0.0475,  0.1849, -0.0451,
         0.0177, -0.0921,  0.0528,  0.0493, -0.0757,  0.0068,  0.1353, -0.0066,
        -0.1119,  0.0534, -0.0302,  0.0478], dtype=torch.float64,
       requires_grad=True)
Final loss (NLL): 0.5092321358953881
Final weights: tensor([-3.4302e-02,  9.1237e-02,  4.3885e-02, -9.5243e-02, -1.3544e-01,
         1.8724e-01, -1.9515e-01,  2.8568e-01, -2.4611e-01,  1.7541e-01,
         6.1972e-02,  1.0369e-01, -4.2229e-03, -3.6673e-01, -1.3481e-01,
        -2.6437e-01, -1.0005e-01,  1.7665e-01,  5.3195e-02, -2.9969e-05,
        -4.0843e-02, -5.1614e-02, -1.5701e-01,  7.2037e-02, -1.5804e-01,
        -8.6857e-03,  6.0861e-01, -1.8865e-01,  1.0220e-01, -2.1282e-02,
        -2.4025e-02, -5.4723e-01, -3.0963e-02,  6.8543e-02,  1.0281e-01,
        -4.7606e-02, -4.4054e-02, -5.3786e-02,  1.8458e-01,  2.8466e-01,
         1.9537e-02,  3.7891e-01,  1.7869e-01,  2.4054e-02, -2.4737e-01,
        -6.6197e-02,  3.9668e-02,  2.5970e-01,  2.9259e-01,  2.2414e-01,
         4.3319e-02, -2.9634e-01, -8.4619e-02,  1.9885e-01,  1.5633e-01,
        -9.6023e-02,  2.0139e-01,  1.6940e-01,  1.2236e-01, -1.7051e-01],
       dtype=torch.float64)
Sum of weights: 0.9999999586382204
