w_i_init_torch tensor([-0.0560, -0.0175,  0.0879,  0.0173, -0.0798,  0.1132, -0.0779,  0.1823,
         0.0411,  0.1199,  0.1308, -0.0283,  0.0303, -0.2220, -0.0483, -0.1097,
        -0.0115,  0.0294,  0.0640,  0.1994,  0.0181,  0.1054,  0.0027,  0.0639,
        -0.1045,  0.1262,  0.0713,  0.0673, -0.0320,  0.0080,  0.0598, -0.1492,
         0.0786,  0.0501,  0.0270, -0.0269,  0.0496, -0.0210,  0.2292,  0.0553,
        -0.0439, -0.0717, -0.0065, -0.0134, -0.0471, -0.0475,  0.1849, -0.0451,
         0.0177, -0.0921,  0.0528,  0.0493, -0.0757,  0.0068,  0.1353, -0.0066,
        -0.1119,  0.0534, -0.0302,  0.0478], dtype=torch.float64,
       requires_grad=True)
Final loss (NLL): 0.5368426241641051
Final weights: tensor([-1.0326e-01, -5.2764e-02, -1.8874e-01,  1.2521e-02,  8.9761e-02,
         1.7932e-01, -1.2686e-01,  2.0725e-01,  2.0299e-01,  1.0018e-01,
        -7.3083e-02,  2.8323e-02,  1.2934e-01, -1.1630e-01, -6.9156e-02,
        -7.4912e-02,  1.8218e-01,  7.7842e-02,  7.6257e-02, -1.6783e-01,
         7.1431e-03,  1.1152e-02, -1.9766e-01,  1.2523e-01, -3.9496e-01,
         8.8931e-02,  1.5091e-01, -1.0160e-01, -1.9530e-01,  1.1161e-01,
        -4.9221e-02, -1.9985e-01,  1.6974e-01,  2.2814e-01, -1.1979e-01,
         1.2112e-01,  8.0333e-02,  9.1836e-02,  1.4491e-01,  1.1732e-01,
        -3.2555e-02,  1.9282e-01, -3.2297e-02,  1.7208e-01, -2.9224e-01,
        -1.8739e-01,  1.8162e-01,  3.6152e-01,  1.5807e-01,  3.2624e-01,
         8.5451e-02, -3.0343e-01,  2.2276e-02,  2.9285e-02,  6.2252e-03,
        -4.4184e-01,  2.2155e-01,  7.7549e-02,  2.2396e-04, -4.8204e-02],
       dtype=torch.float64)
Sum of weights: 0.9999999509062036
