w_i_init_torch tensor([-0.0560, -0.0175,  0.0879,  0.0173, -0.0798,  0.1132, -0.0779,  0.1823,
         0.0411,  0.1199,  0.1308, -0.0283,  0.0303, -0.2220, -0.0483, -0.1097,
        -0.0115,  0.0294,  0.0640,  0.1994,  0.0181,  0.1054,  0.0027,  0.0639,
        -0.1045,  0.1262,  0.0713,  0.0673, -0.0320,  0.0080,  0.0598, -0.1492,
         0.0786,  0.0501,  0.0270, -0.0269,  0.0496, -0.0210,  0.2292,  0.0553,
        -0.0439, -0.0717, -0.0065, -0.0134, -0.0471, -0.0475,  0.1849, -0.0451,
         0.0177, -0.0921,  0.0528,  0.0493, -0.0757,  0.0068,  0.1353, -0.0066,
        -0.1119,  0.0534, -0.0302,  0.0478], dtype=torch.float64,
       requires_grad=True)
Final loss (NLL): nan
Final weights: tensor([ 3.2191e+17, -4.2655e+17, -1.3194e+18, -4.2800e+17, -2.1435e+17,
        -6.3587e+16, -1.3882e+18, -7.6500e+17,  3.6418e+17,  2.8812e+17,
         9.8068e+16,  7.8555e+17,  1.8841e+17,  6.9212e+17,  6.8560e+17,
        -1.1442e+16,  6.5960e+17, -4.4411e+17,  1.5582e+17, -4.5032e+17,
         1.9443e+17,  3.9032e+17, -9.7595e+17,  6.1466e+16, -1.1273e+18,
        -5.4113e+17, -1.3303e+17, -1.0302e+18, -6.0370e+17,  8.1944e+17,
        -8.7898e+16, -6.8039e+17,  9.5358e+17, -1.9342e+17,  2.1259e+17,
         1.2955e+17,  2.4787e+17,  4.6940e+17,  2.2164e+17,  7.6834e+17,
         3.2730e+17,  1.7437e+17,  2.0788e+17,  1.0024e+17, -1.2508e+16,
        -8.0047e+17, -3.5943e+17,  1.3566e+17,  4.1393e+16,  5.9944e+17,
         1.2779e+18, -4.5608e+17, -1.3108e+17,  8.1105e+17, -5.9721e+17,
        -7.6130e+17,  1.6987e+17,  3.5012e+17,  2.5480e+17,  7.0173e+17],
       dtype=torch.float64)
Sum of weights: -1.422885102087689e+17
