w_i_init_torch tensor([-0.0560, -0.0175,  0.0879,  0.0173, -0.0798,  0.1132, -0.0779,  0.1823,
         0.0411,  0.1199,  0.1308, -0.0283,  0.0303, -0.2220, -0.0483, -0.1097,
        -0.0115,  0.0294,  0.0640,  0.1994,  0.0181,  0.1054,  0.0027,  0.0639,
        -0.1045,  0.1262,  0.0713,  0.0673, -0.0320,  0.0080,  0.0598, -0.1492,
         0.0786,  0.0501,  0.0270, -0.0269,  0.0496, -0.0210,  0.2292,  0.0553,
        -0.0439, -0.0717, -0.0065, -0.0134, -0.0471, -0.0475,  0.1849, -0.0451,
         0.0177, -0.0921,  0.0528,  0.0493, -0.0757,  0.0068,  0.1353, -0.0066,
        -0.1119,  0.0534, -0.0302,  0.0478], dtype=torch.float64,
       requires_grad=True)
Final loss (NLL): 0.4960449690573805
Final weights: tensor([ 2.9209e-01,  7.2223e-02, -8.7928e-02, -1.5268e-01, -2.0155e-01,
         5.5727e-02,  4.2863e-02, -5.1569e-02,  2.9998e-01, -8.3551e-02,
         2.5904e-02,  2.2912e-02, -8.2625e-03, -1.6670e-01, -1.4765e-02,
        -3.1735e-01,  2.8060e-01, -6.6200e-03,  1.3649e-01,  2.4828e-01,
        -2.1075e-01, -1.1308e-02, -2.6004e-01, -1.7523e-01,  1.0765e-01,
         3.3426e-01,  4.3177e-02, -5.0469e-02,  8.4639e-02,  7.7404e-02,
         1.8535e-01, -5.5603e-02, -8.0417e-02,  1.5587e-01,  6.5628e-02,
        -2.7610e-01,  1.6377e-01,  4.4268e-01,  3.3328e-01,  9.2361e-02,
         4.5782e-01,  2.2470e-01, -1.8217e-04,  3.9972e-02, -4.8488e-02,
         3.4705e-02, -2.1517e-02, -2.4428e-01, -2.7744e-02, -1.4302e-01,
         4.7125e-02, -4.2346e-01,  6.8935e-02,  7.8481e-02, -2.4604e-02,
        -3.0635e-01, -5.2360e-02,  6.7634e-02,  3.2531e-03, -8.2865e-02],
       dtype=torch.float64)
Sum of weights: 0.9999999604778418
