w_i_init_torch tensor([-0.0560, -0.0175,  0.0879,  0.0173, -0.0798,  0.1132, -0.0779,  0.1823,
         0.0411,  0.1199,  0.1308, -0.0283,  0.0303, -0.2220, -0.0483, -0.1097,
        -0.0115,  0.0294,  0.0640,  0.1994,  0.0181,  0.1054,  0.0027,  0.0639,
        -0.1045,  0.1262,  0.0713,  0.0673, -0.0320,  0.0080,  0.0598, -0.1492,
         0.0786,  0.0501,  0.0270, -0.0269,  0.0496, -0.0210,  0.2292,  0.0553,
        -0.0439, -0.0717, -0.0065, -0.0134, -0.0471, -0.0475,  0.1849, -0.0451,
         0.0177, -0.0921,  0.0528,  0.0493, -0.0757,  0.0068,  0.1353, -0.0066,
        -0.1119,  0.0534, -0.0302,  0.0478], dtype=torch.float64,
       requires_grad=True)
Final loss (NLL): nan
Final weights: tensor([ 3.7459e+17, -8.5585e+17, -2.3002e+17, -9.8217e+16,  4.2645e+17,
        -1.4442e+17, -1.4084e+17,  6.0885e+17, -1.2344e+17, -5.2688e+16,
        -1.1106e+17,  3.6105e+17, -6.1399e+17,  3.5828e+17, -3.7664e+17,
        -5.4098e+17,  1.7705e+17, -6.6892e+17,  2.7434e+17, -5.1632e+17,
         1.0009e+17,  3.5416e+17,  6.6198e+16, -4.8080e+17, -7.1291e+17,
        -5.1691e+17, -1.9286e+17, -2.5797e+17,  7.0651e+16, -9.7574e+16,
         2.4850e+17,  7.4449e+17,  2.3484e+17,  4.7493e+17, -9.5264e+15,
         2.0406e+17, -3.3902e+17,  2.0759e+17,  5.7694e+17,  5.6272e+17,
         6.7346e+17,  3.7130e+16, -2.2058e+17, -5.4515e+17, -7.1705e+17,
         7.0543e+17, -6.6500e+17,  6.7712e+17,  2.9610e+17,  1.2641e+18,
        -4.8403e+17, -1.5754e+18,  1.9513e+17,  1.5604e+18, -1.8005e+17,
        -1.1160e+18,  7.1474e+17, -1.6765e+17,  5.7357e+17, -5.2065e+17],
       dtype=torch.float64)
Sum of weights: -1.495713129408562e+17
