w_i_init_torch tensor([-0.0560, -0.0175,  0.0879,  0.0173, -0.0798,  0.1132, -0.0779,  0.1823,
         0.0411,  0.1199,  0.1308, -0.0283,  0.0303, -0.2220, -0.0483, -0.1097,
        -0.0115,  0.0294,  0.0640,  0.1994,  0.0181,  0.1054,  0.0027,  0.0639,
        -0.1045,  0.1262,  0.0713,  0.0673, -0.0320,  0.0080,  0.0598, -0.1492,
         0.0786,  0.0501,  0.0270, -0.0269,  0.0496, -0.0210,  0.2292,  0.0553,
        -0.0439, -0.0717, -0.0065, -0.0134, -0.0471, -0.0475,  0.1849, -0.0451,
         0.0177, -0.0921,  0.0528,  0.0493, -0.0757,  0.0068,  0.1353, -0.0066,
        -0.1119,  0.0534, -0.0302,  0.0478], dtype=torch.float64,
       requires_grad=True)
Final loss (NLL): nan
Final weights: tensor([ 2.9135e+17,  3.9082e+16, -6.6881e+17,  1.0478e+17, -3.0206e+16,
        -6.5933e+17, -4.9742e+17, -1.5241e+16, -4.3795e+17,  3.2945e+17,
         3.9547e+17, -2.0056e+17,  2.5635e+17, -2.3894e+17, -6.0072e+17,
        -6.2673e+17,  1.2525e+18, -4.0712e+17, -5.3066e+17,  2.0446e+17,
         5.2736e+17,  3.9841e+17, -1.4439e+17, -6.9932e+16, -3.3459e+17,
        -1.1392e+18,  5.2670e+16,  1.7137e+17, -9.6358e+17,  1.2066e+18,
         1.6352e+17, -7.7937e+17,  6.4969e+17, -4.8525e+17,  3.3083e+17,
         3.7466e+17,  5.3206e+17,  5.4844e+17, -2.8310e+17,  1.1483e+18,
         2.9758e+17,  1.1369e+18,  9.5627e+17, -7.6126e+17,  2.0499e+17,
        -6.0297e+17, -1.8034e+17, -5.6127e+17, -2.6946e+16,  2.7777e+16,
         4.2284e+17,  1.9336e+16,  4.9188e+17,  6.4731e+17, -5.9982e+17,
        -8.8232e+17,  3.5896e+17, -3.7557e+17,  1.8485e+17, -7.7325e+17],
       dtype=torch.float64)
Sum of weights: -1.5080762527960026e+17
