w_i_init_torch tensor([-0.0460, -0.0261, -0.0327,  0.0664, -0.0253, -0.1076,  0.0135,  0.0024,
         0.0245, -0.0375,  0.0727,  0.0114,  0.0019,  0.0176,  0.0088,  0.0259,
         0.0026, -0.0272, -0.0151,  0.0013,  0.0338, -0.0857, -0.0574, -0.0320,
        -0.0073, -0.0162, -0.0568, -0.0264,  0.0119,  0.0484,  0.0045,  0.0794,
        -0.0722,  0.0729, -0.0009, -0.0068,  0.0761, -0.0176,  0.0064,  0.0053,
        -0.0562, -0.0174,  0.0328,  0.1083,  0.0281,  0.0031,  0.0184,  0.0078,
         0.0311, -0.0287, -0.0590, -0.0316,  0.0243, -0.0240,  0.0960,  0.0318,
         0.0333, -0.0172, -0.0766, -0.0479], dtype=torch.float64,
       requires_grad=True)
Attempt 1: Optimization failed with error: list index out of range
w_i_init_torch tensor([ 0.0300, -0.0345,  0.0303, -0.0700,  0.0272, -0.0905,  0.0116,  0.0076,
         0.0323,  0.0392,  0.0882, -0.0330,  0.0397,  0.0268, -0.0095, -0.0297,
        -0.0098,  0.0425,  0.0223, -0.0108, -0.0514, -0.0675, -0.0498, -0.0324,
        -0.0093,  0.0273,  0.0545,  0.0278, -0.0105, -0.0261, -0.0032,  0.0729,
         0.0476,  0.0363, -0.0060, -0.0215,  0.0802,  0.0282,  0.0036, -0.0326,
         0.0507,  0.0141, -0.0495, -0.1001,  0.0228, -0.0158, -0.0062,  0.0075,
         0.0219,  0.0091,  0.0675, -0.0299,  0.0198,  0.0201,  0.0849, -0.0285,
         0.0444,  0.0061, -0.0852,  0.0481], dtype=torch.float64,
       requires_grad=True)
Attempt 2: Optimization failed with error: list index out of range
w_i_init_torch tensor([ 0.0525,  0.0401, -0.0229,  0.0691,  0.0052, -0.0941,  0.0083,  0.0285,
         0.0314,  0.0209,  0.0952, -0.0163,  0.0379, -0.0277,  0.0300, -0.0068,
        -0.0037, -0.0317,  0.0186, -0.0056, -0.0511,  0.0517, -0.0447,  0.0304,
         0.0229, -0.0247,  0.0388,  0.0273, -0.0095, -0.0282, -0.0198, -0.0689,
         0.0551, -0.0463, -0.0049,  0.0006,  0.0869, -0.0109,  0.0118,  0.0164,
        -0.0298, -0.0011,  0.0270,  0.0830,  0.0261, -0.0088, -0.0148,  0.0118,
         0.0261, -0.0108,  0.0639, -0.0291,  0.0044,  0.0139, -0.0860,  0.0201,
        -0.0603, -0.0179,  0.0785, -0.0476], dtype=torch.float64,
       requires_grad=True)
Attempt 3: Optimization failed with error: list index out of range
w_i_init_torch tensor([-0.0306, -0.0279, -0.0204, -0.0557,  0.0174, -0.0686,  0.0026, -0.0255,
        -0.0171,  0.0397, -0.0617, -0.0283,  0.0468, -0.0178,  0.0053, -0.0033,
        -0.0165,  0.0146,  0.0251,  0.0122, -0.0555,  0.0772,  0.0648, -0.0091,
         0.0257,  0.0395,  0.0648, -0.0451, -0.0005,  0.0113,  0.0188,  0.0801,
        -0.0426,  0.0360, -0.0185, -0.0159,  0.0750, -0.0141,  0.0069, -0.0036,
         0.0358, -0.0027,  0.0154, -0.0988, -0.0073, -0.0048,  0.0175, -0.0099,
        -0.0121, -0.0151, -0.0879, -0.0165, -0.0036,  0.0241,  0.0866,  0.0446,
         0.0622, -0.0048, -0.1030, -0.0447], dtype=torch.float64,
       requires_grad=True)
Attempt 4: Optimization failed with error: list index out of range
w_i_init_torch tensor([-0.0249,  0.0391, -0.0238, -0.0756,  0.0088, -0.0866, -0.0099, -0.0238,
         0.0194,  0.0235, -0.0615, -0.0191, -0.0219,  0.0199,  0.0120, -0.0033,
         0.0235,  0.0256, -0.0317, -0.0005, -0.0423,  0.0498, -0.0574,  0.0301,
         0.0050, -0.0177, -0.0648, -0.0222, -0.0141, -0.0516, -0.0028, -0.0707,
        -0.0431, -0.0594,  0.0128, -0.0239, -0.0635, -0.0128, -0.0005, -0.0119,
         0.0473,  0.0002,  0.0445,  0.1064, -0.0199,  0.0175,  0.0140, -0.0057,
        -0.0207,  0.0179, -0.0622,  0.0173,  0.0071,  0.0069,  0.1020, -0.0485,
         0.0554, -0.0149,  0.0684, -0.0434], dtype=torch.float64,
       requires_grad=True)
Attempt 5: Optimization failed with error: list index out of range
w_i_init_torch tensor([ 0.0378, -0.0213,  0.0270,  0.0627, -0.0011,  0.1085, -0.0151, -0.0062,
        -0.0268,  0.0294,  0.0823, -0.0351,  0.0274,  0.0201, -0.0176, -0.0036,
        -0.0157,  0.0256,  0.0204, -0.0068, -0.0374,  0.0503, -0.0305,  0.0311,
        -0.0184,  0.0206, -0.0401,  0.0225,  0.0118, -0.0432, -0.0142, -0.0823,
         0.0555, -0.0341,  0.0108,  0.0011, -0.0603,  0.0154, -0.0328,  0.0098,
        -0.0486,  0.0103, -0.0256, -0.1207, -0.0259,  0.0027,  0.0111,  0.0023,
         0.0246,  0.0196, -0.0555,  0.0082,  0.0200, -0.0273, -0.0883,  0.0296,
         0.0322,  0.0071,  0.0945, -0.0532], dtype=torch.float64,
       requires_grad=True)
Attempt 6: Optimization failed with error: list index out of range
w_i_init_torch tensor([-0.0443, -0.0505, -0.0438, -0.0591,  0.0281, -0.0985,  0.0190,  0.0072,
         0.0188,  0.0159, -0.0937,  0.0303, -0.0230,  0.0125,  0.0355,  0.0210,
         0.0066, -0.0133,  0.0153,  0.0101,  0.0432, -0.0598, -0.0384, -0.0294,
         0.0174, -0.0330,  0.0432, -0.0291, -0.0158, -0.0489, -0.0062, -0.0868,
         0.0789,  0.0511,  0.0072,  0.0092,  0.0581, -0.0451, -0.0119, -0.0224,
        -0.0429, -0.0199, -0.0385, -0.1013, -0.0267, -0.0046,  0.0079,  0.0116,
         0.0455,  0.0312, -0.0546, -0.0165, -0.0116,  0.0151,  0.0899, -0.0320,
         0.0390,  0.0189,  0.0816,  0.0500], dtype=torch.float64,
       requires_grad=True)
Attempt 7: Optimization failed with error: list index out of range
w_i_init_torch tensor([ 0.0318, -0.0316,  0.0056,  0.0661, -0.0364, -0.0925,  0.0005, -0.0039,
         0.0199,  0.0595, -0.0812,  0.0213, -0.0242,  0.0200, -0.0074,  0.0134,
        -0.0135, -0.0253, -0.0185,  0.0023,  0.0525,  0.0701, -0.0461,  0.0227,
        -0.0196,  0.0256,  0.0437, -0.0443, -0.0240,  0.0419, -0.0061,  0.0892,
        -0.0588,  0.0533, -0.0237, -0.0408,  0.0681, -0.0015, -0.0122, -0.0220,
         0.0448, -0.0026,  0.0212,  0.0942,  0.0051, -0.0009,  0.0074,  0.0014,
         0.0239, -0.0091,  0.0476,  0.0234,  0.0207, -0.0180, -0.1085, -0.0158,
        -0.0443, -0.0046,  0.0826,  0.0503], dtype=torch.float64,
       requires_grad=True)
Attempt 8: Optimization failed with error: list index out of range
w_i_init_torch tensor([ 0.0163,  0.0475, -0.0286, -0.0707, -0.0176, -0.0931, -0.0035,  0.0133,
        -0.0262, -0.0434,  0.0764, -0.0180,  0.0353,  0.0328, -0.0164, -0.0159,
         0.0001, -0.0260,  0.0192,  0.0057, -0.0524, -0.0804,  0.0512, -0.0337,
         0.0078,  0.0260, -0.0615, -0.0365, -0.0256,  0.0317, -0.0114,  0.0652,
        -0.0634, -0.0346,  0.0063,  0.0319,  0.0649, -0.0348, -0.0018,  0.0004,
         0.0416, -0.0099,  0.0336, -0.0941, -0.0048,  0.0115,  0.0160, -0.0032,
        -0.0239, -0.0142,  0.0834,  0.0145, -0.0185,  0.0171, -0.0714,  0.0223,
         0.0524,  0.0030,  0.0703,  0.0549], dtype=torch.float64,
       requires_grad=True)
Attempt 9: Optimization failed with error: list index out of range
w_i_init_torch tensor([-4.6406e-02,  3.8701e-02,  2.8707e-02, -5.5722e-02,  1.1738e-03,
        -8.3019e-02,  2.8696e-02,  1.8710e-04,  3.5528e-02, -1.9232e-02,
        -9.0147e-02, -2.0035e-02, -3.0625e-02,  2.4344e-03,  1.3421e-03,
         8.5993e-03, -2.7309e-02,  1.2234e-02, -3.5722e-02,  2.0262e-02,
         6.5366e-02,  5.1675e-02, -1.8383e-02, -3.8172e-02, -1.1281e-02,
         1.3656e-02,  3.6085e-02, -4.3613e-02, -2.8171e-03, -3.2301e-02,
         1.4924e-02,  8.2378e-02, -6.3027e-02,  6.6154e-02,  1.9740e-02,
        -2.0589e-02, -6.5794e-02,  2.3760e-02, -6.4580e-03, -1.4416e-02,
         3.8598e-02,  7.0948e-05,  3.1668e-02, -1.0015e-01, -2.0847e-02,
         9.8850e-03, -4.1167e-03,  4.4545e-03, -3.1396e-02,  3.9678e-02,
         7.0425e-02, -3.8978e-02,  1.4514e-02,  1.6457e-02,  9.8906e-02,
         3.9464e-02,  3.8534e-02, -7.6097e-04, -5.7664e-02, -4.6474e-02],
       dtype=torch.float64, requires_grad=True)
Attempt 10: Optimization failed with error: list index out of range
w_i_init_torch tensor([ 2.8619e-02,  2.9183e-02, -2.4437e-02, -5.5198e-02,  1.5746e-02,
         1.0555e-01,  1.1934e-03,  7.9567e-03, -3.2012e-02, -3.8861e-02,
        -7.2980e-02, -1.9958e-02,  3.0978e-02,  2.8781e-02, -6.3083e-03,
         7.6027e-03,  1.5634e-03,  4.5082e-02, -3.2082e-02,  3.8298e-04,
        -5.4196e-02,  6.3818e-02, -5.2805e-02, -2.7163e-02, -2.5622e-02,
         1.4093e-02,  6.7945e-02, -3.1883e-02,  2.3196e-02, -5.6715e-02,
        -7.3141e-05,  7.5589e-02,  7.1475e-02, -4.8370e-02,  1.5016e-02,
        -1.8709e-02,  6.8890e-02, -1.5576e-02,  2.2900e-03, -1.8050e-02,
        -4.7176e-02,  1.0401e-02, -3.7035e-02, -1.0145e-01, -2.6901e-03,
         8.4408e-03,  1.3385e-02,  1.2965e-02,  2.8488e-02, -2.4649e-02,
        -7.7665e-02,  1.9780e-02, -1.8645e-02,  2.4260e-02, -9.9265e-02,
         3.6140e-02, -4.1812e-02, -3.6160e-03, -8.7553e-02,  4.3322e-02],
       dtype=torch.float64, requires_grad=True)
Attempt 11: Optimization failed with error: list index out of range
w_i_init_torch tensor([ 0.0244,  0.0403, -0.0323, -0.0542,  0.0279, -0.0790,  0.0038, -0.0154,
         0.0347, -0.0308, -0.0763,  0.0374,  0.0275,  0.0125,  0.0301,  0.0049,
        -0.0182,  0.0285,  0.0165, -0.0122,  0.0457, -0.0697,  0.0389,  0.0412,
         0.0084,  0.0295, -0.0435, -0.0402,  0.0083, -0.0143,  0.0063, -0.0723,
         0.0524, -0.0492, -0.0159,  0.0226,  0.0647,  0.0179, -0.0039,  0.0146,
        -0.0464,  0.0001, -0.0134,  0.1078,  0.0002, -0.0077, -0.0090,  0.0117,
        -0.0214, -0.0021, -0.0857,  0.0115,  0.0005, -0.0440, -0.1012, -0.0422,
         0.0569, -0.0052,  0.0737,  0.0582], dtype=torch.float64,
       requires_grad=True)
Attempt 12: Optimization failed with error: list index out of range
w_i_init_torch tensor([ 0.0311, -0.0404,  0.0344,  0.0553,  0.0283, -0.0778, -0.0168, -0.0013,
        -0.0256,  0.0331, -0.0822,  0.0243,  0.0244,  0.0095,  0.0168,  0.0119,
        -0.0010, -0.0326,  0.0360,  0.0067,  0.0502,  0.0660, -0.0514, -0.0370,
        -0.0161,  0.0060, -0.0428,  0.0541, -0.0023,  0.0474, -0.0110, -0.0590,
        -0.0497, -0.0474, -0.0030,  0.0068,  0.0619, -0.0108, -0.0079,  0.0176,
         0.0471, -0.0152, -0.0396, -0.0990, -0.0024,  0.0074, -0.0236, -0.0186,
         0.0136,  0.0067, -0.0695, -0.0153, -0.0158, -0.0102,  0.1044,  0.0364,
         0.0469, -0.0013,  0.0781, -0.0550], dtype=torch.float64,
       requires_grad=True)
Attempt 13: Optimization failed with error: list index out of range
w_i_init_torch tensor([ 0.0419, -0.0244, -0.0223, -0.0538,  0.0155, -0.1021,  0.0166, -0.0240,
         0.0377, -0.0518, -0.0739, -0.0148, -0.0352, -0.0247,  0.0207,  0.0136,
        -0.0208,  0.0196, -0.0286,  0.0025,  0.0388,  0.0675, -0.0567, -0.0326,
         0.0118, -0.0288,  0.0479, -0.0403,  0.0087, -0.0171, -0.0089, -0.0763,
         0.0657,  0.0659, -0.0068, -0.0140,  0.0689, -0.0045,  0.0201, -0.0254,
         0.0465,  0.0028,  0.0301, -0.1077,  0.0069, -0.0061, -0.0078, -0.0102,
         0.0161, -0.0199,  0.0635, -0.0084, -0.0146, -0.0157,  0.0989,  0.0489,
         0.0612, -0.0115,  0.0562,  0.0414], dtype=torch.float64,
       requires_grad=True)
Attempt 14: Optimization failed with error: list index out of range
w_i_init_torch tensor([-0.0339,  0.0484,  0.0199,  0.0597, -0.0079, -0.0962,  0.0177, -0.0220,
        -0.0364,  0.0285,  0.0950,  0.0168, -0.0335, -0.0429, -0.0131, -0.0147,
         0.0142,  0.0197, -0.0206, -0.0022,  0.0476, -0.0871,  0.0236, -0.0298,
        -0.0154,  0.0169,  0.0470, -0.0479, -0.0119, -0.0511,  0.0156,  0.0882,
        -0.0395,  0.0529, -0.0093, -0.0216,  0.0678,  0.0225,  0.0216,  0.0174,
        -0.0434, -0.0080, -0.0200,  0.0789,  0.0244, -0.0121, -0.0108,  0.0030,
         0.0274,  0.0212,  0.0566,  0.0300, -0.0118, -0.0133, -0.0836, -0.0387,
         0.0524, -0.0088, -0.0689, -0.0498], dtype=torch.float64,
       requires_grad=True)
Attempt 15: Optimization failed with error: list index out of range
w_i_init_torch tensor([ 0.0166,  0.0364,  0.0275,  0.0557,  0.0281, -0.0939,  0.0071, -0.0140,
        -0.0218, -0.0422,  0.0850, -0.0226, -0.0159, -0.0253, -0.0179, -0.0053,
         0.0082,  0.0205,  0.0075,  0.0078,  0.0630,  0.0563,  0.0698, -0.0135,
        -0.0042,  0.0129,  0.0484, -0.0186,  0.0088,  0.0405,  0.0097, -0.1017,
        -0.0410,  0.0402, -0.0040,  0.0254, -0.0603, -0.0138,  0.0023,  0.0140,
        -0.0486,  0.0057,  0.0323, -0.0961,  0.0237,  0.0281,  0.0169, -0.0119,
        -0.0119,  0.0217,  0.0818,  0.0059, -0.0146,  0.0201,  0.0799,  0.0153,
         0.0516, -0.0170, -0.0748,  0.0478], dtype=torch.float64,
       requires_grad=True)
Attempt 16: Optimization failed with error: list index out of range
w_i_init_torch tensor([-0.0394,  0.0485,  0.0254,  0.0511,  0.0201,  0.0779, -0.0133, -0.0140,
        -0.0284, -0.0309,  0.0716,  0.0084,  0.0364,  0.0175,  0.0088,  0.0129,
        -0.0082, -0.0177, -0.0212, -0.0051,  0.0497,  0.0432, -0.0397,  0.0372,
        -0.0186, -0.0044,  0.0365,  0.0330,  0.0032, -0.0332, -0.0271, -0.0619,
        -0.0577,  0.0517, -0.0064, -0.0107,  0.0782,  0.0353,  0.0148, -0.0279,
         0.0487, -0.0109,  0.0376,  0.0992,  0.0117,  0.0135,  0.0200,  0.0001,
         0.0303, -0.0084,  0.0660, -0.0215, -0.0064,  0.0114,  0.0934, -0.0251,
        -0.0552, -0.0040, -0.0865,  0.0576], dtype=torch.float64,
       requires_grad=True)
Final loss (NLL): 0.5277782101028325
Final weights: tensor([ 4.4319e-02, -8.6818e-02,  1.8873e-02,  3.4043e-02,  7.7581e-02,
         1.2856e-01,  2.0037e-02,  7.2163e-02, -5.6562e-02, -1.2539e-01,
         1.3002e-02, -1.4690e-02, -1.8558e-02, -2.7807e-03,  1.0199e-02,
        -3.3011e-02,  3.4511e-02,  4.1709e-02, -1.4136e-04,  1.1620e-01,
        -2.6392e-02, -3.7440e-02, -5.1784e-02,  4.7606e-02,  3.5610e-02,
         6.8238e-02, -1.4963e-02, -6.2085e-02,  8.6424e-02,  1.6584e-01,
         8.7025e-02, -9.4191e-02,  6.2360e-02, -1.2069e-01, -3.8141e-02,
        -1.0091e-01,  9.0177e-02, -5.5715e-03,  3.9338e-02, -3.3679e-02,
        -6.7637e-02, -4.8185e-02,  6.2056e-02,  2.4599e-03,  5.6743e-02,
         5.6488e-02,  1.8173e-02,  7.3616e-02,  2.3716e-01,  1.4227e-01,
        -4.5447e-02, -9.7395e-02, -1.1317e-02,  8.9778e-02, -5.9018e-02,
        -2.0894e-02,  9.0303e-02,  1.3604e-02,  9.4156e-02,  4.3063e-02],
       dtype=torch.float64)
Sum of weights: 0.9999999437033448
