Initial weights: [0.5 0.5]

Early stopping at step 144 (NLL plateaued: Δ_window < 5e-07)

Final fitted weights (PyTorch): [0.6697285 0.3302715]
Effective number of models: 1.7933503761957474
Weight covariance matrix:
 [[ 8.71468434 -8.71468434]
 [-8.71468434  8.71468434]]
mu_i[:, 0]= [-0.49546333 -0.49470507]
Initial weights: [0.5 0.5]

Early stopping at step 174 (NLL plateaued: Δ_window < 5e-07)

Final fitted weights (PyTorch): [0.72453135 0.27546865]
Effective number of models: 1.6643680423228355
Weight covariance matrix:
 [[ 7.31346005 -7.31346005]
 [-7.31346005  7.31346005]]
mu_i[:, 0]= [-0.49552384 -0.49537238]
Initial weights: [0.5 0.5]

Early stopping at step 149 (NLL plateaued: Δ_window < 5e-07)

Final fitted weights (PyTorch): [0.62299263 0.37700737]
Effective number of models: 1.8858873549491737
Weight covariance matrix:
 [[ 9.68708542 -9.68708542]
 [-9.68708542  9.68708542]]
mu_i[:, 0]= [-0.49546676 -0.49470779]
Initial weights: [0.5 0.5]

Early stopping at step 200 (NLL plateaued: Δ_window < 5e-07)

Final fitted weights (PyTorch): [0.75678515 0.24321483]
Effective number of models: 1.5825860237672553
Weight covariance matrix:
 [[ 6.35156337 -6.35156286]
 [-6.35156286  6.35156234]]
mu_i[:, 0]= [-0.49554445 -0.49541358]
Initial weights: [0.5 0.5]

Early stopping at step 179 (NLL plateaued: Δ_window < 5e-07)

Final fitted weights (PyTorch): [0.7329819  0.26701808]
Effective number of models: 1.6432202196247157
Weight covariance matrix:
 [[ 7.07072428 -7.07072428]
 [-7.07072428  7.07072428]]
mu_i[:, 0]= [-0.49557775 -0.49539459]
Initial weights: [0.5 0.5]

Early stopping at step 154 (NLL plateaued: Δ_window < 5e-07)

Final fitted weights (PyTorch): [0.6907522  0.30924776]
Effective number of models: 1.7458929585860208
Weight covariance matrix:
 [[ 8.24339481 -8.24339452]
 [-8.24339452  8.24339423]]
mu_i[:, 0]= [-0.49561896 -0.49544812]
Initial weights: [0.5 0.5]

Early stopping at step 145 (NLL plateaued: Δ_window < 5e-07)

Final fitted weights (PyTorch): [0.67300826 0.3269917 ]
Effective number of models: 1.7861490645009015
Weight covariance matrix:
 [[ 8.69645894 -8.69645894]
 [-8.69645894  8.69645894]]
mu_i[:, 0]= [-0.49568108 -0.49503101]
Initial weights: [0.5 0.5]

Early stopping at step 156 (NLL plateaued: Δ_window < 5e-07)

Final fitted weights (PyTorch): [0.69469947 0.3053005 ]
Effective number of models: 1.7366666718423367
Weight covariance matrix:
 [[ 8.1189982  -8.11899763]
 [-8.11899763  8.11899706]]
mu_i[:, 0]= [-0.49557775 -0.49539459]
Initial weights: [0.5 0.5]

Early stopping at step 183 (NLL plateaued: Δ_window < 5e-07)

Final fitted weights (PyTorch): [0.7341536 0.2658464]
Effective number of models: 1.6402696511101327
Weight covariance matrix:
 [[ 7.02207245 -7.02207298]
 [-7.02207298  7.02207352]]
mu_i[:, 0]= [-0.49544485 -0.49530445]
Initial weights: [0.5 0.5]

Early stopping at step 170 (NLL plateaued: Δ_window < 5e-07)

Final fitted weights (PyTorch): [0.71753657 0.28246343]
Effective number of models: 1.681677578335276
Weight covariance matrix:
 [[ 7.52465904 -7.52465904]
 [-7.52465904  7.52465904]]
mu_i[:, 0]= [-0.49534749 -0.49543913]
Submitted coverage jobs for trial: N_100000_seeds_2_bootstraps_2
