Initial weights: [0.0625 0.0625 0.0625 0.0625 0.0625 0.0625 0.0625 0.0625 0.0625 0.0625
 0.0625 0.0625 0.0625 0.0625 0.0625 0.0625]
Optimization terminated successfully.
         Current function value: 0.545321
         Iterations: 98
         Function evaluations: 251
mu_i[:, 0]= [-0.49578607 -0.49863835 -0.48545691 -0.49278801 -0.4978542  -0.49739882
 -0.49563697 -0.49482571 -0.49537702 -0.49851289 -0.49347305 -0.49625089
 -0.49156763 -0.49366479 -0.49378229 -0.49769202]
Initial weights: [0.0625 0.0625 0.0625 0.0625 0.0625 0.0625 0.0625 0.0625 0.0625 0.0625
 0.0625 0.0625 0.0625 0.0625 0.0625 0.0625]
Optimization terminated successfully.
         Current function value: 0.543213
         Iterations: 75
         Function evaluations: 189
mu_i[:, 0]= [-0.49594176 -0.49918813 -0.4852491  -0.49270321 -0.49811654 -0.49723325
 -0.49593198 -0.49532396 -0.49527766 -0.49858958 -0.49350964 -0.49626559
 -0.49149228 -0.49378427 -0.49422188 -0.49751369]
Initial weights: [0.0625 0.0625 0.0625 0.0625 0.0625 0.0625 0.0625 0.0625 0.0625 0.0625
 0.0625 0.0625 0.0625 0.0625 0.0625 0.0625]
Optimization terminated successfully.
         Current function value: 0.552414
         Iterations: 102
         Function evaluations: 274
mu_i[:, 0]= [-0.49574027 -0.49850822 -0.48556601 -0.49271063 -0.49792528 -0.49702337
 -0.49597431 -0.49434734 -0.4952948  -0.49839553 -0.49347194 -0.49563027
 -0.4915576  -0.49386464 -0.49375732 -0.49769766]
Initial weights: [0.0625 0.0625 0.0625 0.0625 0.0625 0.0625 0.0625 0.0625 0.0625 0.0625
 0.0625 0.0625 0.0625 0.0625 0.0625 0.0625]
Optimization terminated successfully.
         Current function value: 0.548014
         Iterations: 109
         Function evaluations: 299
mu_i[:, 0]= [-0.49588541 -0.49890139 -0.48590377 -0.49273726 -0.49801843 -0.4972197
 -0.49584977 -0.49428112 -0.49527294 -0.49856411 -0.4935073  -0.49620915
 -0.49151209 -0.493768   -0.49423281 -0.49784146]
Initial weights: [0.0625 0.0625 0.0625 0.0625 0.0625 0.0625 0.0625 0.0625 0.0625 0.0625
 0.0625 0.0625 0.0625 0.0625 0.0625 0.0625]
Optimization terminated successfully.
         Current function value: 0.543800
         Iterations: 93
         Function evaluations: 240
mu_i[:, 0]= [-0.49597615 -0.49896661 -0.48604398 -0.49274561 -0.49803948 -0.49715608
 -0.49588708 -0.49514885 -0.4952725  -0.49853197 -0.4935251  -0.49563368
 -0.49152296 -0.49373518 -0.49397932 -0.49740742]
Initial weights: [0.0625 0.0625 0.0625 0.0625 0.0625 0.0625 0.0625 0.0625 0.0625 0.0625
 0.0625 0.0625 0.0625 0.0625 0.0625 0.0625]
Optimization terminated successfully.
         Current function value: 0.538582
         Iterations: 109
         Function evaluations: 274
mu_i[:, 0]= [-0.49589716 -0.499041   -0.48605213 -0.49273071 -0.49807972 -0.497128
 -0.49572365 -0.49437253 -0.49537704 -0.4985161  -0.49349586 -0.49608242
 -0.49153425 -0.49381956 -0.49412564 -0.49781013]
Initial weights: [0.0625 0.0625 0.0625 0.0625 0.0625 0.0625 0.0625 0.0625 0.0625 0.0625
 0.0625 0.0625 0.0625 0.0625 0.0625 0.0625]
Optimization terminated successfully.
         Current function value: 0.545575
         Iterations: 81
         Function evaluations: 209
mu_i[:, 0]= [-0.49572143 -0.49854332 -0.48596101 -0.49269822 -0.49812799 -0.49718084
 -0.49591291 -0.49420798 -0.49512907 -0.49833597 -0.49346534 -0.49629028
 -0.49179919 -0.49383872 -0.49406499 -0.49779129]
Initial weights: [0.0625 0.0625 0.0625 0.0625 0.0625 0.0625 0.0625 0.0625 0.0625 0.0625
 0.0625 0.0625 0.0625 0.0625 0.0625 0.0625]
Optimization terminated successfully.
         Current function value: 0.546312
         Iterations: 93
         Function evaluations: 243
mu_i[:, 0]= [-0.49597615 -0.49896661 -0.48604398 -0.49274561 -0.49803948 -0.49715608
 -0.49588708 -0.49514885 -0.4952725  -0.49853197 -0.4935251  -0.49563368
 -0.49152296 -0.49373518 -0.49397932 -0.49740742]
Initial weights: [0.0625 0.0625 0.0625 0.0625 0.0625 0.0625 0.0625 0.0625 0.0625 0.0625
 0.0625 0.0625 0.0625 0.0625 0.0625 0.0625]
Optimization terminated successfully.
         Current function value: 0.546159
         Iterations: 90
         Function evaluations: 238
Initial weights: [0.0625 0.0625 0.0625 0.0625 0.0625 0.0625 0.0625 0.0625 0.0625 0.0625
 0.0625 0.0625 0.0625 0.0625 0.0625 0.0625]
Optimization terminated successfully.
         Current function value: 0.548339
         Iterations: 104
         Function evaluations: 260
Submitted coverage jobs for trial: N_100000_seeds_16_bootstraps_10_2_2_64_6
