Initial weights: [0.06666667 0.06666667 0.06666667 0.06666667 0.06666667 0.06666667
 0.06666667 0.06666667 0.06666667 0.06666667 0.06666667 0.06666667
 0.06666667 0.06666667 0.06666667]
w_i_init_torch: tensor([ 0.0648,  0.0622, -0.0730,  0.0698,  0.0591, -0.0675,  0.0838, -0.0554,
        -0.0604,  0.0659,  0.0541, -0.0614,  0.0586,  0.0520,  0.0720],
       dtype=torch.float64, requires_grad=True)
Attempt 1: Optimization failed with error: list index out of range
w_i_init_torch: tensor([-0.0757,  0.0643,  0.0616,  0.0550, -0.0673,  0.0508,  0.0657, -0.0642,
        -0.0615, -0.0641, -0.0685,  0.0572, -0.0476,  0.0925,  0.0591],
       dtype=torch.float64, requires_grad=True)
Attempt 2: Optimization failed with error: list index out of range
w_i_init_torch: tensor([ 0.0393, -0.0537,  0.0463,  0.0738, -0.0639, -0.0531,  0.0727, -0.0811,
         0.0576, -0.0724,  0.0514,  0.0619,  0.0590, -0.0635, -0.0710],
       dtype=torch.float64, requires_grad=True)
Attempt 3: Optimization failed with error: list index out of range
w_i_init_torch: tensor([-0.0558,  0.0632,  0.0601, -0.0740, -0.0679,  0.0668,  0.0633, -0.0610,
         0.0658, -0.0702, -0.0582,  0.0784,  0.0693, -0.0656, -0.0687],
       dtype=torch.float64, requires_grad=True)
Attempt 4: Optimization failed with error: list index out of range
w_i_init_torch: tensor([-0.0838,  0.0552,  0.0786,  0.0726, -0.0502,  0.0721, -0.0535, -0.0535,
         0.0677, -0.0663, -0.0726,  0.0782,  0.0607,  0.0703, -0.0660],
       dtype=torch.float64, requires_grad=True)
Attempt 5: Optimization failed with error: list index out of range
w_i_init_torch: tensor([ 0.0720,  0.0717, -0.0610,  0.0701, -0.0645,  0.0635, -0.0821, -0.0563,
         0.0577, -0.0629, -0.0636, -0.0684,  0.0519, -0.0766,  0.0647],
       dtype=torch.float64, requires_grad=True)
Attempt 6: Optimization failed with error: list index out of range
w_i_init_torch: tensor([-0.0764, -0.0797, -0.0840, -0.0751,  0.0604, -0.0471,  0.0586, -0.0699,
         0.0572,  0.0764,  0.0614,  0.0414, -0.0535,  0.0507,  0.0812],
       dtype=torch.float64, requires_grad=True)
Attempt 7: Optimization failed with error: list index out of range
w_i_init_torch: tensor([-0.0798, -0.0494,  0.0735, -0.0614,  0.0750,  0.0676, -0.0456,  0.0837,
         0.0674, -0.0733, -0.0663,  0.0623, -0.0737, -0.0508, -0.0813],
       dtype=torch.float64, requires_grad=True)
Attempt 8: Optimization failed with error: list index out of range
w_i_init_torch: tensor([-0.0738,  0.0522,  0.0824,  0.0603,  0.0519, -0.0661,  0.0617,  0.0655,
         0.0674, -0.0631, -0.0563,  0.0777,  0.0689,  0.0720,  0.0552],
       dtype=torch.float64, requires_grad=True)
Final loss (NLL): 0.5199884359172781
Final weights: tensor([ 0.0148, -0.0046,  0.1571,  0.0434, -0.0543,  0.1202, -0.0206,  0.1978,
         0.0896,  0.2146,  0.1695,  0.0609,  0.1117, -0.1076,  0.0074],
       dtype=torch.float64)
Sum of weights: 0.9999999492651154
