/work/gbadarac/MonoJet_NPLM/MonoJet_NPLM_analysis/Normalizing_Flows/EstimationNF_gaussians_outputs/job_4_4_64_12_297461
Epoch 0, Avg Train Loss: 9.0745, Avg Validation Loss: 7.6188
Epoch 1, Avg Train Loss: 6.8302, Avg Validation Loss: 6.1421
Epoch 2, Avg Train Loss: 5.6971, Avg Validation Loss: 5.2812
Epoch 3, Avg Train Loss: 4.9876, Avg Validation Loss: 4.7103
Epoch 4, Avg Train Loss: 4.5016, Avg Validation Loss: 4.2894
Epoch 5, Avg Train Loss: 4.1324, Avg Validation Loss: 3.9667
Epoch 6, Avg Train Loss: 3.8483, Avg Validation Loss: 3.7254
Epoch 7, Avg Train Loss: 3.6350, Avg Validation Loss: 3.5423
Epoch 8, Avg Train Loss: 3.4781, Avg Validation Loss: 3.4054
Epoch 9, Avg Train Loss: 3.3629, Avg Validation Loss: 3.3060
Epoch 10, Avg Train Loss: 3.2774, Avg Validation Loss: 3.2301
Epoch 11, Avg Train Loss: 3.2101, Avg Validation Loss: 3.1730
Epoch 12, Avg Train Loss: 3.1593, Avg Validation Loss: 3.1263
Epoch 13, Avg Train Loss: 3.1169, Avg Validation Loss: 3.0890
Epoch 14, Avg Train Loss: 3.0839, Avg Validation Loss: 3.0607
Epoch 15, Avg Train Loss: 3.0588, Avg Validation Loss: 3.0381
Epoch 16, Avg Train Loss: 3.0410, Avg Validation Loss: 3.0187
Epoch 17, Avg Train Loss: 3.0209, Avg Validation Loss: 3.0023
Epoch 18, Avg Train Loss: 3.0049, Avg Validation Loss: 2.9870
Epoch 19, Avg Train Loss: 2.9928, Avg Validation Loss: 2.9735
Epoch 20, Avg Train Loss: 2.9813, Avg Validation Loss: 2.9628
Epoch 21, Avg Train Loss: 2.9712, Avg Validation Loss: 2.9532
Epoch 22, Avg Train Loss: 2.9622, Avg Validation Loss: 2.9454
Epoch 23, Avg Train Loss: 2.9549, Avg Validation Loss: 2.9379
Epoch 24, Avg Train Loss: 2.9462, Avg Validation Loss: 2.9317
Epoch 25, Avg Train Loss: 2.9409, Avg Validation Loss: 2.9258
Epoch 26, Avg Train Loss: 2.9358, Avg Validation Loss: 2.9207
Epoch 27, Avg Train Loss: 2.9305, Avg Validation Loss: 2.9159
Epoch 28, Avg Train Loss: 2.9257, Avg Validation Loss: 2.9121
Epoch 29, Avg Train Loss: 2.9214, Avg Validation Loss: 2.9082
Epoch 30, Avg Train Loss: 2.9182, Avg Validation Loss: 2.9049
Epoch 31, Avg Train Loss: 2.9140, Avg Validation Loss: 2.9016
Epoch 32, Avg Train Loss: 2.9109, Avg Validation Loss: 2.8986
Epoch 33, Avg Train Loss: 2.9085, Avg Validation Loss: 2.8957
Epoch 34, Avg Train Loss: 2.9053, Avg Validation Loss: 2.8936
Epoch 35, Avg Train Loss: 2.9018, Avg Validation Loss: 2.8916
Epoch 36, Avg Train Loss: 2.8998, Avg Validation Loss: 2.8892
Epoch 37, Avg Train Loss: 2.8965, Avg Validation Loss: 2.8874
Epoch 38, Avg Train Loss: 2.8948, Avg Validation Loss: 2.8854
Epoch 39, Avg Train Loss: 2.8928, Avg Validation Loss: 2.8840
Epoch 40, Avg Train Loss: 2.8909, Avg Validation Loss: 2.8820
Epoch 41, Avg Train Loss: 2.8888, Avg Validation Loss: 2.8803
Epoch 42, Avg Train Loss: 2.8863, Avg Validation Loss: 2.8786
Epoch 43, Avg Train Loss: 2.8852, Avg Validation Loss: 2.8766
Epoch 44, Avg Train Loss: 2.8838, Avg Validation Loss: 2.8751
Epoch 45, Avg Train Loss: 2.8820, Avg Validation Loss: 2.8735
Epoch 46, Avg Train Loss: 2.8795, Avg Validation Loss: 2.8721
Epoch 47, Avg Train Loss: 2.8785, Avg Validation Loss: 2.8711
Epoch 48, Avg Train Loss: 2.8776, Avg Validation Loss: 2.8693
Epoch 49, Avg Train Loss: 2.8761, Avg Validation Loss: 2.8684
Epoch 50, Avg Train Loss: 2.8745, Avg Validation Loss: 2.8668
Epoch 51, Avg Train Loss: 2.8735, Avg Validation Loss: 2.8652
Epoch 52, Avg Train Loss: 2.8723, Avg Validation Loss: 2.8640
Epoch 53, Avg Train Loss: 2.8707, Avg Validation Loss: 2.8625
Epoch 54, Avg Train Loss: 2.8694, Avg Validation Loss: 2.8612
Epoch 55, Avg Train Loss: 2.8686, Avg Validation Loss: 2.8617
Epoch 56, Avg Train Loss: 2.8667, Avg Validation Loss: 2.8595
Epoch 57, Avg Train Loss: 2.8668, Avg Validation Loss: 2.8600
Epoch 58, Avg Train Loss: 2.8650, Avg Validation Loss: 2.8588
Epoch 59, Avg Train Loss: 2.8641, Avg Validation Loss: 2.8570
Epoch 60, Avg Train Loss: 2.8639, Avg Validation Loss: 2.8565
Epoch 61, Avg Train Loss: 2.8622, Avg Validation Loss: 2.8559
Epoch 62, Avg Train Loss: 2.8616, Avg Validation Loss: 2.8544
Epoch 63, Avg Train Loss: 2.8613, Avg Validation Loss: 2.8545
Epoch 64, Avg Train Loss: 2.8607, Avg Validation Loss: 2.8541
Epoch 65, Avg Train Loss: 2.8592, Avg Validation Loss: 2.8545
Epoch 66, Avg Train Loss: 2.8583, Avg Validation Loss: 2.8532
Epoch 67, Avg Train Loss: 2.8578, Avg Validation Loss: 2.8537
Epoch 68, Avg Train Loss: 2.8578, Avg Validation Loss: 2.8521
Epoch 69, Avg Train Loss: 2.8578, Avg Validation Loss: 2.8507
Epoch 70, Avg Train Loss: 2.8565, Avg Validation Loss: 2.8502
Epoch 71, Avg Train Loss: 2.8552, Avg Validation Loss: 2.8492
Epoch 72, Avg Train Loss: 2.8559, Avg Validation Loss: 2.8496
Epoch 73, Avg Train Loss: 2.8562, Avg Validation Loss: 2.8486
Epoch 74, Avg Train Loss: 2.8552, Avg Validation Loss: 2.8483
Epoch 75, Avg Train Loss: 2.8547, Avg Validation Loss: 2.8476
Epoch 76, Avg Train Loss: 2.8542, Avg Validation Loss: 2.8478
Epoch 77, Avg Train Loss: 2.8542, Avg Validation Loss: 2.8467
Epoch 78, Avg Train Loss: 2.8539, Avg Validation Loss: 2.8477
Epoch 79, Avg Train Loss: 2.8535, Avg Validation Loss: 2.8464
Epoch 80, Avg Train Loss: 2.8532, Avg Validation Loss: 2.8464
Epoch 81, Avg Train Loss: 2.8537, Avg Validation Loss: 2.8464
Epoch 82, Avg Train Loss: 2.8524, Avg Validation Loss: 2.8459
Epoch 83, Avg Train Loss: 2.8530, Avg Validation Loss: 2.8454
Epoch 84, Avg Train Loss: 2.8524, Avg Validation Loss: 2.8465
Epoch 85, Avg Train Loss: 2.8525, Avg Validation Loss: 2.8467
Epoch 86, Avg Train Loss: 2.8529, Avg Validation Loss: 2.8452
Epoch 87, Avg Train Loss: 2.8520, Avg Validation Loss: 2.8449
Epoch 88, Avg Train Loss: 2.8516, Avg Validation Loss: 2.8444
Epoch 89, Avg Train Loss: 2.8515, Avg Validation Loss: 2.8440
Epoch 90, Avg Train Loss: 2.8508, Avg Validation Loss: 2.8453
Epoch 91, Avg Train Loss: 2.8511, Avg Validation Loss: 2.8451
Epoch 92, Avg Train Loss: 2.8510, Avg Validation Loss: 2.8432
Epoch 93, Avg Train Loss: 2.8514, Avg Validation Loss: 2.8433
Epoch 94, Avg Train Loss: 2.8503, Avg Validation Loss: 2.8441
Epoch 95, Avg Train Loss: 2.8503, Avg Validation Loss: 2.8437
Epoch 96, Avg Train Loss: 2.8501, Avg Validation Loss: 2.8434
Epoch 97, Avg Train Loss: 2.8499, Avg Validation Loss: 2.8449
Epoch 98, Avg Train Loss: 2.8498, Avg Validation Loss: 2.8425
Epoch 99, Avg Train Loss: 2.8498, Avg Validation Loss: 2.8444
Epoch 100, Avg Train Loss: 2.8493, Avg Validation Loss: 2.8418
Epoch 101, Avg Train Loss: 2.8495, Avg Validation Loss: 2.8429
Epoch 102, Avg Train Loss: 2.8493, Avg Validation Loss: 2.8422
Epoch 103, Avg Train Loss: 2.8495, Avg Validation Loss: 2.8422
Epoch 104, Avg Train Loss: 2.8495, Avg Validation Loss: 2.8433
Epoch 105, Avg Train Loss: 2.8500, Avg Validation Loss: 2.8449
Epoch 106, Avg Train Loss: 2.8498, Avg Validation Loss: 2.8426
Epoch 107, Avg Train Loss: 2.8496, Avg Validation Loss: 2.8425
Epoch 108, Avg Train Loss: 2.8493, Avg Validation Loss: 2.8421
Epoch 109, Avg Train Loss: 2.8490, Avg Validation Loss: 2.8420
Early stopping triggered
Best model loaded successfully.
KL divergence saved successfully.
KL divergence saved successfully.
