w_i_init_torch: tensor([ 0.0026,  0.0124,  0.0234, -0.0074,  0.0148,  0.0357,  0.0173,  0.0117,
         0.0246,  0.0337,  0.0059, -0.0026,  0.0187, -0.0072,  0.0244,  0.0171,
         0.0266,  0.0325,  0.0076,  0.0119,  0.0253,  0.0183,  0.0223,  0.0384,
         0.0199,  0.0122,  0.0389,  0.0263,  0.0324,  0.0303,  0.0026,  0.0233,
         0.0304,  0.0349,  0.0256,  0.0087,  0.0114,  0.0168,  0.0042,  0.0203,
         0.0231,  0.0175,  0.0016,  0.0131,  0.0164,  0.0187,  0.0078,  0.0226,
         0.0290,  0.0226,  0.0207,  0.0208,  0.0207,  0.0121,  0.0251,  0.0218,
         0.0178,  0.0189,  0.0267,  0.0079], dtype=torch.float64,
       requires_grad=True)
Attempt 1: Starting optimization (loss = 1234.9273)
Calling minimize with:
model_probs shape: torch.Size([100000, 60]), device: cpu
weights shape: torch.Size([60]), device: cpu
Allocated CUDA: 0.00 GB
Reserved CUDA: 0.00 GB
Optimization succeeded on attempt 0
Final loss (NLL): 0.538653056915045
Final weights: tensor([ 2.6661e-02,  4.9029e-03,  5.4670e-05,  1.9149e-02,  6.4070e-02,
         9.3286e-03,  3.6494e-02,  8.7958e-02,  7.6974e-02, -1.5255e-02,
        -3.9479e-02, -1.5420e-02, -1.5285e-02,  8.7045e-02,  5.7291e-02,
         1.5961e-02, -3.6252e-02, -4.3677e-02, -1.4824e-04, -3.4309e-02,
        -2.3378e-02,  3.6204e-02,  3.1594e-02,  8.5678e-03,  1.2468e-02,
         2.5487e-02,  1.9723e-02,  2.5634e-02,  6.8171e-02, -9.8194e-03,
         8.0850e-03,  2.1400e-02,  3.2348e-02,  6.7841e-02,  4.6322e-02,
         4.8491e-02, -3.6525e-02, -1.7060e-02,  4.7686e-02,  1.4838e-02,
         3.4592e-02, -2.2595e-02, -6.4887e-02,  1.0992e-01, -3.1935e-03,
        -7.6125e-02, -2.0111e-02,  4.2485e-02,  3.6925e-02, -1.5192e-02,
         4.6197e-02,  4.1148e-02, -9.9237e-03,  4.3357e-02,  3.0554e-02,
        -1.3172e-02, -2.7091e-02,  6.0366e-02,  2.3911e-02,  6.8697e-02],
       dtype=torch.float64)
Sum of weights: 1.0000049999747203
