/work/gbadarac/MonoJet_NPLM/MonoJet_NPLM_analysis/Normalizing_Flows/EstimationNF_outputs/job_4_6_50_10_best_model_975950
Epoch 0, Avg Train Loss: 7.8371, Avg Validation Loss: 5.7865
Epoch 1, Avg Train Loss: 4.8529, Avg Validation Loss: 4.1942
Epoch 2, Avg Train Loss: 3.8585, Avg Validation Loss: 3.5848
Epoch 3, Avg Train Loss: 3.4258, Avg Validation Loss: 3.2733
Epoch 4, Avg Train Loss: 3.1893, Avg Validation Loss: 3.1002
Epoch 5, Avg Train Loss: 3.0540, Avg Validation Loss: 2.9930
Epoch 6, Avg Train Loss: 2.9638, Avg Validation Loss: 2.9132
Epoch 7, Avg Train Loss: 2.8933, Avg Validation Loss: 2.8506
Epoch 8, Avg Train Loss: 2.8376, Avg Validation Loss: 2.7993
Epoch 9, Avg Train Loss: 2.7910, Avg Validation Loss: 2.7560
Epoch 10, Avg Train Loss: 2.7502, Avg Validation Loss: 2.7178
Epoch 11, Avg Train Loss: 2.7141, Avg Validation Loss: 2.6837
Epoch 12, Avg Train Loss: 2.6819, Avg Validation Loss: 2.6533
Epoch 13, Avg Train Loss: 2.6522, Avg Validation Loss: 2.6254
Epoch 14, Avg Train Loss: 2.6254, Avg Validation Loss: 2.5991
Epoch 15, Avg Train Loss: 2.6000, Avg Validation Loss: 2.5738
Epoch 16, Avg Train Loss: 2.5740, Avg Validation Loss: 2.5484
Epoch 17, Avg Train Loss: 2.5516, Avg Validation Loss: 2.5260
Epoch 18, Avg Train Loss: 2.5307, Avg Validation Loss: 2.5067
Epoch 19, Avg Train Loss: 2.5125, Avg Validation Loss: 2.4906
Epoch 20, Avg Train Loss: 2.4986, Avg Validation Loss: 2.4756
Epoch 21, Avg Train Loss: 2.4853, Avg Validation Loss: 2.4639
Epoch 22, Avg Train Loss: 2.4748, Avg Validation Loss: 2.4531
Epoch 23, Avg Train Loss: 2.4637, Avg Validation Loss: 2.4438
Epoch 24, Avg Train Loss: 2.4557, Avg Validation Loss: 2.4356
Epoch 25, Avg Train Loss: 2.4488, Avg Validation Loss: 2.4297
Epoch 26, Avg Train Loss: 2.4423, Avg Validation Loss: 2.4245
Epoch 27, Avg Train Loss: 2.4354, Avg Validation Loss: 2.4155
Epoch 28, Avg Train Loss: 2.4291, Avg Validation Loss: 2.4093
Epoch 29, Avg Train Loss: 2.4237, Avg Validation Loss: 2.4038
Epoch 30, Avg Train Loss: 2.4173, Avg Validation Loss: 2.3997
Epoch 31, Avg Train Loss: 2.4125, Avg Validation Loss: 2.3926
Epoch 32, Avg Train Loss: 2.4074, Avg Validation Loss: 2.3880
Epoch 33, Avg Train Loss: 2.4030, Avg Validation Loss: 2.3829
Epoch 34, Avg Train Loss: 2.3959, Avg Validation Loss: 2.3767
Epoch 35, Avg Train Loss: 2.3921, Avg Validation Loss: 2.3730
Epoch 36, Avg Train Loss: 2.3862, Avg Validation Loss: 2.3675
Epoch 37, Avg Train Loss: 2.3820, Avg Validation Loss: 2.3625
Epoch 38, Avg Train Loss: 2.3781, Avg Validation Loss: 2.3582
Epoch 39, Avg Train Loss: 2.3738, Avg Validation Loss: 2.3544
Epoch 40, Avg Train Loss: 2.3693, Avg Validation Loss: 2.3517
Epoch 41, Avg Train Loss: 2.3668, Avg Validation Loss: 2.3505
Epoch 42, Avg Train Loss: 2.3657, Avg Validation Loss: 2.3437
Epoch 43, Avg Train Loss: 2.3593, Avg Validation Loss: 2.3405
Epoch 44, Avg Train Loss: 2.3574, Avg Validation Loss: 2.3399
Epoch 45, Avg Train Loss: 2.3550, Avg Validation Loss: 2.3347
Epoch 46, Avg Train Loss: 2.3517, Avg Validation Loss: 2.3337
Epoch 47, Avg Train Loss: 2.3497, Avg Validation Loss: 2.3345
Epoch 48, Avg Train Loss: 2.3468, Avg Validation Loss: 2.3277
Epoch 49, Avg Train Loss: 2.3455, Avg Validation Loss: 2.3270
Epoch 50, Avg Train Loss: 2.3429, Avg Validation Loss: 2.3228
Epoch 51, Avg Train Loss: 2.3402, Avg Validation Loss: 2.3223
Epoch 52, Avg Train Loss: 2.3389, Avg Validation Loss: 2.3193
Epoch 53, Avg Train Loss: 2.3363, Avg Validation Loss: 2.3166
Epoch 54, Avg Train Loss: 2.3339, Avg Validation Loss: 2.3144
Epoch 55, Avg Train Loss: 2.3339, Avg Validation Loss: 2.3161
Epoch 56, Avg Train Loss: 2.3310, Avg Validation Loss: 2.3111
Epoch 57, Avg Train Loss: 2.3308, Avg Validation Loss: 2.3131
Epoch 58, Avg Train Loss: 2.3284, Avg Validation Loss: 2.3092
Epoch 59, Avg Train Loss: 2.3258, Avg Validation Loss: 2.3092
Epoch 60, Avg Train Loss: 2.3257, Avg Validation Loss: 2.3130
Epoch 61, Avg Train Loss: 2.3261, Avg Validation Loss: 2.3073
Epoch 62, Avg Train Loss: 2.3244, Avg Validation Loss: 2.3058
Epoch 63, Avg Train Loss: 2.3227, Avg Validation Loss: 2.3029
Epoch 64, Avg Train Loss: 2.3206, Avg Validation Loss: 2.3048
Epoch 65, Avg Train Loss: 2.3208, Avg Validation Loss: 2.3058
Epoch 66, Avg Train Loss: 2.3197, Avg Validation Loss: 2.2989
Epoch 67, Avg Train Loss: 2.3184, Avg Validation Loss: 2.2985
Epoch 68, Avg Train Loss: 2.3167, Avg Validation Loss: 2.3075
Epoch 69, Avg Train Loss: 2.3168, Avg Validation Loss: 2.2992
Epoch 70, Avg Train Loss: 2.3147, Avg Validation Loss: 2.2965
Epoch 71, Avg Train Loss: 2.3161, Avg Validation Loss: 2.3014
Epoch 72, Avg Train Loss: 2.3135, Avg Validation Loss: 2.2943
Epoch 73, Avg Train Loss: 2.3127, Avg Validation Loss: 2.2946
Epoch 74, Avg Train Loss: 2.3111, Avg Validation Loss: 2.2956
Epoch 75, Avg Train Loss: 2.3117, Avg Validation Loss: 2.2921
Epoch 76, Avg Train Loss: 2.3095, Avg Validation Loss: 2.2906
Epoch 77, Avg Train Loss: 2.3083, Avg Validation Loss: 2.2907
Epoch 78, Avg Train Loss: 2.3067, Avg Validation Loss: 2.2912
Epoch 79, Avg Train Loss: 2.3070, Avg Validation Loss: 2.2892
Epoch 80, Avg Train Loss: 2.3090, Avg Validation Loss: 2.2879
Epoch 81, Avg Train Loss: 2.3060, Avg Validation Loss: 2.2876
Epoch 82, Avg Train Loss: 2.3073, Avg Validation Loss: 2.2858
Epoch 83, Avg Train Loss: 2.3031, Avg Validation Loss: 2.2883
Epoch 84, Avg Train Loss: 2.3027, Avg Validation Loss: 2.2863
Epoch 85, Avg Train Loss: 2.3017, Avg Validation Loss: 2.2845
Epoch 86, Avg Train Loss: 2.3165, Avg Validation Loss: 2.2945
Epoch 87, Avg Train Loss: 2.3057, Avg Validation Loss: 2.2880
Epoch 88, Avg Train Loss: 2.3025, Avg Validation Loss: 2.2870
Epoch 89, Avg Train Loss: 2.3010, Avg Validation Loss: 2.2847
Epoch 90, Avg Train Loss: 2.3001, Avg Validation Loss: 2.2834
Epoch 91, Avg Train Loss: 2.2996, Avg Validation Loss: 2.2826
Epoch 92, Avg Train Loss: 2.2988, Avg Validation Loss: 2.2836
Epoch 93, Avg Train Loss: 2.2991, Avg Validation Loss: 2.2833
Epoch 94, Avg Train Loss: 2.2989, Avg Validation Loss: 2.2816
Epoch 95, Avg Train Loss: 2.2972, Avg Validation Loss: 2.2842
Epoch 96, Avg Train Loss: 2.2966, Avg Validation Loss: 2.2799
Epoch 97, Avg Train Loss: 2.2954, Avg Validation Loss: 2.2796
Epoch 98, Avg Train Loss: 2.2959, Avg Validation Loss: 2.2796
Epoch 99, Avg Train Loss: 2.2950, Avg Validation Loss: 2.2814
Epoch 100, Avg Train Loss: 2.2950, Avg Validation Loss: 2.2812
Epoch 101, Avg Train Loss: 2.2944, Avg Validation Loss: 2.2789
Epoch 102, Avg Train Loss: 2.2934, Avg Validation Loss: 2.2764
Epoch 103, Avg Train Loss: 2.2917, Avg Validation Loss: 2.2776
Epoch 104, Avg Train Loss: 2.2923, Avg Validation Loss: 2.2753
Epoch 105, Avg Train Loss: 2.2926, Avg Validation Loss: 2.2802
Epoch 106, Avg Train Loss: 2.2938, Avg Validation Loss: 2.2748
Epoch 107, Avg Train Loss: 2.2930, Avg Validation Loss: 2.2753
Epoch 108, Avg Train Loss: 2.2928, Avg Validation Loss: 2.2747
Epoch 109, Avg Train Loss: 2.2894, Avg Validation Loss: 2.2779
Epoch 110, Avg Train Loss: 2.2920, Avg Validation Loss: 2.2732
Epoch 111, Avg Train Loss: 2.2895, Avg Validation Loss: 2.2747
Epoch 112, Avg Train Loss: 2.2903, Avg Validation Loss: 2.2733
Epoch 113, Avg Train Loss: 2.2901, Avg Validation Loss: 2.2762
Epoch 114, Avg Train Loss: 2.2899, Avg Validation Loss: 2.2754
Epoch 115, Avg Train Loss: 2.2888, Avg Validation Loss: 2.2729
Epoch 116, Avg Train Loss: 2.2892, Avg Validation Loss: 2.2749
Epoch 117, Avg Train Loss: 2.2880, Avg Validation Loss: 2.2710
Epoch 118, Avg Train Loss: 2.2874, Avg Validation Loss: 2.2727
Epoch 119, Avg Train Loss: 2.2882, Avg Validation Loss: 2.2730
Epoch 120, Avg Train Loss: 2.2867, Avg Validation Loss: 2.2783
Epoch 121, Avg Train Loss: 2.2865, Avg Validation Loss: 2.2708
Epoch 122, Avg Train Loss: 2.2843, Avg Validation Loss: 2.2745
Epoch 123, Avg Train Loss: 2.2877, Avg Validation Loss: 2.2745
Epoch 124, Avg Train Loss: 2.2866, Avg Validation Loss: 2.2710
Epoch 125, Avg Train Loss: 2.2851, Avg Validation Loss: 2.2703
Epoch 126, Avg Train Loss: 2.2861, Avg Validation Loss: 2.2733
Epoch 127, Avg Train Loss: 2.2847, Avg Validation Loss: 2.2723
Epoch 128, Avg Train Loss: 2.2839, Avg Validation Loss: 2.2692
Epoch 129, Avg Train Loss: 2.2826, Avg Validation Loss: 2.2825
Epoch 130, Avg Train Loss: 2.2833, Avg Validation Loss: 2.2711
Epoch 131, Avg Train Loss: 2.2818, Avg Validation Loss: 2.2674
Epoch 132, Avg Train Loss: 2.2829, Avg Validation Loss: 2.2907
Epoch 133, Avg Train Loss: 2.2851, Avg Validation Loss: 2.2706
Epoch 134, Avg Train Loss: 2.2821, Avg Validation Loss: 2.2708
Epoch 135, Avg Train Loss: 2.2805, Avg Validation Loss: 2.2696
Epoch 136, Avg Train Loss: 2.2800, Avg Validation Loss: 2.2696
Epoch 137, Avg Train Loss: 2.2801, Avg Validation Loss: 2.2702
Epoch 138, Avg Train Loss: 2.2812, Avg Validation Loss: 2.2691
Epoch 139, Avg Train Loss: 2.2821, Avg Validation Loss: 2.2714
Epoch 140, Avg Train Loss: 2.2810, Avg Validation Loss: 2.2734
Early stopping triggered
Best model loaded successfully.
KL divergence saved successfully.
KL divergence saved successfully.
