Initial weights: [0.01666667 0.01666667 0.01666667 0.01666667 0.01666667 0.01666667
 0.01666667 0.01666667 0.01666667 0.01666667 0.01666667 0.01666667
 0.01666667 0.01666667 0.01666667 0.01666667 0.01666667 0.01666667
 0.01666667 0.01666667 0.01666667 0.01666667 0.01666667 0.01666667
 0.01666667 0.01666667 0.01666667 0.01666667 0.01666667 0.01666667
 0.01666667 0.01666667 0.01666667 0.01666667 0.01666667 0.01666667
 0.01666667 0.01666667 0.01666667 0.01666667 0.01666667 0.01666667
 0.01666667 0.01666667 0.01666667 0.01666667 0.01666667 0.01666667
 0.01666667 0.01666667 0.01666667 0.01666667 0.01666667 0.01666667
 0.01666667 0.01666667 0.01666667 0.01666667 0.01666667 0.01666667]
w_i_init_torch: tensor([ 0.0189,  0.0081, -0.0311, -0.0136, -0.0591,  0.0110,  0.0476,  0.0039,
        -0.0418,  0.0031,  0.0250,  0.0013,  0.0073, -0.0367, -0.0221, -0.0123,
        -0.0042,  0.0247,  0.0247, -0.0331, -0.0166,  0.0428, -0.0116,  0.0010,
         0.0224,  0.0612,  0.0021, -0.0102, -0.0008, -0.0132,  0.0356,  0.0251,
        -0.0026,  0.0446,  0.0046,  0.0152,  0.0399, -0.0122, -0.0439,  0.0473,
        -0.0023, -0.0446, -0.0186, -0.0357,  0.0208,  0.0010, -0.0087,  0.0213,
         0.0040,  0.0123,  0.0258, -0.0302, -0.0618,  0.0133, -0.0435,  0.0048,
         0.0155,  0.0702,  0.0317,  0.0430], dtype=torch.float64,
       requires_grad=True)
Attempt 1: Optimization failed with error: list index out of range
w_i_init_torch: tensor([-0.0166, -0.0035, -0.0172, -0.0187, -0.0279,  0.0100,  0.0499,  0.0001,
         0.0165,  0.0020, -0.0181, -0.0129,  0.0045, -0.0491,  0.0013,  0.0195,
         0.0274,  0.0211, -0.0192,  0.0179,  0.0158,  0.0580, -0.0111, -0.0171,
        -0.0387,  0.0256,  0.0136,  0.0188, -0.0106, -0.0209, -0.0166, -0.0042,
         0.0284,  0.0352, -0.0136,  0.0182,  0.0525,  0.0010,  0.0315,  0.0447,
         0.0303,  0.0301, -0.0208,  0.0443,  0.0118,  0.0077,  0.0012, -0.0299,
         0.0010, -0.0041,  0.0414, -0.0275, -0.0522,  0.0108,  0.0410, -0.0217,
         0.0328,  0.0744, -0.0209, -0.0207], dtype=torch.float64,
       requires_grad=True)
Attempt 2: Optimization failed with error: list index out of range
w_i_init_torch: tensor([ 0.0106, -0.0047,  0.0348,  0.0410, -0.0367, -0.0129,  0.0567, -0.0066,
         0.0028,  0.0038, -0.0271,  0.0150,  0.0214,  0.0358,  0.0268,  0.0113,
         0.0374, -0.0344, -0.0118,  0.0273,  0.0329, -0.0472, -0.0044, -0.0051,
         0.0334, -0.0298,  0.0060,  0.0120, -0.0203, -0.0194,  0.0284,  0.0259,
         0.0347, -0.0494, -0.0078, -0.0357,  0.0677, -0.0007, -0.0159,  0.0429,
         0.0280, -0.0416,  0.0064, -0.0436, -0.0035,  0.0057,  0.0092,  0.0379,
        -0.0231,  0.0141,  0.0298, -0.0291, -0.0591,  0.0052, -0.0402, -0.0085,
        -0.0210, -0.0612,  0.0290, -0.0117], dtype=torch.float64,
       requires_grad=True)
Attempt 3: Optimization failed with error: list index out of range
w_i_init_torch: tensor([-0.0118,  0.0217,  0.0159,  0.0133,  0.0431, -0.0129, -0.0382, -0.0100,
         0.0211,  0.0042, -0.0095, -0.0418,  0.0089,  0.0214,  0.0303,  0.0099,
        -0.0254, -0.0333,  0.0067, -0.0340, -0.0257,  0.0421, -0.0098, -0.0084,
         0.0416,  0.0260, -0.0049,  0.0072, -0.0079,  0.0096, -0.0083,  0.0241,
         0.0152, -0.0480,  0.0108,  0.0182,  0.0460, -0.0244, -0.0297,  0.0363,
        -0.0137,  0.0387, -0.0151, -0.0225,  0.0128,  0.0102, -0.0210, -0.0427,
        -0.0018, -0.0074, -0.0379,  0.0241,  0.0585, -0.0085, -0.0585, -0.0077,
        -0.0122, -0.0717,  0.0381, -0.0248], dtype=torch.float64,
       requires_grad=True)
Attempt 4: Optimization failed with error: list index out of range
w_i_init_torch: tensor([ 2.0851e-02, -9.1508e-03, -2.3549e-02,  2.1066e-02,  4.7478e-02,
         2.8291e-03, -5.6049e-02,  8.1191e-03,  5.7140e-05, -1.7437e-03,
        -8.4702e-04, -5.8888e-03, -4.6505e-03,  6.6643e-02, -9.6496e-03,
         1.5691e-02, -2.5823e-02, -4.2164e-02,  2.1996e-02, -2.9435e-02,
         3.9670e-02,  4.2666e-02,  1.2835e-02, -2.2955e-03,  3.5173e-02,
         3.4391e-02, -1.2359e-02,  2.2147e-02,  3.4729e-02, -2.5460e-02,
        -1.3091e-02,  1.7580e-02,  8.7212e-03,  6.4317e-02, -1.6368e-03,
        -1.8971e-02,  5.4916e-02, -1.1617e-02, -1.7004e-02, -3.4202e-02,
        -2.4748e-02, -1.8233e-02,  5.5157e-03,  4.1133e-02, -5.8794e-03,
         2.5472e-03,  1.5392e-02,  4.7165e-02,  1.1219e-02, -1.5402e-02,
         3.7644e-02,  2.2062e-02,  4.2214e-02,  5.9907e-03,  4.7238e-02,
        -1.0949e-02, -4.3873e-02, -7.6199e-02,  4.0513e-02, -3.1132e-02],
       dtype=torch.float64, requires_grad=True)
Attempt 5: Optimization failed with error: list index out of range
w_i_init_torch: tensor([-0.0180,  0.0018,  0.0222, -0.0259,  0.0403,  0.0031, -0.0474,  0.0148,
        -0.0365, -0.0061,  0.0247, -0.0130, -0.0092, -0.0312, -0.0215, -0.0124,
         0.0167, -0.0295,  0.0155, -0.0304,  0.0360,  0.0542, -0.0057,  0.0199,
         0.0393, -0.0451,  0.0246, -0.0032, -0.0205,  0.0202, -0.0276, -0.0212,
         0.0327, -0.0348, -0.0220,  0.0233, -0.0433, -0.0059, -0.0137, -0.0475,
         0.0306,  0.0327, -0.0021,  0.0271,  0.0037, -0.0003,  0.0009,  0.0463,
         0.0157,  0.0084,  0.0600,  0.0335,  0.0488, -0.0031, -0.0460,  0.0030,
         0.0295,  0.0610, -0.0249,  0.0305], dtype=torch.float64,
       requires_grad=True)
Attempt 6: Optimization failed with error: list index out of range
w_i_init_torch: tensor([-1.6562e-02,  1.6588e-03,  3.5260e-02,  2.6291e-02, -3.7897e-02,
        -2.3986e-04, -5.0352e-02,  2.9783e-03,  7.8786e-03,  1.8250e-02,
        -3.3316e-03, -4.0271e-03, -4.6665e-03,  5.0167e-02, -1.6087e-02,
         9.6701e-03,  2.7024e-02, -3.9497e-02,  8.1093e-03,  3.3124e-02,
         2.1148e-02, -4.3765e-02, -3.6484e-03,  4.3545e-03,  4.2640e-02,
         3.5200e-02, -4.2176e-03,  7.7526e-03, -2.9082e-02, -4.2868e-03,
         2.2263e-02,  2.2695e-02, -1.0978e-02,  5.1147e-02, -6.1421e-05,
        -1.0196e-02,  6.4721e-02,  1.1124e-02,  1.6972e-02,  3.9189e-02,
         7.6109e-03, -2.2682e-02, -1.6090e-03,  2.8738e-02, -1.5511e-02,
         6.9598e-03,  3.0490e-03, -3.3208e-02,  1.2593e-04, -5.6058e-03,
        -3.7830e-02,  3.7945e-02,  4.8816e-02, -4.8401e-03,  3.3742e-02,
        -6.5929e-03,  2.5452e-02,  7.4282e-02,  1.5259e-02, -2.9651e-02],
       dtype=torch.float64, requires_grad=True)
Attempt 7: Optimization failed with error: list index out of range
w_i_init_torch: tensor([ 0.0219, -0.0203,  0.0313, -0.0348,  0.0189,  0.0063,  0.0440, -0.0137,
        -0.0005, -0.0075, -0.0304,  0.0059,  0.0051,  0.0324,  0.0229, -0.0030,
        -0.0302, -0.0300,  0.0143, -0.0401,  0.0055, -0.0537, -0.0054,  0.0008,
        -0.0410,  0.0317,  0.0172,  0.0208,  0.0054, -0.0169, -0.0163, -0.0206,
         0.0065,  0.0533, -0.0363,  0.0292,  0.0487,  0.0121,  0.0131,  0.0506,
         0.0257,  0.0481,  0.0071,  0.0369, -0.0014,  0.0072,  0.0048, -0.0406,
        -0.0029,  0.0089, -0.0362,  0.0244,  0.0406,  0.0015,  0.0487,  0.0084,
         0.0233,  0.0602, -0.0328, -0.0076], dtype=torch.float64,
       requires_grad=True)
Attempt 8: Optimization failed with error: list index out of range
w_i_init_torch: tensor([-0.0244,  0.0077,  0.0216, -0.0250,  0.0470,  0.0283, -0.0626, -0.0019,
         0.0303, -0.0006, -0.0124,  0.0097,  0.0105,  0.0717, -0.0252, -0.0051,
         0.0279, -0.0413, -0.0082,  0.0365, -0.0173, -0.0444,  0.0164, -0.0095,
         0.0287, -0.0378, -0.0209,  0.0153, -0.0190,  0.0229, -0.0302, -0.0299,
        -0.0251,  0.0460, -0.0127,  0.0186, -0.0485,  0.0073,  0.0269, -0.0367,
         0.0080,  0.0510, -0.0169, -0.0445, -0.0094, -0.0008,  0.0085, -0.0350,
         0.0077, -0.0135, -0.0404,  0.0288, -0.0317, -0.0003, -0.0442,  0.0070,
        -0.0268,  0.0761,  0.0034,  0.0329], dtype=torch.float64,
       requires_grad=True)
Attempt 9: Optimization failed with error: list index out of range
w_i_init_torch: tensor([ 0.0165, -0.0019,  0.0253, -0.0141, -0.0383,  0.0225,  0.0318,  0.0157,
        -0.0121, -0.0146, -0.0327, -0.0105,  0.0016, -0.0409, -0.0416,  0.0081,
        -0.0255, -0.0295,  0.0269, -0.0342, -0.0311,  0.0499, -0.0069, -0.0157,
         0.0272, -0.0489, -0.0203,  0.0015,  0.0134, -0.0221, -0.0135, -0.0339,
        -0.0092, -0.0462, -0.0382,  0.0136, -0.0527, -0.0091, -0.0323, -0.0427,
        -0.0225, -0.0321,  0.0036,  0.0300, -0.0068,  0.0092,  0.0155,  0.0338,
        -0.0208,  0.0245, -0.0459, -0.0389, -0.0606, -0.0032,  0.0563, -0.0123,
         0.0231, -0.0598, -0.0151, -0.0301], dtype=torch.float64,
       requires_grad=True)
Attempt 10: Optimization failed with error: list index out of range
w_i_init_torch: tensor([ 0.0080, -0.0072, -0.0191, -0.0170,  0.0405,  0.0202,  0.0574, -0.0136,
        -0.0289,  0.0004,  0.0041,  0.0149, -0.0164,  0.0464, -0.0155,  0.0016,
         0.0094, -0.0339,  0.0177,  0.0254,  0.0453, -0.0544, -0.0059,  0.0155,
         0.0418,  0.0433, -0.0119,  0.0067, -0.0128, -0.0346,  0.0341,  0.0252,
         0.0063, -0.0226, -0.0209, -0.0080,  0.0768,  0.0166,  0.0272,  0.0550,
         0.0520,  0.0485, -0.0130, -0.0182, -0.0015, -0.0029,  0.0050, -0.0454,
        -0.0060,  0.0107, -0.0378, -0.0425, -0.0433,  0.0095, -0.0347,  0.0130,
        -0.0272,  0.0671, -0.0089, -0.0317], dtype=torch.float64,
       requires_grad=True)
Attempt 11: Optimization failed with error: list index out of range
w_i_init_torch: tensor([ 0.0172,  0.0041,  0.0209,  0.0280,  0.0048,  0.0024, -0.0502,  0.0025,
        -0.0197,  0.0058,  0.0154, -0.0120,  0.0091, -0.0335, -0.0313,  0.0108,
        -0.0093,  0.0158,  0.0022,  0.0433,  0.0128, -0.0624, -0.0120,  0.0147,
        -0.0506,  0.0400,  0.0175, -0.0144,  0.0315,  0.0311,  0.0252,  0.0337,
        -0.0004,  0.0545, -0.0335,  0.0086, -0.0492,  0.0030,  0.0189, -0.0427,
        -0.0260,  0.0353,  0.0112,  0.0357,  0.0066,  0.0126,  0.0031,  0.0332,
        -0.0057, -0.0073, -0.0495, -0.0344, -0.0628, -0.0008, -0.0293,  0.0288,
        -0.0200, -0.0887, -0.0215,  0.0326], dtype=torch.float64,
       requires_grad=True)
Attempt 12: Optimization failed with error: list index out of range
w_i_init_torch: tensor([-0.0286, -0.0113, -0.0287, -0.0269, -0.0369,  0.0093,  0.0382, -0.0126,
        -0.0220, -0.0148,  0.0297, -0.0002, -0.0103,  0.0663,  0.0210, -0.0111,
         0.0180, -0.0429, -0.0077, -0.0263,  0.0319,  0.0541,  0.0251, -0.0071,
         0.0464, -0.0541, -0.0061,  0.0171,  0.0195,  0.0065, -0.0221,  0.0149,
        -0.0234,  0.0386, -0.0033, -0.0228, -0.0729,  0.0196, -0.0226,  0.0388,
         0.0281, -0.0341,  0.0112,  0.0293, -0.0087,  0.0158,  0.0255, -0.0207,
         0.0005,  0.0121, -0.0326,  0.0383,  0.0491,  0.0158, -0.0380, -0.0061,
         0.0151,  0.0555,  0.0176, -0.0387], dtype=torch.float64,
       requires_grad=True)
Attempt 13: Optimization failed with error: list index out of range
w_i_init_torch: tensor([-0.0108,  0.0038,  0.0210,  0.0132,  0.0357,  0.0069,  0.0557, -0.0016,
         0.0143,  0.0201, -0.0312, -0.0225, -0.0046,  0.0439, -0.0230, -0.0026,
        -0.0383, -0.0262,  0.0049, -0.0352, -0.0509,  0.0576, -0.0018, -0.0171,
         0.0418,  0.0592,  0.0037, -0.0219, -0.0059,  0.0359,  0.0387,  0.0308,
        -0.0045,  0.0440, -0.0200, -0.0193,  0.0594, -0.0068, -0.0218,  0.0504,
         0.0187,  0.0416,  0.0007, -0.0358, -0.0140,  0.0083,  0.0015, -0.0600,
        -0.0022, -0.0047,  0.0463,  0.0301, -0.0440, -0.0270,  0.0521,  0.0066,
         0.0374, -0.0677,  0.0206, -0.0336], dtype=torch.float64,
       requires_grad=True)
Attempt 14: Optimization failed with error: list index out of range
w_i_init_torch: tensor([-0.0230,  0.0052,  0.0294,  0.0285,  0.0392, -0.0132,  0.0663,  0.0052,
         0.0198,  0.0055, -0.0196,  0.0051, -0.0020,  0.0491, -0.0349, -0.0153,
         0.0399, -0.0304,  0.0082, -0.0424,  0.0396,  0.0648, -0.0159,  0.0065,
        -0.0337, -0.0317,  0.0107,  0.0066,  0.0159,  0.0362, -0.0318, -0.0244,
         0.0189, -0.0348,  0.0258, -0.0151, -0.0571,  0.0029,  0.0297, -0.0546,
         0.0221, -0.0393,  0.0036, -0.0292, -0.0118, -0.0025,  0.0085, -0.0437,
        -0.0051,  0.0047, -0.0419, -0.0185, -0.0550, -0.0186, -0.0467, -0.0126,
         0.0244,  0.0710, -0.0133,  0.0300], dtype=torch.float64,
       requires_grad=True)
Attempt 15: Optimization failed with error: list index out of range
w_i_init_torch: tensor([ 0.0164, -0.0120, -0.0352, -0.0175,  0.0365, -0.0033, -0.0635,  0.0266,
         0.0058,  0.0155,  0.0179, -0.0091,  0.0193,  0.0505,  0.0257,  0.0045,
        -0.0142,  0.0131,  0.0285, -0.0340,  0.0106, -0.0452,  0.0287, -0.0011,
         0.0215,  0.0297,  0.0223,  0.0075, -0.0116, -0.0124,  0.0263, -0.0198,
        -0.0227, -0.0505, -0.0153,  0.0144,  0.0531,  0.0014,  0.0474,  0.0715,
         0.0150, -0.0257,  0.0009, -0.0303,  0.0113, -0.0108, -0.0143, -0.0313,
         0.0084,  0.0063,  0.0411,  0.0385, -0.0668,  0.0055, -0.0426, -0.0076,
         0.0141,  0.0660,  0.0263, -0.0378], dtype=torch.float64,
       requires_grad=True)
Attempt 16: Optimization failed with error: list index out of range
w_i_init_torch: tensor([ 0.0069, -0.0138,  0.0389, -0.0219,  0.0387,  0.0189, -0.0528, -0.0184,
         0.0039,  0.0060,  0.0310,  0.0144,  0.0034,  0.0171, -0.0270, -0.0111,
        -0.0192, -0.0087, -0.0172, -0.0277, -0.0083,  0.0562,  0.0208, -0.0107,
         0.0407, -0.0385,  0.0110, -0.0038, -0.0156,  0.0181,  0.0287, -0.0179,
        -0.0080,  0.0500, -0.0084, -0.0037,  0.0506,  0.0114,  0.0200, -0.0551,
         0.0006, -0.0394, -0.0125,  0.0326, -0.0068,  0.0243, -0.0003, -0.0375,
         0.0078,  0.0035,  0.0505, -0.0287,  0.0609,  0.0204,  0.0494,  0.0112,
         0.0175,  0.0744,  0.0024,  0.0176], dtype=torch.float64,
       requires_grad=True)
Attempt 17: Optimization failed with error: list index out of range
w_i_init_torch: tensor([ 0.0241, -0.0188,  0.0379,  0.0092,  0.0346, -0.0150, -0.0508,  0.0005,
         0.0245,  0.0169,  0.0183, -0.0016, -0.0074,  0.0231, -0.0212, -0.0150,
         0.0219,  0.0460, -0.0025,  0.0363,  0.0232, -0.0437,  0.0245,  0.0051,
        -0.0287, -0.0424,  0.0094, -0.0013,  0.0191, -0.0179, -0.0302, -0.0388,
         0.0154,  0.0481, -0.0027, -0.0291,  0.0688,  0.0068,  0.0411, -0.0410,
        -0.0417,  0.0438, -0.0152,  0.0199, -0.0069, -0.0164,  0.0067,  0.0405,
         0.0041, -0.0057,  0.0416, -0.0330, -0.0537, -0.0011,  0.0343, -0.0094,
        -0.0249,  0.0773,  0.0174, -0.0107], dtype=torch.float64,
       requires_grad=True)
Attempt 18: Optimization failed with error: list index out of range
w_i_init_torch: tensor([-0.0394, -0.0044, -0.0205, -0.0351,  0.0260, -0.0071, -0.0507, -0.0028,
        -0.0256, -0.0002,  0.0337,  0.0164, -0.0062, -0.0359, -0.0234, -0.0078,
        -0.0145, -0.0272, -0.0048, -0.0346,  0.0193, -0.0557,  0.0155, -0.0170,
        -0.0306, -0.0356,  0.0093, -0.0005, -0.0236, -0.0311,  0.0133, -0.0331,
        -0.0106, -0.0516,  0.0156,  0.0033,  0.0464,  0.0301,  0.0361,  0.0496,
         0.0236, -0.0514,  0.0013,  0.0380, -0.0037,  0.0059, -0.0039,  0.0317,
        -0.0105, -0.0156, -0.0311, -0.0242, -0.0647, -0.0065,  0.0544, -0.0252,
        -0.0246, -0.0644,  0.0222,  0.0329], dtype=torch.float64,
       requires_grad=True)
Attempt 19: Optimization failed with error: list index out of range
w_i_init_torch: tensor([-0.0065, -0.0143, -0.0461,  0.0248,  0.0437, -0.0132, -0.0563,  0.0120,
         0.0201,  0.0077, -0.0220, -0.0291,  0.0181, -0.0524, -0.0124,  0.0081,
         0.0160, -0.0243,  0.0125, -0.0335,  0.0170, -0.0578, -0.0007, -0.0077,
        -0.0504,  0.0468, -0.0056, -0.0056, -0.0341,  0.0054, -0.0179, -0.0316,
         0.0094, -0.0568, -0.0086, -0.0233, -0.0749, -0.0035,  0.0107,  0.0324,
         0.0398, -0.0333,  0.0038, -0.0446, -0.0048,  0.0131, -0.0005, -0.0374,
         0.0049,  0.0015,  0.0160, -0.0397,  0.0541,  0.0113, -0.0306, -0.0019,
        -0.0245,  0.0532,  0.0195, -0.0317], dtype=torch.float64,
       requires_grad=True)
Attempt 20: Optimization failed with error: list index out of range
w_i_init_torch: tensor([ 3.3193e-02,  6.9528e-03,  4.5963e-02,  2.1719e-02, -6.3575e-02,
        -1.9299e-03, -5.5355e-02,  1.1042e-02,  1.5340e-02,  1.5861e-02,
        -2.4390e-02, -2.0294e-04,  1.5037e-03, -4.6014e-02,  3.6563e-02,
        -8.3707e-04,  2.3486e-02, -3.6493e-02,  2.9237e-03, -2.4786e-02,
        -3.3393e-02,  5.4770e-02,  6.8438e-03,  3.4575e-02, -1.0924e-02,
        -1.8737e-02,  1.8010e-02,  7.2364e-04, -1.3867e-02, -2.7604e-02,
         2.0421e-02, -2.6674e-02, -1.6538e-02,  4.2183e-02, -6.5520e-03,
         4.8753e-03, -4.7361e-02,  1.0593e-02, -2.4153e-02, -3.1773e-02,
         1.9065e-02,  2.0035e-02, -1.9699e-04, -3.1755e-02, -1.1414e-02,
         3.8278e-05,  9.0414e-03, -3.8620e-02, -9.5934e-03, -2.1484e-03,
         4.2705e-02,  5.8082e-02,  6.5786e-02, -7.9593e-03,  3.7648e-02,
         1.7643e-02,  3.7265e-02,  6.4097e-02, -1.0302e-02, -2.0018e-02],
       dtype=torch.float64, requires_grad=True)
Attempt 21: Optimization failed with error: list index out of range
w_i_init_torch: tensor([ 0.0083, -0.0013,  0.0346, -0.0305,  0.0368, -0.0043,  0.0431,  0.0014,
        -0.0321,  0.0040, -0.0278, -0.0287,  0.0008,  0.0307,  0.0242,  0.0030,
        -0.0032, -0.0192, -0.0186,  0.0257,  0.0167, -0.0556, -0.0053,  0.0007,
         0.0242, -0.0466,  0.0058,  0.0118,  0.0253, -0.0205, -0.0178,  0.0129,
         0.0034, -0.0502, -0.0249, -0.0034,  0.0457,  0.0138, -0.0308, -0.0254,
         0.0155,  0.0485,  0.0060,  0.0199, -0.0010, -0.0129,  0.0062,  0.0427,
        -0.0201,  0.0056,  0.0312,  0.0210, -0.0392, -0.0042,  0.0486, -0.0108,
         0.0097,  0.0721, -0.0115, -0.0022], dtype=torch.float64,
       requires_grad=True)
Attempt 22: Optimization failed with error: list index out of range
w_i_init_torch: tensor([-2.1134e-02, -1.3872e-02,  3.3541e-02, -4.8346e-03, -2.0560e-02,
        -8.7126e-03,  5.9869e-02, -1.7903e-02, -8.8766e-03,  8.3339e-05,
        -1.6739e-02,  1.9048e-02,  1.4480e-03,  3.5435e-02,  1.9091e-02,
         4.5235e-03, -3.4760e-02,  1.8004e-02,  1.0679e-02,  5.7960e-02,
         2.6820e-02,  5.5593e-02, -1.5451e-02, -2.7025e-03, -3.8231e-02,
        -3.8405e-02,  2.7507e-04,  6.9003e-03, -2.4217e-02,  2.6060e-02,
         2.4218e-02, -2.6925e-02,  9.8397e-03, -3.8883e-02,  6.4803e-03,
        -1.8718e-02, -5.1866e-02,  1.6307e-03, -2.5359e-02,  3.8367e-02,
         2.0172e-02,  4.7995e-02,  2.3847e-02, -4.0951e-02,  1.0320e-02,
         1.3072e-02, -2.1206e-02, -4.8487e-02,  9.3244e-03,  1.5623e-02,
        -3.8073e-02,  3.6015e-02, -5.5539e-02, -1.0414e-02,  4.0867e-02,
         1.7844e-02, -1.8956e-02,  6.6574e-02,  2.0637e-02, -2.3678e-02],
       dtype=torch.float64, requires_grad=True)
Attempt 23: Optimization failed with error: list index out of range
w_i_init_torch: tensor([ 0.0270,  0.0023,  0.0374,  0.0413,  0.0444,  0.0208, -0.0412, -0.0040,
         0.0024,  0.0063, -0.0195,  0.0140,  0.0028, -0.0513,  0.0312,  0.0017,
         0.0150,  0.0035,  0.0076,  0.0354,  0.0125, -0.0667,  0.0238,  0.0395,
        -0.0239,  0.0308,  0.0008,  0.0056, -0.0253,  0.0239,  0.0170, -0.0154,
         0.0141, -0.0494, -0.0112, -0.0144,  0.0586, -0.0210, -0.0076, -0.0476,
         0.0125, -0.0412,  0.0001, -0.0261, -0.0116, -0.0145, -0.0109, -0.0270,
        -0.0029, -0.0070, -0.0549, -0.0402, -0.0413,  0.0062,  0.0384,  0.0131,
         0.0228, -0.0888,  0.0046,  0.0150], dtype=torch.float64,
       requires_grad=True)
Attempt 24: Optimization failed with error: list index out of range
w_i_init_torch: tensor([ 0.0210, -0.0107, -0.0614,  0.0209, -0.0204,  0.0179, -0.0615, -0.0319,
        -0.0323, -0.0029,  0.0399, -0.0097,  0.0068,  0.0461, -0.0252, -0.0120,
         0.0211, -0.0337, -0.0166,  0.0189,  0.0043, -0.0433, -0.0077, -0.0205,
        -0.0376,  0.0319,  0.0140,  0.0157, -0.0188,  0.0115, -0.0108,  0.0099,
         0.0043,  0.0458,  0.0026,  0.0023, -0.0668, -0.0097, -0.0229, -0.0392,
         0.0298, -0.0328, -0.0119, -0.0208,  0.0053, -0.0072,  0.0071,  0.0382,
         0.0110,  0.0007, -0.0430, -0.0272,  0.0489,  0.0067, -0.0481, -0.0205,
        -0.0259, -0.0814, -0.0252,  0.0355], dtype=torch.float64,
       requires_grad=True)
Attempt 25: Optimization failed with error: list index out of range
w_i_init_torch: tensor([-0.0168, -0.0045,  0.0315, -0.0369, -0.0461, -0.0099,  0.0432,  0.0015,
        -0.0059, -0.0034,  0.0125, -0.0079,  0.0179,  0.0484,  0.0330,  0.0090,
        -0.0195,  0.0118, -0.0210, -0.0412,  0.0123, -0.0436,  0.0166, -0.0233,
        -0.0345, -0.0512,  0.0047,  0.0027, -0.0085,  0.0145, -0.0382,  0.0315,
         0.0349, -0.0395, -0.0054, -0.0179,  0.0737,  0.0148,  0.0165,  0.0232,
        -0.0159,  0.0314, -0.0043, -0.0403, -0.0012,  0.0009, -0.0076,  0.0251,
        -0.0194, -0.0151,  0.0494,  0.0295,  0.0365,  0.0076, -0.0475, -0.0209,
        -0.0235, -0.0842,  0.0113,  0.0189], dtype=torch.float64,
       requires_grad=True)
Attempt 26: Optimization failed with error: list index out of range
w_i_init_torch: tensor([ 0.0093, -0.0016,  0.0255, -0.0219,  0.0460,  0.0119,  0.0642, -0.0169,
         0.0275, -0.0034,  0.0176, -0.0138,  0.0192, -0.0443, -0.0281,  0.0005,
        -0.0151, -0.0230,  0.0269, -0.0295,  0.0196,  0.0626,  0.0153, -0.0159,
        -0.0276, -0.0455,  0.0137, -0.0067, -0.0143, -0.0149,  0.0131,  0.0154,
         0.0300,  0.0605, -0.0176, -0.0310, -0.0548, -0.0145, -0.0285, -0.0455,
        -0.0155,  0.0241, -0.0244,  0.0392,  0.0107,  0.0111,  0.0033,  0.0239,
         0.0141,  0.0150,  0.0387, -0.0410, -0.0519,  0.0011, -0.0251, -0.0091,
         0.0200, -0.0632, -0.0278, -0.0187], dtype=torch.float64,
       requires_grad=True)
Attempt 27: Optimization failed with error: list index out of range
w_i_init_torch: tensor([ 0.0175, -0.0221, -0.0232, -0.0397, -0.0420, -0.0084,  0.0425, -0.0247,
         0.0124, -0.0157,  0.0153, -0.0330, -0.0010,  0.0526, -0.0176, -0.0096,
        -0.0224, -0.0313,  0.0055, -0.0252, -0.0066,  0.0456, -0.0156, -0.0022,
         0.0467,  0.0300, -0.0183, -0.0024,  0.0089, -0.0369,  0.0025,  0.0190,
         0.0299, -0.0432,  0.0348,  0.0022, -0.0709,  0.0099,  0.0034, -0.0387,
         0.0271,  0.0385, -0.0136,  0.0517, -0.0002,  0.0090, -0.0066,  0.0213,
         0.0129, -0.0047, -0.0328,  0.0283,  0.0453,  0.0050, -0.0428, -0.0020,
        -0.0162,  0.0437,  0.0210,  0.0326], dtype=torch.float64,
       requires_grad=True)
Attempt 28: Optimization failed with error: list index out of range
w_i_init_torch: tensor([ 0.0130,  0.0285, -0.0273,  0.0301, -0.0208,  0.0034,  0.0637, -0.0027,
         0.0372,  0.0043, -0.0190,  0.0323, -0.0033, -0.0703,  0.0105, -0.0021,
         0.0237,  0.0315,  0.0266, -0.0223, -0.0174, -0.0565,  0.0038,  0.0083,
         0.0328,  0.0452, -0.0217, -0.0028,  0.0206,  0.0342,  0.0247,  0.0382,
        -0.0331, -0.0450,  0.0036,  0.0115, -0.0762, -0.0180, -0.0416,  0.0324,
         0.0071, -0.0397,  0.0019, -0.0210,  0.0192, -0.0096, -0.0091, -0.0284,
         0.0002, -0.0176, -0.0265, -0.0133,  0.0499,  0.0040,  0.0513, -0.0111,
        -0.0359, -0.0855,  0.0153,  0.0290], dtype=torch.float64,
       requires_grad=True)
Attempt 29: Optimization failed with error: list index out of range
w_i_init_torch: tensor([-0.0154, -0.0054,  0.0212, -0.0509, -0.0400, -0.0046, -0.0658,  0.0224,
         0.0083,  0.0145,  0.0086,  0.0009, -0.0069,  0.0282, -0.0058,  0.0102,
        -0.0283, -0.0247,  0.0103, -0.0415,  0.0236,  0.0545,  0.0019,  0.0203,
         0.0461,  0.0425,  0.0041,  0.0067, -0.0045, -0.0128,  0.0289,  0.0405,
        -0.0157,  0.0483,  0.0168,  0.0022,  0.0643,  0.0060, -0.0260,  0.0416,
        -0.0301, -0.0317,  0.0050,  0.0236, -0.0035,  0.0070, -0.0088,  0.0331,
        -0.0022,  0.0234, -0.0476, -0.0473, -0.0484,  0.0004, -0.0404,  0.0035,
        -0.0136, -0.0791, -0.0297, -0.0154], dtype=torch.float64,
       requires_grad=True)
Attempt 30: Optimization failed with error: list index out of range
w_i_init_torch: tensor([ 0.0113,  0.0030,  0.0363,  0.0141, -0.0363, -0.0230,  0.0626, -0.0177,
         0.0257, -0.0044, -0.0327, -0.0021, -0.0153, -0.0362, -0.0408, -0.0080,
         0.0198, -0.0302, -0.0243,  0.0554, -0.0341,  0.0496,  0.0041,  0.0243,
        -0.0291, -0.0405, -0.0274,  0.0210, -0.0140, -0.0341, -0.0197, -0.0211,
         0.0036, -0.0647, -0.0038, -0.0154, -0.0619, -0.0057,  0.0335, -0.0490,
         0.0251, -0.0564, -0.0108, -0.0403, -0.0027,  0.0109, -0.0121,  0.0131,
         0.0006, -0.0154,  0.0380,  0.0260, -0.0382, -0.0137,  0.0303,  0.0012,
        -0.0180,  0.0800,  0.0235, -0.0299], dtype=torch.float64,
       requires_grad=True)
Attempt 31: Optimization failed with error: list index out of range
w_i_init_torch: tensor([ 0.0226,  0.0081, -0.0341, -0.0136, -0.0428, -0.0259, -0.0457, -0.0132,
        -0.0333, -0.0243,  0.0341, -0.0198, -0.0151, -0.0520, -0.0253, -0.0094,
        -0.0325, -0.0266,  0.0119, -0.0183, -0.0279, -0.0607,  0.0068,  0.0175,
        -0.0391, -0.0383,  0.0047,  0.0052,  0.0244, -0.0224,  0.0168, -0.0163,
         0.0275, -0.0588, -0.0086, -0.0167,  0.0408, -0.0008, -0.0107, -0.0375,
         0.0366,  0.0350,  0.0081,  0.0303,  0.0206,  0.0096, -0.0011, -0.0218,
        -0.0040, -0.0046, -0.0506,  0.0501, -0.0494,  0.0010,  0.0413,  0.0064,
         0.0209, -0.0572,  0.0206,  0.0227], dtype=torch.float64,
       requires_grad=True)
Attempt 32: Optimization failed with error: list index out of range
w_i_init_torch: tensor([-0.0011, -0.0130, -0.0367,  0.0207, -0.0342, -0.0063,  0.0528, -0.0012,
         0.0206, -0.0117,  0.0229, -0.0215,  0.0319, -0.0579,  0.0260,  0.0104,
         0.0187, -0.0358,  0.0210,  0.0490, -0.0114, -0.0393,  0.0002, -0.0074,
         0.0461, -0.0500, -0.0168, -0.0080, -0.0018,  0.0303,  0.0223, -0.0282,
        -0.0212,  0.0472, -0.0353,  0.0175, -0.0425, -0.0006, -0.0264,  0.0346,
         0.0147, -0.0508,  0.0072,  0.0226, -0.0116,  0.0303,  0.0108,  0.0323,
         0.0056, -0.0024,  0.0401, -0.0302, -0.0572,  0.0027, -0.0448,  0.0092,
         0.0162, -0.0791, -0.0194,  0.0125], dtype=torch.float64,
       requires_grad=True)
Attempt 33: Optimization failed with error: list index out of range
w_i_init_torch: tensor([-0.0147, -0.0144, -0.0538,  0.0461,  0.0440,  0.0149,  0.0527,  0.0100,
         0.0169, -0.0201,  0.0083, -0.0095, -0.0066, -0.0261, -0.0149,  0.0138,
         0.0075,  0.0155, -0.0007,  0.0212, -0.0131, -0.0585, -0.0103,  0.0259,
        -0.0141,  0.0410,  0.0031,  0.0066,  0.0227,  0.0118,  0.0113, -0.0319,
         0.0084,  0.0587,  0.0005, -0.0107,  0.0575, -0.0053, -0.0319,  0.0474,
        -0.0176, -0.0335,  0.0222, -0.0342,  0.0106,  0.0125,  0.0067, -0.0392,
        -0.0003, -0.0072,  0.0334, -0.0327, -0.0433,  0.0040,  0.0520,  0.0066,
         0.0220,  0.0606, -0.0141,  0.0126], dtype=torch.float64,
       requires_grad=True)
Attempt 34: Optimization failed with error: list index out of range
w_i_init_torch: tensor([ 0.0299, -0.0019, -0.0299, -0.0108,  0.0383, -0.0046,  0.0564,  0.0105,
         0.0171,  0.0158, -0.0134,  0.0154, -0.0103,  0.0505, -0.0351, -0.0193,
        -0.0106,  0.0343,  0.0016, -0.0485,  0.0300,  0.0332, -0.0054, -0.0058,
        -0.0589, -0.0448, -0.0213, -0.0162,  0.0037, -0.0126, -0.0289, -0.0193,
        -0.0137, -0.0548, -0.0066, -0.0091,  0.0606, -0.0017, -0.0091,  0.0154,
         0.0309, -0.0426, -0.0086, -0.0280, -0.0099,  0.0095,  0.0188, -0.0536,
         0.0136,  0.0008,  0.0402, -0.0189, -0.0421,  0.0117,  0.0503, -0.0015,
        -0.0322,  0.0723,  0.0159, -0.0345], dtype=torch.float64,
       requires_grad=True)
Attempt 35: Optimization failed with error: list index out of range
w_i_init_torch: tensor([ 0.0144,  0.0131, -0.0262,  0.0284,  0.0334,  0.0085,  0.0579, -0.0045,
         0.0293, -0.0030, -0.0229,  0.0244, -0.0017,  0.0557, -0.0153,  0.0160,
         0.0348, -0.0227, -0.0036,  0.0153,  0.0158,  0.0252,  0.0020,  0.0033,
        -0.0456, -0.0541,  0.0150,  0.0118,  0.0125, -0.0216, -0.0037,  0.0229,
         0.0200,  0.0297, -0.0293,  0.0095,  0.0454,  0.0054,  0.0360,  0.0345,
         0.0345,  0.0516, -0.0058,  0.0267,  0.0056, -0.0182,  0.0087, -0.0264,
         0.0173, -0.0077, -0.0427,  0.0231, -0.0384,  0.0076,  0.0367,  0.0190,
        -0.0120, -0.0711, -0.0008,  0.0344], dtype=torch.float64,
       requires_grad=True)
Final loss (NLL): 0.5382977724451891
Final weights: tensor([-0.0244,  0.0198,  0.0226,  0.0310, -0.0179,  0.0921,  0.0374,  0.0370,
         0.0258,  0.0710,  0.0119, -0.0055, -0.0191, -0.0136, -0.0198,  0.0362,
         0.0285, -0.0056,  0.0097,  0.0093,  0.0283, -0.0203,  0.0071,  0.0431,
         0.0389, -0.0107,  0.0236, -0.0130,  0.0047,  0.0052, -0.0007,  0.0173,
         0.0194,  0.0308,  0.0552,  0.0220,  0.0020, -0.0174,  0.0146,  0.0193,
         0.0045,  0.0117,  0.0060,  0.0495,  0.0245,  0.0130,  0.0186,  0.0137,
        -0.0061,  0.0362,  0.0074,  0.0105, -0.0174,  0.0132, -0.0008,  0.0717,
         0.0588,  0.0322,  0.0245,  0.0324], dtype=torch.float64)
Sum of weights: 0.999999946805979
